   Build using "C:/Xilinx/Vivado_HLS/2017.2/msys/bin/g++.exe"
   Compiling apatb_Cipher.cpp
   Compiling (apcc) AES_Encrypt.c_pre.c.tb.c
INFO: [HLS 200-10] Running 'c:/Xilinx/Vivado_HLS/2017.2/bin/unwrapped/win64.o/apcc.exe'
INFO: [HLS 200-10] For user 'Lincoln' on host 'desktop-cof76il' (Windows NT_amd64 version 6.2) on Fri Apr 06 13:30:06 +0300 2018
INFO: [HLS 200-10] In directory 'C:/Users/Lincoln/Desktop/ThesisRaw/deutero/solution1/sim/wrapc'
clang: warning: argument unused during compilation: '-fno-builtin-isinf'
clang: warning: argument unused during compilation: '-fno-builtin-isnan'
INFO: [APCC 202-3] Tmp directory is apcc_db
INFO: [APCC 202-1] APCC is done.
   Compiling (apcc) test.c_pre.c.tb.c
INFO: [HLS 200-10] Running 'c:/Xilinx/Vivado_HLS/2017.2/bin/unwrapped/win64.o/apcc.exe'
INFO: [HLS 200-10] For user 'Lincoln' on host 'desktop-cof76il' (Windows NT_amd64 version 6.2) on Fri Apr 06 13:30:12 +0300 2018
INFO: [HLS 200-10] In directory 'C:/Users/Lincoln/Desktop/ThesisRaw/deutero/solution1/sim/wrapc'
clang: warning: argument unused during compilation: '-fno-builtin-isinf'
clang: warning: argument unused during compilation: '-fno-builtin-isnan'
C:/Users/Lincoln/Desktop/ThesisRaw/Edited/2nd/test.c:3:1: warning: return type of 'main' is not 'int' [-Wmain-return-type]
void main()
^
1 warning generated.
INFO: [APCC 202-3] Tmp directory is apcc_db
INFO: [APCC 202-1] APCC is done.
   Generating cosim.tv.exe
