

================================================================
== Vivado HLS Report for 'Cipher'
================================================================
* Date:           Sun Apr 22 18:01:32 2018

* Version:        2017.2 (Build 1909853 on Thu Jun 15 18:55:24 MDT 2017)
* Project:        Second
* Solution:       solution1
* Product family: zynquplus
* Target device:  xczu7eg-ffvf1517-1l-i


================================================================
== Performance Estimates
================================================================
+ Timing (ns): 
    * Summary: 
    +--------+-------+----------+------------+
    |  Clock | Target| Estimated| Uncertainty|
    +--------+-------+----------+------------+
    |ap_clk  |  10.00|      2.70|        1.25|
    +--------+-------+----------+------------+

+ Latency (clock cycles): 
    * Summary: 
    +------+------+------+------+---------+
    |   Latency   |   Interval  | Pipeline|
    |  min |  max |  min |  max |   Type  |
    +------+------+------+------+---------+
    |  1862|  1862|  1863|  1863|   none  |
    +------+------+------+------+---------+

    + Detail: 
        * Instance: 
        +-------------------------+--------------+-----+-----+-----+-----+---------+
        |                         |              |  Latency  |  Interval | Pipeline|
        |         Instance        |    Module    | min | max | min | max |   Type  |
        +-------------------------+--------------+-----+-----+-----+-----+---------+
        |grp_KeyExpansion_fu_244  |KeyExpansion  |  534|  534|  534|  534|   none  |
        |grp_AddRoundKey_fu_256   |AddRoundKey   |   41|   41|   41|   41|   none  |
        |grp_SubBytes_fu_266      |SubBytes      |   57|   57|   57|   57|   none  |
        +-------------------------+--------------+-----+-----+-----+-----+---------+

        * Loop: 
        +-------------+------+------+----------+-----------+-----------+------+----------+
        |             |   Latency   | Iteration|  Initiation Interval  | Trip |          |
        |  Loop Name  |  min |  max |  Latency |  achieved |   target  | Count| Pipelined|
        +-------------+------+------+----------+-----------+-----------+------+----------+
        |- Loop 1     |  1170|  1170|       130|          -|          -|     9|    no    |
        | + Loop 1.1  |    16|    16|         4|          -|          -|     4|    no    |
        +-------------+------+------+----------+-----------+-----------+------+----------+



================================================================
== Utilization Estimates
================================================================
* Summary: 
+-----------------+---------+-------+--------+--------+-----+
|       Name      | BRAM_18K| DSP48E|   FF   |   LUT  | URAM|
+-----------------+---------+-------+--------+--------+-----+
|DSP              |        -|      -|       -|       -|    -|
|Expression       |        -|      -|      68|     304|    -|
|FIFO             |        -|      -|       -|       -|    -|
|Instance         |        4|      -|     947|    1142|    -|
|Memory           |        2|      -|       0|       0|    -|
|Multiplexer      |        -|      -|       -|     575|    -|
|Register         |        -|      -|     409|       -|    -|
+-----------------+---------+-------+--------+--------+-----+
|Total            |        6|      0|    1424|    2021|    0|
+-----------------+---------+-------+--------+--------+-----+
|Available        |      624|   1728|  460800|  230400|   96|
+-----------------+---------+-------+--------+--------+-----+
|Utilization (%)  |    ~0   |      0|   ~0   |   ~0   |    0|
+-----------------+---------+-------+--------+--------+-----+

+ Detail: 
    * Instance: 
    +-------------------------+--------------+---------+-------+-----+-----+
    |         Instance        |    Module    | BRAM_18K| DSP48E|  FF | LUT |
    +-------------------------+--------------+---------+-------+-----+-----+
    |grp_AddRoundKey_fu_256   |AddRoundKey   |        0|      0|  105|  140|
    |grp_KeyExpansion_fu_244  |KeyExpansion  |        3|      0|  767|  902|
    |grp_SubBytes_fu_266      |SubBytes      |        1|      0|   75|  100|
    +-------------------------+--------------+---------+-------+-----+-----+
    |Total                    |              |        4|      0|  947| 1142|
    +-------------------------+--------------+---------+-------+-----+-----+

    * DSP48: 
    N/A

    * Memory: 
    +------------+-----------------+---------+---+----+------+-----+------+-------------+
    |   Memory   |      Module     | BRAM_18K| FF| LUT| Words| Bits| Banks| W*Bits*Banks|
    +------------+-----------------+---------+---+----+------+-----+------+-------------+
    |RoundKey_U  |Cipher_RoundKey  |        2|  0|   0|   240|   32|     1|         7680|
    +------------+-----------------+---------+---+----+------+-----+------+-------------+
    |Total       |                 |        2|  0|   0|   240|   32|     1|         7680|
    +------------+-----------------+---------+---+----+------+-----+------+-------------+

    * FIFO: 
    N/A

    * Expression: 
    +------------------------------+----------+-------+----+----+------------+------------+
    |         Variable Name        | Operation| DSP48E| FF | LUT| Bitwidth P0| Bitwidth P1|
    +------------------------------+----------+-------+----+----+------------+------------+
    |i_fu_396_p2                   |     +    |      0|  14|   9|           3|           1|
    |round_1_fu_407_p2             |     +    |      0|  17|  10|           4|           1|
    |tmp_15_fu_379_p2              |     +    |      0|  20|  11|           5|           4|
    |tmp_s_fu_359_p2               |     +    |      0|  17|  10|           4|           3|
    |exitcond_fu_308_p2            |   icmp   |      0|   0|   2|           4|           4|
    |exitcond_i_fu_390_p2          |   icmp   |      0|   0|   2|           3|           4|
    |tmp_16_i_cast_cast_fu_560_p3  |  select  |      0|   0|   5|           1|           5|
    |tmp_23_i_cast_cast_fu_609_p3  |  select  |      0|   0|   5|           1|           5|
    |tmp_5_i_cast_cast_fu_509_p3   |  select  |      0|   0|   5|           1|           5|
    |tmp_9_i_cast_cast_fu_459_p3   |  select  |      0|   0|   5|           1|           5|
    |Tm_1_fu_490_p2                |    xor   |      0|   0|   8|           8|           8|
    |Tm_2_fu_540_p2                |    xor   |      0|   0|   8|           8|           8|
    |Tm_3_fu_590_p2                |    xor   |      0|   0|   8|           8|           8|
    |Tm_fu_425_p2                  |    xor   |      0|   0|   8|           8|           8|
    |Tmp_fu_439_p2                 |    xor   |      0|   0|   8|           8|           8|
    |tmp1_fu_467_p2                |    xor   |      0|   0|   8|           8|           8|
    |tmp2_fu_517_p2                |    xor   |      0|   0|   8|           8|           8|
    |tmp3_fu_568_p2                |    xor   |      0|   0|   8|           8|           8|
    |tmp4_fu_617_p2                |    xor   |      0|   0|   8|           8|           8|
    |tmp_11_i_fu_523_p2            |    xor   |      0|   0|   8|           8|           8|
    |tmp_13_i_fu_533_p2            |    xor   |      0|   0|  32|          32|          32|
    |tmp_18_i_fu_574_p2            |    xor   |      0|   0|   8|           8|           8|
    |tmp_20_i_fu_584_p2            |    xor   |      0|   0|  32|          32|          32|
    |tmp_25_i_fu_623_p2            |    xor   |      0|   0|   8|           8|           8|
    |tmp_27_i_fu_633_p2            |    xor   |      0|   0|  32|          32|          32|
    |tmp_2_i6_fu_483_p2            |    xor   |      0|   0|  32|          32|          32|
    |tmp_fu_433_p2                 |    xor   |      0|   0|   8|           8|           8|
    |tmp_i_36_fu_473_p2            |    xor   |      0|   0|   8|           8|           8|
    +------------------------------+----------+-------+----+----+------------+------------+
    |Total                         |          |      0|  68| 304|         267|         277|
    +------------------------------+----------+-------+----+----+------------+------------+

    * Multiplexer: 
    +------------------------------+-----+-----------+-----+-----------+
    |             Name             | LUT | Input Size| Bits| Total Bits|
    +------------------------------+-----+-----------+-----+-----------+
    |RoundKey_address0             |   15|          3|    8|         24|
    |RoundKey_ce0                  |   15|          3|    1|          3|
    |RoundKey_ce1                  |    9|          2|    1|          2|
    |RoundKey_we0                  |    9|          2|    1|          2|
    |RoundKey_we1                  |    9|          2|    1|          2|
    |ap_NS_fsm                     |  174|         39|    1|         39|
    |grp_AddRoundKey_fu_256_round  |   21|          4|    6|         24|
    |i_i_reg_233                   |    9|          2|    3|          6|
    |reg_274                       |    9|          2|   32|         64|
    |reg_281                       |    9|          2|   32|         64|
    |round_reg_221                 |    9|          2|    4|          8|
    |state_address0                |   65|         12|    4|         48|
    |state_address1                |   55|         10|    4|         40|
    |state_ce0                     |   21|          4|    1|          4|
    |state_d0                      |   60|         11|   32|        352|
    |state_d1                      |   65|         13|   32|        416|
    |state_we0                     |   21|          4|    1|          4|
    +------------------------------+-----+-----------+-----+-----------+
    |Total                         |  575|        117|  164|       1102|
    +------------------------------+-----+-----------+-----+-----------+

    * Register: 
    +-----------------------------------------+----+----+-----+-----------+
    |                   Name                  | FF | LUT| Bits| Const Bits|
    +-----------------------------------------+----+----+-----+-----------+
    |ap_CS_fsm                                |  38|   0|   38|          0|
    |ap_reg_grp_AddRoundKey_fu_256_ap_start   |   1|   0|    1|          0|
    |ap_reg_grp_KeyExpansion_fu_244_ap_start  |   1|   0|    1|          0|
    |ap_reg_grp_SubBytes_fu_266_ap_start      |   1|   0|    1|          0|
    |i_i_reg_233                              |   3|   0|    3|          0|
    |i_reg_777                                |   3|   0|    3|          0|
    |reg_274                                  |  32|   0|   32|          0|
    |reg_281                                  |  32|   0|   32|          0|
    |reg_288                                  |  32|   0|   32|          0|
    |reg_293                                  |  32|   0|   32|          0|
    |reg_298                                  |  32|   0|   32|          0|
    |reg_303                                  |  32|   0|   32|          0|
    |round_1_reg_787                          |   4|   0|    4|          0|
    |round_cast6_cast_reg_782                 |   4|   0|    6|          2|
    |round_reg_221                            |   4|   0|    4|          0|
    |state_addr_12_reg_754                    |   3|   0|    4|          1|
    |state_addr_13_reg_759                    |   4|   0|    4|          0|
    |state_addr_14_reg_764                    |   3|   0|    4|          1|
    |state_addr_15_reg_769                    |   4|   0|    4|          0|
    |t_reg_792                                |   8|   0|    8|          0|
    |temp_1_reg_819                           |   8|   0|    8|          0|
    |temp_2_reg_824                           |   8|   0|    8|          0|
    |temp_3_reg_829                           |   8|   0|    8|          0|
    |temp_4_reg_734                           |   8|   0|    8|          0|
    |temp_5_reg_739                           |   8|   0|    8|          0|
    |temp_6_reg_744                           |   8|   0|    8|          0|
    |temp_7_reg_749                           |   8|   0|    8|          0|
    |temp_reg_814                             |   8|   0|    8|          0|
    |tmp_20_i_reg_804                         |  32|   0|   32|          0|
    |tmp_27_i_reg_809                         |  32|   0|   32|          0|
    |tmp_27_reg_798                           |   8|   0|    8|          0|
    +-----------------------------------------+----+----+-----+-----------+
    |Total                                    | 409|   0|  413|          4|
    +-----------------------------------------+----+----+-----+-----------+



================================================================
== Interface
================================================================
* Summary: 
+----------------+-----+-----+------------+--------------+--------------+
|    RTL Ports   | Dir | Bits|  Protocol  | Source Object|    C Type    |
+----------------+-----+-----+------------+--------------+--------------+
|ap_clk          |  in |    1| ap_ctrl_hs |    Cipher    | return value |
|ap_rst          |  in |    1| ap_ctrl_hs |    Cipher    | return value |
|ap_start        |  in |    1| ap_ctrl_hs |    Cipher    | return value |
|ap_done         | out |    1| ap_ctrl_hs |    Cipher    | return value |
|ap_idle         | out |    1| ap_ctrl_hs |    Cipher    | return value |
|ap_ready        | out |    1| ap_ctrl_hs |    Cipher    | return value |
|Key_address0    | out |    5|  ap_memory |      Key     |     array    |
|Key_ce0         | out |    1|  ap_memory |      Key     |     array    |
|Key_q0          |  in |   32|  ap_memory |      Key     |     array    |
|Key_address1    | out |    5|  ap_memory |      Key     |     array    |
|Key_ce1         | out |    1|  ap_memory |      Key     |     array    |
|Key_q1          |  in |   32|  ap_memory |      Key     |     array    |
|state_address0  | out |    4|  ap_memory |     state    |     array    |
|state_ce0       | out |    1|  ap_memory |     state    |     array    |
|state_we0       | out |    1|  ap_memory |     state    |     array    |
|state_d0        | out |   32|  ap_memory |     state    |     array    |
|state_q0        |  in |   32|  ap_memory |     state    |     array    |
|state_address1  | out |    4|  ap_memory |     state    |     array    |
|state_ce1       | out |    1|  ap_memory |     state    |     array    |
|state_we1       | out |    1|  ap_memory |     state    |     array    |
|state_d1        | out |   32|  ap_memory |     state    |     array    |
|state_q1        |  in |   32|  ap_memory |     state    |     array    |
+----------------+-----+-----+------------+--------------+--------------+

