

================================================================
== Vivado HLS Report for 'KeyExpansion'
================================================================
* Date:           Sun Apr 22 18:01:31 2018

* Version:        2017.2 (Build 1909853 on Thu Jun 15 18:55:24 MDT 2017)
* Project:        Second
* Solution:       solution1
* Product family: zynquplus
* Target device:  xczu7eg-ffvf1517-1l-i


================================================================
== Performance Estimates
================================================================
+ Timing (ns): 
    * Summary: 
    +--------+-------+----------+------------+
    |  Clock | Target| Estimated| Uncertainty|
    +--------+-------+----------+------------+
    |ap_clk  |  10.00|      2.70|        1.25|
    +--------+-------+----------+------------+

+ Latency (clock cycles): 
    * Summary: 
    +-----+-----+-----+-----+---------+
    |  Latency  |  Interval | Pipeline|
    | min | max | min | max |   Type  |
    +-----+-----+-----+-----+---------+
    |  534|  534|  534|  534|   none  |
    +-----+-----+-----+-----+---------+

    + Detail: 
        * Instance: 
        N/A

        * Loop: 
        +-------------+-----+-----+----------+-----------+-----------+------+----------+
        |             |  Latency  | Iteration|  Initiation Interval  | Trip |          |
        |  Loop Name  | min | max |  Latency |  achieved |   target  | Count| Pipelined|
        +-------------+-----+-----+----------+-----------+-----------+------+----------+
        |- Loop 1     |   12|   12|         3|          -|          -|     4|    no    |
        |- Loop 2     |  520|  520|        13|          -|          -|    40|    no    |
        | + Loop 2.1  |    8|    8|         2|          -|          -|     4|    no    |
        +-------------+-----+-----+----------+-----------+-----------+------+----------+



================================================================
== Utilization Estimates
================================================================
* Summary: 
+-----------------+---------+-------+--------+--------+-----+
|       Name      | BRAM_18K| DSP48E|   FF   |   LUT  | URAM|
+-----------------+---------+-------+--------+--------+-----+
|DSP              |        -|      -|       -|       -|    -|
|Expression       |        -|      -|     196|     641|    -|
|FIFO             |        -|      -|       -|       -|    -|
|Instance         |        -|      -|       -|       -|    -|
|Memory           |        3|      -|       0|       0|    -|
|Multiplexer      |        -|      -|       -|     261|    -|
|Register         |        -|      -|     571|       -|    -|
+-----------------+---------+-------+--------+--------+-----+
|Total            |        3|      0|     767|     902|    0|
+-----------------+---------+-------+--------+--------+-----+
|Available        |      624|   1728|  460800|  230400|   96|
+-----------------+---------+-------+--------+--------+-----+
|Utilization (%)  |    ~0   |      0|   ~0   |   ~0   |    0|
+-----------------+---------+-------+--------+--------+-----+

+ Detail: 
    * Instance: 
    N/A

    * DSP48: 
    N/A

    * Memory: 
    +--------+-------------------+---------+---+----+------+-----+------+-------------+
    | Memory |       Module      | BRAM_18K| FF| LUT| Words| Bits| Banks| W*Bits*Banks|
    +--------+-------------------+---------+---+----+------+-----+------+-------------+
    |Rcon_U  |KeyExpansion_Rcon  |        1|  0|   0|   255|    8|     1|         2040|
    |sbox_U  |KeyExpansion_sbox  |        2|  0|   0|   256|    8|     1|         2048|
    +--------+-------------------+---------+---+----+------+-----+------+-------------+
    |Total   |                   |        3|  0|   0|   511|   16|     2|         4088|
    +--------+-------------------+---------+---+----+------+-----+------+-------------+

    * FIFO: 
    N/A

    * Expression: 
    +---------------------+----------+-------+----+----+------------+------------+
    |    Variable Name    | Operation| DSP48E| FF | LUT| Bitwidth P0| Bitwidth P1|
    +---------------------+----------+-------+----+----+------------+------------+
    |i_2_fu_564_p2        |     +    |      0|  23|  12|           1|           6|
    |j_2_fu_489_p2        |     +    |      0|  14|   9|           3|           1|
    |sum1_fu_554_p2       |     +    |      0|  29|  14|           5|           8|
    |sum2_fu_709_p2       |     +    |      0|  29|  14|           5|           8|
    |sum3_fu_719_p2       |     +    |      0|  29|  14|           5|           8|
    |sum8_fu_505_p2       |     +    |      0|  29|  14|           8|           8|
    |sum_fu_544_p2        |     +    |      0|  29|  14|           6|           8|
    |tmp_3_fu_411_p2      |     +    |      0|  14|   9|           3|           1|
    |exitcond1_fu_465_p2  |   icmp   |      0|   0|   3|           6|           6|
    |exitcond2_fu_405_p2  |   icmp   |      0|   0|   2|           3|           4|
    |exitcond_fu_483_p2   |   icmp   |      0|   0|   2|           3|           4|
    |sel_tmp2_fu_575_p2   |   icmp   |      0|   0|   1|           2|           1|
    |sel_tmp4_fu_580_p2   |   icmp   |      0|   0|   1|           2|           1|
    |sel_tmp_fu_570_p2    |   icmp   |      0|   0|   1|           2|           3|
    |tmp_7_fu_523_p2      |   icmp   |      0|   0|   1|           2|           1|
    |or_cond_fu_585_p2    |    or    |      0|   0|   2|           1|           1|
    |tmp_11_fu_749_p2     |    or    |      0|   0|   8|           8|           2|
    |tmp_13_fu_759_p2     |    or    |      0|   0|   8|           8|           2|
    |tmp_1_fu_445_p2      |    or    |      0|   0|   4|           4|           2|
    |tmp_2_fu_455_p2      |    or    |      0|   0|   4|           4|           2|
    |tmp_8_fu_729_p2      |    or    |      0|   0|   8|           8|           1|
    |tmp_s_fu_434_p2      |    or    |      0|   0|   4|           4|           1|
    |newSel2_fu_607_p3    |  select  |      0|   0|  32|           1|          32|
    |newSel_fu_591_p3     |  select  |      0|   0|  32|           1|          32|
    |temp_0_2_fu_690_p3   |  select  |      0|   0|  32|           1|          32|
    |temp_1_1_fu_683_p3   |  select  |      0|   0|  32|           1|          32|
    |temp_2_1_fu_676_p3   |  select  |      0|   0|  32|           1|          32|
    |temp_3_1_fu_669_p3   |  select  |      0|   0|  32|           1|          32|
    |temp_3_3_fu_599_p3   |  select  |      0|   0|  32|           1|          32|
    |temp_3_4_fu_615_p3   |  select  |      0|   0|  32|           1|          32|
    |temp_3_6_fu_623_p3   |  select  |      0|   0|  32|           1|          32|
    |temp_3_7_fu_631_p3   |  select  |      0|   0|  32|           1|          32|
    |temp_3_9_fu_639_p3   |  select  |      0|   0|  32|           1|          32|
    |temp_0_1_fu_659_p2   |    xor   |      0|   0|   8|           8|           8|
    |tmp1_fu_495_p2       |    xor   |      0|   0|   4|           3|           4|
    |tmp_10_fu_739_p2     |    xor   |      0|   0|  32|          32|          32|
    |tmp_12_fu_744_p2     |    xor   |      0|   0|  32|          32|          32|
    |tmp_5_fu_697_p2      |    xor   |      0|   0|  32|          32|          32|
    |tmp_6_fu_703_p2      |    xor   |      0|   0|  32|          32|          32|
    +---------------------+----------+-------+----+----+------------+------------+
    |Total                |          |      0| 196| 641|         243|         571|
    +---------------------+----------+-------+----+----+------------+------------+

    * Multiplexer: 
    +----------------------+----+-----------+-----+-----------+
    |         Name         | LUT| Input Size| Bits| Total Bits|
    +----------------------+----+-----------+-----+-----------+
    |Key_address0          |  15|          3|    5|         15|
    |Key_address1          |  15|          3|    5|         15|
    |RoundKey_address0     |  33|          8|    8|         64|
    |RoundKey_address1     |  33|          7|    8|         56|
    |RoundKey_d0           |  21|          4|   32|        128|
    |RoundKey_d1           |  21|          4|   32|        128|
    |ap_NS_fsm             |  60|         11|    1|         11|
    |i_1_reg_334           |   9|          2|    6|         12|
    |i_reg_275             |   9|          2|    3|          6|
    |j_reg_394             |   9|          2|    3|          6|
    |num_assign_1_reg_358  |   9|          2|   32|         64|
    |num_assign_2_reg_346  |   9|          2|   32|         64|
    |temp_3_5_reg_370      |   9|          2|   32|         64|
    |temp_3_8_reg_382      |   9|          2|   32|         64|
    +----------------------+----+-----------+-----+-----------+
    |Total                 | 261|         54|  231|        697|
    +----------------------+----+-----------+-----+-----------+

    * Register: 
    +----------------------+----+----+-----+-----------+
    |         Name         | FF | LUT| Bits| Const Bits|
    +----------------------+----+----+-----+-----------+
    |ap_CS_fsm             |  10|   0|   10|          0|
    |i_1_reg_334           |   6|   0|    6|          0|
    |i_2_reg_906           |   6|   0|    6|          0|
    |i_reg_275             |   3|   0|    3|          0|
    |j_2_reg_846           |   3|   0|    3|          0|
    |j_reg_394             |   3|   0|    3|          0|
    |num_assign_1_reg_358  |  32|   0|   32|          0|
    |num_assign_2_reg_346  |  32|   0|   32|          0|
    |temp_0_2_reg_948      |  32|   0|   32|          0|
    |temp_1_1_reg_943      |  32|   0|   32|          0|
    |temp_1_reg_310        |  32|   0|   32|          0|
    |temp_2_1_reg_937      |  32|   0|   32|          0|
    |temp_2_reg_298        |  32|   0|   32|          0|
    |temp_3_1_reg_931      |  32|   0|   32|          0|
    |temp_3_5_reg_370      |  32|   0|   32|          0|
    |temp_3_8_reg_382      |  32|   0|   32|          0|
    |temp_3_reg_286        |  32|   0|   32|          0|
    |temp_reg_322          |  32|   0|   32|          0|
    |tmp_10_reg_973        |  32|   0|   32|          0|
    |tmp_12_reg_978        |  32|   0|   32|          0|
    |tmp_16_reg_856        |   2|   0|    2|          0|
    |tmp_1_cast_reg_803    |   2|   0|   32|         30|
    |tmp_2_cast_reg_813    |   2|   0|   32|         30|
    |tmp_3_reg_772         |   3|   0|    3|          0|
    |tmp_4_cast_reg_838    |   6|   0|   32|         26|
    |tmp_4_reg_826         |   6|   0|    8|          2|
    |tmp_5_reg_953         |  32|   0|   32|          0|
    |tmp_6_reg_958         |  32|   0|   32|          0|
    |tmp_7_reg_863         |   1|   0|    1|          0|
    |tmp_cast_29_reg_793   |   2|   0|   32|         30|
    |tmp_cast_reg_783      |   2|   0|   32|         30|
    |tmp_reg_777           |   2|   0|    4|          2|
    +----------------------+----+----+-----+-----------+
    |Total                 | 571|   0|  721|        150|
    +----------------------+----+----+-----+-----------+



================================================================
== Interface
================================================================
* Summary: 
+-------------------+-----+-----+------------+--------------+--------------+
|     RTL Ports     | Dir | Bits|  Protocol  | Source Object|    C Type    |
+-------------------+-----+-----+------------+--------------+--------------+
|ap_clk             |  in |    1| ap_ctrl_hs | KeyExpansion | return value |
|ap_rst             |  in |    1| ap_ctrl_hs | KeyExpansion | return value |
|ap_start           |  in |    1| ap_ctrl_hs | KeyExpansion | return value |
|ap_done            | out |    1| ap_ctrl_hs | KeyExpansion | return value |
|ap_idle            | out |    1| ap_ctrl_hs | KeyExpansion | return value |
|ap_ready           | out |    1| ap_ctrl_hs | KeyExpansion | return value |
|RoundKey_address0  | out |    8|  ap_memory |   RoundKey   |     array    |
|RoundKey_ce0       | out |    1|  ap_memory |   RoundKey   |     array    |
|RoundKey_we0       | out |    1|  ap_memory |   RoundKey   |     array    |
|RoundKey_d0        | out |   32|  ap_memory |   RoundKey   |     array    |
|RoundKey_q0        |  in |   32|  ap_memory |   RoundKey   |     array    |
|RoundKey_address1  | out |    8|  ap_memory |   RoundKey   |     array    |
|RoundKey_ce1       | out |    1|  ap_memory |   RoundKey   |     array    |
|RoundKey_we1       | out |    1|  ap_memory |   RoundKey   |     array    |
|RoundKey_d1        | out |   32|  ap_memory |   RoundKey   |     array    |
|RoundKey_q1        |  in |   32|  ap_memory |   RoundKey   |     array    |
|Key_address0       | out |    5|  ap_memory |      Key     |     array    |
|Key_ce0            | out |    1|  ap_memory |      Key     |     array    |
|Key_q0             |  in |   32|  ap_memory |      Key     |     array    |
|Key_address1       | out |    5|  ap_memory |      Key     |     array    |
|Key_ce1            | out |    1|  ap_memory |      Key     |     array    |
|Key_q1             |  in |   32|  ap_memory |      Key     |     array    |
+-------------------+-----+-----+------------+--------------+--------------+

