

================================================================
== Vivado HLS Report for 'SubBytes'
================================================================
* Date:           Sun Apr 22 18:01:32 2018

* Version:        2017.2 (Build 1909853 on Thu Jun 15 18:55:24 MDT 2017)
* Project:        Second
* Solution:       solution1
* Product family: zynquplus
* Target device:  xczu7eg-ffvf1517-1l-i


================================================================
== Performance Estimates
================================================================
+ Timing (ns): 
    * Summary: 
    +--------+-------+----------+------------+
    |  Clock | Target| Estimated| Uncertainty|
    +--------+-------+----------+------------+
    |ap_clk  |  10.00|      2.14|        1.25|
    +--------+-------+----------+------------+

+ Latency (clock cycles): 
    * Summary: 
    +-----+-----+-----+-----+---------+
    |  Latency  |  Interval | Pipeline|
    | min | max | min | max |   Type  |
    +-----+-----+-----+-----+---------+
    |   57|   57|   57|   57|   none  |
    +-----+-----+-----+-----+---------+

    + Detail: 
        * Instance: 
        N/A

        * Loop: 
        +-------------+-----+-----+----------+-----------+-----------+------+----------+
        |             |  Latency  | Iteration|  Initiation Interval  | Trip |          |
        |  Loop Name  | min | max |  Latency |  achieved |   target  | Count| Pipelined|
        +-------------+-----+-----+----------+-----------+-----------+------+----------+
        |- Loop 1     |   56|   56|        14|          -|          -|     4|    no    |
        | + Loop 1.1  |   12|   12|         3|          -|          -|     4|    no    |
        +-------------+-----+-----+----------+-----------+-----------+------+----------+



================================================================
== Utilization Estimates
================================================================
* Summary: 
+-----------------+---------+-------+--------+--------+-----+
|       Name      | BRAM_18K| DSP48E|   FF   |   LUT  | URAM|
+-----------------+---------+-------+--------+--------+-----+
|DSP              |        -|      -|       -|       -|    -|
|Expression       |        -|      -|      51|      34|    -|
|FIFO             |        -|      -|       -|       -|    -|
|Instance         |        -|      -|       -|       -|    -|
|Memory           |        1|      -|       0|       0|    -|
|Multiplexer      |        -|      -|       -|      66|    -|
|Register         |        -|      -|      24|       -|    -|
+-----------------+---------+-------+--------+--------+-----+
|Total            |        1|      0|      75|     100|    0|
+-----------------+---------+-------+--------+--------+-----+
|Available        |      624|   1728|  460800|  230400|   96|
+-----------------+---------+-------+--------+--------+-----+
|Utilization (%)  |    ~0   |      0|   ~0   |   ~0   |    0|
+-----------------+---------+-------+--------+--------+-----+

+ Detail: 
    * Instance: 
    N/A

    * DSP48: 
    N/A

    * Memory: 
    +--------+---------------+---------+---+----+------+-----+------+-------------+
    | Memory |     Module    | BRAM_18K| FF| LUT| Words| Bits| Banks| W*Bits*Banks|
    +--------+---------------+---------+---+----+------+-----+------+-------------+
    |sbox_U  |SubBytes_sbox  |        1|  0|   0|   256|    8|     1|         2048|
    +--------+---------------+---------+---+----+------+-----+------+-------------+
    |Total   |               |        1|  0|   0|   256|    8|     1|         2048|
    +--------+---------------+---------+---+----+------+-----+------+-------------+

    * FIFO: 
    N/A

    * Expression: 
    +--------------------+----------+-------+----+----+------------+------------+
    |    Variable Name   | Operation| DSP48E| FF | LUT| Bitwidth P0| Bitwidth P1|
    +--------------------+----------+-------+----+----+------------+------------+
    |i_1_fu_85_p2        |     +    |      0|  14|   9|           3|           1|
    |j_1_fu_111_p2       |     +    |      0|  14|   9|           3|           1|
    |tmp_2_fu_95_p2      |     +    |      0|  23|  12|           6|           6|
    |exitcond1_fu_79_p2  |   icmp   |      0|   0|   2|           3|           4|
    |exitcond_fu_105_p2  |   icmp   |      0|   0|   2|           3|           4|
    +--------------------+----------+-------+----+----+------------+------------+
    |Total               |          |      0|  51|  34|          18|          16|
    +--------------------+----------+-------+----+----+------------+------------+

    * Multiplexer: 
    +----------------+----+-----------+-----+-----------+
    |      Name      | LUT| Input Size| Bits| Total Bits|
    +----------------+----+-----------+-----+-----------+
    |ap_NS_fsm       |  33|          6|    1|          6|
    |i_reg_45        |   9|          2|    3|          6|
    |j_reg_56        |   9|          2|    3|          6|
    |state_address0  |  15|          3|    4|         12|
    +----------------+----+-----------+-----+-----------+
    |Total           |  66|         13|   11|         30|
    +----------------+----+-----------+-----+-----------+

    * Register: 
    +--------------------+---+----+-----+-----------+
    |        Name        | FF| LUT| Bits| Const Bits|
    +--------------------+---+----+-----+-----------+
    |ap_CS_fsm           |  5|   0|    5|          0|
    |i_1_reg_130         |  3|   0|    3|          0|
    |i_reg_45            |  3|   0|    3|          0|
    |j_1_reg_143         |  3|   0|    3|          0|
    |j_reg_56            |  3|   0|    3|          0|
    |state_addr_reg_135  |  4|   0|    4|          0|
    |tmp_1_cast_reg_122  |  3|   0|    6|          3|
    +--------------------+---+----+-----+-----------+
    |Total               | 24|   0|   27|          3|
    +--------------------+---+----+-----+-----------+



================================================================
== Interface
================================================================
* Summary: 
+----------------+-----+-----+------------+--------------+--------------+
|    RTL Ports   | Dir | Bits|  Protocol  | Source Object|    C Type    |
+----------------+-----+-----+------------+--------------+--------------+
|ap_clk          |  in |    1| ap_ctrl_hs |   SubBytes   | return value |
|ap_rst          |  in |    1| ap_ctrl_hs |   SubBytes   | return value |
|ap_start        |  in |    1| ap_ctrl_hs |   SubBytes   | return value |
|ap_done         | out |    1| ap_ctrl_hs |   SubBytes   | return value |
|ap_idle         | out |    1| ap_ctrl_hs |   SubBytes   | return value |
|ap_ready        | out |    1| ap_ctrl_hs |   SubBytes   | return value |
|state_address0  | out |    4|  ap_memory |     state    |     array    |
|state_ce0       | out |    1|  ap_memory |     state    |     array    |
|state_we0       | out |    1|  ap_memory |     state    |     array    |
|state_d0        | out |   32|  ap_memory |     state    |     array    |
|state_q0        |  in |   32|  ap_memory |     state    |     array    |
+----------------+-----+-----+------------+--------------+--------------+

