#-----------------------------------------------------------
# xsim v2017.2 (64-bit)
# SW Build 1909853 on Thu Jun 15 18:39:09 MDT 2017
# IP Build 1909766 on Thu Jun 15 19:58:00 MDT 2017
# Start of session at: Thu Dec  7 12:27:49 2017
# Process ID: 7800
# Current directory: C:/Users/Lincoln/Desktop/ThesisSuccess/Second/solution1/sim/verilog
# Command line: xsim.exe -mode tcl -source {xsim.dir/Cipher/xsim_script.tcl}
# Log file: C:/Users/Lincoln/Desktop/ThesisSuccess/Second/solution1/sim/verilog/xsim.log
# Journal file: C:/Users/Lincoln/Desktop/ThesisSuccess/Second/solution1/sim/verilog\xsim.jou
#-----------------------------------------------------------
source xsim.dir/Cipher/xsim_script.tcl
# xsim {Cipher} -autoloadwcfg -tclbatch {Cipher.tcl}
Vivado Simulator 2017.2
Time resolution is 1 ps
source Cipher.tcl
## run all
////////////////////////////////////////////////////////////////////////////////////
// Inter-Transaction Progress: Completed Transaction / Total Transaction
// Intra-Transaction Progress: Measured Latency / Latency Estimation * 100%
//
// RTL Simulation : "Inter-Transaction Progress" ["Intra-Transaction Progress"] @ "Simulation Time"
////////////////////////////////////////////////////////////////////////////////////
// RTL Simulation : 0 / 1 [n/a] @ "125000"
// RTL Simulation : 1 / 1 [n/a] @ "37805000"
////////////////////////////////////////////////////////////////////////////////////
$finish called at time : 37845 ns : File "C:/Users/Lincoln/Desktop/ThesisSuccess/Second/solution1/sim/verilog/Cipher.autotb.v" Line 337
## quit
INFO: [Common 17-206] Exiting xsim at Thu Dec  7 12:27:59 2017...
