

================================================================
== Vivado HLS Report for 'AddRoundKey'
================================================================
* Date:           Fri Apr  6 15:28:26 2018

* Version:        2017.2 (Build 1909853 on Thu Jun 15 18:55:24 MDT 2017)
* Project:        trito
* Solution:       solution1
* Product family: zynquplus
* Target device:  xczu7eg-ffvf1517-2-e


================================================================
== Performance Estimates
================================================================
+ Timing (ns): 
    * Summary: 
    +--------+-------+----------+------------+
    |  Clock | Target| Estimated| Uncertainty|
    +--------+-------+----------+------------+
    |ap_clk  |  10.00|      2.82|        1.25|
    +--------+-------+----------+------------+

+ Latency (clock cycles): 
    * Summary: 
    +-----+-----+-----+-----+---------+
    |  Latency  |  Interval | Pipeline|
    | min | max | min | max |   Type  |
    +-----+-----+-----+-----+---------+
    |   17|   17|   17|   17|   none  |
    +-----+-----+-----+-----+---------+

    + Detail: 
        * Instance: 
        N/A

        * Loop: 
        +----------+-----+-----+----------+-----------+-----------+------+----------+
        |          |  Latency  | Iteration|  Initiation Interval  | Trip |          |
        | Loop Name| min | max |  Latency |  achieved |   target  | Count| Pipelined|
        +----------+-----+-----+----------+-----------+-----------+------+----------+
        |- Loop 1  |   16|   16|         4|          -|          -|     4|    no    |
        +----------+-----+-----+----------+-----------+-----------+------+----------+



================================================================
== Utilization Estimates
================================================================
* Summary: 
+-----------------+---------+-------+--------+--------+-----+
|       Name      | BRAM_18K| DSP48E|   FF   |   LUT  | URAM|
+-----------------+---------+-------+--------+--------+-----+
|DSP              |        -|      -|       -|       -|    -|
|Expression       |        -|      -|     130|     143|    -|
|FIFO             |        -|      -|       -|       -|    -|
|Instance         |        -|      -|       -|       -|    -|
|Memory           |        -|      -|       -|       -|    -|
|Multiplexer      |        -|      -|       -|     118|    -|
|Register         |        -|      -|      95|       -|    -|
+-----------------+---------+-------+--------+--------+-----+
|Total            |        0|      0|     225|     261|    0|
+-----------------+---------+-------+--------+--------+-----+
|Available        |      624|   1728|  460800|  230400|   96|
+-----------------+---------+-------+--------+--------+-----+
|Utilization (%)  |        0|      0|   ~0   |   ~0   |    0|
+-----------------+---------+-------+--------+--------+-----+

+ Detail: 
    * Instance: 
    N/A

    * DSP48: 
    N/A

    * Memory: 
    N/A

    * FIFO: 
    N/A

    * Expression: 
    +--------------------+----------+-------+----+----+------------+------------+
    |    Variable Name   | Operation| DSP48E| FF | LUT| Bitwidth P0| Bitwidth P1|
    +--------------------+----------+-------+----+----+------------+------------+
    |j_6_fu_171_p2       |     +    |      0|  14|   9|           3|           1|
    |tmp_100_fu_244_p2   |     +    |      0|  32|  15|           9|           9|
    |tmp_98_fu_191_p2    |     +    |      0|  29|  14|           7|           8|
    |tmp_99_fu_233_p2    |     +    |      0|  32|  15|           8|           9|
    |tmp_s_fu_177_p2     |     +    |      0|  23|  12|           6|           6|
    |exitcond_fu_165_p2  |   icmp   |      0|   0|   2|           3|           4|
    |tmp_39_fu_219_p2    |    or    |      0|   0|   4|           4|           1|
    |tmp_41_fu_255_p2    |    or    |      0|   0|   4|           4|           2|
    |tmp_43_fu_265_p2    |    or    |      0|   0|   4|           4|           2|
    |grp_fu_133_p2       |    xor   |      0|   0|  32|          32|          32|
    |grp_fu_139_p2       |    xor   |      0|   0|  32|          32|          32|
    +--------------------+----------+-------+----+----+------------+------------+
    |Total               |          |      0| 130| 143|         112|         106|
    +--------------------+----------+-------+----+----+------------+------------+

    * Multiplexer: 
    +------------------+----+-----------+-----+-----------+
    |       Name       | LUT| Input Size| Bits| Total Bits|
    +------------------+----+-----------+-----+-----------+
    |ap_NS_fsm         |  33|          6|    1|          6|
    |j_reg_122         |   9|          2|    3|          6|
    |statemt_address0  |  25|          5|    5|         25|
    |statemt_address1  |  25|          5|    5|         25|
    |worda_address0    |  13|          3|    9|         27|
    |worda_address1    |  13|          3|    9|         27|
    +------------------+----+-----------+-----+-----------+
    |Total             | 118|         24|   32|        116|
    +------------------+----+-----------+-----+-----------+

    * Register: 
    +-------------------------+----+----+-----+-----------+
    |           Name          | FF | LUT| Bits| Const Bits|
    +-------------------------+----+----+-----+-----------+
    |ap_CS_fsm                |   5|   0|    5|          0|
    |j_6_reg_283              |   3|   0|    3|          0|
    |j_reg_122                |   3|   0|    3|          0|
    |reg_145                  |  32|   0|   32|          0|
    |reg_150                  |  32|   0|   32|          0|
    |statemt_addr_23_reg_314  |   2|   0|    5|          3|
    |statemt_addr_24_reg_329  |   2|   0|    5|          3|
    |statemt_addr_25_reg_334  |   2|   0|    5|          3|
    |statemt_addr_reg_309     |   2|   0|    5|          3|
    |tmp_37_reg_303           |   2|   0|    4|          2|
    |tmp_reg_275              |   4|   0|    6|          2|
    |tmp_s_reg_288            |   6|   0|    6|          0|
    +-------------------------+----+----+-----+-----------+
    |Total                    |  95|   0|  111|         16|
    +-------------------------+----+----+-----+-----------+



================================================================
== Interface
================================================================
* Summary: 
+------------------+-----+-----+------------+--------------+--------------+
|     RTL Ports    | Dir | Bits|  Protocol  | Source Object|    C Type    |
+------------------+-----+-----+------------+--------------+--------------+
|ap_clk            |  in |    1| ap_ctrl_hs |  AddRoundKey | return value |
|ap_rst            |  in |    1| ap_ctrl_hs |  AddRoundKey | return value |
|ap_start          |  in |    1| ap_ctrl_hs |  AddRoundKey | return value |
|ap_done           | out |    1| ap_ctrl_hs |  AddRoundKey | return value |
|ap_idle           | out |    1| ap_ctrl_hs |  AddRoundKey | return value |
|ap_ready          | out |    1| ap_ctrl_hs |  AddRoundKey | return value |
|statemt_address0  | out |    5|  ap_memory |    statemt   |     array    |
|statemt_ce0       | out |    1|  ap_memory |    statemt   |     array    |
|statemt_we0       | out |    1|  ap_memory |    statemt   |     array    |
|statemt_d0        | out |   32|  ap_memory |    statemt   |     array    |
|statemt_q0        |  in |   32|  ap_memory |    statemt   |     array    |
|statemt_address1  | out |    5|  ap_memory |    statemt   |     array    |
|statemt_ce1       | out |    1|  ap_memory |    statemt   |     array    |
|statemt_we1       | out |    1|  ap_memory |    statemt   |     array    |
|statemt_d1        | out |   32|  ap_memory |    statemt   |     array    |
|statemt_q1        |  in |   32|  ap_memory |    statemt   |     array    |
|n                 |  in |    6|   ap_none  |       n      |    scalar    |
|worda_address0    | out |    9|  ap_memory |     worda    |     array    |
|worda_ce0         | out |    1|  ap_memory |     worda    |     array    |
|worda_q0          |  in |   32|  ap_memory |     worda    |     array    |
|worda_address1    | out |    9|  ap_memory |     worda    |     array    |
|worda_ce1         | out |    1|  ap_memory |     worda    |     array    |
|worda_q1          |  in |   32|  ap_memory |     worda    |     array    |
+------------------+-----+-----+------------+--------------+--------------+

