Unable to capture context for thread 7676 in process 476, can not generate back trace
Unable to capture context for thread 1124 in process 476, can not generate back trace
Exception at PC 0x00007FFADC06BB93
Printing stacktrace...

[0]  [0x00007FFADC06BB93]
[1]  [0x00007FFADC06BB93]
[2]  [0x00007FFADC06B4A1]
[3]  [0x00007FFADC06B3EF]
[4]  [0x00007FFADC0519FE]
[5]  [0x00007FFADC050ED1]
[6]  [0x00007FFADC050D76]
[7]  [0x00007FFADBFF79F6]
[8]  [0x00007FFADBFE7AFB]
[9]  [0x00007FFADC10E90A]
[10]  [0x00007FFADC129F87]
[11]  [0x00007FFADC12A05F]
[12] (BaseThreadInitThunk+0x14) [0x00007FFB2D8E1FE4]
[13] (RtlUserThreadStart+0x21) [0x00007FFB2DD1EFC1]
Done
Exception at PC 0x00007FFADBD71A52
Attemped to write at address 0x00007FFAFF4CABA4
Printing stacktrace...

[0]  [0x00007FFADBD71A52]
[1]  [0x00007FFADBD71A52]
[2]  [0x00007FFADBD71AD4]
[3]  [0x00007FFADBEB3FF7]
[4]  [0x00007FFADBD99128]
[5]  [0x00007FFADC04DFB9]
[6]  [0x00007FFADC21EF23]
[7]  [0x00007FFADC12B06B]
[8]  [0x00007FFADC1208AF]
[9]  [0x00007FFADC120A32]
[10] (RtlDeactivateActivationContextUnsafeFast+0x1b3) [0x00007FFB2DCC1493]
[11] (LdrShutdownProcess+0x125) [0x00007FFB2DCF06B5]
[12] (RtlExitUserProcess+0xb4) [0x00007FFB2DCF0574]
[13] (ExitProcess+0xa) [0x00007FFB2D8DF06A]
[14] (exit+0x75) [0x00007FFB2D779B25]
[15] (initterm_e+0x21d) [0x00007FFB2D77A16D]
[16]  [0x00000000004014CD]
[17]  [0x000000000040151B]
[18] (BaseThreadInitThunk+0x14) [0x00007FFB2D8E1FE4]
[19] (RtlUserThreadStart+0x21) [0x00007FFB2DD1EFC1]
Done
