Unable to capture context for thread 2540 in process 7896, can not generate back trace
Unable to capture context for thread 8792 in process 7896, can not generate back trace
Unable to capture context for thread 11872 in process 7896, can not generate back trace
Exception at PC 0x00007FFAE3A6BB93
Printing stacktrace...

[0]  [0x00007FFAE3A6BB93]
[1]  [0x00007FFAE3A6BB93]
[2]  [0x00007FFAE3A6B4A1]
[3]  [0x00007FFAE3A6B3EF]
[4]  [0x00007FFAE3A519FE]
[5]  [0x00007FFAE3A50ED1]
[6]  [0x00007FFAE3A50D76]
[7]  [0x00007FFAE39F79F6]
[8]  [0x00007FFAE39E7AFB]
[9]  [0x00007FFAE3B0E90A]
[10]  [0x00007FFAE3B29F87]
[11]  [0x00007FFAE3B2A05F]
[12] (BaseThreadInitThunk+0x14) [0x00007FFB4A9C1FE4]
[13] (RtlUserThreadStart+0x21) [0x00007FFB4D04EFC1]
Done
Exception at PC 0x00007FFAE3771A52
Attemped to write at address 0x00007FFB1DF2ABA4
Printing stacktrace...

[0]  [0x00007FFAE3771A52]
[1]  [0x00007FFAE3771A52]
[2]  [0x00007FFAE3771AD4]
[3]  [0x00007FFAE38B3FF7]
[4]  [0x00007FFAE3799128]
[5]  [0x00007FFAE3A4DFB9]
[6]  [0x00007FFAE3C1EF23]
[7]  [0x00007FFAE3B2B06B]
[8]  [0x00007FFAE3B208AF]
[9]  [0x00007FFAE3B20A32]
[10] (RtlDeactivateActivationContextUnsafeFast+0x1b3) [0x00007FFB4CFF1493]
[11] (LdrShutdownProcess+0x125) [0x00007FFB4D0206B5]
[12] (RtlExitUserProcess+0xb4) [0x00007FFB4D020574]
[13] (ExitProcess+0xa) [0x00007FFB4A9BF06A]
[14] (exit+0x75) [0x00007FFB4A949B25]
[15] (initterm_e+0x21d) [0x00007FFB4A94A16D]
[16]  [0x00000000004014CD]
[17]  [0x000000000040151B]
[18] (BaseThreadInitThunk+0x14) [0x00007FFB4A9C1FE4]
[19] (RtlUserThreadStart+0x21) [0x00007FFB4D04EFC1]
Done
