Unable to capture context for thread 9428 in process 7848, can not generate back trace
Unable to capture context for thread 7584 in process 7848, can not generate back trace
Exception at PC 0x00007FFD39F0BB93
Printing stacktrace...

[0]  [0x00007FFD39F0BB93]
[1]  [0x00007FFD39F0BB93]
[2]  [0x00007FFD39F0B4A1]
[3]  [0x00007FFD39F0B3EF]
[4]  [0x00007FFD39EF19FE]
[5]  [0x00007FFD39EF0ED1]
[6]  [0x00007FFD39EF0D76]
[7]  [0x00007FFD39E979F6]
[8]  [0x00007FFD39E87AFB]
[9]  [0x00007FFD39FAE90A]
[10]  [0x00007FFD39FC9F87]
[11]  [0x00007FFD39FCA05F]
[12] (BaseThreadInitThunk+0x14) [0x00007FFD9E1E1FE4]
[13] (RtlUserThreadStart+0x21) [0x00007FFD9F90EF91]
Done
Exception at PC 0x00007FFD39C11A52
Attemped to write at address 0x00007FFD6626ABA4
Printing stacktrace...

[0]  [0x00007FFD39C11A52]
[1]  [0x00007FFD39C11A52]
[2]  [0x00007FFD39C11AD4]
[3]  [0x00007FFD39D53FF7]
[4]  [0x00007FFD39C39128]
[5]  [0x00007FFD39EEDFB9]
[6]  [0x00007FFD3A0BEF23]
[7]  [0x00007FFD39FCB06B]
[8]  [0x00007FFD39FC08AF]
[9]  [0x00007FFD39FC0A32]
[10] (RtlDeactivateActivationContextUnsafeFast+0x1b3) [0x00007FFD9F8B1473]
[11] (LdrShutdownProcess+0x125) [0x00007FFD9F8E0695]
[12] (RtlExitUserProcess+0xb4) [0x00007FFD9F8E0554]
[13] (ExitProcess+0xa) [0x00007FFD9E1DF06A]
[14] (exit+0x75) [0x00007FFD9D6A9B25]
[15] (initterm_e+0x21d) [0x00007FFD9D6AA16D]
[16]  [0x00000000004014CD]
[17]  [0x000000000040151B]
[18] (BaseThreadInitThunk+0x14) [0x00007FFD9E1E1FE4]
[19] (RtlUserThreadStart+0x21) [0x00007FFD9F90EF91]
Done
