INFO: [HLS 200-0] Workspace C:/Users/Lincoln/Desktop/ThesisRaw/trito/solution1 opened at Fri Apr 06 15:28:14 +0300 2018
INFO: [HLS 200-100] Execute     config_clock -quiet -name default -period 10 -default=false 
INFO: [SYN 201-201] Setting up clock 'default' with a period of 10ns.
INFO: [HLS 200-100] Command     config_clock returned 0; 0 sec.
INFO: [HLS 200-100] Execute     open_platform DefaultPlatform 
INFO: [HLS 200-100] Command     open_platform returned 0; 0 sec.
INFO: [HLS 200-100] Execute     import_lib C:/Xilinx/Vivado_HLS/2017.2/common/technology/xilinx/zynquplus/zynquplus 
INFO: [HLS 200-100] Execute       source C:/Xilinx/Vivado_HLS/2017.2/common/technology/xilinx/common/xilinx.lib 
INFO: [HLS 200-100] Execute         source C:/Xilinx/Vivado_HLS/2017.2/common/technology/xilinx/interface/xilinx_interface.lib 
INFO: [HLS 200-100] Execute           source C:/Xilinx/Vivado_HLS/2017.2/common/technology/xilinx/interface/plb46.lib 
INFO: [HLS 200-100] Command           ap_source returned 0; 0.001 sec.
INFO: [HLS 200-100] Execute           source C:/Xilinx/Vivado_HLS/2017.2/common/technology/xilinx/interface/fsl.lib 
INFO: [HLS 200-100] Command           ap_source returned 0; 0 sec.
INFO: [HLS 200-100] Execute           source C:/Xilinx/Vivado_HLS/2017.2/common/technology/xilinx/interface/axi4.lib 
INFO: [HLS 200-100] Command           ap_source returned 0; 0 sec.
INFO: [HLS 200-100] Execute           source C:/Xilinx/Vivado_HLS/2017.2/common/technology/xilinx/interface/maxi.lib 
INFO: [HLS 200-100] Command           ap_source returned 0; 0.001 sec.
INFO: [HLS 200-100] Execute           source C:/Xilinx/Vivado_HLS/2017.2/common/technology/xilinx/interface/saxilite.lib 
INFO: [HLS 200-100] Command           ap_source returned 0; 0 sec.
INFO: [HLS 200-100] Command         ap_source returned 0; 0.003 sec.
INFO: [HLS 200-100] Execute         source C:/Xilinx/Vivado_HLS/2017.2/common/technology/xilinx/common/dsp48.lib 
INFO: [HLS 200-100] Command         ap_source returned 0; 0 sec.
INFO: [HLS 200-100] Execute         source C:/Xilinx/Vivado_HLS/2017.2/common/technology/xilinx/ip/dds_compiler.lib 
INFO: [HLS 200-100] Command         ap_source returned 0; 0 sec.
INFO: [HLS 200-100] Execute         source C:/Xilinx/Vivado_HLS/2017.2/common/technology/xilinx/ip/xfft.lib 
INFO: [HLS 200-100] Command         ap_source returned 0; 0 sec.
INFO: [HLS 200-100] Execute         source C:/Xilinx/Vivado_HLS/2017.2/common/technology/xilinx/ip/xfir.lib 
INFO: [HLS 200-100] Command         ap_source returned 0; 0 sec.
INFO: [HLS 200-100] Command       ap_source returned 0; 0.01 sec.
INFO: [HLS 200-100] Execute       source C:/Xilinx/Vivado_HLS/2017.2/common/technology/xilinx/common/xilinx_old.lib 
INFO: [HLS 200-100] Command       ap_source returned 0; 0.001 sec.
INFO: [HLS 200-100] Execute       source C:/Xilinx/Vivado_HLS/2017.2/common/technology/xilinx/common/xilinx_vivado.lib 
INFO: [HLS 200-100] Command       ap_source returned 0; 0.001 sec.
INFO: [HLS 200-100] Execute       source C:/Xilinx/Vivado_HLS/2017.2/common/technology/xilinx/common/xilinx.hlp 
INFO: [HLS 200-100] Execute         source C:/Xilinx/Vivado_HLS/2017.2/common/technology/xilinx/common/target_info.tcl 
INFO: [HLS 200-100] Command         ap_source returned 0; 0.001 sec.
INFO: [HLS 200-100] Execute         source C:/Xilinx/Vivado_HLS/2017.2/common/technology/xilinx/interface/xilinx_interface.hlp 
INFO: [HLS 200-100] Execute           source C:/Xilinx/Vivado_HLS/2017.2/common/technology/xilinx/interface/maxi.hlp 
INFO: [HLS 200-100] Command           ap_source returned 0; 0 sec.
INFO: [HLS 200-100] Execute           source C:/Xilinx/Vivado_HLS/2017.2/common/technology/xilinx/interface/saxilite.hlp 
INFO: [HLS 200-100] Command           ap_source returned 0; 0 sec.
INFO: [HLS 200-100] Command         ap_source returned 0; 0.001 sec.
INFO: [HLS 200-100] Execute         source C:/Xilinx/Vivado_HLS/2017.2/common/technology/xilinx/common/dsp48.hlp 
INFO: [HLS 200-100] Command         ap_source returned 0; 0.002 sec.
INFO: [HLS 200-100] Command       ap_source returned 0; 0.007 sec.
INFO: [HLS 200-100] Execute       source C:/Xilinx/Vivado_HLS/2017.2/common/technology/xilinx/zynquplus/dsp48e2.hlp 
INFO: [HLS 200-100] Command       ap_source returned 0; 0.001 sec.
INFO: [HLS 200-100] Execute       get_default_platform 
INFO: [HLS 200-100] Command       get_default_platform returned 0; 0 sec.
INFO: [HLS 200-100] Execute       config_chip_info -quiet -resource  {SLICE 34260} {LUT 274080}   {FF 548160}  {DSP48E 2520}  {BRAM 1824} {URAM 0}  
INFO: [HLS 200-100] Command       config_chip_info returned 0; 0 sec.
INFO: [HLS 200-100] Execute       config_chip_info -quiet -speed medium 
INFO: [HLS 200-100] Command       config_chip_info returned 0; 0 sec.
INFO: [HLS 200-100] Execute       source C:/Xilinx/Vivado_HLS/2017.2/common/technology/xilinx/common/xilinx.hlp 
INFO: [HLS 200-100] Execute         source C:/Xilinx/Vivado_HLS/2017.2/common/technology/xilinx/common/target_info.tcl 
INFO: [HLS 200-100] Command         ap_source returned 0; 0.049 sec.
INFO: [HLS 200-100] Execute         source C:/Xilinx/Vivado_HLS/2017.2/common/technology/xilinx/interface/xilinx_interface.hlp 
INFO: [HLS 200-100] Execute           source C:/Xilinx/Vivado_HLS/2017.2/common/technology/xilinx/interface/maxi.hlp 
INFO: [HLS 200-100] Command           ap_source returned 0; 0 sec.
INFO: [HLS 200-100] Execute           source C:/Xilinx/Vivado_HLS/2017.2/common/technology/xilinx/interface/saxilite.hlp 
INFO: [HLS 200-100] Command           ap_source returned 0; 0 sec.
INFO: [HLS 200-100] Command         ap_source returned 0; 0.001 sec.
INFO: [HLS 200-100] Execute         source C:/Xilinx/Vivado_HLS/2017.2/common/technology/xilinx/common/dsp48.hlp 
INFO: [HLS 200-100] Command         ap_source returned 0; 0.001 sec.
INFO: [HLS 200-100] Command       ap_source returned 0; 0.053 sec.
INFO: [HLS 200-100] Command     import_lib returned 0; 0.085 sec.
INFO: [HLS 200-100] Execute     source C:/Xilinx/Vivado_HLS/2017.2/common/technology/xilinx/zynquplus/zynquplus.gen 
INFO: [HLS 200-100] Execute       source C:/Xilinx/Vivado_HLS/2017.2/common/technology/xilinx/common/virtex.gen 
INFO: [HLS 200-100] Execute         source C:/Xilinx/Vivado_HLS/2017.2/common/technology/xilinx/common/xilinx.gen 
INFO: [HLS 200-100] Execute           source C:/Xilinx/Vivado_HLS/2017.2/common/technology/xilinx/interface/plb46.gen 
INFO: [HLS 200-100] Command           ap_source returned 0; 0.001 sec.
INFO: [HLS 200-100] Execute           source C:/Xilinx/Vivado_HLS/2017.2/common/technology/xilinx/interface/fsl.gen 
INFO: [HLS 200-100] Command           ap_source returned 0; 0.002 sec.
INFO: [HLS 200-100] Execute           source C:/Xilinx/Vivado_HLS/2017.2/common/technology/xilinx/interface/axi4.gen 
INFO: [HLS 200-100] Command           ap_source returned 0; 0.004 sec.
INFO: [HLS 200-100] Execute           source C:/Xilinx/Vivado_HLS/2017.2/common/technology/xilinx/interface/nativeAXI4.gen 
INFO: [HLS 200-100] Execute             source C:/Xilinx/Vivado_HLS/2017.2/common/technology/xilinx/interface/saxilite.gen 
INFO: [HLS 200-100] Command             ap_source returned 0; 0.02 sec.
INFO: [HLS 200-100] Execute             source C:/Xilinx/Vivado_HLS/2017.2/common/technology/xilinx/interface/maxi.gen 
INFO: [HLS 200-100] Command             ap_source returned 0; 0.024 sec.
INFO: [HLS 200-100] Command           ap_source returned 0; 0.046 sec.
INFO: [HLS 200-100] Execute           source C:/Xilinx/Vivado_HLS/2017.2/common/technology/xilinx/scripts/xilinxcoregen.gen 
INFO: [HLS 200-100] Command           ap_source returned 0; 0.026 sec.
INFO: [HLS 200-100] Execute           source C:/Xilinx/Vivado_HLS/2017.2/common/technology/xilinx/interface/XilEDKCoreGen.gen 
INFO: [HLS 200-100] Command           ap_source returned 0; 0.02 sec.
INFO: [HLS 200-100] Execute           source C:/Xilinx/Vivado_HLS/2017.2/common/technology/xilinx/ip/dds_compiler.gen 
INFO: [HLS 200-100] Command           ap_source returned 0; 0.007 sec.
INFO: [HLS 200-100] Execute           source C:/Xilinx/Vivado_HLS/2017.2/common/technology/xilinx/ip/util.gen 
INFO: [HLS 200-100] Command           ap_source returned 0; 0 sec.
INFO: [HLS 200-100] Execute           source C:/Xilinx/Vivado_HLS/2017.2/common/technology/xilinx/ip/xfft.gen 
INFO: [HLS 200-100] Command           ap_source returned 0; 0.149 sec.
INFO: [HLS 200-100] Execute           source C:/Xilinx/Vivado_HLS/2017.2/common/technology/xilinx/ip/xfir.gen 
INFO: [HLS 200-100] Command           ap_source returned 0; 0.002 sec.
INFO: [HLS 200-100] Command         ap_source returned 0; 0.264 sec.
INFO: [HLS 200-100] Execute         source C:/Xilinx/Vivado_HLS/2017.2/common/technology/xilinx/common/dsp48.gen 
INFO: [HLS 200-100] Command         ap_source returned 0; 0 sec.
INFO: [HLS 200-100] Command       ap_source returned 0; 0.268 sec.
INFO: [HLS 200-100] Command     ap_source returned 0; 0.269 sec.
INFO: [HLS 200-100] Execute     open_platform DefaultPlatform 
INFO: [HLS 200-100] Command     open_platform returned 0; 0 sec.
INFO: [HLS 200-100] Execute     import_lib C:/Xilinx/Vivado_HLS/2017.2/common/technology/xilinx/zynquplus/zynquplus_fpv7 
INFO: [HLS 200-100] Execute       source C:/Xilinx/Vivado_HLS/2017.2/common/technology/xilinx/common/xilinx_fpv7.lib 
INFO: [HLS 200-100] Execute         source C:/Xilinx/Vivado_HLS/2017.2/common/technology/xilinx/common/xilinx_hp.lib 
INFO: [HLS 200-100] Command         ap_source returned 0; 0.002 sec.
INFO: [HLS 200-100] Command       ap_source returned 0; 0.007 sec.
INFO: [HLS 200-100] Execute       source C:/Xilinx/Vivado_HLS/2017.2/common/technology/xilinx/common/xilinx_fpv.hlp 
INFO: [HLS 200-100] Execute         source C:/Xilinx/Vivado_HLS/2017.2/common/technology/xilinx/common/xilinx.hlp 
INFO: [HLS 200-100] Execute           source C:/Xilinx/Vivado_HLS/2017.2/common/technology/xilinx/common/target_info.tcl 
INFO: [HLS 200-100] Command           ap_source returned 0; 0.04 sec.
INFO: [HLS 200-100] Execute           source C:/Xilinx/Vivado_HLS/2017.2/common/technology/xilinx/interface/xilinx_interface.hlp 
INFO: [HLS 200-100] Execute             source C:/Xilinx/Vivado_HLS/2017.2/common/technology/xilinx/interface/maxi.hlp 
INFO: [HLS 200-100] Command             ap_source returned 0; 0 sec.
INFO: [HLS 200-100] Execute             source C:/Xilinx/Vivado_HLS/2017.2/common/technology/xilinx/interface/saxilite.hlp 
INFO: [HLS 200-100] Command             ap_source returned 0; 0 sec.
INFO: [HLS 200-100] Command           ap_source returned 0; 0.001 sec.
INFO: [HLS 200-100] Execute           source C:/Xilinx/Vivado_HLS/2017.2/common/technology/xilinx/common/dsp48.hlp 
INFO: [HLS 200-100] Command           ap_source returned 0; 0.001 sec.
INFO: [HLS 200-100] Command         ap_source returned 0; 0.046 sec.
INFO: [HLS 200-100] Command       ap_source returned 0; 0.047 sec.
INFO: [HLS 200-100] Execute       source C:/Xilinx/Vivado_HLS/2017.2/common/technology/xilinx/zynquplus/zynquplus_hp.hlp 
INFO: [HLS 200-100] Command       ap_source returned 0; 0.004 sec.
INFO: [HLS 200-100] Command     import_lib returned 0; 0.084 sec.
INFO: [HLS 200-100] Execute     source C:/Xilinx/Vivado_HLS/2017.2/common/technology/xilinx/zynquplus/zynquplus_fpv7.gen 
INFO: [HLS 200-100] Execute       source C:/Xilinx/Vivado_HLS/2017.2/common/technology/xilinx/common/xilinx_fpv6.gen 
INFO: [HLS 200-100] Command       ap_source returned 0; 0.006 sec.
INFO: [HLS 200-100] Command     ap_source returned 0; 0.01 sec.
INFO: [HLS 200-100] Execute     set_part xczu7eg-ffvf1517-2-e 
INFO: [HLS 200-100] Execute       add_library xilinx/zynquplus/zynquplus:xczu7eg:-ffvf1517:-2-e 
INFO: [HLS 200-100] Execute         get_default_platform 
INFO: [HLS 200-100] Command         get_default_platform returned 0; 0 sec.
INFO: [HLS 200-100] Execute         license_isbetapart xczu7eg 
INFO: [HLS 200-100] Command         license_isbetapart returned 1; 0.019 sec.
INFO: [HLS 200-100] Execute         get_default_platform 
INFO: [HLS 200-100] Command         get_default_platform returned 0; 0 sec.
INFO: [HLS 200-100] Execute         config_chip_info -quiet -resource  {SLICE 28800} {LUT 230400}   {FF 460800}  {DSP48E 1728}  {BRAM 624}  {URAM 96}  
INFO: [HLS 200-100] Command         config_chip_info returned 0; 0 sec.
INFO: [HLS 200-100] Execute         config_chip_info -quiet -speed medium 
INFO: [HLS 200-100] Command         config_chip_info returned 0; 0 sec.
INFO: [HLS 200-100] Command       add_library returned 0; 0.033 sec.
INFO: [HLS 200-100] Execute       add_library xilinx/zynquplus/zynquplus_fpv7 
INFO: [HLS 200-100] Execute         get_default_platform 
INFO: [HLS 200-100] Command         get_default_platform returned 0; 0 sec.
INFO: [HLS 200-100] Command       add_library returned 0; 0.004 sec.
INFO: [HLS 200-10] Setting target device to 'xczu7eg-ffvf1517-2-e'
INFO: [HLS 200-100] Execute       get_default_platform 
INFO: [HLS 200-100] Command       get_default_platform returned 0; 0 sec.
INFO: [HLS 200-100] Command     set_part returned 0; 0.123 sec.
INFO: [HLS 200-100] Execute     get_default_platform 
INFO: [HLS 200-100] Command     get_default_platform returned 0; 0 sec.
INFO: [HLS 200-100] Execute     config_chip_info -quiet -resource  {SLICE 28800} {LUT 230400}   {FF 460800}  {DSP48E 1728}  {BRAM 624}  {URAM 96}  
INFO: [HLS 200-100] Command     config_chip_info returned 0; 0 sec.
INFO: [HLS 200-100] Execute     config_chip_info -quiet -speed medium 
INFO: [HLS 200-100] Command     config_chip_info returned 0; 0 sec.
INFO: [HLS 200-100] Command   open_solution returned 0; 0.69 sec.
INFO: [HLS 200-100] Execute   set_part xczu7eg-ffvf1517-2-e -tool vivado 
INFO: [HLS 200-100] Execute     add_library xilinx/zynquplus/zynquplus:xczu7eg:-ffvf1517:-2-e 
INFO: [HLS 200-100] Execute       get_default_platform 
INFO: [HLS 200-100] Command       get_default_platform returned 0; 0 sec.
INFO: [HLS 200-100] Execute       license_isbetapart xczu7eg 
INFO: [HLS 200-100] Command       license_isbetapart returned 1; 0 sec.
INFO: [HLS 200-100] Execute       get_default_platform 
INFO: [HLS 200-100] Command       get_default_platform returned 0; 0 sec.
INFO: [HLS 200-100] Execute       config_chip_info -quiet -resource  {SLICE 28800} {LUT 230400}   {FF 460800}  {DSP48E 1728}  {BRAM 624}  {URAM 96}  
INFO: [HLS 200-100] Command       config_chip_info returned 0; 0.001 sec.
INFO: [HLS 200-100] Execute       config_chip_info -quiet -speed medium 
INFO: [HLS 200-100] Command       config_chip_info returned 0; 0 sec.
INFO: [HLS 200-100] Command     add_library returned 0; 0.022 sec.
INFO: [HLS 200-100] Execute     add_library xilinx/zynquplus/zynquplus_fpv7 
INFO: [HLS 200-100] Execute       get_default_platform 
INFO: [HLS 200-100] Command       get_default_platform returned 0; 0 sec.
INFO: [HLS 200-100] Command     add_library returned 0; 0.005 sec.
INFO: [HLS 200-100] Execute     get_default_platform 
INFO: [HLS 200-100] Command     get_default_platform returned 0; 0 sec.
INFO: [HLS 200-100] Command   set_part returned 0; 0.169 sec.
INFO: [HLS 200-100] Execute   create_clock -period 10 -name default 
INFO: [HLS 200-100] Execute     config_clock -quiet -name default -period 10 -default=false 
INFO: [SYN 201-201] Setting up clock 'default' with a period of 10ns.
INFO: [HLS 200-100] Command     config_clock returned 0; 0.001 sec.
INFO: [HLS 200-100] Command   create_clock returned 0; 0.008 sec.
INFO: [HLS 200-100] Execute   csynth_design 
INFO: [HLS 200-100] Execute     elaborate -effort=medium -skip_syncheck=0 -keep_printf=0 -lm=0 -skip_cdt=0 -skip_transform=0 -ng=0 -g=0 -opt_fp=0 
INFO: [HLS 200-10] Analyzing design file 'Edited/3rd/aes.c' ... 
INFO: [HLS 200-0] Compiling one TU...
INFO: [HLS 200-100] Execute       is_m_axi_addr64 
INFO: [HLS 200-100] Command       is_m_axi_addr64 returned 0; 0 sec.
INFO: [HLS 200-0] Handling Edited/3rd/aes.c as C
INFO: [HLS 200-0] Syntax Checking before pre-processing...
INFO: [HLS 200-100] Execute       clang  -fno-limit-debug-info -gcc-toolchain "C:/Xilinx/Vivado_HLS/2017.2/msys" -hls    -fno-math-errno -c -emit-llvm -O0  -mllvm -disable-llvm-optzns -std=gnu89   -DAESL_SYN -D__SYNTHESIS__ -D__HLS_SYN__ -I "C:/Xilinx/Vivado_HLS/2017.2/common/technology/autopilot" -I "C:/Xilinx/Vivado_HLS/2017.2/common/technology/autopilot/ap_sysc" -include etc/autopilot_ssdm_op.h -D__cdecl=  "Edited/3rd/aes.c"  -o "C:/Users/Lincoln/Desktop/ThesisRaw/trito/solution1/.autopilot/db/aes.pp.00.o" 
INFO: [HLS 200-0] exec clang -fno-limit-debug-info -gcc-toolchain C:/Xilinx/Vivado_HLS/2017.2/msys -hls -fno-math-errno -c -emit-llvm -O0 -mllvm -disable-llvm-optzns -std=gnu89 -DAESL_SYN -D__SYNTHESIS__ -D__HLS_SYN__ -I C:/Xilinx/Vivado_HLS/2017.2/common/technology/autopilot -I C:/Xilinx/Vivado_HLS/2017.2/common/technology/autopilot/ap_sysc -include etc/autopilot_ssdm_op.h -D__cdecl= Edited/3rd/aes.c -o C:/Users/Lincoln/Desktop/ThesisRaw/trito/solution1/.autopilot/db/aes.pp.00.o
WARNING: [HLS 200-40] Edited/3rd/aes.c:629:12: warning: passing 'word *' (aka 'unsigned int *') to parameter of type 'int *' converts between pointers to integer types with different sign [-Wpointer-sign]
  encrypt (statemt, key, 128128,out);
           ^~~~~~~
Edited/3rd/aes.c:95:18: note: passing argument to parameter 'statemt' here
int encrypt (int statemt[32], int key[32], int type,int out[32])
                 ^
Edited/3rd/aes.c:629:21: warning: passing 'word *' (aka 'unsigned int *') to parameter of type 'int *' converts between pointers to integer types with different sign [-Wpointer-sign]
  encrypt (statemt, key, 128128,out);
                    ^~~
Edited/3rd/aes.c:95:35: note: passing argument to parameter 'key' here
int encrypt (int statemt[32], int key[32], int type,int out[32])
                                  ^
Edited/3rd/aes.c:629:33: warning: passing 'word *' (aka 'unsigned int *') to parameter of type 'int *' converts between pointers to integer types with different sign [-Wpointer-sign]
  encrypt (statemt, key, 128128,out);
                                ^~~
Edited/3rd/aes.c:95:57: note: passing argument to parameter 'out' here
int encrypt (int statemt[32], int key[32], int type,int out[32])
                                                        ^
3 warnings generated.

INFO: [HLS 200-100] Command       clang returned 0; 0.664 sec.
INFO: [HLS 200-100] Execute       is_encrypted C:/Users/Lincoln/Desktop/ThesisRaw/trito/solution1/.autopilot/db/aes.pp.00.o 
INFO: [HLS 200-100] Command       is_encrypted returned 0; 0.001 sec.
INFO: [HLS 200-0] Source preprocessing
INFO: [HLS 200-100] Execute       clang  -fno-limit-debug-info -gcc-toolchain "C:/Xilinx/Vivado_HLS/2017.2/msys" -hls -fno-exceptions  -D__llvm__  -CC -E "Edited/3rd/aes.c"     -fno-math-errno -c -emit-llvm -O0  -mllvm -disable-llvm-optzns -std=gnu89   -DAESL_SYN -D__SYNTHESIS__ -D__HLS_SYN__ -I "C:/Xilinx/Vivado_HLS/2017.2/common/technology/autopilot" -I "C:/Xilinx/Vivado_HLS/2017.2/common/technology/autopilot/ap_sysc" -include etc/autopilot_ssdm_op.h -D__cdecl=  -o "C:/Users/Lincoln/Desktop/ThesisRaw/trito/solution1/.autopilot/db/aes.pp.0.c" 
INFO: [HLS 200-0] exec clang -fno-limit-debug-info -gcc-toolchain C:/Xilinx/Vivado_HLS/2017.2/msys -hls -fno-exceptions -D__llvm__ -CC -E Edited/3rd/aes.c -fno-math-errno -c -emit-llvm -O0 -mllvm -disable-llvm-optzns -std=gnu89 -DAESL_SYN -D__SYNTHESIS__ -D__HLS_SYN__ -I C:/Xilinx/Vivado_HLS/2017.2/common/technology/autopilot -I C:/Xilinx/Vivado_HLS/2017.2/common/technology/autopilot/ap_sysc -include etc/autopilot_ssdm_op.h -D__cdecl= -o C:/Users/Lincoln/Desktop/ThesisRaw/trito/solution1/.autopilot/db/aes.pp.0.c
INFO: [HLS 200-100] Command       clang returned 0; 0.594 sec.
INFO: [HLS 200-0] GCC PP time: 0 seconds per iteration
INFO: [HLS 200-100] Execute       list_core -type functional_unit 
INFO: [HLS 200-100] Command       list_core returned 0; 0 sec.
INFO: [HLS 200-0] CDT Preprocessing...
INFO: [HLS 200-0] Marker-Pragma convertor: C:/Users/Lincoln/Desktop/ThesisRaw/trito/solution1/.autopilot/db/aes.pp.0.c C:/Users/Lincoln/Desktop/ThesisRaw/trito/solution1/.autopilot/db/aes.pp.0.c.ap-line.c C:/Users/Lincoln/Desktop/ThesisRaw/trito/solution1/.autopilot/db/aes.pp.0.c.ap-line.c.CXX 1
INFO: [HLS 200-0] Converting Markers to Pragmas...
INFO: [HLS 200-100] Execute       cdt  "C:/Users/Lincoln/Desktop/ThesisRaw/trito/solution1/.autopilot/db/aes.pp.0.c.ap-line.c"  -m "aes_main" -o "C:/Users/Lincoln/Desktop/ThesisRaw/trito/solution1/.autopilot/db/aes.pp.0.c.ap-cdt.c" -c --pp --directive C:/Users/Lincoln/Desktop/ThesisRaw/trito/solution1/solution1.directive --source C:/Users/Lincoln/Desktop/ThesisRaw/Edited/3rd/aes.c --error C:/Users/Lincoln/Desktop/ThesisRaw/trito/solution1/.autopilot/db --funcunit "AddSub AddSub_DSP AddSubnS DAddSub_fulldsp DAddSub_nodsp DDiv DExp_fulldsp DExp_meddsp DExp_nodsp DLog_fulldsp DLog_meddsp DLog_nodsp DMul_fulldsp DMul_maxdsp DMul_meddsp DMul_nodsp DRSqrt DRecip DSqrt DivnS FAddSub_fulldsp FAddSub_nodsp FDiv FExp_fulldsp FExp_meddsp FExp_nodsp FLog_fulldsp FLog_meddsp FLog_nodsp FMul_fulldsp FMul_maxdsp FMul_meddsp FMul_nodsp FRSqrt_fulldsp FRSqrt_nodsp FRecip_fulldsp FRecip_nodsp FSqrt HAddSub_fulldsp HAddSub_meddsp HAddSub_nodsp HDiv HMul_fulldsp HMul_maxdsp HMul_nodsp HSqrt Mul Mul2S Mul3S Mul4S Mul5S Mul6S Mul_LUT MulnS MuxnS" --ca --gf --pd --p2d C:/Users/Lincoln/Desktop/ThesisRaw/trito/solution1/.autopilot/db --sd --scff C:/Users/Lincoln/Desktop/ThesisRaw/trito/solution1/.autopilot/db/.systemc_flag --ad 
INFO: [HLS 200-100] Command       cdt returned 0; 1.108 sec.
INFO: [HLS 200-0] Marker-Pragma convertor: C:/Users/Lincoln/Desktop/ThesisRaw/trito/solution1/.autopilot/db/aes.pp.0.c.ap-cdt.c C:/Users/Lincoln/Desktop/ThesisRaw/trito/solution1/.autopilot/db/aes.pragma.0.c C:/Users/Lincoln/Desktop/ThesisRaw/trito/solution1/.autopilot/db/aes.pragma.0.c.ap-line.CXX 0
INFO: [HLS 200-0] Converting Pragmas to Markers...
INFO: [HLS 200-100] Execute       source C:/Users/Lincoln/Desktop/ThesisRaw/trito/solution1/.autopilot/db/pragma.status.tcl 
INFO: [HLS 200-100] Command       ap_source returned 0; 0.001 sec.
INFO: [HLS 200-0] Pragma Handling...
INFO: [HLS 200-0] Source preprocessing
INFO: [HLS 200-100] Execute       clang  -fno-limit-debug-info -gcc-toolchain "C:/Xilinx/Vivado_HLS/2017.2/msys" -hls -fno-exceptions  -D__llvm__  -CC -E "C:/Users/Lincoln/Desktop/ThesisRaw/trito/solution1/.autopilot/db/aes.pragma.1.c"     -fno-math-errno -c -emit-llvm -O0  -mllvm -disable-llvm-optzns -std=gnu89   -DAESL_SYN -D__SYNTHESIS__ -D__HLS_SYN__ -I "C:/Xilinx/Vivado_HLS/2017.2/common/technology/autopilot" -I "C:/Xilinx/Vivado_HLS/2017.2/common/technology/autopilot/ap_sysc" -include etc/autopilot_ssdm_op.h -D__cdecl=  -o "C:/Users/Lincoln/Desktop/ThesisRaw/trito/solution1/.autopilot/db/aes.pragma.2.c" 
INFO: [HLS 200-0] exec clang -fno-limit-debug-info -gcc-toolchain C:/Xilinx/Vivado_HLS/2017.2/msys -hls -fno-exceptions -D__llvm__ -CC -E C:/Users/Lincoln/Desktop/ThesisRaw/trito/solution1/.autopilot/db/aes.pragma.1.c -fno-math-errno -c -emit-llvm -O0 -mllvm -disable-llvm-optzns -std=gnu89 -DAESL_SYN -D__SYNTHESIS__ -D__HLS_SYN__ -I C:/Xilinx/Vivado_HLS/2017.2/common/technology/autopilot -I C:/Xilinx/Vivado_HLS/2017.2/common/technology/autopilot/ap_sysc -include etc/autopilot_ssdm_op.h -D__cdecl= -o C:/Users/Lincoln/Desktop/ThesisRaw/trito/solution1/.autopilot/db/aes.pragma.2.c
INFO: [HLS 200-100] Command       clang returned 0; 0.586 sec.
INFO: [HLS 200-0] Processing labels
INFO: [HLS 200-100] Execute       clang  -fno-limit-debug-info -gcc-toolchain C:/Xilinx/Vivado_HLS/2017.2/msys -hls -hls-analyze-label -hls-analyze-pragma -fno-exceptions  -D__llvm__  -w  "C:/Users/Lincoln/Desktop/ThesisRaw/trito/solution1/.autopilot/db/aes.pragma.2.c"    -fno-math-errno -c -emit-llvm -O0  -mllvm -disable-llvm-optzns -std=gnu89  -DAESL_SYN -D__SYNTHESIS__ -D__HLS_SYN__ -I "C:/Xilinx/Vivado_HLS/2017.2/common/technology/autopilot" -I "C:/Xilinx/Vivado_HLS/2017.2/common/technology/autopilot/ap_sysc" -include etc/autopilot_ssdm_op.h -g -o "C:/Users/Lincoln/Desktop/ThesisRaw/trito/solution1/.autopilot/db/aes.g.bc" 
INFO: [HLS 200-0] exec clang -fno-limit-debug-info -gcc-toolchain C:/Xilinx/Vivado_HLS/2017.2/msys -hls -hls-analyze-label -hls-analyze-pragma -fno-exceptions -D__llvm__ -w C:/Users/Lincoln/Desktop/ThesisRaw/trito/solution1/.autopilot/db/aes.pragma.2.c -fno-math-errno -c -emit-llvm -O0 -mllvm -disable-llvm-optzns -std=gnu89 -DAESL_SYN -D__SYNTHESIS__ -D__HLS_SYN__ -I C:/Xilinx/Vivado_HLS/2017.2/common/technology/autopilot -I C:/Xilinx/Vivado_HLS/2017.2/common/technology/autopilot/ap_sysc -include etc/autopilot_ssdm_op.h -g -o C:/Users/Lincoln/Desktop/ThesisRaw/trito/solution1/.autopilot/db/aes.g.bc
INFO: [HLS 200-100] Command       clang returned 0; 0.606 sec.
INFO: [HLS 200-10] Validating synthesis directives ...
INFO: [HLS 200-100] Execute       source C:/Users/Lincoln/Desktop/ThesisRaw/trito/solution1/.autopilot/db/pragma.status.tcl 
INFO: [HLS 200-100] Command       ap_source returned 0; 0.001 sec.
INFO: [HLS 200-111] Finished Checking Pragmas Time (s): cpu = 00:00:01 ; elapsed = 00:00:06 . Memory (MB): peak = 96.398 ; gain = 46.773
INFO: [HLS 200-0] Linking Release ...
INFO: [HLS 200-100] Execute       llvm-ld C:/Users/Lincoln/Desktop/ThesisRaw/trito/solution1/.autopilot/db/aes.bc -disable-opt -LC:/Xilinx/Vivado_HLS/2017.2/win64/lib -lm_basic -o C:/Users/Lincoln/Desktop/ThesisRaw/trito/solution1/.autopilot/db/a.o 
INFO: [HLS 200-100] Command       llvm-ld returned 0; 0.457 sec.
INFO: [HLS 200-100] Execute       disassemble C:/Users/Lincoln/Desktop/ThesisRaw/trito/solution1/.autopilot/db/a.o C:/Users/Lincoln/Desktop/ThesisRaw/trito/solution1/.autopilot/db/a.o 
INFO: [HLS 200-100] Execute         is_encrypted C:/Users/Lincoln/Desktop/ThesisRaw/trito/solution1/.autopilot/db/a.o.bc 
INFO: [HLS 200-100] Command         is_encrypted returned 0; 0.001 sec.
INFO: [HLS 200-100] Command       disassemble returned 0; 0.084 sec.
INFO: [HLS 200-0] Disassemble time: 0 seconds per iteration
INFO: [HLS 200-0] Linking Debug ...
INFO: [HLS 200-100] Execute       llvm-ld C:/Users/Lincoln/Desktop/ThesisRaw/trito/solution1/.autopilot/db/aes.g.bc -disable-opt -LC:/Xilinx/Vivado_HLS/2017.2/win64/lib -lm_basic -o C:/Users/Lincoln/Desktop/ThesisRaw/trito/solution1/.autopilot/db/a.g 
INFO: [HLS 200-100] Command       llvm-ld returned 0; 0.443 sec.
INFO: [HLS 200-100] Execute       disassemble C:/Users/Lincoln/Desktop/ThesisRaw/trito/solution1/.autopilot/db/a.g C:/Users/Lincoln/Desktop/ThesisRaw/trito/solution1/.autopilot/db/a.g 
INFO: [HLS 200-100] Execute         is_encrypted C:/Users/Lincoln/Desktop/ThesisRaw/trito/solution1/.autopilot/db/a.g.bc 
INFO: [HLS 200-100] Command         is_encrypted returned 0; 0.001 sec.
INFO: [HLS 200-100] Command       disassemble returned 0; 0.081 sec.
INFO: [HLS 200-0] Disassemble time: 0 seconds per iteration
INFO: [HLS 200-111] Finished Linking Time (s): cpu = 00:00:01 ; elapsed = 00:00:07 . Memory (MB): peak = 96.438 ; gain = 46.813
INFO: [HLS 200-100] Execute       opt_and_import_c a -opt_level=2 -skip_syncheck=0 -ng=0 -keep_printf=0 
INFO: [HLS 200-100] Execute         cleanup_all_models 
INFO: [HLS 200-100] Command         cleanup_all_models returned 0; 0 sec.
INFO: [HLS 200-10] Starting code transformations ...
INFO: [HLS 200-100] Execute         transform -promote-dbg-pointer C:/Users/Lincoln/Desktop/ThesisRaw/trito/solution1/.autopilot/db/a.pp.bc -o C:/Users/Lincoln/Desktop/ThesisRaw/trito/solution1/.autopilot/db/a.pp.0.bc -f 
INFO: [HLS 200-100] Command         transform returned 0; 0.018 sec.
INFO: [HLS 200-100] Execute         llvm-ld C:/Users/Lincoln/Desktop/ThesisRaw/trito/solution1/.autopilot/db/a.pp.0.bc -disable-opt -LC:/Xilinx/Vivado_HLS/2017.2/win64/lib -lfloatconversion -o C:/Users/Lincoln/Desktop/ThesisRaw/trito/solution1/.autopilot/db/a.g.0 
INFO: [HLS 200-100] Command         llvm-ld returned 0; 0.411 sec.
INFO: [HLS 200-0] Running Standard Transforms...
INFO: [HLS 200-100] Execute         transform -hls -share-std-xform -demangle-name -inline-byval-memcpy -always-inline -promote-dbg-pointer -interface-preproc -scalarrepl -mem2reg -keep-read-access -instcombine -dce -promote-dbg-pointer -bitop-raise -loop-simplify -indvarspre -indvars -loop-simplify -xunroll -constprop -instcombine -simplifycfg -indvars -simplifycfg -dce -globaldce -basicaa -simplifycfg -mem2reg -globalopt -global-constprop -deadargelim -instcombine -simplifycfg -prune-eh -simplifycfg -scalarrepl -instcombine -reassociate -licm -simplifycfg -loop-simplify -indvars -instcombine -simplifycfg -mem2reg -loop-simplify -indvars -instcombine -gvn -gvn -instcombine -adce -break-crit-edges -simplifycfg -loop-delete -global-array-opt -dce -dse -adce -find-syn-modules -top aes_main -deadargelim -mem2reg -instcombine -dce -presyn-prepare -auto-rom-infer -interface-preproc -syn-check -check-rec-only -find-region -simplifycfg -func-extr -function-inline -globaldce -mem2reg -instcombine -dce -gvn -globaldce -adce -adse -constprop -instcombine -bit-constprop -instcombine -dce -simplifycfg -bitop-raise -simplifycfg -dce -loop-delete -reassociate -globalopt -global-privatize -mem2reg -dce -global-constprop -pointer-simplify -constprop -dce -func-inst -deadargelim -auto-shift-reg-idiom -promote-dbg-pointer -norm-name C:/Users/Lincoln/Desktop/ThesisRaw/trito/solution1/.autopilot/db/a.g.0.bc -o C:/Users/Lincoln/Desktop/ThesisRaw/trito/solution1/.autopilot/db/a.g.1.bc -f -phase std-opt 
INFO: [HLS 200-100] Command         transform returned 0; 0.166 sec.
INFO: [HLS 200-100] Execute         disassemble C:/Users/Lincoln/Desktop/ThesisRaw/trito/solution1/.autopilot/db/a.g.1 C:/Users/Lincoln/Desktop/ThesisRaw/trito/solution1/.autopilot/db/a.g.1 
INFO: [HLS 200-100] Execute           is_encrypted C:/Users/Lincoln/Desktop/ThesisRaw/trito/solution1/.autopilot/db/a.g.1.bc 
INFO: [HLS 200-100] Command           is_encrypted returned 0; 0.001 sec.
INFO: [HLS 200-100] Command         disassemble returned 0; 0.115 sec.
INFO: [HLS 200-111] Finished Standard Transforms Time (s): cpu = 00:00:01 ; elapsed = 00:00:08 . Memory (MB): peak = 99.551 ; gain = 49.926
INFO: [HLS 200-10] Checking synthesizability ...
INFO: [HLS 200-0] Checking Synthesizability 1/2..
INFO: [HLS 200-100] Execute         transform -hls -syn-check -check-rec-only -disaggr -scalarrepl -norm-name -dce -mem2reg -instcombine -function-uniquify -directive-preproc -mem2reg -dse -dce -auto-rom-infer -dce -array-normalize -instcombine -dce -warn-fifo-pointer -array-seg-normalize -instcombine -dce -array-flatten -instcombine -dce -array-burst -dce -deadargelim -promote-global-argument -simplifycfg -mem2reg -globaldce -resolve-double-ptr -dce -deadargelim -dce -instcombine -function-inline -globaldce -dce -doublePtrSimplify -doublePtrElim -dce -doublePtrSimplify -promote-dbg-pointer -dce -scalarrepl -dse -adse -instcombine -ptrLegalization -simplifycfg -dce -instcombine -pointer-simplify -ptrArgReplace -dce -instcombine -disaggr -scalarrepl -norm-name -dce -mem2reg -instcombine -ptrLegalization -simplifycfg -deadargelim -instcombine -dce -inst-simplify -function-uniquify -directive-preproc -mem2reg -dse -dce -globaldce C:/Users/Lincoln/Desktop/ThesisRaw/trito/solution1/.autopilot/db/a.g.1.bc -o C:/Users/Lincoln/Desktop/ThesisRaw/trito/solution1/.autopilot/db/a.g.2.prechk.bc -f 
INFO: [XFORM 203-602] Inlining function 'SubByte' into 'KeySchedule' (Edited/3rd/aes.c:204) automatically.
INFO: [HLS 200-100] Command         transform returned 0; 0.05 sec.
INFO: [HLS 200-0] Checking Synthesizability 2/2..
INFO: [HLS 200-100] Execute         transform -syn-check C:/Users/Lincoln/Desktop/ThesisRaw/trito/solution1/.autopilot/db/a.g.2.prechk.bc -o C:/Users/Lincoln/Desktop/ThesisRaw/trito/solution1/.autopilot/db/a.g.2.bc -f -phase syn-check 
INFO: [HLS 200-100] Command         transform returned 0; 0.009 sec.
INFO: [HLS 200-111] Finished Checking Synthesizability Time (s): cpu = 00:00:01 ; elapsed = 00:00:08 . Memory (MB): peak = 99.766 ; gain = 50.141
INFO: [HLS 200-0] Compiler optimizing ...
INFO: [HLS 200-0] Share syncheck's 1.bc for syn flow: copy C:/Users/Lincoln/Desktop/ThesisRaw/trito/solution1/.autopilot/db/a.g.1.bc to C:/Users/Lincoln/Desktop/ThesisRaw/trito/solution1/.autopilot/db/a.o.1.bc
INFO: [HLS 200-0] Presyn 1...
INFO: [HLS 200-100] Execute         transform -hls -tmp C:/Users/Lincoln/Desktop/ThesisRaw/trito/solution1/.autopilot/db -interface-port-rename -type-info -function-uniquify -directive-preproc -mem2reg -dse -dce -disaggr -scalarrepl -norm-name -deadargelim -mem2reg -instcombine -dce -auto-rom-infer -dce -function-uniquify -resource-proc -simplifycfg -mem2reg -globaldce -resolve-double-ptr -dce -deadargelim -dce -instcombine -clib-intrinsic-prepare -dce -func-buffer -dce -array-normalize -func-legal -instcombine -gvn -constprop -dce -ptrArgReplace -mem2reg -instcombine -dce -array-seg-normalize -deadargelim -instcombine -dce -pointer-simplify -dce -port-alignment -dce -interface-preproc -data-pack -instcombine -dce -basicaa -aggr-aa -aggrmodref-aa -aggr-aa -gvn -gvn -basicaa -aggr-aa -aggrmodref-aa -aggr-aa -dse -adse -adce -loop-simplify -indvars -instcombine -gvn -loop-simplify -mem2reg -dce -simplifycfg -find-region -instcombine -auto-loop-pipeline -inst-simplify -interface-preproc -cfgopt -instcombine -indvars -auto-loop-unroll -loop-simplify -loop-bound -xunroll -constprop -instcombine -simplifycfg -indvars -simplifycfg -dce -globaldce -clean-region -attach-range -gvn -inst-simplify -constprop -simplifycfg -dce -pointer-simplify -dce -globalopt -constprop -dce -array-promote -constprop -instcombine -dce -ptrArgReplace -mem2reg -instcombine -simplifycfg -dce -auto-par -instcombine -dce -array-transform-check -array-reshape -instcombine -simplifycfg -dce -ptrArgReplace -deadargelim -mem2reg -instcombine -simplifycfg -dce -indvars -loop-simplify -loop-bound -xunroll -constprop -instcombine -simplifycfg -indvars -simplifycfg -dce -globaldce -duplicate-dataflow-processes -globaldce -instcombine -array-partition -instcombine -simplifycfg -dce -ptrArgReplace -global-constprop -deadargelim -mem2reg -func-legal -instcombine -dce -global-constprop -deadargelim -mem2reg -instcombine -simplifycfg -dce -globalopt -constprop -dce -array-promote -constprop -instcombine -dce -ptrArgReplace -mem2reg -instcombine -simplifycfg -dce -mem-intrinsic-preproc -dce -global-privatize -mem2reg -globaldce -promote-global-argument -ptrArgReplace -mem2reg -instcombine -dce -globalopt -mergereturn -simplify-global-access -mem2reg -dce -pointer-simplify -dce -functionattrs -basicaa -aggr-aa -aggrmodref-aa -aggr-aa -gvn -gvn -basicaa -aggr-aa -aggrmodref-aa -aggr-aa -dse -adse -adce -inst-simplify -dce -norm-name -function-inline -globaldce -func-inst -constprop -instcombine -simplifycfg -dce -func-legal -dce -loop-bound -arraycheck -bitwidthmin -on-by-dataflow -loop-delete -instcombine -simplifycfg -globaldce -dce -gvn -deadargelim -dce -loop-simplify -clean-region -simplifycfg -propagate-stable-arguments -loop-stream -instcombine -simplifycfg -dce -globaldce -stream-intrinsic-preproc -dce -check-ap-stream -loop-simplify -eliminate-keepreads -extract-dataflow-in-loop -loop-simplify -dce -gvn -deadargelim -dse -check-dataflow-syntax -legalize-stream-variable -legalize-global -extract-subproc -dce -dead-channel-elimination -canonicalize-gep -globaldce -dce -gvn -deadargelim -annotate-dataflow-channels -scalar-propagation -deadargelim -globaldce -mem2reg -check-dataflow-channels -function-stream -dce -globaldce -prop-fifo-spec -internal-stream-gen -canonicalize-gep -globaldce -dce -gvn -deadargelim -mergereturn -indvars -loop-simplify -instcombine -array-stream -array-seg-normalize -array-partition -func-legal -instcombine -simplifycfg -dce -bundle-memfifo-ops -deadargelim -function-uniquify -directive-preproc -mem2reg -dse -dce -group-axi-access -licm -simplifycfg -dce -loop-delete -norm-name C:/Users/Lincoln/Desktop/ThesisRaw/trito/solution1/.autopilot/db/a.o.1.bc -o C:/Users/Lincoln/Desktop/ThesisRaw/trito/solution1/.autopilot/db/a.o.1.tmp.bc -f 
INFO: [XFORM 203-102] Automatically partitioning small array 'temp' (Edited/3rd/aes.c:181) completely based on array size.
INFO: [XFORM 203-101] Partitioning array 'temp' (Edited/3rd/aes.c:181) in dimension 1 completely.
INFO: [XFORM 203-602] Inlining function 'SubByte' into 'KeySchedule' (Edited/3rd/aes.c:204) automatically.
INFO: [HLS 200-100] Command         transform returned 0; 0.287 sec.
INFO: [HLS 200-0] Presyn 2...
INFO: [HLS 200-100] Execute         transform -hls -keep-callgraph -scalarrepl -mem2reg -port-alignment -attach-range -dce -pipe-mux-gen -indvars -loop-bound -inst-simplify -instcombine -dce -merge-array-access -mem2reg -dce -clean-region -mergereturn -if-conv -instcombine -dce -constprop -basicaa -aggr-aa -aggrmodref-aa -aggr-aa -gvn -gvn -basicaa -aggr-aa -aggrmodref-aa -aggr-aa -dse -adse -adce -scalarrepl -mem2reg -global-constprop -deadargelim -deadargelim -instcombine -dce -simplifycfg -ptrArgReplace -mem2reg -function-inline -globaldce -mem2reg -instcombine -dce -expr-balance -instcombine -dce -bitwidthmin -interface-preproc -directive-preproc -inst-rectify -instcombine -dce -functionattrs -constprop -instcombine -bit-constprop -simplify-global-access -globalopt -globaldce -inst-simplify -instcombine -elimdeaddata -dce -loop-delete -simplifycfg -loop-simplify -auto-burst -norm-name C:/Users/Lincoln/Desktop/ThesisRaw/trito/solution1/.autopilot/db/a.o.1.tmp.bc -o C:/Users/Lincoln/Desktop/ThesisRaw/trito/solution1/.autopilot/db/a.o.2.bc -f -phase presyn 
INFO: [XFORM 203-401] Performing if-conversion on hyperblock from (Edited/3rd/aes.c:127:8) in function 'encrypt'... converting 2 basic blocks.
INFO: [XFORM 203-401] Performing if-conversion on hyperblock from (Edited/3rd/aes.c:464:7) to (Edited/3rd/aes.c:462:23) in function 'MixColumn_AddRoundKey'... converting 13 basic blocks.
INFO: [XFORM 203-602] Inlining function 'encrypt' into 'aes_main' (Edited/3rd/aes.c:629) automatically.
INFO: [XFORM 203-11] Balancing expressions in function 'MixColumn_AddRoundKey' (Edited/3rd/aes.c:457)...16 expression(s) balanced.
INFO: [HLS 200-100] Command         transform returned 0; 0.159 sec.
INFO: [HLS 200-100] Execute         disassemble C:/Users/Lincoln/Desktop/ThesisRaw/trito/solution1/.autopilot/db/a.o.2 C:/Users/Lincoln/Desktop/ThesisRaw/trito/solution1/.autopilot/db/a.o.2 
INFO: [HLS 200-100] Execute           is_encrypted C:/Users/Lincoln/Desktop/ThesisRaw/trito/solution1/.autopilot/db/a.o.2.bc 
INFO: [HLS 200-100] Command           is_encrypted returned 0; 0 sec.
INFO: [HLS 200-100] Command         disassemble returned 0; 0.085 sec.
INFO: [HLS 200-111] Finished Pre-synthesis Time (s): cpu = 00:00:02 ; elapsed = 00:00:08 . Memory (MB): peak = 121.547 ; gain = 71.922
INFO: [HLS 200-0] Building ssdm...
INFO: [HLS 200-100] Execute         transform -hls -function-uniquify -auto-function-inline -globaldce -ptrArgReplace -mem2reg -instcombine -dce -reset-lda -loop-simplify -indvars -licm -loop-dep -loop-bound -licm -loop-simplify -flattenloopnest -array-flatten -gvn -instcombine -dce -array-map -dce -func-legal -gvn -adce -instcombine -cfgopt -simplifycfg -loop-simplify -array-burst -promote-global-argument -dce -axi4-lower -array-seg-normalize -basicaa -aggrmodref-aa -globalsmodref-aa -aggr-aa -gvn -gvn -basicaa -aggrmodref-aa -globalsmodref-aa -aggr-aa -dse -adse -adce -licm -inst-simplify -dce -globaldce -instcombine -array-stream -eliminate-keepreads -instcombine -dce -deadargelim -doublePtrSimplify -doublePtrElim -dce -doublePtrSimplify -promote-dbg-pointer -dce -scalarrepl -mem2reg -disaggr -norm-name -mem2reg -instcombine -dse -adse -adce -ptrLegalization -dce -auto-rom-infer -array-flatten -dce -instcombine -check-doubleptr -loop-rot -constprop -cfgopt -simplifycfg -loop-simplify -indvars -pointer-simplify -dce -loop-bound -loop-simplify -loop-preproc -constprop -global-constprop -gvn -mem2reg -instcombine -dce -loop-bound -loop-merge -dce -bitwidthmin -deadargelim -dce -canonicalize-dataflow -dce -scalar-propagation -deadargelim -globaldce -mem2reg -interface-preproc -interface-gen -deadargelim -directive-preproc -inst-simplify -dce -gvn -mem2reg -instcombine -dce -adse -loop-bound -instcombine -cfgopt -simplifycfg -loop-simplify -clean-region -io-protocol -find-region -mem2reg -bitop-raise -inst-simplify -inst-rectify -instcombine -adce -deadargelim -loop-simplify -phi-opt -bitop-raise -cfgopt -simplifycfg -strip-dead-prototypes -interface-lower -bitop-lower -intrinsic-lower -auto-function-inline -basicaa -aggrmodref-aa -globalsmodref-aa -aggr-aa -inst-simplify -simplifycfg -loop-simplify -mergereturn -inst-simplify -inst-rectify -dce -bitop-lower -loop-rewind -pointer-simplify -dce -cfgopt -read-loop-dep -dce -bitwidth -loop-dep -norm-name -legalize -validate-dataflow -cdfg-build C:/Users/Lincoln/Desktop/ThesisRaw/trito/solution1/.autopilot/db/a.o.2.bc -o C:/Users/Lincoln/Desktop/ThesisRaw/trito/solution1/.autopilot/db/a.o.3.bc -f -phase build-ssdm 
WARNING: [XFORM 203-631] Renaming function 'MixColumn_AddRoundKey' (Edited/3rd/aes.c:459:23) into MixColumn_AddRoundKe.
INFO: [HLS 200-100] Command         transform returned 0; 0.543 sec.
INFO: [HLS 200-100] Execute         disassemble C:/Users/Lincoln/Desktop/ThesisRaw/trito/solution1/.autopilot/db/a.o.3 C:/Users/Lincoln/Desktop/ThesisRaw/trito/solution1/.autopilot/db/a.o.3 
INFO: [HLS 200-100] Execute           is_encrypted C:/Users/Lincoln/Desktop/ThesisRaw/trito/solution1/.autopilot/db/a.o.3.bc 
INFO: [HLS 200-100] Command           is_encrypted returned 0; 0 sec.
INFO: [HLS 200-100] Command         disassemble returned 0; 0.208 sec.
INFO: [HLS 200-111] Finished Architecture Synthesis Time (s): cpu = 00:00:02 ; elapsed = 00:00:09 . Memory (MB): peak = 153.078 ; gain = 103.453
INFO: [HLS 200-0] Finish building internal data model.
INFO: [HLS 200-100] Command       opt_and_import_c returned 0; 2.35 sec.
INFO: [HLS 200-100] Command     elaborate returned 0; 7.404 sec.
INFO: [HLS 200-100] Execute     autosyn 
INFO: [HLS 200-10] Starting hardware synthesis ...
INFO: [HLS 200-0] Synthesizing C/C++ design ...
INFO: [HLS 200-10] Synthesizing 'aes_main' ...
INFO: [HLS 200-100] Execute       ap_set_top_model aes_main 
INFO: [HLS 200-100] Command       ap_set_top_model returned 0; 0 sec.
INFO: [HLS 200-100] Execute       get_model_list aes_main -filter all-wo-channel -topdown 
INFO: [HLS 200-100] Command       get_model_list returned 0; 0 sec.
INFO: [HLS 200-100] Execute       preproc_iomode -model aes_main 
INFO: [HLS 200-100] Command       preproc_iomode returned 0; 0 sec.
INFO: [HLS 200-100] Execute       preproc_iomode -model MixColumn_AddRoundKe 
INFO: [HLS 200-100] Command       preproc_iomode returned 0; 0 sec.
INFO: [HLS 200-100] Execute       preproc_iomode -model ByteSub_ShiftRow 
INFO: [HLS 200-100] Command       preproc_iomode returned 0; 0 sec.
INFO: [HLS 200-100] Execute       preproc_iomode -model AddRoundKey 
INFO: [HLS 200-100] Command       preproc_iomode returned 0; 0.001 sec.
INFO: [HLS 200-100] Execute       preproc_iomode -model KeySchedule 
INFO: [HLS 200-100] Command       preproc_iomode returned 0; 0 sec.
INFO: [HLS 200-100] Execute       get_model_list aes_main -filter all-wo-channel 
INFO: [HLS 200-100] Command       get_model_list returned 0; 0 sec.
INFO: [HLS 200-0] Model list for configure: KeySchedule AddRoundKey ByteSub_ShiftRow MixColumn_AddRoundKe aes_main
INFO: [HLS 200-0] Configuring Module : KeySchedule ...
INFO: [HLS 200-100] Execute       set_default_model KeySchedule 
INFO: [HLS 200-100] Command       set_default_model returned 0; 0 sec.
INFO: [HLS 200-100] Execute       apply_spec_resource_limit KeySchedule 
INFO: [HLS 200-100] Command       apply_spec_resource_limit returned 0; 0 sec.
INFO: [HLS 200-0] Configuring Module : AddRoundKey ...
INFO: [HLS 200-100] Execute       set_default_model AddRoundKey 
INFO: [HLS 200-100] Command       set_default_model returned 0; 0 sec.
INFO: [HLS 200-100] Execute       apply_spec_resource_limit AddRoundKey 
INFO: [HLS 200-100] Command       apply_spec_resource_limit returned 0; 0 sec.
INFO: [HLS 200-0] Configuring Module : ByteSub_ShiftRow ...
INFO: [HLS 200-100] Execute       set_default_model ByteSub_ShiftRow 
INFO: [HLS 200-100] Command       set_default_model returned 0; 0 sec.
INFO: [HLS 200-100] Execute       apply_spec_resource_limit ByteSub_ShiftRow 
INFO: [HLS 200-100] Command       apply_spec_resource_limit returned 0; 0 sec.
INFO: [HLS 200-0] Configuring Module : MixColumn_AddRoundKe ...
INFO: [HLS 200-100] Execute       set_default_model MixColumn_AddRoundKe 
INFO: [HLS 200-100] Command       set_default_model returned 0; 0 sec.
INFO: [HLS 200-100] Execute       apply_spec_resource_limit MixColumn_AddRoundKe 
INFO: [HLS 200-100] Command       apply_spec_resource_limit returned 0; 0 sec.
INFO: [HLS 200-0] Configuring Module : aes_main ...
INFO: [HLS 200-100] Execute       set_default_model aes_main 
INFO: [HLS 200-100] Command       set_default_model returned 0; 0 sec.
INFO: [HLS 200-100] Execute       apply_spec_resource_limit aes_main 
INFO: [HLS 200-100] Command       apply_spec_resource_limit returned 0; 0 sec.
INFO: [HLS 200-0] Model list for preprocess: KeySchedule AddRoundKey ByteSub_ShiftRow MixColumn_AddRoundKe aes_main
INFO: [HLS 200-0] Preprocessing Module: KeySchedule ...
INFO: [HLS 200-100] Execute       set_default_model KeySchedule 
INFO: [HLS 200-100] Command       set_default_model returned 0; 0 sec.
INFO: [HLS 200-100] Execute       cdfg_preprocess -model KeySchedule 
INFO: [HLS 200-100] Command       cdfg_preprocess returned 0; 0.001 sec.
INFO: [HLS 200-100] Execute       rtl_gen_preprocess KeySchedule 
INFO: [HLS 200-100] Command       rtl_gen_preprocess returned 0; 0 sec.
INFO: [HLS 200-0] Preprocessing Module: AddRoundKey ...
INFO: [HLS 200-100] Execute       set_default_model AddRoundKey 
INFO: [HLS 200-100] Command       set_default_model returned 0; 0 sec.
INFO: [HLS 200-100] Execute       cdfg_preprocess -model AddRoundKey 
INFO: [HLS 200-100] Command       cdfg_preprocess returned 0; 0.001 sec.
INFO: [HLS 200-100] Execute       rtl_gen_preprocess AddRoundKey 
INFO: [HLS 200-100] Command       rtl_gen_preprocess returned 0; 0.001 sec.
INFO: [HLS 200-0] Preprocessing Module: ByteSub_ShiftRow ...
INFO: [HLS 200-100] Execute       set_default_model ByteSub_ShiftRow 
INFO: [HLS 200-100] Command       set_default_model returned 0; 0 sec.
INFO: [HLS 200-100] Execute       cdfg_preprocess -model ByteSub_ShiftRow 
INFO: [HLS 200-100] Command       cdfg_preprocess returned 0; 0.001 sec.
INFO: [HLS 200-100] Execute       rtl_gen_preprocess ByteSub_ShiftRow 
INFO: [HLS 200-100] Command       rtl_gen_preprocess returned 0; 0.001 sec.
INFO: [HLS 200-0] Preprocessing Module: MixColumn_AddRoundKe ...
INFO: [HLS 200-100] Execute       set_default_model MixColumn_AddRoundKe 
INFO: [HLS 200-100] Command       set_default_model returned 0; 0 sec.
INFO: [HLS 200-100] Execute       cdfg_preprocess -model MixColumn_AddRoundKe 
INFO: [HLS 200-100] Command       cdfg_preprocess returned 0; 0 sec.
INFO: [HLS 200-100] Execute       rtl_gen_preprocess MixColumn_AddRoundKe 
INFO: [HLS 200-100] Command       rtl_gen_preprocess returned 0; 0.001 sec.
INFO: [HLS 200-0] Preprocessing Module: aes_main ...
INFO: [HLS 200-100] Execute       set_default_model aes_main 
INFO: [HLS 200-100] Command       set_default_model returned 0; 0 sec.
INFO: [HLS 200-100] Execute       cdfg_preprocess -model aes_main 
INFO: [HLS 200-100] Command       cdfg_preprocess returned 0; 0 sec.
INFO: [HLS 200-100] Execute       rtl_gen_preprocess aes_main 
WARNING: [SYN 201-107] Renaming port name 'aes_main/out' to 'aes_main/out_r' to avoid the conflict with HDL keywords or other object names.
INFO: [HLS 200-100] Command       rtl_gen_preprocess returned 0; 0 sec.
INFO: [HLS 200-0] Model list for synthesis: KeySchedule AddRoundKey ByteSub_ShiftRow MixColumn_AddRoundKe aes_main
INFO: [HLS 200-10] ----------------------------------------------------------------
INFO: [HLS 200-10] -- Implementing module 'KeySchedule' 
INFO: [HLS 200-10] ----------------------------------------------------------------
INFO: [HLS 200-100] Execute       set_default_model KeySchedule 
INFO: [HLS 200-100] Command       set_default_model returned 0; 0 sec.
INFO: [HLS 200-100] Execute       schedule -model KeySchedule 
INFO: [SCHED 204-11] Starting scheduling ...
INFO: [SCHED 204-11] Finished scheduling.
INFO: [HLS 200-100] Command       schedule returned 0; 0.294 sec.
INFO: [HLS 200-111]  Elapsed time: 9.544 seconds; current allocated memory: 115.215 MB.
INFO: [HLS 200-100] Execute       report -o C:/Users/Lincoln/Desktop/ThesisRaw/trito/solution1/.autopilot/db/KeySchedule.verbose.sched.rpt -verbose -f 
INFO: [HLS 200-100] Command       report returned 0; 0.043 sec.
INFO: [HLS 200-100] Execute       db_write -o C:/Users/Lincoln/Desktop/ThesisRaw/trito/solution1/.autopilot/db/KeySchedule.sched.adb -f 
INFO: [HLS 200-100] Command       db_write returned 0; 0.065 sec.
INFO: [HLS 200-0] Finish scheduling KeySchedule.
INFO: [HLS 200-100] Execute       set_default_model KeySchedule 
INFO: [HLS 200-100] Command       set_default_model returned 0; 0 sec.
INFO: [HLS 200-100] Execute       bind -model KeySchedule 
INFO: [BIND 205-110] clear=
INFO: [BIND 205-110] debug=
INFO: [BIND 205-110] drf=
INFO: [BIND 205-110] effort=
INFO: [BIND 205-110] fast_refine=
INFO: [BIND 205-110] fu_weight=[ 0.0 -- 1.0 ]
INFO: [BIND 205-110] global_opt=
INFO: [BIND 205-110] gsearch=
INFO: [BIND 205-110] help=
INFO: [BIND 205-110] help-hidden=
INFO: [BIND 205-110] min_mem_port=
INFO: [BIND 205-110] min_op=
INFO: [BIND 205-110] minreg=
INFO: [BIND 205-110] ml=
INFO: [BIND 205-110] model=KeySchedule
INFO: [BIND 205-110] no_false_path=
INFO: [BIND 205-110] no_min_op=
INFO: [BIND 205-110] normalize=
INFO: [BIND 205-110] quiet=
INFO: [BIND 205-110] refine=
INFO: [BIND 205-110] reg_weight=[ 0.0 -- 1.0 ]
INFO: [BIND 205-110] search=
INFO: [BIND 205-110] tight_delay=
INFO: [BIND 205-110] verbose=
INFO: [BIND 205-110] wFF=
INFO: [BIND 205-110] wFU=
INFO: [BIND 205-110] wMUX=
INFO: [BIND 205-110] wNET=
INFO: [BIND 205-100] Starting micro-architecture generation ...
INFO: [BIND 205-101] Performing variable lifetime analysis.
INFO: [BIND 205-101] Exploring resource sharing.
INFO: [BIND 205-101] Binding ...
INFO: [BIND 205-100] Finished micro-architecture generation.
INFO: [HLS 200-100] Command       bind returned 0; 0.045 sec.
INFO: [HLS 200-111]  Elapsed time: 0.272 seconds; current allocated memory: 115.740 MB.
INFO: [HLS 200-100] Execute       report -o C:/Users/Lincoln/Desktop/ThesisRaw/trito/solution1/.autopilot/db/KeySchedule.verbose.bind.rpt -verbose -f 
INFO: [HLS 200-100] Command       report returned 0; 0.148 sec.
INFO: [HLS 200-100] Execute       db_write -o C:/Users/Lincoln/Desktop/ThesisRaw/trito/solution1/.autopilot/db/KeySchedule.bind.adb -f 
INFO: [HLS 200-100] Command       db_write returned 0; 0.082 sec.
INFO: [HLS 200-0] Finish binding KeySchedule.
INFO: [HLS 200-10] ----------------------------------------------------------------
INFO: [HLS 200-10] -- Implementing module 'AddRoundKey' 
INFO: [HLS 200-10] ----------------------------------------------------------------
INFO: [HLS 200-100] Execute       set_default_model AddRoundKey 
INFO: [HLS 200-100] Command       set_default_model returned 0; 0 sec.
INFO: [HLS 200-100] Execute       schedule -model AddRoundKey 
INFO: [SCHED 204-11] Starting scheduling ...
INFO: [SCHED 204-11] Finished scheduling.
INFO: [HLS 200-100] Command       schedule returned 0; 0.065 sec.
INFO: [HLS 200-111]  Elapsed time: 0.313 seconds; current allocated memory: 115.993 MB.
INFO: [HLS 200-100] Execute       report -o C:/Users/Lincoln/Desktop/ThesisRaw/trito/solution1/.autopilot/db/AddRoundKey.verbose.sched.rpt -verbose -f 
INFO: [HLS 200-100] Command       report returned 0; 0.024 sec.
INFO: [HLS 200-100] Execute       db_write -o C:/Users/Lincoln/Desktop/ThesisRaw/trito/solution1/.autopilot/db/AddRoundKey.sched.adb -f 
INFO: [HLS 200-100] Command       db_write returned 0; 0.029 sec.
INFO: [HLS 200-0] Finish scheduling AddRoundKey.
INFO: [HLS 200-100] Execute       set_default_model AddRoundKey 
INFO: [HLS 200-100] Command       set_default_model returned 0; 0 sec.
INFO: [HLS 200-100] Execute       bind -model AddRoundKey 
INFO: [BIND 205-110] clear=
INFO: [BIND 205-110] debug=
INFO: [BIND 205-110] drf=
INFO: [BIND 205-110] effort=
INFO: [BIND 205-110] fast_refine=
INFO: [BIND 205-110] fu_weight=[ 0.0 -- 1.0 ]
INFO: [BIND 205-110] global_opt=
INFO: [BIND 205-110] gsearch=
INFO: [BIND 205-110] help=
INFO: [BIND 205-110] help-hidden=
INFO: [BIND 205-110] min_mem_port=
INFO: [BIND 205-110] min_op=
INFO: [BIND 205-110] minreg=
INFO: [BIND 205-110] ml=
INFO: [BIND 205-110] model=AddRoundKey
INFO: [BIND 205-110] no_false_path=
INFO: [BIND 205-110] no_min_op=
INFO: [BIND 205-110] normalize=
INFO: [BIND 205-110] quiet=
INFO: [BIND 205-110] refine=
INFO: [BIND 205-110] reg_weight=[ 0.0 -- 1.0 ]
INFO: [BIND 205-110] search=
INFO: [BIND 205-110] tight_delay=
INFO: [BIND 205-110] verbose=
INFO: [BIND 205-110] wFF=
INFO: [BIND 205-110] wFU=
INFO: [BIND 205-110] wMUX=
INFO: [BIND 205-110] wNET=
INFO: [BIND 205-100] Starting micro-architecture generation ...
INFO: [BIND 205-101] Performing variable lifetime analysis.
INFO: [BIND 205-101] Exploring resource sharing.
INFO: [BIND 205-101] Binding ...
INFO: [BIND 205-100] Finished micro-architecture generation.
INFO: [HLS 200-100] Command       bind returned 0; 0.013 sec.
INFO: [HLS 200-111]  Elapsed time: 0.142 seconds; current allocated memory: 116.153 MB.
INFO: [HLS 200-100] Execute       report -o C:/Users/Lincoln/Desktop/ThesisRaw/trito/solution1/.autopilot/db/AddRoundKey.verbose.bind.rpt -verbose -f 
INFO: [HLS 200-100] Command       report returned 0; 0.029 sec.
INFO: [HLS 200-100] Execute       db_write -o C:/Users/Lincoln/Desktop/ThesisRaw/trito/solution1/.autopilot/db/AddRoundKey.bind.adb -f 
INFO: [HLS 200-100] Command       db_write returned 0; 0.033 sec.
INFO: [HLS 200-0] Finish binding AddRoundKey.
INFO: [HLS 200-10] ----------------------------------------------------------------
INFO: [HLS 200-10] -- Implementing module 'ByteSub_ShiftRow' 
INFO: [HLS 200-10] ----------------------------------------------------------------
INFO: [HLS 200-100] Execute       set_default_model ByteSub_ShiftRow 
INFO: [HLS 200-100] Command       set_default_model returned 0; 0 sec.
INFO: [HLS 200-100] Execute       schedule -model ByteSub_ShiftRow 
INFO: [SCHED 204-11] Starting scheduling ...
INFO: [SCHED 204-11] Finished scheduling.
INFO: [HLS 200-100] Command       schedule returned 0; 0.091 sec.
INFO: [HLS 200-111]  Elapsed time: 0.171 seconds; current allocated memory: 116.419 MB.
INFO: [HLS 200-100] Execute       report -o C:/Users/Lincoln/Desktop/ThesisRaw/trito/solution1/.autopilot/db/ByteSub_ShiftRow.verbose.sched.rpt -verbose -f 
INFO: [HLS 200-100] Command       report returned 0; 0.054 sec.
INFO: [HLS 200-100] Execute       db_write -o C:/Users/Lincoln/Desktop/ThesisRaw/trito/solution1/.autopilot/db/ByteSub_ShiftRow.sched.adb -f 
INFO: [HLS 200-100] Command       db_write returned 0; 0.041 sec.
INFO: [HLS 200-0] Finish scheduling ByteSub_ShiftRow.
INFO: [HLS 200-100] Execute       set_default_model ByteSub_ShiftRow 
INFO: [HLS 200-100] Command       set_default_model returned 0; 0 sec.
INFO: [HLS 200-100] Execute       bind -model ByteSub_ShiftRow 
INFO: [BIND 205-110] clear=
INFO: [BIND 205-110] debug=
INFO: [BIND 205-110] drf=
INFO: [BIND 205-110] effort=
INFO: [BIND 205-110] fast_refine=
INFO: [BIND 205-110] fu_weight=[ 0.0 -- 1.0 ]
INFO: [BIND 205-110] global_opt=
INFO: [BIND 205-110] gsearch=
INFO: [BIND 205-110] help=
INFO: [BIND 205-110] help-hidden=
INFO: [BIND 205-110] min_mem_port=
INFO: [BIND 205-110] min_op=
INFO: [BIND 205-110] minreg=
INFO: [BIND 205-110] ml=
INFO: [BIND 205-110] model=ByteSub_ShiftRow
INFO: [BIND 205-110] no_false_path=
INFO: [BIND 205-110] no_min_op=
INFO: [BIND 205-110] normalize=
INFO: [BIND 205-110] quiet=
INFO: [BIND 205-110] refine=
INFO: [BIND 205-110] reg_weight=[ 0.0 -- 1.0 ]
INFO: [BIND 205-110] search=
INFO: [BIND 205-110] tight_delay=
INFO: [BIND 205-110] verbose=
INFO: [BIND 205-110] wFF=
INFO: [BIND 205-110] wFU=
INFO: [BIND 205-110] wMUX=
INFO: [BIND 205-110] wNET=
INFO: [BIND 205-100] Starting micro-architecture generation ...
INFO: [BIND 205-101] Performing variable lifetime analysis.
INFO: [BIND 205-101] Exploring resource sharing.
INFO: [BIND 205-101] Binding ...
INFO: [BIND 205-100] Finished micro-architecture generation.
INFO: [HLS 200-100] Command       bind returned 0; 0.032 sec.
INFO: [HLS 200-111]  Elapsed time: 0.341 seconds; current allocated memory: 116.705 MB.
INFO: [HLS 200-100] Execute       report -o C:/Users/Lincoln/Desktop/ThesisRaw/trito/solution1/.autopilot/db/ByteSub_ShiftRow.verbose.bind.rpt -verbose -f 
INFO: [HLS 200-100] Command       report returned 0; 0.032 sec.
INFO: [HLS 200-100] Execute       db_write -o C:/Users/Lincoln/Desktop/ThesisRaw/trito/solution1/.autopilot/db/ByteSub_ShiftRow.bind.adb -f 
INFO: [HLS 200-100] Command       db_write returned 0; 0.053 sec.
INFO: [HLS 200-0] Finish binding ByteSub_ShiftRow.
INFO: [HLS 200-10] ----------------------------------------------------------------
INFO: [HLS 200-10] -- Implementing module 'MixColumn_AddRoundKe' 
INFO: [HLS 200-10] ----------------------------------------------------------------
INFO: [HLS 200-100] Execute       set_default_model MixColumn_AddRoundKe 
INFO: [HLS 200-100] Command       set_default_model returned 0; 0 sec.
INFO: [HLS 200-100] Execute       schedule -model MixColumn_AddRoundKe 
INFO: [SCHED 204-11] Starting scheduling ...
INFO: [SCHED 204-11] Finished scheduling.
INFO: [HLS 200-100] Command       schedule returned 0; 0.125 sec.
INFO: [HLS 200-111]  Elapsed time: 0.232 seconds; current allocated memory: 117.112 MB.
INFO: [HLS 200-100] Execute       report -o C:/Users/Lincoln/Desktop/ThesisRaw/trito/solution1/.autopilot/db/MixColumn_AddRoundKe.verbose.sched.rpt -verbose -f 
INFO: [HLS 200-100] Command       report returned 0; 0.045 sec.
INFO: [HLS 200-100] Execute       db_write -o C:/Users/Lincoln/Desktop/ThesisRaw/trito/solution1/.autopilot/db/MixColumn_AddRoundKe.sched.adb -f 
INFO: [HLS 200-100] Command       db_write returned 0; 0.054 sec.
INFO: [HLS 200-0] Finish scheduling MixColumn_AddRoundKe.
INFO: [HLS 200-100] Execute       set_default_model MixColumn_AddRoundKe 
INFO: [HLS 200-100] Command       set_default_model returned 0; 0 sec.
INFO: [HLS 200-100] Execute       bind -model MixColumn_AddRoundKe 
INFO: [BIND 205-110] clear=
INFO: [BIND 205-110] debug=
INFO: [BIND 205-110] drf=
INFO: [BIND 205-110] effort=
INFO: [BIND 205-110] fast_refine=
INFO: [BIND 205-110] fu_weight=[ 0.0 -- 1.0 ]
INFO: [BIND 205-110] global_opt=
INFO: [BIND 205-110] gsearch=
INFO: [BIND 205-110] help=
INFO: [BIND 205-110] help-hidden=
INFO: [BIND 205-110] min_mem_port=
INFO: [BIND 205-110] min_op=
INFO: [BIND 205-110] minreg=
INFO: [BIND 205-110] ml=
INFO: [BIND 205-110] model=MixColumn_AddRoundKe
INFO: [BIND 205-110] no_false_path=
INFO: [BIND 205-110] no_min_op=
INFO: [BIND 205-110] normalize=
INFO: [BIND 205-110] quiet=
INFO: [BIND 205-110] refine=
INFO: [BIND 205-110] reg_weight=[ 0.0 -- 1.0 ]
INFO: [BIND 205-110] search=
INFO: [BIND 205-110] tight_delay=
INFO: [BIND 205-110] verbose=
INFO: [BIND 205-110] wFF=
INFO: [BIND 205-110] wFU=
INFO: [BIND 205-110] wMUX=
INFO: [BIND 205-110] wNET=
INFO: [BIND 205-100] Starting micro-architecture generation ...
INFO: [BIND 205-101] Performing variable lifetime analysis.
INFO: [BIND 205-101] Exploring resource sharing.
INFO: [BIND 205-101] Binding ...
INFO: [BIND 205-100] Finished micro-architecture generation.
INFO: [HLS 200-100] Command       bind returned 0; 0.036 sec.
INFO: [HLS 200-111]  Elapsed time: 0.231 seconds; current allocated memory: 117.542 MB.
INFO: [HLS 200-100] Execute       report -o C:/Users/Lincoln/Desktop/ThesisRaw/trito/solution1/.autopilot/db/MixColumn_AddRoundKe.verbose.bind.rpt -verbose -f 
INFO: [HLS 200-100] Command       report returned 0; 0.083 sec.
INFO: [HLS 200-100] Execute       db_write -o C:/Users/Lincoln/Desktop/ThesisRaw/trito/solution1/.autopilot/db/MixColumn_AddRoundKe.bind.adb -f 
INFO: [HLS 200-100] Command       db_write returned 0; 0.065 sec.
INFO: [HLS 200-0] Finish binding MixColumn_AddRoundKe.
INFO: [HLS 200-10] ----------------------------------------------------------------
INFO: [HLS 200-10] -- Implementing module 'aes_main' 
INFO: [HLS 200-10] ----------------------------------------------------------------
INFO: [HLS 200-100] Execute       set_default_model aes_main 
INFO: [HLS 200-100] Command       set_default_model returned 0; 0 sec.
INFO: [HLS 200-100] Execute       schedule -model aes_main 
INFO: [SCHED 204-11] Starting scheduling ...
INFO: [SCHED 204-11] Finished scheduling.
INFO: [HLS 200-100] Command       schedule returned 0; 0.03 sec.
INFO: [HLS 200-111]  Elapsed time: 0.2 seconds; current allocated memory: 117.724 MB.
INFO: [HLS 200-100] Execute       report -o C:/Users/Lincoln/Desktop/ThesisRaw/trito/solution1/.autopilot/db/aes_main.verbose.sched.rpt -verbose -f 
INFO: [HLS 200-100] Command       report returned 0; 0.022 sec.
INFO: [HLS 200-100] Execute       db_write -o C:/Users/Lincoln/Desktop/ThesisRaw/trito/solution1/.autopilot/db/aes_main.sched.adb -f 
INFO: [HLS 200-100] Command       db_write returned 0; 0.026 sec.
INFO: [HLS 200-0] Finish scheduling aes_main.
INFO: [HLS 200-100] Execute       set_default_model aes_main 
INFO: [HLS 200-100] Command       set_default_model returned 0; 0 sec.
INFO: [HLS 200-100] Execute       bind -model aes_main 
INFO: [BIND 205-110] clear=
INFO: [BIND 205-110] debug=
INFO: [BIND 205-110] drf=
INFO: [BIND 205-110] effort=
INFO: [BIND 205-110] fast_refine=
INFO: [BIND 205-110] fu_weight=[ 0.0 -- 1.0 ]
INFO: [BIND 205-110] global_opt=
INFO: [BIND 205-110] gsearch=
INFO: [BIND 205-110] help=
INFO: [BIND 205-110] help-hidden=
INFO: [BIND 205-110] min_mem_port=
INFO: [BIND 205-110] min_op=
INFO: [BIND 205-110] minreg=
INFO: [BIND 205-110] ml=
INFO: [BIND 205-110] model=aes_main
INFO: [BIND 205-110] no_false_path=
INFO: [BIND 205-110] no_min_op=
INFO: [BIND 205-110] normalize=
INFO: [BIND 205-110] quiet=
INFO: [BIND 205-110] refine=
INFO: [BIND 205-110] reg_weight=[ 0.0 -- 1.0 ]
INFO: [BIND 205-110] search=
INFO: [BIND 205-110] tight_delay=
INFO: [BIND 205-110] verbose=
INFO: [BIND 205-110] wFF=
INFO: [BIND 205-110] wFU=
INFO: [BIND 205-110] wMUX=
INFO: [BIND 205-110] wNET=
INFO: [BIND 205-100] Starting micro-architecture generation ...
INFO: [BIND 205-101] Performing variable lifetime analysis.
INFO: [BIND 205-101] Exploring resource sharing.
INFO: [BIND 205-101] Binding ...
INFO: [BIND 205-100] Finished micro-architecture generation.
INFO: [HLS 200-100] Command       bind returned 0; 0.28 sec.
INFO: [HLS 200-111]  Elapsed time: 0.417 seconds; current allocated memory: 117.945 MB.
INFO: [HLS 200-100] Execute       report -o C:/Users/Lincoln/Desktop/ThesisRaw/trito/solution1/.autopilot/db/aes_main.verbose.bind.rpt -verbose -f 
INFO: [HLS 200-100] Command       report returned 0; 0.193 sec.
INFO: [HLS 200-100] Execute       db_write -o C:/Users/Lincoln/Desktop/ThesisRaw/trito/solution1/.autopilot/db/aes_main.bind.adb -f 
INFO: [HLS 200-100] Command       db_write returned 0; 0.025 sec.
INFO: [HLS 200-0] Finish binding aes_main.
INFO: [HLS 200-100] Execute       get_model_list aes_main -filter all-wo-channel 
INFO: [HLS 200-100] Command       get_model_list returned 0; 0 sec.
INFO: [HLS 200-0] Preprocessing for RTLGen ...
INFO: [HLS 200-100] Execute       rtl_gen_preprocess KeySchedule 
INFO: [HLS 200-100] Command       rtl_gen_preprocess returned 0; 0.001 sec.
INFO: [HLS 200-100] Execute       rtl_gen_preprocess AddRoundKey 
INFO: [HLS 200-100] Command       rtl_gen_preprocess returned 0; 0 sec.
INFO: [HLS 200-100] Execute       rtl_gen_preprocess ByteSub_ShiftRow 
INFO: [HLS 200-100] Command       rtl_gen_preprocess returned 0; 0 sec.
INFO: [HLS 200-100] Execute       rtl_gen_preprocess MixColumn_AddRoundKe 
INFO: [HLS 200-100] Command       rtl_gen_preprocess returned 0; 0.001 sec.
INFO: [HLS 200-100] Execute       rtl_gen_preprocess aes_main 
INFO: [HLS 200-100] Command       rtl_gen_preprocess returned 0; 0.001 sec.
INFO: [HLS 200-0] Model list for RTL generation: KeySchedule AddRoundKey ByteSub_ShiftRow MixColumn_AddRoundKe aes_main
INFO: [HLS 200-10] ----------------------------------------------------------------
INFO: [HLS 200-10] -- Generating RTL for module 'KeySchedule' 
INFO: [HLS 200-10] ----------------------------------------------------------------
INFO: [HLS 200-100] Execute       create_rtl_model KeySchedule -vendor xilinx -mg_file C:/Users/Lincoln/Desktop/ThesisRaw/trito/solution1/.autopilot/db/KeySchedule.compgen.tcl 
INFO: [SYN 201-210] Renamed object name 'aes_main_mux_42_32_1' to 'aes_main_mux_42_3bkb' due to the length limit 20
INFO: [RTGEN 206-100] Generating core module 'aes_main_mux_42_3bkb': 1 instance(s).
INFO: [RTGEN 206-100] Finished creating RTL model for 'KeySchedule'.
INFO: [HLS 200-100] Command       create_rtl_model returned 0; 0.063 sec.
INFO: [HLS 200-111]  Elapsed time: 0.385 seconds; current allocated memory: 118.965 MB.
INFO: [HLS 200-100] Execute       source C:/Users/Lincoln/Desktop/ThesisRaw/trito/solution1/.autopilot/db/aes_main.rtl_wrap.cfg.tcl 
INFO: [HLS 200-100] Command       ap_source returned 0; 0.001 sec.
INFO: [HLS 200-100] Execute       gen_rtl KeySchedule -style xilinx -tracefl mytrace -tracefmt vcd -traceopt all -f -lang sc -o C:/Users/Lincoln/Desktop/ThesisRaw/trito/solution1/syn/systemc/KeySchedule -synmodules KeySchedule AddRoundKey ByteSub_ShiftRow MixColumn_AddRoundKe aes_main 
INFO: [HLS 200-100] Command       gen_rtl returned 0; 0.017 sec.
INFO: [HLS 200-100] Execute       gen_rtl KeySchedule -style xilinx -f -lang vhdl -o C:/Users/Lincoln/Desktop/ThesisRaw/trito/solution1/syn/vhdl/KeySchedule 
INFO: [HLS 200-100] Command       gen_rtl returned 0; 0.01 sec.
INFO: [HLS 200-100] Execute       gen_rtl KeySchedule -style xilinx -f -lang vlog -o C:/Users/Lincoln/Desktop/ThesisRaw/trito/solution1/syn/verilog/KeySchedule 
INFO: [HLS 200-100] Command       gen_rtl returned 0; 0.008 sec.
INFO: [HLS 200-100] Execute       gen_tb_info KeySchedule -o C:/Users/Lincoln/Desktop/ThesisRaw/trito/solution1/.autopilot/db/KeySchedule -p C:/Users/Lincoln/Desktop/ThesisRaw/trito/solution1/.autopilot/db 
INFO: [HLS 200-100] Command       gen_tb_info returned 0; 0.043 sec.
INFO: [HLS 200-100] Execute       report -model KeySchedule -o C:/Users/Lincoln/Desktop/ThesisRaw/trito/solution1/syn/report/KeySchedule_csynth.rpt -f 
INFO: [HLS 200-100] Command       report returned 0; 0.049 sec.
INFO: [HLS 200-100] Execute       report -model KeySchedule -o C:/Users/Lincoln/Desktop/ThesisRaw/trito/solution1/syn/report/KeySchedule_csynth.xml -f -x 
INFO: [HLS 200-100] Command       report returned 0; 0.039 sec.
INFO: [HLS 200-100] Execute       report -model KeySchedule -o C:/Users/Lincoln/Desktop/ThesisRaw/trito/solution1/.autopilot/db/KeySchedule.verbose.rpt -verbose -f 
INFO: [HLS 200-100] Command       report returned 0; 0.157 sec.
INFO: [HLS 200-100] Execute       db_write -model KeySchedule -o C:/Users/Lincoln/Desktop/ThesisRaw/trito/solution1/.autopilot/db/KeySchedule.adb -f 
INFO: [HLS 200-100] Command       db_write returned 0; 0.124 sec.
INFO: [HLS 200-10] ----------------------------------------------------------------
INFO: [HLS 200-10] -- Generating RTL for module 'AddRoundKey' 
INFO: [HLS 200-10] ----------------------------------------------------------------
INFO: [HLS 200-100] Execute       create_rtl_model AddRoundKey -vendor xilinx -mg_file C:/Users/Lincoln/Desktop/ThesisRaw/trito/solution1/.autopilot/db/AddRoundKey.compgen.tcl 
INFO: [RTGEN 206-100] Finished creating RTL model for 'AddRoundKey'.
INFO: [HLS 200-100] Command       create_rtl_model returned 0; 0.022 sec.
INFO: [HLS 200-111]  Elapsed time: 0.828 seconds; current allocated memory: 119.581 MB.
INFO: [HLS 200-100] Execute       source C:/Users/Lincoln/Desktop/ThesisRaw/trito/solution1/.autopilot/db/aes_main.rtl_wrap.cfg.tcl 
INFO: [HLS 200-100] Command       ap_source returned 0; 0.002 sec.
INFO: [HLS 200-100] Execute       gen_rtl AddRoundKey -style xilinx -tracefl mytrace -tracefmt vcd -traceopt all -f -lang sc -o C:/Users/Lincoln/Desktop/ThesisRaw/trito/solution1/syn/systemc/AddRoundKey -synmodules KeySchedule AddRoundKey ByteSub_ShiftRow MixColumn_AddRoundKe aes_main 
INFO: [HLS 200-100] Command       gen_rtl returned 0; 0.014 sec.
INFO: [HLS 200-100] Execute       gen_rtl AddRoundKey -style xilinx -f -lang vhdl -o C:/Users/Lincoln/Desktop/ThesisRaw/trito/solution1/syn/vhdl/AddRoundKey 
INFO: [HLS 200-100] Command       gen_rtl returned 0; 0.008 sec.
INFO: [HLS 200-100] Execute       gen_rtl AddRoundKey -style xilinx -f -lang vlog -o C:/Users/Lincoln/Desktop/ThesisRaw/trito/solution1/syn/verilog/AddRoundKey 
INFO: [HLS 200-100] Command       gen_rtl returned 0; 0.012 sec.
INFO: [HLS 200-100] Execute       gen_tb_info AddRoundKey -o C:/Users/Lincoln/Desktop/ThesisRaw/trito/solution1/.autopilot/db/AddRoundKey -p C:/Users/Lincoln/Desktop/ThesisRaw/trito/solution1/.autopilot/db 
INFO: [HLS 200-100] Command       gen_tb_info returned 0; 0.016 sec.
INFO: [HLS 200-100] Execute       report -model AddRoundKey -o C:/Users/Lincoln/Desktop/ThesisRaw/trito/solution1/syn/report/AddRoundKey_csynth.rpt -f 
INFO: [HLS 200-100] Command       report returned 0; 0.017 sec.
INFO: [HLS 200-100] Execute       report -model AddRoundKey -o C:/Users/Lincoln/Desktop/ThesisRaw/trito/solution1/syn/report/AddRoundKey_csynth.xml -f -x 
INFO: [HLS 200-100] Command       report returned 0; 0.015 sec.
INFO: [HLS 200-100] Execute       report -model AddRoundKey -o C:/Users/Lincoln/Desktop/ThesisRaw/trito/solution1/.autopilot/db/AddRoundKey.verbose.rpt -verbose -f 
INFO: [HLS 200-100] Command       report returned 0; 0.045 sec.
INFO: [HLS 200-100] Execute       db_write -model AddRoundKey -o C:/Users/Lincoln/Desktop/ThesisRaw/trito/solution1/.autopilot/db/AddRoundKey.adb -f 
INFO: [HLS 200-100] Command       db_write returned 0; 0.044 sec.
INFO: [HLS 200-10] ----------------------------------------------------------------
INFO: [HLS 200-10] -- Generating RTL for module 'ByteSub_ShiftRow' 
INFO: [HLS 200-10] ----------------------------------------------------------------
INFO: [HLS 200-100] Execute       create_rtl_model ByteSub_ShiftRow -vendor xilinx -mg_file C:/Users/Lincoln/Desktop/ThesisRaw/trito/solution1/.autopilot/db/ByteSub_ShiftRow.compgen.tcl 
INFO: [SYN 201-210] Renamed object name 'ByteSub_ShiftRow_Sbox' to 'ByteSub_ShiftRow_cud' due to the length limit 20
INFO: [RTGEN 206-100] Finished creating RTL model for 'ByteSub_ShiftRow'.
INFO: [HLS 200-100] Command       create_rtl_model returned 0; 0.037 sec.
INFO: [HLS 200-111]  Elapsed time: 0.385 seconds; current allocated memory: 120.044 MB.
INFO: [HLS 200-100] Execute       source C:/Users/Lincoln/Desktop/ThesisRaw/trito/solution1/.autopilot/db/aes_main.rtl_wrap.cfg.tcl 
INFO: [HLS 200-100] Command       ap_source returned 0; 0.002 sec.
INFO: [HLS 200-100] Execute       gen_rtl ByteSub_ShiftRow -style xilinx -tracefl mytrace -tracefmt vcd -traceopt all -f -lang sc -o C:/Users/Lincoln/Desktop/ThesisRaw/trito/solution1/syn/systemc/ByteSub_ShiftRow -synmodules KeySchedule AddRoundKey ByteSub_ShiftRow MixColumn_AddRoundKe aes_main 
INFO: [HLS 200-100] Command       gen_rtl returned 0; 0.016 sec.
INFO: [HLS 200-100] Execute       gen_rtl ByteSub_ShiftRow -style xilinx -f -lang vhdl -o C:/Users/Lincoln/Desktop/ThesisRaw/trito/solution1/syn/vhdl/ByteSub_ShiftRow 
INFO: [HLS 200-100] Command       gen_rtl returned 0; 0.011 sec.
INFO: [HLS 200-100] Execute       gen_rtl ByteSub_ShiftRow -style xilinx -f -lang vlog -o C:/Users/Lincoln/Desktop/ThesisRaw/trito/solution1/syn/verilog/ByteSub_ShiftRow 
INFO: [HLS 200-100] Command       gen_rtl returned 0; 0.025 sec.
INFO: [HLS 200-100] Execute       gen_tb_info ByteSub_ShiftRow -o C:/Users/Lincoln/Desktop/ThesisRaw/trito/solution1/.autopilot/db/ByteSub_ShiftRow -p C:/Users/Lincoln/Desktop/ThesisRaw/trito/solution1/.autopilot/db 
INFO: [HLS 200-100] Command       gen_tb_info returned 0; 0.013 sec.
INFO: [HLS 200-100] Execute       report -model ByteSub_ShiftRow -o C:/Users/Lincoln/Desktop/ThesisRaw/trito/solution1/syn/report/ByteSub_ShiftRow_csynth.rpt -f 
INFO: [HLS 200-100] Command       report returned 0; 0.016 sec.
INFO: [HLS 200-100] Execute       report -model ByteSub_ShiftRow -o C:/Users/Lincoln/Desktop/ThesisRaw/trito/solution1/syn/report/ByteSub_ShiftRow_csynth.xml -f -x 
INFO: [HLS 200-100] Command       report returned 0; 0.007 sec.
INFO: [HLS 200-100] Execute       report -model ByteSub_ShiftRow -o C:/Users/Lincoln/Desktop/ThesisRaw/trito/solution1/.autopilot/db/ByteSub_ShiftRow.verbose.rpt -verbose -f 
INFO: [HLS 200-100] Command       report returned 0; 0.037 sec.
INFO: [HLS 200-100] Execute       db_write -model ByteSub_ShiftRow -o C:/Users/Lincoln/Desktop/ThesisRaw/trito/solution1/.autopilot/db/ByteSub_ShiftRow.adb -f 
INFO: [HLS 200-100] Command       db_write returned 0; 0.054 sec.
INFO: [HLS 200-10] ----------------------------------------------------------------
INFO: [HLS 200-10] -- Generating RTL for module 'MixColumn_AddRoundKe' 
INFO: [HLS 200-10] ----------------------------------------------------------------
INFO: [HLS 200-100] Execute       create_rtl_model MixColumn_AddRoundKe -vendor xilinx -mg_file C:/Users/Lincoln/Desktop/ThesisRaw/trito/solution1/.autopilot/db/MixColumn_AddRoundKe.compgen.tcl 
INFO: [SYN 201-210] Renamed object name 'MixColumn_AddRoundKe_ret' to 'MixColumn_AddRoundEe' due to the length limit 20
INFO: [RTGEN 206-100] Finished creating RTL model for 'MixColumn_AddRoundKe'.
INFO: [HLS 200-100] Command       create_rtl_model returned 0; 0.063 sec.
INFO: [HLS 200-111]  Elapsed time: 0.505 seconds; current allocated memory: 120.866 MB.
INFO: [HLS 200-100] Execute       source C:/Users/Lincoln/Desktop/ThesisRaw/trito/solution1/.autopilot/db/aes_main.rtl_wrap.cfg.tcl 
INFO: [HLS 200-100] Command       ap_source returned 0; 0.001 sec.
INFO: [HLS 200-100] Execute       gen_rtl MixColumn_AddRoundKe -style xilinx -tracefl mytrace -tracefmt vcd -traceopt all -f -lang sc -o C:/Users/Lincoln/Desktop/ThesisRaw/trito/solution1/syn/systemc/MixColumn_AddRoundKe -synmodules KeySchedule AddRoundKey ByteSub_ShiftRow MixColumn_AddRoundKe aes_main 
INFO: [HLS 200-100] Command       gen_rtl returned 0; 0.018 sec.
INFO: [HLS 200-100] Execute       gen_rtl MixColumn_AddRoundKe -style xilinx -f -lang vhdl -o C:/Users/Lincoln/Desktop/ThesisRaw/trito/solution1/syn/vhdl/MixColumn_AddRoundKe 
INFO: [HLS 200-100] Command       gen_rtl returned 0; 0.01 sec.
INFO: [HLS 200-100] Execute       gen_rtl MixColumn_AddRoundKe -style xilinx -f -lang vlog -o C:/Users/Lincoln/Desktop/ThesisRaw/trito/solution1/syn/verilog/MixColumn_AddRoundKe 
INFO: [HLS 200-100] Command       gen_rtl returned 0; 0.009 sec.
INFO: [HLS 200-100] Execute       gen_tb_info MixColumn_AddRoundKe -o C:/Users/Lincoln/Desktop/ThesisRaw/trito/solution1/.autopilot/db/MixColumn_AddRoundKe -p C:/Users/Lincoln/Desktop/ThesisRaw/trito/solution1/.autopilot/db 
INFO: [HLS 200-100] Command       gen_tb_info returned 0; 0.032 sec.
INFO: [HLS 200-100] Execute       report -model MixColumn_AddRoundKe -o C:/Users/Lincoln/Desktop/ThesisRaw/trito/solution1/syn/report/MixColumn_AddRoundKe_csynth.rpt -f 
INFO: [HLS 200-100] Command       report returned 0; 0.045 sec.
INFO: [HLS 200-100] Execute       report -model MixColumn_AddRoundKe -o C:/Users/Lincoln/Desktop/ThesisRaw/trito/solution1/syn/report/MixColumn_AddRoundKe_csynth.xml -f -x 
INFO: [HLS 200-100] Command       report returned 0; 0.036 sec.
INFO: [HLS 200-100] Execute       report -model MixColumn_AddRoundKe -o C:/Users/Lincoln/Desktop/ThesisRaw/trito/solution1/.autopilot/db/MixColumn_AddRoundKe.verbose.rpt -verbose -f 
INFO: [HLS 200-100] Command       report returned 0; 0.158 sec.
INFO: [HLS 200-100] Execute       db_write -model MixColumn_AddRoundKe -o C:/Users/Lincoln/Desktop/ThesisRaw/trito/solution1/.autopilot/db/MixColumn_AddRoundKe.adb -f 
INFO: [HLS 200-100] Command       db_write returned 0; 0.138 sec.
INFO: [HLS 200-10] ----------------------------------------------------------------
INFO: [HLS 200-10] -- Generating RTL for module 'aes_main' 
INFO: [HLS 200-10] ----------------------------------------------------------------
INFO: [HLS 200-100] Execute       create_rtl_model aes_main -vendor xilinx -mg_file C:/Users/Lincoln/Desktop/ThesisRaw/trito/solution1/.autopilot/db/aes_main.compgen.tcl 
INFO: [RTGEN 206-500] Setting interface mode on port 'aes_main/statemt' to 'ap_memory'.
INFO: [RTGEN 206-500] Setting interface mode on port 'aes_main/key' to 'ap_memory'.
INFO: [RTGEN 206-500] Setting interface mode on port 'aes_main/out_r' to 'ap_memory'.
INFO: [RTGEN 206-500] Setting interface mode on function 'aes_main' to 'ap_ctrl_hs'.
WARNING: [RTGEN 206-101] Global array 'worda' will not be exposed as RTL port.
WARNING: [RTGEN 206-101] Global array 'Sbox' will not be exposed as RTL port.
WARNING: [RTGEN 206-101] Global array 'Rcon0' will not be exposed as RTL port.
INFO: [RTGEN 206-100] Finished creating RTL model for 'aes_main'.
INFO: [HLS 200-100] Command       create_rtl_model returned 0; 0.057 sec.
INFO: [HLS 200-111]  Elapsed time: 0.824 seconds; current allocated memory: 121.708 MB.
INFO: [HLS 200-100] Execute       source C:/Users/Lincoln/Desktop/ThesisRaw/trito/solution1/.autopilot/db/aes_main.rtl_wrap.cfg.tcl 
INFO: [HLS 200-100] Command       ap_source returned 0; 0.002 sec.
INFO: [HLS 200-100] Execute       gen_rtl aes_main -istop -style xilinx -tracefl mytrace -tracefmt vcd -traceopt all -f -lang sc -o C:/Users/Lincoln/Desktop/ThesisRaw/trito/solution1/syn/systemc/aes_main -synmodules KeySchedule AddRoundKey ByteSub_ShiftRow MixColumn_AddRoundKe aes_main 
INFO: [HLS 200-100] Command       gen_rtl returned 0; 0.014 sec.
INFO: [HLS 200-100] Execute       gen_rtl aes_main -istop -style xilinx -f -lang vhdl -o C:/Users/Lincoln/Desktop/ThesisRaw/trito/solution1/syn/vhdl/aes_main 
INFO: [HLS 200-100] Command       gen_rtl returned 0; 0.024 sec.
INFO: [HLS 200-100] Execute       gen_rtl aes_main -istop -style xilinx -f -lang vlog -o C:/Users/Lincoln/Desktop/ThesisRaw/trito/solution1/syn/verilog/aes_main 
INFO: [HLS 200-100] Command       gen_rtl returned 0; 0.015 sec.
INFO: [HLS 200-100] Execute       export_constraint_db -o C:/Users/Lincoln/Desktop/ThesisRaw/trito/solution1/.autopilot/db/aes_main.constraint.tcl -f -tool general 
INFO: [HLS 200-100] Command       export_constraint_db returned 0; 0.002 sec.
INFO: [HLS 200-100] Execute       report -model aes_main -o C:/Users/Lincoln/Desktop/ThesisRaw/trito/solution1/.autopilot/db/aes_main.design.xml -verbose -f -dv 
INFO: [HLS 200-100] Command       report returned 0; 0.153 sec.
INFO: [HLS 200-100] Execute       report -model aes_main -o C:/Users/Lincoln/Desktop/ThesisRaw/trito/solution1/.autopilot/db/aes_main.sdaccel.xml -verbose -f -sdaccel 
INFO: [HLS 200-100] Command       report returned 0; 0.027 sec.
INFO: [HLS 200-100] Execute       gen_tb_info aes_main -o C:/Users/Lincoln/Desktop/ThesisRaw/trito/solution1/.autopilot/db/aes_main -p C:/Users/Lincoln/Desktop/ThesisRaw/trito/solution1/.autopilot/db 
INFO: [HLS 200-100] Command       gen_tb_info returned 0; 0.023 sec.
INFO: [HLS 200-100] Execute       report -model aes_main -o C:/Users/Lincoln/Desktop/ThesisRaw/trito/solution1/syn/report/aes_main_csynth.rpt -f 
INFO: [HLS 200-100] Command       report returned 0; 0.02 sec.
INFO: [HLS 200-100] Execute       report -model aes_main -o C:/Users/Lincoln/Desktop/ThesisRaw/trito/solution1/syn/report/aes_main_csynth.xml -f -x 
INFO: [HLS 200-100] Command       report returned 0; 0.015 sec.
INFO: [HLS 200-100] Execute       report -model aes_main -o C:/Users/Lincoln/Desktop/ThesisRaw/trito/solution1/.autopilot/db/aes_main.verbose.rpt -verbose -f 
INFO: [HLS 200-100] Command       report returned 0; 0.217 sec.
INFO: [HLS 200-100] Execute       db_write -model aes_main -o C:/Users/Lincoln/Desktop/ThesisRaw/trito/solution1/.autopilot/db/aes_main.adb -f 
INFO: [HLS 200-100] Command       db_write returned 0; 0.037 sec.
INFO: [HLS 200-100] Execute       sc_get_clocks aes_main 
INFO: [HLS 200-100] Command       sc_get_clocks returned 0; 0 sec.
INFO: [HLS 200-100] Execute       sc_get_portdomain aes_main 
INFO: [HLS 200-100] Command       sc_get_portdomain returned 0; 0 sec.
INFO: [HLS 200-0] Model list for RTL component generation: KeySchedule AddRoundKey ByteSub_ShiftRow MixColumn_AddRoundKe aes_main
INFO: [HLS 200-0] Handling components in module [KeySchedule] ... 
INFO: [HLS 200-100] Execute       source C:/Users/Lincoln/Desktop/ThesisRaw/trito/solution1/.autopilot/db/KeySchedule.compgen.tcl 
INFO: [HLS 200-0] Found component aes_main_mux_42_3bkb.
INFO: [HLS 200-0] Append model aes_main_mux_42_3bkb
INFO: [HLS 200-0] Found component KeySchedule_Sbox.
INFO: [HLS 200-0] Append model KeySchedule_Sbox
INFO: [HLS 200-0] Found component KeySchedule_Rcon0.
INFO: [HLS 200-0] Append model KeySchedule_Rcon0
INFO: [HLS 200-100] Command       ap_source returned 0; 0.041 sec.
INFO: [HLS 200-0] Handling components in module [AddRoundKey] ... 
INFO: [HLS 200-100] Execute       source C:/Users/Lincoln/Desktop/ThesisRaw/trito/solution1/.autopilot/db/AddRoundKey.compgen.tcl 
INFO: [HLS 200-100] Command       ap_source returned 0; 0.041 sec.
INFO: [HLS 200-0] Handling components in module [ByteSub_ShiftRow] ... 
INFO: [HLS 200-100] Execute       source C:/Users/Lincoln/Desktop/ThesisRaw/trito/solution1/.autopilot/db/ByteSub_ShiftRow.compgen.tcl 
INFO: [HLS 200-100] Command       ap_source returned 0; 0.038 sec.
INFO: [HLS 200-0] Handling components in module [MixColumn_AddRoundKe] ... 
INFO: [HLS 200-100] Execute       source C:/Users/Lincoln/Desktop/ThesisRaw/trito/solution1/.autopilot/db/MixColumn_AddRoundKe.compgen.tcl 
INFO: [HLS 200-0] Found component MixColumn_AddRoundEe.
INFO: [HLS 200-0] Append model MixColumn_AddRoundEe
INFO: [HLS 200-100] Command       ap_source returned 0; 0.04 sec.
INFO: [HLS 200-0] Handling components in module [aes_main] ... 
INFO: [HLS 200-100] Execute       source C:/Users/Lincoln/Desktop/ThesisRaw/trito/solution1/.autopilot/db/aes_main.compgen.tcl 
INFO: [HLS 200-0] Found component aes_main_worda.
INFO: [HLS 200-0] Append model aes_main_worda
INFO: [HLS 200-100] Command       ap_source returned 0; 0.041 sec.
INFO: [HLS 200-0] Append model KeySchedule
INFO: [HLS 200-0] Append model AddRoundKey
INFO: [HLS 200-0] Append model ByteSub_ShiftRow
INFO: [HLS 200-0] Append model MixColumn_AddRoundKe
INFO: [HLS 200-0] Append model aes_main
INFO: [HLS 200-0] Generating RTL model list ...
INFO: [HLS 200-0] All models in this session: aes_main_mux_42_3bkb KeySchedule_Sbox KeySchedule_Rcon0 MixColumn_AddRoundEe aes_main_worda KeySchedule AddRoundKey ByteSub_ShiftRow MixColumn_AddRoundKe aes_main
INFO: [HLS 200-0] To file: write model aes_main_mux_42_3bkb
INFO: [HLS 200-0] To file: write model KeySchedule_Sbox
INFO: [HLS 200-0] To file: write model KeySchedule_Rcon0
INFO: [HLS 200-0] To file: write model MixColumn_AddRoundEe
INFO: [HLS 200-0] To file: write model aes_main_worda
INFO: [HLS 200-0] To file: write model KeySchedule
INFO: [HLS 200-0] To file: write model AddRoundKey
INFO: [HLS 200-0] To file: write model ByteSub_ShiftRow
INFO: [HLS 200-0] To file: write model MixColumn_AddRoundKe
INFO: [HLS 200-0] To file: write model aes_main
INFO: [HLS 200-0] Finished generating RTL model list.


INFO: [HLS 200-0] RTL Generation done.
INFO: [HLS 200-0] CAS Generation done.
INFO: [HLS 200-0] CBC Generation done.
INFO: [HLS 200-100] Execute       export_ssdm C:/Users/Lincoln/Desktop/ThesisRaw/trito/solution1/.autopilot/db/a.export.ll 
INFO: [HLS 200-100] Command       export_ssdm returned 0; 0.082 sec.
INFO: [HLS 200-100] Execute       source C:/Users/Lincoln/Desktop/ThesisRaw/trito/solution1/.autopilot/db/global.setting.tcl 
INFO: [HLS 200-100] Command       ap_source returned 0; 0.002 sec.
INFO: [HLS 200-100] Execute       source C:/Xilinx/Vivado_HLS/2017.2/common/technology/generic/autopilot/common.gen 
INFO: [HLS 200-100] Execute         source C:/Xilinx/Vivado_HLS/2017.2/common/technology/generic/autopilot/APCoreGen.gen 
INFO: [HLS 200-100] Command         ap_source returned 0; 0.002 sec.
INFO: [HLS 200-100] Command       ap_source returned 0; 0.003 sec.
INFO: [HLS 200-100] Execute       source C:/Xilinx/Vivado_HLS/2017.2/common/technology/generic/autopilot/op.gen 
INFO: [HLS 200-100] Command       ap_source returned 0; 0.001 sec.
INFO: [HLS 200-100] Execute       source C:/Xilinx/Vivado_HLS/2017.2/common/technology/generic/autopilot/op_simcore.gen 
INFO: [HLS 200-100] Command       ap_source returned 0; 0.004 sec.
INFO: [HLS 200-100] Execute       source C:/Xilinx/Vivado_HLS/2017.2/common/technology/generic/autopilot/interface.gen 
INFO: [HLS 200-100] Command       ap_source returned 0; 0 sec.
INFO: [HLS 200-100] Execute       source C:/Users/Lincoln/Desktop/ThesisRaw/trito/solution1/.autopilot/db/global.setting.tcl 
INFO: [HLS 200-100] Command       ap_source returned 0; 0.001 sec.
INFO: [HLS 200-100] Execute       source C:/Xilinx/Vivado_HLS/2017.2/common/technology/xilinx/zynquplus/zynquplus.gen 
INFO: [HLS 200-100] Execute         source C:/Xilinx/Vivado_HLS/2017.2/common/technology/xilinx/common/virtex.gen 
INFO: [HLS 200-100] Execute           source C:/Xilinx/Vivado_HLS/2017.2/common/technology/xilinx/common/xilinx.gen 
INFO: [HLS 200-100] Execute             source C:/Xilinx/Vivado_HLS/2017.2/common/technology/xilinx/interface/plb46.gen 
INFO: [HLS 200-100] Command             ap_source returned 0; 0.003 sec.
INFO: [HLS 200-100] Execute             source C:/Xilinx/Vivado_HLS/2017.2/common/technology/xilinx/interface/fsl.gen 
INFO: [HLS 200-100] Command             ap_source returned 0; 0.002 sec.
INFO: [HLS 200-100] Execute             source C:/Xilinx/Vivado_HLS/2017.2/common/technology/xilinx/interface/axi4.gen 
INFO: [HLS 200-100] Command             ap_source returned 0; 0.006 sec.
INFO: [HLS 200-100] Execute             source C:/Xilinx/Vivado_HLS/2017.2/common/technology/xilinx/interface/nativeAXI4.gen 
INFO: [HLS 200-100] Execute               source C:/Xilinx/Vivado_HLS/2017.2/common/technology/xilinx/interface/saxilite.gen 
INFO: [HLS 200-100] Command               ap_source returned 0; 0.009 sec.
INFO: [HLS 200-100] Execute               source C:/Xilinx/Vivado_HLS/2017.2/common/technology/xilinx/interface/maxi.gen 
INFO: [HLS 200-100] Command               ap_source returned 0; 0.016 sec.
INFO: [HLS 200-100] Command             ap_source returned 0; 0.028 sec.
INFO: [HLS 200-100] Execute             source C:/Xilinx/Vivado_HLS/2017.2/common/technology/xilinx/scripts/xilinxcoregen.gen 
INFO: [HLS 200-100] Command             ap_source returned 0; 0.017 sec.
INFO: [HLS 200-100] Execute             source C:/Xilinx/Vivado_HLS/2017.2/common/technology/xilinx/interface/XilEDKCoreGen.gen 
INFO: [HLS 200-100] Command             ap_source returned 0; 0.014 sec.
INFO: [HLS 200-100] Execute             source C:/Xilinx/Vivado_HLS/2017.2/common/technology/xilinx/ip/dds_compiler.gen 
INFO: [HLS 200-100] Command             ap_source returned 0; 0.005 sec.
INFO: [HLS 200-100] Execute             source C:/Xilinx/Vivado_HLS/2017.2/common/technology/xilinx/ip/util.gen 
INFO: [HLS 200-100] Command             ap_source returned 0; 0.001 sec.
INFO: [HLS 200-100] Execute             source C:/Xilinx/Vivado_HLS/2017.2/common/technology/xilinx/ip/xfft.gen 
INFO: [HLS 200-100] Command             ap_source returned 0; 0.145 sec.
INFO: [HLS 200-100] Execute             source C:/Xilinx/Vivado_HLS/2017.2/common/technology/xilinx/ip/xfir.gen 
INFO: [HLS 200-100] Command             ap_source returned 0; 0.002 sec.
INFO: [HLS 200-100] Command           ap_source returned 0; 0.233 sec.
INFO: [HLS 200-100] Execute           source C:/Xilinx/Vivado_HLS/2017.2/common/technology/xilinx/common/dsp48.gen 
INFO: [HLS 200-100] Command           ap_source returned 0; 0.001 sec.
INFO: [HLS 200-100] Command         ap_source returned 0; 0.238 sec.
INFO: [HLS 200-100] Command       ap_source returned 0; 0.239 sec.
INFO: [HLS 200-100] Execute       source C:/Xilinx/Vivado_HLS/2017.2/common/technology/xilinx/zynquplus/zynquplus_fpv7.gen 
INFO: [HLS 200-100] Execute         source C:/Xilinx/Vivado_HLS/2017.2/common/technology/xilinx/common/xilinx_fpv6.gen 
INFO: [HLS 200-100] Command         ap_source returned 0; 0.002 sec.
INFO: [HLS 200-100] Command       ap_source returned 0; 0.003 sec.
INFO: [HLS 200-100] Execute       source C:/Users/Lincoln/Desktop/ThesisRaw/trito/solution1/.autopilot/db/global.setting.tcl 
INFO: [HLS 200-100] Command       ap_source returned 0; 0.001 sec.
INFO: [HLS 200-100] Execute       source C:/Users/Lincoln/Desktop/ThesisRaw/trito/solution1/.autopilot/db/global.setting.tcl 
INFO: [HLS 200-100] Command       ap_source returned 0; 0.001 sec.
INFO: [HLS 200-100] Execute       source C:/Users/Lincoln/Desktop/ThesisRaw/trito/solution1/.autopilot/db/global.setting.tcl 
INFO: [HLS 200-100] Command       ap_source returned 0; 0.001 sec.
INFO: [HLS 200-100] Execute       source C:/Users/Lincoln/Desktop/ThesisRaw/trito/solution1/.autopilot/db/global.setting.tcl 
INFO: [HLS 200-100] Command       ap_source returned 0; 0.001 sec.
INFO: [HLS 200-100] Execute       source C:/Users/Lincoln/Desktop/ThesisRaw/trito/solution1/.autopilot/db/KeySchedule.compgen.tcl 
INFO: [RTMG 210-279] Implementing memory 'KeySchedule_Sbox_rom' using auto ROMs.
INFO: [RTMG 210-279] Implementing memory 'KeySchedule_Rcon0_rom' using distributed ROMs.
INFO: [HLS 200-100] Command       ap_source returned 0; 0.149 sec.
INFO: [HLS 200-100] Execute       source C:/Users/Lincoln/Desktop/ThesisRaw/trito/solution1/.autopilot/db/AddRoundKey.compgen.tcl 
INFO: [HLS 200-100] Command       ap_source returned 0; 0.001 sec.
INFO: [HLS 200-100] Execute       source C:/Users/Lincoln/Desktop/ThesisRaw/trito/solution1/.autopilot/db/ByteSub_ShiftRow.compgen.tcl 
INFO: [HLS 200-100] Command       ap_source returned 0; 0.002 sec.
INFO: [HLS 200-100] Execute       source C:/Users/Lincoln/Desktop/ThesisRaw/trito/solution1/.autopilot/db/MixColumn_AddRoundKe.compgen.tcl 
INFO: [RTMG 210-278] Implementing memory 'MixColumn_AddRoundEe_ram' using block RAMs.
INFO: [HLS 200-100] Command       ap_source returned 0; 0.056 sec.
INFO: [HLS 200-100] Execute       source C:/Users/Lincoln/Desktop/ThesisRaw/trito/solution1/.autopilot/db/aes_main.compgen.tcl 
INFO: [RTMG 210-278] Implementing memory 'aes_main_worda_ram' using block RAMs with power-on initialization.
INFO: [HLS 200-100] Command       ap_source returned 0; 0.059 sec.
INFO: [HLS 200-111] Finished generating all RTL models Time (s): cpu = 00:00:06 ; elapsed = 00:00:17 . Memory (MB): peak = 171.512 ; gain = 121.887
INFO: [SYSC 207-301] Generating SystemC RTL for aes_main.
INFO: [VHDL 208-304] Generating VHDL RTL for aes_main.
INFO: [VLOG 209-307] Generating Verilog RTL for aes_main.
INFO: [HLS 200-100] Command     autosyn returned 0; 7.668 sec.
INFO: [HLS 200-100] Command   csynth_design returned 0; 15.074 sec.
INFO: [HLS 200-100] Command ap_source returned 0; 15.981 sec.
INFO: [HLS 200-100] Execute cleanup_all 
INFO: [HLS 200-100] Command cleanup_all returned 0; 0.02 sec.
