

================================================================
== Vivado HLS Report for 'encrypt_128_key_expand_inline_no_branch'
================================================================
* Date:           Tue Mar 27 22:16:42 2018

* Version:        2017.2 (Build 1909853 on Thu Jun 15 18:55:24 MDT 2017)
* Project:        First
* Solution:       solution1
* Product family: zynquplus
* Target device:  xczu7eg-ffvf1517-2l-e


================================================================
== Performance Estimates
================================================================
+ Timing (ns): 
    * Summary: 
    +--------+-------+----------+------------+
    |  Clock | Target| Estimated| Uncertainty|
    +--------+-------+----------+------------+
    |ap_clk  |  10.00|      2.06|        1.25|
    +--------+-------+----------+------------+

+ Latency (clock cycles): 
    * Summary: 
    +-----+-----+-----+-----+---------+
    |  Latency  |  Interval | Pipeline|
    | min | max | min | max |   Type  |
    +-----+-----+-----+-----+---------+
    |   51|   51|   52|   52|   none  |
    +-----+-----+-----+-----+---------+

    + Detail: 
        * Instance: 
        N/A

        * Loop: 
        +----------+-----+-----+----------+-----------+-----------+------+----------+
        |          |  Latency  | Iteration|  Initiation Interval  | Trip |          |
        | Loop Name| min | max |  Latency |  achieved |   target  | Count| Pipelined|
        +----------+-----+-----+----------+-----------+-----------+------+----------+
        |- Loop 1  |   45|   45|         5|          -|          -|     9|    no    |
        +----------+-----+-----+----------+-----------+-----------+------+----------+



================================================================
== Utilization Estimates
================================================================
* Summary: 
+-----------------+---------+-------+--------+--------+-----+
|       Name      | BRAM_18K| DSP48E|   FF   |   LUT  | URAM|
+-----------------+---------+-------+--------+--------+-----+
|DSP              |        -|      -|       -|       -|    -|
|Expression       |        -|      -|    1697|    2017|    -|
|FIFO             |        -|      -|       -|       -|    -|
|Instance         |        -|      -|       -|       -|    -|
|Memory           |       32|      -|       0|       0|    -|
|Multiplexer      |        -|      -|       -|     573|    -|
|Register         |        -|      -|     915|       -|    -|
+-----------------+---------+-------+--------+--------+-----+
|Total            |       32|      0|    2612|    2590|    0|
+-----------------+---------+-------+--------+--------+-----+
|Available        |      624|   1728|  460800|  230400|   96|
+-----------------+---------+-------+--------+--------+-----+
|Utilization (%)  |        5|      0|   ~0   |       1|    0|
+-----------------+---------+-------+--------+--------+-----+

+ Detail: 
    * Instance: 
    N/A

    * DSP48: 
    N/A

    * Memory: 
    +-----------+----------------------+---------+---+----+------+-----+------+-------------+
    |   Memory  |        Module        | BRAM_18K| FF| LUT| Words| Bits| Banks| W*Bits*Banks|
    +-----------+----------------------+---------+---+----+------+-----+------+-------------+
    |table_0_U  |encrypt_128_key_ebkb  |       32|  0|   0|  1024|    8|     1|         8192|
    +-----------+----------------------+---------+---+----+------+-----+------+-------------+
    |Total      |                      |       32|  0|   0|  1024|    8|     1|         8192|
    +-----------+----------------------+---------+---+----+------+-----+------+-------------+

    * FIFO: 
    N/A

    * Expression: 
    +------------------------------+----------+-------+----+----+------------+------------+
    |         Variable Name        | Operation| DSP48E| FF | LUT| Bitwidth P0| Bitwidth P1|
    +------------------------------+----------+-------+----+----+------------+------------+
    |i_1_fu_1340_p2                |     +    |      0|  17|  10|           1|           4|
    |new_index10_fu_1968_p2        |     +    |      0|  35|  16|           2|          10|
    |new_index11_fu_1979_p2        |     +    |      0|  35|  16|           2|          10|
    |new_index12_fu_2002_p2        |     +    |      0|  35|  16|           1|          10|
    |new_index13_fu_2013_p2        |     +    |      0|  35|  16|           2|          10|
    |new_index14_fu_2024_p2        |     +    |      0|  35|  16|           2|          10|
    |new_index15_fu_2047_p2        |     +    |      0|  35|  16|           1|          10|
    |new_index16_fu_2058_p2        |     +    |      0|  35|  16|           2|          10|
    |new_index17_fu_2069_p2        |     +    |      0|  35|  16|           2|          10|
    |new_index18_fu_2092_p2        |     +    |      0|  35|  16|           1|          10|
    |new_index19_fu_2103_p2        |     +    |      0|  35|  16|           2|          10|
    |new_index1_fu_1833_p2         |     +    |      0|  35|  16|           2|          10|
    |new_index20_fu_2114_p2        |     +    |      0|  35|  16|           2|          10|
    |new_index21_fu_2137_p2        |     +    |      0|  35|  16|           1|          10|
    |new_index22_fu_2148_p2        |     +    |      0|  35|  16|           2|          10|
    |new_index23_fu_2159_p2        |     +    |      0|  35|  16|           2|          10|
    |new_index24_fu_2187_p2        |     +    |      0|  35|  16|           1|          10|
    |new_index25_fu_2198_p2        |     +    |      0|  35|  16|           2|          10|
    |new_index26_fu_2209_p2        |     +    |      0|  35|  16|           2|          10|
    |new_index27_fu_2233_p2        |     +    |      0|  35|  16|           1|          10|
    |new_index28_fu_2244_p2        |     +    |      0|  35|  16|           2|          10|
    |new_index29_fu_2255_p2        |     +    |      0|  35|  16|           2|          10|
    |new_index2_fu_1844_p2         |     +    |      0|  35|  16|           2|          10|
    |new_index30_fu_2279_p2        |     +    |      0|  35|  16|           1|          10|
    |new_index31_fu_2290_p2        |     +    |      0|  35|  16|           2|          10|
    |new_index32_fu_2301_p2        |     +    |      0|  35|  16|           2|          10|
    |new_index33_fu_2325_p2        |     +    |      0|  35|  16|           1|          10|
    |new_index34_fu_2336_p2        |     +    |      0|  35|  16|           2|          10|
    |new_index35_fu_2347_p2        |     +    |      0|  35|  16|           2|          10|
    |new_index36_fu_2375_p2        |     +    |      0|  35|  16|           1|          10|
    |new_index37_fu_2386_p2        |     +    |      0|  35|  16|           2|          10|
    |new_index38_fu_2397_p2        |     +    |      0|  35|  16|           2|          10|
    |new_index39_fu_2421_p2        |     +    |      0|  35|  16|           1|          10|
    |new_index3_fu_1867_p2         |     +    |      0|  35|  16|           1|          10|
    |new_index40_fu_2432_p2        |     +    |      0|  35|  16|           2|          10|
    |new_index41_fu_2443_p2        |     +    |      0|  35|  16|           2|          10|
    |new_index42_fu_2467_p2        |     +    |      0|  35|  16|           1|          10|
    |new_index43_fu_2478_p2        |     +    |      0|  35|  16|           2|          10|
    |new_index44_fu_2489_p2        |     +    |      0|  35|  16|           2|          10|
    |new_index45_fu_2513_p2        |     +    |      0|  35|  16|           1|          10|
    |new_index46_fu_2524_p2        |     +    |      0|  35|  16|           2|          10|
    |new_index47_fu_2535_p2        |     +    |      0|  35|  16|           2|          10|
    |new_index4_fu_1878_p2         |     +    |      0|  35|  16|           2|          10|
    |new_index5_fu_1889_p2         |     +    |      0|  35|  16|           2|          10|
    |new_index6_fu_1912_p2         |     +    |      0|  35|  16|           1|          10|
    |new_index7_fu_1923_p2         |     +    |      0|  35|  16|           2|          10|
    |new_index8_fu_1934_p2         |     +    |      0|  35|  16|           2|          10|
    |new_index9_fu_1957_p2         |     +    |      0|  35|  16|           1|          10|
    |new_index_fu_1822_p2          |     +    |      0|  35|  16|           1|          10|
    |exitcond_fu_1278_p2           |   icmp   |      0|   0|   2|           4|           4|
    |tmp_131_cast_cast_fu_1776_p3  |  select  |      0|   0|   5|           1|           5|
    |grp_fu_1256_p2                |    xor   |      0|   0|  32|          32|          32|
    |grp_fu_1263_p2                |    xor   |      0|   0|  32|          32|          32|
    |k0_1_cast1_fu_2906_p2         |    xor   |      0|   0|  24|          24|          24|
    |k0_1_cast_fu_2912_p2          |    xor   |      0|   0|  16|          16|          16|
    |k0_1_fu_2900_p2               |    xor   |      0|   0|  32|          32|          32|
    |k0_4_fu_1796_p2               |    xor   |      0|   0|  32|          32|          32|
    |k1_1_cast1_fu_2948_p2         |    xor   |      0|   0|  24|          24|          24|
    |k1_1_cast_fu_2954_p2          |    xor   |      0|   0|  16|          16|          16|
    |k1_1_fu_2942_p2               |    xor   |      0|   0|  32|          32|          32|
    |k1_4_fu_2546_p2               |    xor   |      0|   0|  32|          32|          32|
    |k2_1_cast1_fu_2984_p2         |    xor   |      0|   0|  24|          24|          24|
    |k2_1_cast_fu_2990_p2          |    xor   |      0|   0|  16|          16|          16|
    |k2_1_fu_2978_p2               |    xor   |      0|   0|  32|          32|          32|
    |k2_4_fu_2551_p2               |    xor   |      0|   0|  32|          32|          32|
    |k3_1_cast1_fu_3008_p2         |    xor   |      0|   0|  24|          24|          24|
    |k3_1_cast_fu_3013_p2          |    xor   |      0|   0|  16|          16|          16|
    |k3_1_fu_3002_p2               |    xor   |      0|   0|  32|          32|          32|
    |k3_4_fu_2557_p2               |    xor   |      0|   0|  32|          32|          32|
    |tmp10_fu_2785_p2              |    xor   |      0|   0|  32|          32|          32|
    |tmp11_fu_2886_p2              |    xor   |      0|   0|  32|          32|           6|
    |tmp12_fu_2918_p2              |    xor   |      0|   0|   8|           8|           6|
    |tmp13_fu_2804_p2              |    xor   |      0|   0|  32|          32|          32|
    |tmp14_fu_2816_p2              |    xor   |      0|   0|  32|          32|          32|
    |tmp15_fu_2810_p2              |    xor   |      0|   0|  32|          32|          32|
    |tmp18_fu_2828_p2              |    xor   |      0|   0|  32|          32|          32|
    |tmp19_fu_2840_p2              |    xor   |      0|   0|  32|          32|          32|
    |tmp20_fu_2834_p2              |    xor   |      0|   0|  32|          32|          32|
    |tmp23_fu_3206_p2              |    xor   |      0|   0|   8|           8|           8|
    |tmp3_fu_2755_p2               |    xor   |      0|   0|  32|          32|          32|
    |tmp4_fu_2766_p2               |    xor   |      0|   0|  32|          32|          32|
    |tmp5_fu_2761_p2               |    xor   |      0|   0|  32|          32|          32|
    |tmp8_fu_2779_p2               |    xor   |      0|   0|  32|          32|          32|
    |tmp9_fu_2791_p2               |    xor   |      0|   0|  32|          32|          32|
    |tmp_103_fu_2772_p2            |    xor   |      0|   0|  32|          32|          32|
    |tmp_108_fu_2797_p2            |    xor   |      0|   0|  32|          32|          32|
    |tmp_113_fu_2822_p2            |    xor   |      0|   0|  32|          32|          32|
    |tmp_118_fu_2846_p2            |    xor   |      0|   0|  32|          32|          32|
    |tmp_16_fu_2924_p2             |    xor   |      0|   0|   8|           8|           8|
    |tmp_20_fu_2960_p2             |    xor   |      0|   0|   8|           8|           8|
    |tmp_24_fu_2996_p2             |    xor   |      0|   0|   8|           8|           8|
    |tmp_27_fu_3018_p2             |    xor   |      0|   0|   8|           8|           8|
    |tmp_31_fu_3034_p2             |    xor   |      0|   0|   8|           8|           8|
    |tmp_35_fu_3050_p2             |    xor   |      0|   0|   8|           8|           8|
    |tmp_39_fu_3066_p2             |    xor   |      0|   0|   8|           8|           8|
    |tmp_42_fu_3085_p2             |    xor   |      0|   0|   8|           8|           8|
    |tmp_46_fu_3101_p2             |    xor   |      0|   0|   8|           8|           8|
    |tmp_50_fu_3117_p2             |    xor   |      0|   0|   8|           8|           8|
    |tmp_54_fu_3133_p2             |    xor   |      0|   0|   8|           8|           8|
    |tmp_57_fu_3152_p2             |    xor   |      0|   0|   8|           8|           8|
    |tmp_61_fu_3168_p2             |    xor   |      0|   0|   8|           8|           8|
    |tmp_65_fu_3184_p2             |    xor   |      0|   0|   8|           8|           8|
    |tmp_69_fu_3200_p2             |    xor   |      0|   0|   8|           8|           8|
    |tmp_72_fu_3211_p2             |    xor   |      0|   0|   8|           8|           8|
    |tmp_76_fu_3227_p2             |    xor   |      0|   0|   8|           8|           8|
    |tmp_80_fu_3243_p2             |    xor   |      0|   0|   8|           8|           8|
    |tmp_84_fu_3259_p2             |    xor   |      0|   0|   8|           8|           8|
    |tmp_96_fu_1784_p2             |    xor   |      0|   0|   8|           8|           8|
    |tmp_97_fu_1790_p2             |    xor   |      0|   0|  32|          32|          32|
    +------------------------------+----------+-------+----+----+------------+------------+
    |Total                         |          |      0|1697|2017|        1318|        1697|
    +------------------------------+----------+-------+----+----+------------+------------+

    * Multiplexer: 
    +--------------------+----+-----------+-----+-----------+
    |        Name        | LUT| Input Size| Bits| Total Bits|
    +--------------------+----+-----------+-----+-----------+
    |ap_NS_fsm           |  65|         12|    1|         12|
    |i_reg_1135          |   9|          2|    4|          8|
    |k4_reg_1115         |   9|          2|   32|         64|
    |k5_reg_1125         |   9|          2|   32|         64|
    |k_reg_1105          |   9|          2|   32|         64|
    |key_address0        |  13|          3|    2|          6|
    |key_address1        |  13|          3|    2|          6|
    |p_in1_reg_1086      |   9|          2|   32|         64|
    |p_in89_in_reg_1068  |   9|          2|   32|         64|
    |p_in90_in_reg_1077  |   9|          2|   32|         64|
    |p_in_in_reg_1059    |   9|          2|   32|         64|
    |rcon_reg_1146       |   9|          2|    8|         16|
    |state_address0      |  25|          5|    2|         10|
    |state_address1      |  25|          5|    2|         10|
    |state_d0            |  33|          6|   32|        192|
    |state_d1            |  33|          6|   32|        192|
    |table_0_address0    |  17|          4|   10|         40|
    |table_0_address1    |  17|          4|   10|         40|
    |table_0_address10   |  13|          3|   10|         30|
    |table_0_address11   |  13|          3|   10|         30|
    |table_0_address12   |  13|          3|   10|         30|
    |table_0_address13   |  13|          3|   10|         30|
    |table_0_address14   |  13|          3|   10|         30|
    |table_0_address15   |  13|          3|   10|         30|
    |table_0_address16   |  13|          3|   10|         30|
    |table_0_address17   |  13|          3|   10|         30|
    |table_0_address18   |  13|          3|   10|         30|
    |table_0_address19   |  13|          3|   10|         30|
    |table_0_address2    |  17|          4|   10|         40|
    |table_0_address3    |  17|          4|   10|         40|
    |table_0_address4    |  13|          3|   10|         30|
    |table_0_address5    |  13|          3|   10|         30|
    |table_0_address6    |  13|          3|   10|         30|
    |table_0_address7    |  13|          3|   10|         30|
    |table_0_address8    |  13|          3|   10|         30|
    |table_0_address9    |  13|          3|   10|         30|
    |temp_reg_1095       |   9|          2|   32|         64|
    +--------------------+----+-----------+-----+-----------+
    |Total               | 573|        124|  541|       1604|
    +--------------------+----+-----------+-----+-----------+

    * Register: 
    +-----------------------+----+----+-----+-----------+
    |          Name         | FF | LUT| Bits| Const Bits|
    +-----------------------+----+----+-----+-----------+
    |ap_CS_fsm              |  11|   0|   11|          0|
    |i_1_reg_3396           |   4|   0|    4|          0|
    |i_reg_1135             |   4|   0|    4|          0|
    |k0_4_reg_3511          |  32|   0|   32|          0|
    |k0_reg_3313            |  32|   0|   32|          0|
    |k1_4_reg_3878          |  32|   0|   32|          0|
    |k1_reg_3318            |  32|   0|   32|          0|
    |k2_4_reg_3883          |  32|   0|   32|          0|
    |k3_4_reg_3888          |  32|   0|   32|          0|
    |k4_reg_1115            |  32|   0|   32|          0|
    |k5_reg_1125            |  32|   0|   32|          0|
    |k_reg_1105             |  32|   0|   32|          0|
    |p_in1_reg_1086         |  32|   0|   32|          0|
    |p_in89_in_reg_1068     |  32|   0|   32|          0|
    |p_in90_in_reg_1077     |  32|   0|   32|          0|
    |p_in_in_reg_1059       |  32|   0|   32|          0|
    |rcon_reg_1146          |   8|   0|    8|          0|
    |reg_1248               |  32|   0|   32|          0|
    |reg_1252               |  32|   0|   32|          0|
    |state_assign_reg_3333  |  32|   0|   32|          0|
    |temp_reg_1095          |  32|   0|   32|          0|
    |tmp_100_reg_3523       |   8|   0|    8|          0|
    |tmp_101_reg_3528       |   8|   0|    8|          0|
    |tmp_102_reg_3533       |   8|   0|    8|          0|
    |tmp_103_reg_3893       |  32|   0|   32|          0|
    |tmp_104_reg_3538       |   8|   0|    8|          0|
    |tmp_105_reg_3543       |   8|   0|    8|          0|
    |tmp_106_reg_3548       |   8|   0|    8|          0|
    |tmp_107_reg_3553       |   8|   0|    8|          0|
    |tmp_108_reg_3898       |  32|   0|   32|          0|
    |tmp_113_reg_3903       |  32|   0|   32|          0|
    |tmp_118_reg_3909       |  32|   0|   32|          0|
    |tmp_11_reg_3416        |   8|   0|    8|          0|
    |tmp_57_reg_3915        |   8|   0|    8|          0|
    |tmp_61_reg_3920        |   8|   0|    8|          0|
    |tmp_65_reg_3925        |   8|   0|    8|          0|
    |tmp_69_reg_3930        |   8|   0|    8|          0|
    |tmp_72_reg_3935        |   8|   0|    8|          0|
    |tmp_76_reg_3940        |   8|   0|    8|          0|
    |tmp_80_reg_3945        |   8|   0|    8|          0|
    |tmp_84_reg_3950        |   8|   0|    8|          0|
    |tmp_8_reg_3363         |  24|   0|   24|          0|
    |tmp_96_reg_3506        |   8|   0|    8|          0|
    |tmp_99_reg_3518        |   8|   0|    8|          0|
    |tmp_9_reg_3368         |  16|   0|   16|          0|
    |tmp_reg_3338           |  32|   0|   32|          0|
    +-----------------------+----+----+-----+-----------+
    |Total                  | 915|   0|  915|          0|
    +-----------------------+----+----+-----+-----------+



================================================================
== Interface
================================================================
* Summary: 
+----------------+-----+-----+------------+-----------------------------------------+--------------+
|    RTL Ports   | Dir | Bits|  Protocol  |              Source Object              |    C Type    |
+----------------+-----+-----+------------+-----------------------------------------+--------------+
|ap_clk          |  in |    1| ap_ctrl_hs | encrypt_128_key_expand_inline_no_branch | return value |
|ap_rst          |  in |    1| ap_ctrl_hs | encrypt_128_key_expand_inline_no_branch | return value |
|ap_start        |  in |    1| ap_ctrl_hs | encrypt_128_key_expand_inline_no_branch | return value |
|ap_done         | out |    1| ap_ctrl_hs | encrypt_128_key_expand_inline_no_branch | return value |
|ap_idle         | out |    1| ap_ctrl_hs | encrypt_128_key_expand_inline_no_branch | return value |
|ap_ready        | out |    1| ap_ctrl_hs | encrypt_128_key_expand_inline_no_branch | return value |
|state_address0  | out |    2|  ap_memory |                  state                  |     array    |
|state_ce0       | out |    1|  ap_memory |                  state                  |     array    |
|state_we0       | out |    1|  ap_memory |                  state                  |     array    |
|state_d0        | out |   32|  ap_memory |                  state                  |     array    |
|state_q0        |  in |   32|  ap_memory |                  state                  |     array    |
|state_address1  | out |    2|  ap_memory |                  state                  |     array    |
|state_ce1       | out |    1|  ap_memory |                  state                  |     array    |
|state_we1       | out |    1|  ap_memory |                  state                  |     array    |
|state_d1        | out |   32|  ap_memory |                  state                  |     array    |
|state_q1        |  in |   32|  ap_memory |                  state                  |     array    |
|key_address0    | out |    2|  ap_memory |                   key                   |     array    |
|key_ce0         | out |    1|  ap_memory |                   key                   |     array    |
|key_q0          |  in |   32|  ap_memory |                   key                   |     array    |
|key_address1    | out |    2|  ap_memory |                   key                   |     array    |
|key_ce1         | out |    1|  ap_memory |                   key                   |     array    |
|key_q1          |  in |   32|  ap_memory |                   key                   |     array    |
+----------------+-----+-----+------------+-----------------------------------------+--------------+

