

================================================================
== Vivado HLS Report for 'Cipher'
================================================================
* Date:           Fri Apr  6 17:58:49 2018

* Version:        2017.2 (Build 1909853 on Thu Jun 15 18:55:24 MDT 2017)
* Project:        Second
* Solution:       solution1
* Product family: zynquplus
* Target device:  xczu7eg-ffvf1517-1l-i


================================================================
== Performance Estimates
================================================================
+ Timing (ns): 
    * Summary: 
    +--------+-------+----------+------------+
    |  Clock | Target| Estimated| Uncertainty|
    +--------+-------+----------+------------+
    |ap_clk  |  10.00|      3.28|        1.25|
    +--------+-------+----------+------------+

+ Latency (clock cycles): 
    * Summary: 
    +-----+-----+-----+-----+---------+
    |  Latency  |  Interval | Pipeline|
    | min | max | min | max |   Type  |
    +-----+-----+-----+-----+---------+
    |  509|  509|  510|  510|   none  |
    +-----+-----+-----+-----+---------+

    + Detail: 
        * Instance: 
        +-------------------------+--------------+-----+-----+-----+-----+----------+
        |                         |              |  Latency  |  Interval | Pipeline |
        |         Instance        |    Module    | min | max | min | max |   Type   |
        +-------------------------+--------------+-----+-----+-----+-----+----------+
        |grp_SubBytes_fu_169      |SubBytes      |   23|   23|   24|   24| function |
        |grp_KeyExpansion_fu_180  |KeyExpansion  |  250|  250|  250|  250|   none   |
        +-------------------------+--------------+-----+-----+-----+-----+----------+

        * Loop: 
        +------------------+-----+-----+----------+-----------+-----------+------+----------+
        |                  |  Latency  | Iteration|  Initiation Interval  | Trip |          |
        |     Loop Name    | min | max |  Latency |  achieved |   target  | Count| Pipelined|
        +------------------+-----+-----+----------+-----------+-----------+------+----------+
        |- Loop 1          |   16|   16|         4|          -|          -|     4|    no    |
        |- Cipher_label34  |  216|  216|        25|         24|          1|     9|    yes   |
        +------------------+-----+-----+----------+-----------+-----------+------+----------+



================================================================
== Utilization Estimates
================================================================
* Summary: 
+-----------------+---------+-------+--------+--------+-----+
|       Name      | BRAM_18K| DSP48E|   FF   |   LUT  | URAM|
+-----------------+---------+-------+--------+--------+-----+
|DSP              |        -|      -|       -|       -|    -|
|Expression       |        -|      -|      68|     124|    -|
|FIFO             |        -|      -|       -|       -|    -|
|Instance         |        3|      -|    2251|    3432|    -|
|Memory           |        2|      -|       0|       0|    -|
|Multiplexer      |        -|      -|       -|     561|    -|
|Register         |        -|      -|     155|       -|    -|
+-----------------+---------+-------+--------+--------+-----+
|Total            |        5|      0|    2474|    4117|    0|
+-----------------+---------+-------+--------+--------+-----+
|Available        |      624|   1728|  460800|  230400|   96|
+-----------------+---------+-------+--------+--------+-----+
|Utilization (%)  |    ~0   |      0|   ~0   |       1|    0|
+-----------------+---------+-------+--------+--------+-----+

+ Detail: 
    * Instance: 
    +-------------------------+--------------+---------+-------+------+------+
    |         Instance        |    Module    | BRAM_18K| DSP48E|  FF  |  LUT |
    +-------------------------+--------------+---------+-------+------+------+
    |grp_KeyExpansion_fu_180  |KeyExpansion  |        2|      0|   462|   707|
    |grp_SubBytes_fu_169      |SubBytes      |        1|      0|  1789|  2725|
    +-------------------------+--------------+---------+-------+------+------+
    |Total                    |              |        3|      0|  2251|  3432|
    +-------------------------+--------------+---------+-------+------+------+

    * DSP48: 
    N/A

    * Memory: 
    +------------+-----------------+---------+---+----+------+-----+------+-------------+
    |   Memory   |      Module     | BRAM_18K| FF| LUT| Words| Bits| Banks| W*Bits*Banks|
    +------------+-----------------+---------+---+----+------+-----+------+-------------+
    |RoundKey_U  |Cipher_RoundKey  |        2|  0|   0|   240|   32|     1|         7680|
    +------------+-----------------+---------+---+----+------+-----+------+-------------+
    |Total       |                 |        2|  0|   0|   240|   32|     1|         7680|
    +------------+-----------------+---------+---+----+------+-----+------+-------------+

    * FIFO: 
    N/A

    * Expression: 
    +-------------------------+----------+-------+----+----+------------+------------+
    |      Variable Name      | Operation| DSP48E| FF | LUT| Bitwidth P0| Bitwidth P1|
    +-------------------------+----------+-------+----+----+------------+------------+
    |i_fu_264_p2              |     +    |      0|  14|   9|           3|           1|
    |tmp_49_fu_227_p2         |     +    |      0|  17|  10|           4|           3|
    |tmp_51_fu_247_p2         |     +    |      0|  20|  11|           5|           4|
    |tmp_fu_328_p2            |     +    |      0|  17|  10|           4|           1|
    |exitcond1_i_fu_258_p2    |   icmp   |      0|   0|   2|           3|           4|
    |exitcond_fu_317_p2       |   icmp   |      0|   0|   2|           4|           4|
    |sum3_1_i_fu_297_p2       |    or    |      0|   0|   4|           4|           2|
    |sum3_2_i_fu_307_p2       |    or    |      0|   0|   4|           4|           2|
    |sum3_i_fu_286_p2         |    or    |      0|   0|   4|           4|           1|
    |ap_enable_pp0            |    xor   |      0|   0|   2|           1|           2|
    |ap_enable_reg_pp0_iter1  |    xor   |      0|   0|   2|           1|           2|
    |grp_fu_200_p2            |    xor   |      0|   0|  32|          32|          32|
    |grp_fu_207_p2            |    xor   |      0|   0|  32|          32|          32|
    +-------------------------+----------+-------+----+----+------------+------------+
    |Total                    |          |      0|  68| 124|         101|          90|
    +-------------------------+----------+-------+----+----+------------+------------+

    * Multiplexer: 
    +---------------------------+-----+-----------+-----+-----------+
    |            Name           | LUT | Input Size| Bits| Total Bits|
    +---------------------------+-----+-----------+-----+-----------+
    |RoundKey_address0          |   27|          5|    8|         40|
    |RoundKey_address1          |   27|          5|    8|         40|
    |RoundKey_ce0               |   21|          4|    1|          4|
    |RoundKey_ce1               |   21|          4|    1|          4|
    |RoundKey_we0               |    9|          2|    1|          2|
    |RoundKey_we1               |    9|          2|    1|          2|
    |ap_NS_fsm                  |  246|         55|    1|         55|
    |ap_enable_reg_pp0_iter1    |   15|          3|    1|          3|
    |grp_SubBytes_fu_169_round  |   15|          3|    6|         18|
    |i_i_reg_146                |    9|          2|    3|          6|
    |round_phi_fu_161_p4        |    9|          2|    4|          8|
    |round_reg_157              |    9|          2|    4|          8|
    |state_address0             |   27|          5|    4|         20|
    |state_address1             |   27|          5|    4|         20|
    |state_ce0                  |   15|          3|    1|          3|
    |state_ce1                  |   15|          3|    1|          3|
    |state_d0                   |   15|          3|   32|         96|
    |state_d1                   |   15|          3|   32|         96|
    |state_we0                  |   15|          3|    1|          3|
    |state_we1                  |   15|          3|    1|          3|
    +---------------------------+-----+-----------+-----+-----------+
    |Total                      |  561|        117|  115|        434|
    +---------------------------+-----+-----------+-----+-----------+

    * Register: 
    +-----------------------------------------+----+----+-----+-----------+
    |                   Name                  | FF | LUT| Bits| Const Bits|
    +-----------------------------------------+----+----+-----+-----------+
    |ap_CS_fsm                                |  54|   0|   54|          0|
    |ap_enable_reg_pp0_iter0                  |   1|   0|    1|          0|
    |ap_enable_reg_pp0_iter1                  |   1|   0|    1|          0|
    |ap_reg_grp_KeyExpansion_fu_180_ap_start  |   1|   0|    1|          0|
    |ap_reg_grp_SubBytes_fu_169_ap_start      |   1|   0|    1|          0|
    |exitcond_reg_394                         |   1|   0|    1|          0|
    |i_i_reg_146                              |   3|   0|    3|          0|
    |i_reg_358                                |   3|   0|    3|          0|
    |reg_192                                  |  32|   0|   32|          0|
    |reg_196                                  |  32|   0|   32|          0|
    |round_reg_157                            |   4|   0|    4|          0|
    |state_addr_16_reg_339                    |   4|   0|    4|          0|
    |state_addr_17_reg_344                    |   3|   0|    4|          1|
    |state_addr_18_reg_349                    |   4|   0|    4|          0|
    |state_addr_reg_334                       |   3|   0|    4|          1|
    |tmp_52_reg_363                           |   2|   0|    2|          0|
    |tmp_i_reg_368                            |   2|   0|    4|          2|
    |tmp_reg_398                              |   4|   0|    4|          0|
    +-----------------------------------------+----+----+-----+-----------+
    |Total                                    | 155|   0|  159|          4|
    +-----------------------------------------+----+----+-----+-----------+



================================================================
== Interface
================================================================
* Summary: 
+----------------+-----+-----+------------+--------------+--------------+
|    RTL Ports   | Dir | Bits|  Protocol  | Source Object|    C Type    |
+----------------+-----+-----+------------+--------------+--------------+
|ap_clk          |  in |    1| ap_ctrl_hs |    Cipher    | return value |
|ap_rst          |  in |    1| ap_ctrl_hs |    Cipher    | return value |
|ap_start        |  in |    1| ap_ctrl_hs |    Cipher    | return value |
|ap_done         | out |    1| ap_ctrl_hs |    Cipher    | return value |
|ap_idle         | out |    1| ap_ctrl_hs |    Cipher    | return value |
|ap_ready        | out |    1| ap_ctrl_hs |    Cipher    | return value |
|state_address0  | out |    4|  ap_memory |     state    |     array    |
|state_ce0       | out |    1|  ap_memory |     state    |     array    |
|state_we0       | out |    1|  ap_memory |     state    |     array    |
|state_d0        | out |   32|  ap_memory |     state    |     array    |
|state_q0        |  in |   32|  ap_memory |     state    |     array    |
|state_address1  | out |    4|  ap_memory |     state    |     array    |
|state_ce1       | out |    1|  ap_memory |     state    |     array    |
|state_we1       | out |    1|  ap_memory |     state    |     array    |
|state_d1        | out |   32|  ap_memory |     state    |     array    |
|state_q1        |  in |   32|  ap_memory |     state    |     array    |
|Key_address0    | out |    5|  ap_memory |      Key     |     array    |
|Key_ce0         | out |    1|  ap_memory |      Key     |     array    |
|Key_q0          |  in |   32|  ap_memory |      Key     |     array    |
|Key_address1    | out |    5|  ap_memory |      Key     |     array    |
|Key_ce1         | out |    1|  ap_memory |      Key     |     array    |
|Key_q1          |  in |   32|  ap_memory |      Key     |     array    |
+----------------+-----+-----+------------+--------------+--------------+

