

================================================================
== Vivado HLS Report for 'KeyExpansion'
================================================================
* Date:           Fri Apr  6 17:58:46 2018

* Version:        2017.2 (Build 1909853 on Thu Jun 15 18:55:24 MDT 2017)
* Project:        Second
* Solution:       solution1
* Product family: zynquplus
* Target device:  xczu7eg-ffvf1517-1l-i


================================================================
== Performance Estimates
================================================================
+ Timing (ns): 
    * Summary: 
    +--------+-------+----------+------------+
    |  Clock | Target| Estimated| Uncertainty|
    +--------+-------+----------+------------+
    |ap_clk  |  10.00|      2.80|        1.25|
    +--------+-------+----------+------------+

+ Latency (clock cycles): 
    * Summary: 
    +-----+-----+-----+-----+---------+
    |  Latency  |  Interval | Pipeline|
    | min | max | min | max |   Type  |
    +-----+-----+-----+-----+---------+
    |  250|  250|  250|  250|   none  |
    +-----+-----+-----+-----+---------+

    + Detail: 
        * Instance: 
        N/A

        * Loop: 
        +-----------------------+-----+-----+----------+-----------+-----------+------+----------+
        |                       |  Latency  | Iteration|  Initiation Interval  | Trip |          |
        |       Loop Name       | min | max |  Latency |  achieved |   target  | Count| Pipelined|
        +-----------------------+-----+-----+----------+-----------+-----------+------+----------+
        |- KeyExpansion_label4  |  240|  240|         6|          6|          1|    40|    yes   |
        +-----------------------+-----+-----+----------+-----------+-----------+------+----------+



================================================================
== Utilization Estimates
================================================================
* Summary: 
+-----------------+---------+-------+--------+--------+-----+
|       Name      | BRAM_18K| DSP48E|   FF   |   LUT  | URAM|
+-----------------+---------+-------+--------+--------+-----+
|DSP              |        -|      -|       -|       -|    -|
|Expression       |        -|      -|     255|     320|    -|
|FIFO             |        -|      -|       -|       -|    -|
|Instance         |        -|      -|       -|       -|    -|
|Memory           |        2|      -|       0|       0|    -|
|Multiplexer      |        -|      -|       -|     387|    -|
|Register         |        -|      -|     207|       -|    -|
+-----------------+---------+-------+--------+--------+-----+
|Total            |        2|      0|     462|     707|    0|
+-----------------+---------+-------+--------+--------+-----+
|Available        |      624|   1728|  460800|  230400|   96|
+-----------------+---------+-------+--------+--------+-----+
|Utilization (%)  |    ~0   |      0|   ~0   |   ~0   |    0|
+-----------------+---------+-------+--------+--------+-----+

+ Detail: 
    * Instance: 
    N/A

    * DSP48: 
    N/A

    * Memory: 
    +--------+-------------------+---------+---+----+------+-----+------+-------------+
    | Memory |       Module      | BRAM_18K| FF| LUT| Words| Bits| Banks| W*Bits*Banks|
    +--------+-------------------+---------+---+----+------+-----+------+-------------+
    |Rcon_U  |KeyExpansion_Rcon  |        1|  0|   0|   255|    8|     1|         2040|
    |sbox_U  |KeyExpansion_sbox  |        1|  0|   0|   256|    8|     1|         2048|
    +--------+-------------------+---------+---+----+------+-----+------+-------------+
    |Total   |                   |        2|  0|   0|   511|   16|     2|         4088|
    +--------+-------------------+---------+---+----+------+-----+------+-------------+

    * FIFO: 
    N/A

    * Expression: 
    +---------------------+----------+-------+----+----+------------+------------+
    |    Variable Name    | Operation| DSP48E| FF | LUT| Bitwidth P0| Bitwidth P1|
    +---------------------+----------+-------+----+----+------------+------------+
    |i_fu_607_p2          |     +    |      0|  23|  12|           1|           6|
    |sum1_fu_673_p2       |     +    |      0|  29|  14|           5|           8|
    |sum2_fu_724_p2       |     +    |      0|  29|  14|           5|           8|
    |sum3_fu_734_p2       |     +    |      0|  29|  14|           5|           8|
    |sum8_1_fu_580_p2     |     +    |      0|  29|  14|           3|           8|
    |sum8_2_fu_621_p2     |     +    |      0|  29|  14|           3|           8|
    |sum8_3_fu_631_p2     |     +    |      0|  29|  14|           2|           8|
    |sum8_fu_569_p2       |     +    |      0|  29|  14|           4|           8|
    |sum_fu_663_p2        |     +    |      0|  29|  14|           6|           8|
    |exitcond1_fu_551_p2  |   icmp   |      0|   0|   3|           6|           6|
    |tmp_2_fu_591_p2      |   icmp   |      0|   0|   1|           2|           1|
    |tmp_22_fu_758_p2     |    or    |      0|   0|   8|           8|           1|
    |tmp_25_fu_784_p2     |    or    |      0|   0|   8|           8|           2|
    |tmp_28_fu_804_p2     |    or    |      0|   0|   8|           8|           2|
    |temp_0_2_fu_698_p3   |  select  |      0|   0|   8|           1|           8|
    |temp_1_2_fu_692_p3   |  select  |      0|   0|   8|           1|           8|
    |temp_2_2_fu_752_p3   |  select  |      0|   0|   8|           1|           8|
    |temp_3_2_fu_778_p3   |  select  |      0|   0|   8|           1|           8|
    |temp_0_fu_687_p2     |    xor   |      0|   0|   8|           8|           8|
    |tmp_19_fu_708_p2     |    xor   |      0|   0|  32|          32|          32|
    |tmp_21_fu_718_p2     |    xor   |      0|   0|  32|          32|          32|
    |tmp_24_fu_772_p2     |    xor   |      0|   0|  32|          32|          32|
    |tmp_27_fu_798_p2     |    xor   |      0|   0|  32|          32|          32|
    +---------------------+----------+-------+----+----+------------+------------+
    |Total                |          |      0| 255| 320|         206|         250|
    +---------------------+----------+-------+----+----+------------+------------+

    * Multiplexer: 
    +-------------------+----+-----------+-----+-----------+
    |        Name       | LUT| Input Size| Bits| Total Bits|
    +-------------------+----+-----------+-----+-----------+
    |Key_address0       |  49|          9|    5|         45|
    |Key_address1       |  49|          9|    5|         45|
    |RoundKey_address0  |  65|         15|    8|        120|
    |RoundKey_address1  |  65|         15|    8|        120|
    |RoundKey_d0        |  21|          4|   32|        128|
    |RoundKey_d1        |  21|          4|   32|        128|
    |ap_NS_fsm          |  81|         17|    1|         17|
    |i_1_reg_540        |   9|          2|    6|         12|
    |sbox_address0      |  27|          5|    8|         40|
    +-------------------+----+-----------+-----+-----------+
    |Total              | 387|         80|  105|        655|
    +-------------------+----+-----------+-----+-----------+

    * Register: 
    +--------------------------+----+----+-----+-----------+
    |           Name           | FF | LUT| Bits| Const Bits|
    +--------------------------+----+----+-----+-----------+
    |RoundKey_load_5_reg_1036  |  32|   0|   32|          0|
    |ap_CS_fsm                 |  16|   0|   16|          0|
    |i_1_reg_540               |   6|   0|    6|          0|
    |i_reg_934                 |   6|   0|    6|          0|
    |p_lshr_f_cast_reg_929     |   4|   0|    4|          0|
    |sbox_load_reg_976         |   8|   0|    8|          0|
    |temp_0_3_reg_939          |   8|   0|    8|          0|
    |temp_1_reg_945            |   8|   0|    8|          0|
    |temp_2_reg_965            |   8|   0|    8|          0|
    |temp_3_reg_970            |   8|   0|    8|          0|
    |tmp_19_reg_1006           |  32|   0|   32|          0|
    |tmp_21_reg_1011           |  32|   0|   32|          0|
    |tmp_24_reg_1031           |  32|   0|   32|          0|
    |tmp_2_reg_921             |   1|   0|    1|          0|
    |tmp_s_reg_897             |   6|   0|    8|          2|
    +--------------------------+----+----+-----+-----------+
    |Total                     | 207|   0|  209|          2|
    +--------------------------+----+----+-----+-----------+



================================================================
== Interface
================================================================
* Summary: 
+-------------------+-----+-----+------------+--------------+--------------+
|     RTL Ports     | Dir | Bits|  Protocol  | Source Object|    C Type    |
+-------------------+-----+-----+------------+--------------+--------------+
|ap_clk             |  in |    1| ap_ctrl_hs | KeyExpansion | return value |
|ap_rst             |  in |    1| ap_ctrl_hs | KeyExpansion | return value |
|ap_start           |  in |    1| ap_ctrl_hs | KeyExpansion | return value |
|ap_done            | out |    1| ap_ctrl_hs | KeyExpansion | return value |
|ap_idle            | out |    1| ap_ctrl_hs | KeyExpansion | return value |
|ap_ready           | out |    1| ap_ctrl_hs | KeyExpansion | return value |
|RoundKey_address0  | out |    8|  ap_memory |   RoundKey   |     array    |
|RoundKey_ce0       | out |    1|  ap_memory |   RoundKey   |     array    |
|RoundKey_we0       | out |    1|  ap_memory |   RoundKey   |     array    |
|RoundKey_d0        | out |   32|  ap_memory |   RoundKey   |     array    |
|RoundKey_q0        |  in |   32|  ap_memory |   RoundKey   |     array    |
|RoundKey_address1  | out |    8|  ap_memory |   RoundKey   |     array    |
|RoundKey_ce1       | out |    1|  ap_memory |   RoundKey   |     array    |
|RoundKey_we1       | out |    1|  ap_memory |   RoundKey   |     array    |
|RoundKey_d1        | out |   32|  ap_memory |   RoundKey   |     array    |
|RoundKey_q1        |  in |   32|  ap_memory |   RoundKey   |     array    |
|Key_address0       | out |    5|  ap_memory |      Key     |     array    |
|Key_ce0            | out |    1|  ap_memory |      Key     |     array    |
|Key_q0             |  in |   32|  ap_memory |      Key     |     array    |
|Key_address1       | out |    5|  ap_memory |      Key     |     array    |
|Key_ce1            | out |    1|  ap_memory |      Key     |     array    |
|Key_q1             |  in |   32|  ap_memory |      Key     |     array    |
+-------------------+-----+-----+------------+--------------+--------------+

