

================================================================
== Vivado HLS Report for 'KeyExpansion'
================================================================
* Date:           Wed Jul  4 11:23:18 2018

* Version:        2017.2 (Build 1909853 on Thu Jun 15 18:55:24 MDT 2017)
* Project:        Second
* Solution:       solution1
* Product family: zynquplus
* Target device:  xczu7eg-ffvf1517-1l-i


================================================================
== Performance Estimates
================================================================
+ Timing (ns): 
    * Summary: 
    +--------+-------+----------+------------+
    |  Clock | Target| Estimated| Uncertainty|
    +--------+-------+----------+------------+
    |ap_clk  |  10.00|      2.86|        1.25|
    +--------+-------+----------+------------+

+ Latency (clock cycles): 
    * Summary: 
    +-----+-----+-----+-----+---------+
    |  Latency  |  Interval | Pipeline|
    | min | max | min | max |   Type  |
    +-----+-----+-----+-----+---------+
    |  250|  250|  250|  250|   none  |
    +-----+-----+-----+-----+---------+

    + Detail: 
        * Instance: 
        N/A

        * Loop: 
        +-----------------------+-----+-----+----------+-----------+-----------+------+----------+
        |                       |  Latency  | Iteration|  Initiation Interval  | Trip |          |
        |       Loop Name       | min | max |  Latency |  achieved |   target  | Count| Pipelined|
        +-----------------------+-----+-----+----------+-----------+-----------+------+----------+
        |- KeyExpansion_label4  |  240|  240|         6|          6|          1|    40|    yes   |
        +-----------------------+-----+-----+----------+-----------+-----------+------+----------+



================================================================
== Utilization Estimates
================================================================
* Summary: 
+-----------------+---------+-------+--------+--------+-----+
|       Name      | BRAM_18K| DSP48E|   FF   |   LUT  | URAM|
+-----------------+---------+-------+--------+--------+-----+
|DSP              |        -|      -|       -|       -|    -|
|Expression       |        -|      -|     255|     320|    -|
|FIFO             |        -|      -|       -|       -|    -|
|Instance         |        -|      -|   16628|    5448|    -|
|Memory           |        1|      -|       0|       0|    -|
|Multiplexer      |        -|      -|       -|     360|    -|
|Register         |        -|      -|     199|       -|    -|
+-----------------+---------+-------+--------+--------+-----+
|Total            |        1|      0|   17082|    6128|    0|
+-----------------+---------+-------+--------+--------+-----+
|Available        |      624|   1728|  460800|  230400|   96|
+-----------------+---------+-------+--------+--------+-----+
|Utilization (%)  |    ~0   |      0|       3|       2|    0|
+-----------------+---------+-------+--------+--------+-----+

+ Detail: 
    * Instance: 
    +-------------------------+----------------------+---------+-------+------+------+
    |         Instance        |        Module        | BRAM_18K| DSP48E|  FF  |  LUT |
    +-------------------------+----------------------+---------+-------+------+------+
    |Cipher_mux_2568_3bkb_U0  |Cipher_mux_2568_3bkb  |        0|      0|  4157|  1362|
    |Cipher_mux_2568_3bkb_U1  |Cipher_mux_2568_3bkb  |        0|      0|  4157|  1362|
    |Cipher_mux_2568_3bkb_U2  |Cipher_mux_2568_3bkb  |        0|      0|  4157|  1362|
    |Cipher_mux_2568_3bkb_U3  |Cipher_mux_2568_3bkb  |        0|      0|  4157|  1362|
    +-------------------------+----------------------+---------+-------+------+------+
    |Total                    |                      |        0|      0| 16628|  5448|
    +-------------------------+----------------------+---------+-------+------+------+

    * DSP48: 
    N/A

    * Memory: 
    +--------+-------------------+---------+---+----+------+-----+------+-------------+
    | Memory |       Module      | BRAM_18K| FF| LUT| Words| Bits| Banks| W*Bits*Banks|
    +--------+-------------------+---------+---+----+------+-----+------+-------------+
    |Rcon_U  |KeyExpansion_Rcon  |        1|  0|   0|   255|    8|     1|         2040|
    +--------+-------------------+---------+---+----+------+-----+------+-------------+
    |Total   |                   |        1|  0|   0|   255|    8|     1|         2040|
    +--------+-------------------+---------+---+----+------+-----+------+-------------+

    * FIFO: 
    N/A

    * Expression: 
    +---------------------+----------+-------+----+----+------------+------------+
    |    Variable Name    | Operation| DSP48E| FF | LUT| Bitwidth P0| Bitwidth P1|
    +---------------------+----------+-------+----+----+------------+------------+
    |i_fu_1051_p2         |     +    |      0|  23|  12|           1|           6|
    |sum1_fu_1107_p2      |     +    |      0|  29|  14|           5|           8|
    |sum2_fu_2197_p2      |     +    |      0|  29|  14|           5|           8|
    |sum3_fu_2207_p2      |     +    |      0|  29|  14|           5|           8|
    |sum8_1_fu_1024_p2    |     +    |      0|  29|  14|           3|           8|
    |sum8_2_fu_1065_p2    |     +    |      0|  29|  14|           3|           8|
    |sum8_3_fu_1075_p2    |     +    |      0|  29|  14|           2|           8|
    |sum8_fu_1013_p2      |     +    |      0|  29|  14|           4|           8|
    |sum_fu_1097_p2       |     +    |      0|  29|  14|           6|           8|
    |exitcond1_fu_995_p2  |   icmp   |      0|   0|   3|           6|           6|
    |tmp_2_fu_1035_p2     |   icmp   |      0|   0|   1|           2|           1|
    |tmp_22_fu_3275_p2    |    or    |      0|   0|   8|           8|           1|
    |tmp_25_fu_3305_p2    |    or    |      0|   0|   8|           8|           2|
    |tmp_28_fu_3315_p2    |    or    |      0|   0|   8|           8|           2|
    |temp_0_2_fu_2171_p3  |  select  |      0|   0|   8|           1|           8|
    |temp_1_2_fu_2165_p3  |  select  |      0|   0|   8|           1|           8|
    |temp_2_2_fu_3269_p3  |  select  |      0|   0|   8|           1|           8|
    |temp_3_2_fu_3263_p3  |  select  |      0|   0|   8|           1|           8|
    |temp_0_fu_2159_p2    |    xor   |      0|   0|   8|           8|           8|
    |tmp_19_fu_2181_p2    |    xor   |      0|   0|  32|          32|          32|
    |tmp_21_fu_2191_p2    |    xor   |      0|   0|  32|          32|          32|
    |tmp_24_fu_3289_p2    |    xor   |      0|   0|  32|          32|          32|
    |tmp_27_fu_3299_p2    |    xor   |      0|   0|  32|          32|          32|
    +---------------------+----------+-------+----+----+------------+------------+
    |Total                |          |      0| 255| 320|         206|         250|
    +---------------------+----------+-------+----+----+------------+------------+

    * Multiplexer: 
    +-------------------+----+-----------+-----+-----------+
    |        Name       | LUT| Input Size| Bits| Total Bits|
    +-------------------+----+-----------+-----+-----------+
    |Key_address0       |  49|          9|    5|         45|
    |Key_address1       |  49|          9|    5|         45|
    |RoundKey_address0  |  65|         15|    8|        120|
    |RoundKey_address1  |  65|         15|    8|        120|
    |RoundKey_d0        |  21|          4|   32|        128|
    |RoundKey_d1        |  21|          4|   32|        128|
    |ap_NS_fsm          |  81|         17|    1|         17|
    |i_1_reg_984        |   9|          2|    6|         12|
    +-------------------+----+-----------+-----+-----------+
    |Total              | 360|         75|   97|        615|
    +-------------------+----+-----------+-----+-----------+

    * Register: 
    +------------------------+----+----+-----+-----------+
    |          Name          | FF | LUT| Bits| Const Bits|
    +------------------------+----+----+-----+-----------+
    |ap_CS_fsm               |  16|   0|   16|          0|
    |i_1_reg_984             |   6|   0|    6|          0|
    |i_reg_3445              |   6|   0|    6|          0|
    |p_lshr_f_cast_reg_3440  |   4|   0|    4|          0|
    |temp_0_3_reg_3450       |   8|   0|    8|          0|
    |temp_1_reg_3456         |   8|   0|    8|          0|
    |temp_2_reg_3472         |   8|   0|    8|          0|
    |temp_3_reg_3478         |   8|   0|    8|          0|
    |tmp_19_reg_3499         |  32|   0|   32|          0|
    |tmp_21_reg_3504         |  32|   0|   32|          0|
    |tmp_24_reg_3519         |  32|   0|   32|          0|
    |tmp_27_reg_3524         |  32|   0|   32|          0|
    |tmp_2_reg_3432          |   1|   0|    1|          0|
    |tmp_s_reg_3408          |   6|   0|    8|          2|
    +------------------------+----+----+-----+-----------+
    |Total                   | 199|   0|  201|          2|
    +------------------------+----+----+-----+-----------+



================================================================
== Interface
================================================================
* Summary: 
+-------------------+-----+-----+------------+--------------+--------------+
|     RTL Ports     | Dir | Bits|  Protocol  | Source Object|    C Type    |
+-------------------+-----+-----+------------+--------------+--------------+
|ap_clk             |  in |    1| ap_ctrl_hs | KeyExpansion | return value |
|ap_rst             |  in |    1| ap_ctrl_hs | KeyExpansion | return value |
|ap_start           |  in |    1| ap_ctrl_hs | KeyExpansion | return value |
|ap_done            | out |    1| ap_ctrl_hs | KeyExpansion | return value |
|ap_idle            | out |    1| ap_ctrl_hs | KeyExpansion | return value |
|ap_ready           | out |    1| ap_ctrl_hs | KeyExpansion | return value |
|RoundKey_address0  | out |    8|  ap_memory |   RoundKey   |     array    |
|RoundKey_ce0       | out |    1|  ap_memory |   RoundKey   |     array    |
|RoundKey_we0       | out |    1|  ap_memory |   RoundKey   |     array    |
|RoundKey_d0        | out |   32|  ap_memory |   RoundKey   |     array    |
|RoundKey_q0        |  in |   32|  ap_memory |   RoundKey   |     array    |
|RoundKey_address1  | out |    8|  ap_memory |   RoundKey   |     array    |
|RoundKey_ce1       | out |    1|  ap_memory |   RoundKey   |     array    |
|RoundKey_we1       | out |    1|  ap_memory |   RoundKey   |     array    |
|RoundKey_d1        | out |   32|  ap_memory |   RoundKey   |     array    |
|RoundKey_q1        |  in |   32|  ap_memory |   RoundKey   |     array    |
|Key_address0       | out |    5|  ap_memory |      Key     |     array    |
|Key_ce0            | out |    1|  ap_memory |      Key     |     array    |
|Key_q0             |  in |   32|  ap_memory |      Key     |     array    |
|Key_address1       | out |    5|  ap_memory |      Key     |     array    |
|Key_ce1            | out |    1|  ap_memory |      Key     |     array    |
|Key_q1             |  in |   32|  ap_memory |      Key     |     array    |
+-------------------+-----+-----+------------+--------------+--------------+

