

================================================================
== Vivado HLS Report for 'Cipher'
================================================================
* Date:           Fri Apr  6 17:58:49 2018

* Version:        2017.2 (Build 1909853 on Thu Jun 15 18:55:24 MDT 2017)
* Project:        Second
* Solution:       solution1
* Product family: zynquplus
* Target device:  xczu7eg-ffvf1517-1l-i


================================================================
== Performance Estimates
================================================================
+ Timing (ns): 
    * Summary: 
    +--------+-------+----------+------------+
    |  Clock | Target| Estimated| Uncertainty|
    +--------+-------+----------+------------+
    |ap_clk  |  10.00|      3.28|        1.25|
    +--------+-------+----------+------------+

+ Latency (clock cycles): 
    * Summary: 
    +-----+-----+-----+-----+---------+
    |  Latency  |  Interval | Pipeline|
    | min | max | min | max |   Type  |
    +-----+-----+-----+-----+---------+
    |  509|  509|  510|  510|   none  |
    +-----+-----+-----+-----+---------+

    + Detail: 
        * Instance: 
        +-------------------------+--------------+-----+-----+-----+-----+----------+
        |                         |              |  Latency  |  Interval | Pipeline |
        |         Instance        |    Module    | min | max | min | max |   Type   |
        +-------------------------+--------------+-----+-----+-----+-----+----------+
        |grp_SubBytes_fu_169      |SubBytes      |   23|   23|   24|   24| function |
        |grp_KeyExpansion_fu_180  |KeyExpansion  |  250|  250|  250|  250|   none   |
        +-------------------------+--------------+-----+-----+-----+-----+----------+

        * Loop: 
        +------------------+-----+-----+----------+-----------+-----------+------+----------+
        |                  |  Latency  | Iteration|  Initiation Interval  | Trip |          |
        |     Loop Name    | min | max |  Latency |  achieved |   target  | Count| Pipelined|
        +------------------+-----+-----+----------+-----------+-----------+------+----------+
        |- Loop 1          |   16|   16|         4|          -|          -|     4|    no    |
        |- Cipher_label34  |  216|  216|        25|         24|          1|     9|    yes   |
        +------------------+-----+-----+----------+-----------+-----------+------+----------+



================================================================
== Utilization Estimates
================================================================
* Summary: 
+-----------------+---------+-------+--------+--------+-----+
|       Name      | BRAM_18K| DSP48E|   FF   |   LUT  | URAM|
+-----------------+---------+-------+--------+--------+-----+
|DSP              |        -|      -|       -|       -|    -|
|Expression       |        -|      -|      68|     124|    -|
|FIFO             |        -|      -|       -|       -|    -|
|Instance         |        3|      -|    2251|    3432|    -|
|Memory           |        2|      -|       0|       0|    -|
|Multiplexer      |        -|      -|       -|     561|    -|
|Register         |        -|      -|     155|       -|    -|
+-----------------+---------+-------+--------+--------+-----+
|Total            |        5|      0|    2474|    4117|    0|
+-----------------+---------+-------+--------+--------+-----+
|Available        |      624|   1728|  460800|  230400|   96|
+-----------------+---------+-------+--------+--------+-----+
|Utilization (%)  |    ~0   |      0|   ~0   |       1|    0|
+-----------------+---------+-------+--------+--------+-----+

+ Detail: 
    * Instance: 
    +-------------------------+--------------+---------+-------+------+------+
    |         Instance        |    Module    | BRAM_18K| DSP48E|  FF  |  LUT |
    +-------------------------+--------------+---------+-------+------+------+
    |grp_KeyExpansion_fu_180  |KeyExpansion  |        2|      0|   462|   707|
    |grp_SubBytes_fu_169      |SubBytes      |        1|      0|  1789|  2725|
    +-------------------------+--------------+---------+-------+------+------+
    |Total                    |              |        3|      0|  2251|  3432|
    +-------------------------+--------------+---------+-------+------+------+

    * DSP48: 
    N/A

    * Memory: 
    +------------+-----------------+---------+---+----+------+-----+------+-------------+
    |   Memory   |      Module     | BRAM_18K| FF| LUT| Words| Bits| Banks| W*Bits*Banks|
    +------------+-----------------+---------+---+----+------+-----+------+-------------+
    |RoundKey_U  |Cipher_RoundKey  |        2|  0|   0|   240|   32|     1|         7680|
    +------------+-----------------+---------+---+----+------+-----+------+-------------+
    |Total       |                 |        2|  0|   0|   240|   32|     1|         7680|
    +------------+-----------------+---------+---+----+------+-----+------+-------------+

    * FIFO: 
    N/A

    * Expression: 
    +-------------------------+----------+-------+----+----+------------+------------+
    |      Variable Name      | Operation| DSP48E| FF | LUT| Bitwidth P0| Bitwidth P1|
    +-------------------------+----------+-------+----+----+------------+------------+
    |i_fu_264_p2              |     +    |      0|  14|   9|           3|           1|
    |tmp_49_fu_227_p2         |     +    |      0|  17|  10|           4|           3|
    |tmp_51_fu_247_p2         |     +    |      0|  20|  11|           5|           4|
    |tmp_fu_328_p2            |     +    |      0|  17|  10|           4|           1|
    |exitcond1_i_fu_258_p2    |   icmp   |      0|   0|   2|           3|           4|
    |exitcond_fu_317_p2       |   icmp   |      0|   0|   2|           4|           4|
    |sum3_1_i_fu_297_p2       |    or    |      0|   0|   4|           4|           2|
    |sum3_2_i_fu_307_p2       |    or    |      0|   0|   4|           4|           2|
    |sum3_i_fu_286_p2         |    or    |      0|   0|   4|           4|           1|
    |ap_enable_pp0            |    xor   |      0|   0|   2|           1|           2|
    |ap_enable_reg_pp0_iter1  |    xor   |      0|   0|   2|           1|           2|
    |grp_fu_200_p2            |    xor   |      0|   0|  32|          32|          32|
    |grp_fu_207_p2            |    xor   |      0|   0|  32|          32|          32|
    +-------------------------+----------+-------+----+----+------------+------------+
    |Total                    |          |      0|  68| 124|         101|          90|
    +-------------------------+----------+-------+----+----+------------+------------+

    * Multiplexer: 
    +---------------------------+-----+-----------+-----+-----------+
    |            Name           | LUT | Input Size| Bits| Total Bits|
    +---------------------------+-----+-----------+-----+-----------+
    |RoundKey_address0          |   27|          5|    8|         40|
    |RoundKey_address1          |   27|          5|    8|         40|
    |RoundKey_ce0               |   21|          4|    1|          4|
    |RoundKey_ce1               |   21|          4|    1|          4|
    |RoundKey_we0               |    9|          2|    1|          2|
    |RoundKey_we1               |    9|          2|    1|          2|
    |ap_NS_fsm                  |  246|         55|    1|         55|
    |ap_enable_reg_pp0_iter1    |   15|          3|    1|          3|
    |grp_SubBytes_fu_169_round  |   15|          3|    6|         18|
    |i_i_reg_146                |    9|          2|    3|          6|
    |round_phi_fu_161_p4        |    9|          2|    4|          8|
    |round_reg_157              |    9|          2|    4|          8|
    |state_address0             |   27|          5|    4|         20|
    |state_address1             |   27|          5|    4|         20|
    |state_ce0                  |   15|          3|    1|          3|
    |state_ce1                  |   15|          3|    1|          3|
    |state_d0                   |   15|          3|   32|         96|
    |state_d1                   |   15|          3|   32|         96|
    |state_we0                  |   15|          3|    1|          3|
    |state_we1                  |   15|          3|    1|          3|
    +---------------------------+-----+-----------+-----+-----------+
    |Total                      |  561|        117|  115|        434|
    +---------------------------+-----+-----------+-----+-----------+

    * Register: 
    +-----------------------------------------+----+----+-----+-----------+
    |                   Name                  | FF | LUT| Bits| Const Bits|
    +-----------------------------------------+----+----+-----+-----------+
    |ap_CS_fsm                                |  54|   0|   54|          0|
    |ap_enable_reg_pp0_iter0                  |   1|   0|    1|          0|
    |ap_enable_reg_pp0_iter1                  |   1|   0|    1|          0|
    |ap_reg_grp_KeyExpansion_fu_180_ap_start  |   1|   0|    1|          0|
    |ap_reg_grp_SubBytes_fu_169_ap_start      |   1|   0|    1|          0|
    |exitcond_reg_394                         |   1|   0|    1|          0|
    |i_i_reg_146                              |   3|   0|    3|          0|
    |i_reg_358                                |   3|   0|    3|          0|
    |reg_192                                  |  32|   0|   32|          0|
    |reg_196                                  |  32|   0|   32|          0|
    |round_reg_157                            |   4|   0|    4|          0|
    |state_addr_16_reg_339                    |   4|   0|    4|          0|
    |state_addr_17_reg_344                    |   3|   0|    4|          1|
    |state_addr_18_reg_349                    |   4|   0|    4|          0|
    |state_addr_reg_334                       |   3|   0|    4|          1|
    |tmp_52_reg_363                           |   2|   0|    2|          0|
    |tmp_i_reg_368                            |   2|   0|    4|          2|
    |tmp_reg_398                              |   4|   0|    4|          0|
    +-----------------------------------------+----+----+-----+-----------+
    |Total                                    | 155|   0|  159|          4|
    +-----------------------------------------+----+----+-----+-----------+



================================================================
== Interface
================================================================
* Summary: 
+----------------+-----+-----+------------+--------------+--------------+
|    RTL Ports   | Dir | Bits|  Protocol  | Source Object|    C Type    |
+----------------+-----+-----+------------+--------------+--------------+
|ap_clk          |  in |    1| ap_ctrl_hs |    Cipher    | return value |
|ap_rst          |  in |    1| ap_ctrl_hs |    Cipher    | return value |
|ap_start        |  in |    1| ap_ctrl_hs |    Cipher    | return value |
|ap_done         | out |    1| ap_ctrl_hs |    Cipher    | return value |
|ap_idle         | out |    1| ap_ctrl_hs |    Cipher    | return value |
|ap_ready        | out |    1| ap_ctrl_hs |    Cipher    | return value |
|state_address0  | out |    4|  ap_memory |     state    |     array    |
|state_ce0       | out |    1|  ap_memory |     state    |     array    |
|state_we0       | out |    1|  ap_memory |     state    |     array    |
|state_d0        | out |   32|  ap_memory |     state    |     array    |
|state_q0        |  in |   32|  ap_memory |     state    |     array    |
|state_address1  | out |    4|  ap_memory |     state    |     array    |
|state_ce1       | out |    1|  ap_memory |     state    |     array    |
|state_we1       | out |    1|  ap_memory |     state    |     array    |
|state_d1        | out |   32|  ap_memory |     state    |     array    |
|state_q1        |  in |   32|  ap_memory |     state    |     array    |
|Key_address0    | out |    5|  ap_memory |      Key     |     array    |
|Key_ce0         | out |    1|  ap_memory |      Key     |     array    |
|Key_q0          |  in |   32|  ap_memory |      Key     |     array    |
|Key_address1    | out |    5|  ap_memory |      Key     |     array    |
|Key_ce1         | out |    1|  ap_memory |      Key     |     array    |
|Key_q1          |  in |   32|  ap_memory |      Key     |     array    |
+----------------+-----+-----+------------+--------------+--------------+

============================================================
+ Verbose Summary: Synthesis Manager
============================================================
InlineROM: 1
ExposeGlobal: 0
============================================================
+ Verbose Summary: CDFG Model
============================================================
IsTopModel: 1
ResetActiveHigh: 1
IsCombinational: 2
IsDatapathOnly: 2
HasWiredReturn: 1
HasMFsm: 0
HasVarLatency: 1
IsPipeline: 0
IsRtlPipelined: 0
IsInstanceOverlapped: 0
IsDontTouch: 0
HasImplIP: 0
IsGatedGlobalClock: 0

+ Individual pipeline summary: 
  * Pipeline-0: initiation interval (II) = 24, depth = 25


============================================================
+ Verbose Summary: Schedule
============================================================
* Number of FSM states: 55
* Pipeline: 1
  Pipeline-0: II = 24, D = 25, States = { 7 8 9 10 11 12 13 14 15 16 17 18 19 20 21 22 23 24 25 26 27 28 29 30 31 }
* Dataflow Pipeline: 0

* FSM state transitions: 
1 --> 
	2  / true
2 --> 
	3  / true
3 --> 
	4  / (!exitcond1_i)
	7  / (exitcond1_i)
4 --> 
	5  / true
5 --> 
	6  / true
6 --> 
	3  / true
7 --> 
	32  / (exitcond)
	8  / (!exitcond)
8 --> 
	9  / true
9 --> 
	10  / true
10 --> 
	11  / true
11 --> 
	12  / true
12 --> 
	13  / true
13 --> 
	14  / true
14 --> 
	15  / true
15 --> 
	16  / true
16 --> 
	17  / true
17 --> 
	18  / true
18 --> 
	19  / true
19 --> 
	20  / true
20 --> 
	21  / true
21 --> 
	22  / true
22 --> 
	23  / true
23 --> 
	24  / true
24 --> 
	25  / true
25 --> 
	26  / true
26 --> 
	27  / true
27 --> 
	28  / true
28 --> 
	29  / true
29 --> 
	30  / true
30 --> 
	31  / true
31 --> 
	7  / true
32 --> 
	33  / true
33 --> 
	34  / true
34 --> 
	35  / true
35 --> 
	36  / true
36 --> 
	37  / true
37 --> 
	38  / true
38 --> 
	39  / true
39 --> 
	40  / true
40 --> 
	41  / true
41 --> 
	42  / true
42 --> 
	43  / true
43 --> 
	44  / true
44 --> 
	45  / true
45 --> 
	46  / true
46 --> 
	47  / true
47 --> 
	48  / true
48 --> 
	49  / true
49 --> 
	50  / true
50 --> 
	51  / true
51 --> 
	52  / true
52 --> 
	53  / true
53 --> 
	54  / true
54 --> 
	55  / true
55 --> 
* FSM state operations: 

 <State 1>: 1.35ns
ST_1: RoundKey (8)  [1/1] 1.35ns  loc: CCodedFiles/2nd/AES_Encrypt.c:204
:3  %RoundKey = alloca [240 x i32], align 4

ST_1: StgValue_57 (9)  [2/2] 0.00ns  loc: CCodedFiles/2nd/AES_Encrypt.c:206
:4  call fastcc void @KeyExpansion([240 x i32]* %RoundKey, [32 x i32]* %Key) nounwind


 <State 2>: 0.49ns
ST_2: StgValue_58 (5)  [1/1] 0.00ns
:0  call void (...)* @_ssdm_op_SpecBitsMap([16 x i32]* %state) nounwind, !map !27

ST_2: StgValue_59 (6)  [1/1] 0.00ns
:1  call void (...)* @_ssdm_op_SpecBitsMap([32 x i32]* %Key) nounwind, !map !33

ST_2: StgValue_60 (7)  [1/1] 0.00ns
:2  call void (...)* @_ssdm_op_SpecTopModule([7 x i8]* @Cipher_str) nounwind

ST_2: StgValue_61 (9)  [1/2] 0.00ns  loc: CCodedFiles/2nd/AES_Encrypt.c:206
:4  call fastcc void @KeyExpansion([240 x i32]* %RoundKey, [32 x i32]* %Key) nounwind

ST_2: StgValue_62 (10)  [1/1] 0.49ns  loc: CCodedFiles/2nd/AES_Encrypt.c:86->CCodedFiles/2nd/AES_Encrypt.c:208
:5  br label %1


 <State 3>: 1.73ns
ST_3: i_i (12)  [1/1] 0.00ns
:0  %i_i = phi i3 [ 0, %0 ], [ %i, %.preheader.preheader.i ]

ST_3: i_i_cast2 (13)  [1/1] 0.00ns  loc: CCodedFiles/2nd/AES_Encrypt.c:86->CCodedFiles/2nd/AES_Encrypt.c:208
:1  %i_i_cast2 = zext i3 %i_i to i32

ST_3: i_i_cast2_cast1 (14)  [1/1] 0.00ns  loc: CCodedFiles/2nd/AES_Encrypt.c:90->CCodedFiles/2nd/AES_Encrypt.c:208
:2  %i_i_cast2_cast1 = zext i3 %i_i to i5

ST_3: i_i_cast2_cast (15)  [1/1] 0.00ns  loc: CCodedFiles/2nd/AES_Encrypt.c:90->CCodedFiles/2nd/AES_Encrypt.c:208
:3  %i_i_cast2_cast = zext i3 %i_i to i4

ST_3: state_addr (16)  [1/1] 0.00ns  loc: CCodedFiles/2nd/AES_Encrypt.c:90->CCodedFiles/2nd/AES_Encrypt.c:208
:4  %state_addr = getelementptr [16 x i32]* %state, i32 0, i32 %i_i_cast2

ST_3: tmp_49 (17)  [1/1] 0.94ns  loc: CCodedFiles/2nd/AES_Encrypt.c:90->CCodedFiles/2nd/AES_Encrypt.c:208
:5  %tmp_49 = add i4 %i_i_cast2_cast, 4

ST_3: tmp_52_cast (18)  [1/1] 0.00ns  loc: CCodedFiles/2nd/AES_Encrypt.c:90->CCodedFiles/2nd/AES_Encrypt.c:208
:6  %tmp_52_cast = zext i4 %tmp_49 to i32

ST_3: state_addr_16 (19)  [1/1] 0.00ns  loc: CCodedFiles/2nd/AES_Encrypt.c:90->CCodedFiles/2nd/AES_Encrypt.c:208
:7  %state_addr_16 = getelementptr [16 x i32]* %state, i32 0, i32 %tmp_52_cast

ST_3: tmp_50 (20)  [1/1] 0.00ns  loc: CCodedFiles/2nd/AES_Encrypt.c:90->CCodedFiles/2nd/AES_Encrypt.c:208
:8  %tmp_50 = call i32 @_ssdm_op_BitConcatenate.i32.i29.i3(i29 1, i3 %i_i)

ST_3: state_addr_17 (21)  [1/1] 0.00ns  loc: CCodedFiles/2nd/AES_Encrypt.c:90->CCodedFiles/2nd/AES_Encrypt.c:208
:9  %state_addr_17 = getelementptr [16 x i32]* %state, i32 0, i32 %tmp_50

ST_3: tmp_51 (22)  [1/1] 0.91ns  loc: CCodedFiles/2nd/AES_Encrypt.c:90->CCodedFiles/2nd/AES_Encrypt.c:208
:10  %tmp_51 = add i5 %i_i_cast2_cast1, 12

ST_3: tmp_54_cast (23)  [1/1] 0.00ns  loc: CCodedFiles/2nd/AES_Encrypt.c:90->CCodedFiles/2nd/AES_Encrypt.c:208
:11  %tmp_54_cast = zext i5 %tmp_51 to i32

ST_3: state_addr_18 (24)  [1/1] 0.00ns  loc: CCodedFiles/2nd/AES_Encrypt.c:90->CCodedFiles/2nd/AES_Encrypt.c:208
:12  %state_addr_18 = getelementptr [16 x i32]* %state, i32 0, i32 %tmp_54_cast

ST_3: exitcond1_i (25)  [1/1] 0.18ns  loc: CCodedFiles/2nd/AES_Encrypt.c:86->CCodedFiles/2nd/AES_Encrypt.c:208
:13  %exitcond1_i = icmp eq i3 %i_i, -4

ST_3: empty (26)  [1/1] 0.00ns
:14  %empty = call i32 (...)* @_ssdm_op_SpecLoopTripCount(i64 4, i64 4, i64 4) nounwind

ST_3: i (27)  [1/1] 0.86ns  loc: CCodedFiles/2nd/AES_Encrypt.c:86->CCodedFiles/2nd/AES_Encrypt.c:208
:15  %i = add i3 %i_i, 1

ST_3: StgValue_79 (28)  [1/1] 0.00ns  loc: CCodedFiles/2nd/AES_Encrypt.c:86->CCodedFiles/2nd/AES_Encrypt.c:208
:16  br i1 %exitcond1_i, label %AddRoundKey.exit.preheader, label %.preheader.preheader.i

ST_3: tmp_52 (30)  [1/1] 0.00ns  loc: CCodedFiles/2nd/AES_Encrypt.c:86->CCodedFiles/2nd/AES_Encrypt.c:208
.preheader.preheader.i:0  %tmp_52 = trunc i3 %i_i to i2

ST_3: state_load (35)  [2/2] 0.79ns  loc: CCodedFiles/2nd/AES_Encrypt.c:90->CCodedFiles/2nd/AES_Encrypt.c:208
.preheader.preheader.i:5  %state_load = load i32* %state_addr, align 4

ST_3: state_load_1 (42)  [2/2] 0.79ns  loc: CCodedFiles/2nd/AES_Encrypt.c:90->CCodedFiles/2nd/AES_Encrypt.c:208
.preheader.preheader.i:12  %state_load_1 = load i32* %state_addr_16, align 4

ST_3: StgValue_83 (61)  [1/1] 0.49ns  loc: CCodedFiles/2nd/AES_Encrypt.c:210
AddRoundKey.exit.preheader:0  br label %AddRoundKey.exit


 <State 4>: 1.35ns
ST_4: tmp_i (31)  [1/1] 0.00ns  loc: CCodedFiles/2nd/AES_Encrypt.c:90->CCodedFiles/2nd/AES_Encrypt.c:208
.preheader.preheader.i:1  %tmp_i = call i4 @_ssdm_op_BitConcatenate.i4.i2.i2(i2 %tmp_52, i2 0)

ST_4: tmp_i_cast (32)  [1/1] 0.00ns  loc: CCodedFiles/2nd/AES_Encrypt.c:90->CCodedFiles/2nd/AES_Encrypt.c:208
.preheader.preheader.i:2  %tmp_i_cast = zext i4 %tmp_i to i32

ST_4: RoundKey_addr (33)  [1/1] 0.00ns  loc: CCodedFiles/2nd/AES_Encrypt.c:90->CCodedFiles/2nd/AES_Encrypt.c:208
.preheader.preheader.i:3  %RoundKey_addr = getelementptr [240 x i32]* %RoundKey, i32 0, i32 %tmp_i_cast

ST_4: RoundKey_load (34)  [2/2] 1.35ns  loc: CCodedFiles/2nd/AES_Encrypt.c:90->CCodedFiles/2nd/AES_Encrypt.c:208
.preheader.preheader.i:4  %RoundKey_load = load i32* %RoundKey_addr, align 4

ST_4: state_load (35)  [1/2] 0.79ns  loc: CCodedFiles/2nd/AES_Encrypt.c:90->CCodedFiles/2nd/AES_Encrypt.c:208
.preheader.preheader.i:5  %state_load = load i32* %state_addr, align 4

ST_4: sum3_i (38)  [1/1] 0.00ns  loc: CCodedFiles/2nd/AES_Encrypt.c:90->CCodedFiles/2nd/AES_Encrypt.c:208
.preheader.preheader.i:8  %sum3_i = or i4 %tmp_i, 1

ST_4: sum3_i_cast (39)  [1/1] 0.00ns  loc: CCodedFiles/2nd/AES_Encrypt.c:90->CCodedFiles/2nd/AES_Encrypt.c:208
.preheader.preheader.i:9  %sum3_i_cast = zext i4 %sum3_i to i32

ST_4: RoundKey_addr_59 (40)  [1/1] 0.00ns  loc: CCodedFiles/2nd/AES_Encrypt.c:90->CCodedFiles/2nd/AES_Encrypt.c:208
.preheader.preheader.i:10  %RoundKey_addr_59 = getelementptr [240 x i32]* %RoundKey, i32 0, i32 %sum3_i_cast

ST_4: RoundKey_load_34 (41)  [2/2] 1.35ns  loc: CCodedFiles/2nd/AES_Encrypt.c:90->CCodedFiles/2nd/AES_Encrypt.c:208
.preheader.preheader.i:11  %RoundKey_load_34 = load i32* %RoundKey_addr_59, align 4

ST_4: state_load_1 (42)  [1/2] 0.79ns  loc: CCodedFiles/2nd/AES_Encrypt.c:90->CCodedFiles/2nd/AES_Encrypt.c:208
.preheader.preheader.i:12  %state_load_1 = load i32* %state_addr_16, align 4

ST_4: state_load_2 (49)  [2/2] 0.79ns  loc: CCodedFiles/2nd/AES_Encrypt.c:90->CCodedFiles/2nd/AES_Encrypt.c:208
.preheader.preheader.i:19  %state_load_2 = load i32* %state_addr_17, align 4

ST_4: state_load_3 (56)  [2/2] 0.79ns  loc: CCodedFiles/2nd/AES_Encrypt.c:90->CCodedFiles/2nd/AES_Encrypt.c:208
.preheader.preheader.i:26  %state_load_3 = load i32* %state_addr_18, align 4


 <State 5>: 2.21ns
ST_5: RoundKey_load (34)  [1/2] 1.35ns  loc: CCodedFiles/2nd/AES_Encrypt.c:90->CCodedFiles/2nd/AES_Encrypt.c:208
.preheader.preheader.i:4  %RoundKey_load = load i32* %RoundKey_addr, align 4

ST_5: tmp_84_i (36)  [1/1] 0.06ns  loc: CCodedFiles/2nd/AES_Encrypt.c:90->CCodedFiles/2nd/AES_Encrypt.c:208
.preheader.preheader.i:6  %tmp_84_i = xor i32 %state_load, %RoundKey_load

ST_5: StgValue_98 (37)  [1/1] 0.79ns  loc: CCodedFiles/2nd/AES_Encrypt.c:90->CCodedFiles/2nd/AES_Encrypt.c:208
.preheader.preheader.i:7  store i32 %tmp_84_i, i32* %state_addr, align 4

ST_5: RoundKey_load_34 (41)  [1/2] 1.35ns  loc: CCodedFiles/2nd/AES_Encrypt.c:90->CCodedFiles/2nd/AES_Encrypt.c:208
.preheader.preheader.i:11  %RoundKey_load_34 = load i32* %RoundKey_addr_59, align 4

ST_5: tmp_84_1_i (43)  [1/1] 0.06ns  loc: CCodedFiles/2nd/AES_Encrypt.c:90->CCodedFiles/2nd/AES_Encrypt.c:208
.preheader.preheader.i:13  %tmp_84_1_i = xor i32 %state_load_1, %RoundKey_load_34

ST_5: StgValue_101 (44)  [1/1] 0.79ns  loc: CCodedFiles/2nd/AES_Encrypt.c:90->CCodedFiles/2nd/AES_Encrypt.c:208
.preheader.preheader.i:14  store i32 %tmp_84_1_i, i32* %state_addr_16, align 4

ST_5: sum3_1_i (45)  [1/1] 0.00ns  loc: CCodedFiles/2nd/AES_Encrypt.c:90->CCodedFiles/2nd/AES_Encrypt.c:208
.preheader.preheader.i:15  %sum3_1_i = or i4 %tmp_i, 2

ST_5: sum3_1_i_cast (46)  [1/1] 0.00ns  loc: CCodedFiles/2nd/AES_Encrypt.c:90->CCodedFiles/2nd/AES_Encrypt.c:208
.preheader.preheader.i:16  %sum3_1_i_cast = zext i4 %sum3_1_i to i32

ST_5: RoundKey_addr_60 (47)  [1/1] 0.00ns  loc: CCodedFiles/2nd/AES_Encrypt.c:90->CCodedFiles/2nd/AES_Encrypt.c:208
.preheader.preheader.i:17  %RoundKey_addr_60 = getelementptr [240 x i32]* %RoundKey, i32 0, i32 %sum3_1_i_cast

ST_5: RoundKey_load_35 (48)  [2/2] 1.35ns  loc: CCodedFiles/2nd/AES_Encrypt.c:90->CCodedFiles/2nd/AES_Encrypt.c:208
.preheader.preheader.i:18  %RoundKey_load_35 = load i32* %RoundKey_addr_60, align 4

ST_5: state_load_2 (49)  [1/2] 0.79ns  loc: CCodedFiles/2nd/AES_Encrypt.c:90->CCodedFiles/2nd/AES_Encrypt.c:208
.preheader.preheader.i:19  %state_load_2 = load i32* %state_addr_17, align 4

ST_5: sum3_2_i (52)  [1/1] 0.00ns  loc: CCodedFiles/2nd/AES_Encrypt.c:90->CCodedFiles/2nd/AES_Encrypt.c:208
.preheader.preheader.i:22  %sum3_2_i = or i4 %tmp_i, 3

ST_5: sum3_2_i_cast (53)  [1/1] 0.00ns  loc: CCodedFiles/2nd/AES_Encrypt.c:90->CCodedFiles/2nd/AES_Encrypt.c:208
.preheader.preheader.i:23  %sum3_2_i_cast = zext i4 %sum3_2_i to i32

ST_5: RoundKey_addr_61 (54)  [1/1] 0.00ns  loc: CCodedFiles/2nd/AES_Encrypt.c:90->CCodedFiles/2nd/AES_Encrypt.c:208
.preheader.preheader.i:24  %RoundKey_addr_61 = getelementptr [240 x i32]* %RoundKey, i32 0, i32 %sum3_2_i_cast

ST_5: RoundKey_load_36 (55)  [2/2] 1.35ns  loc: CCodedFiles/2nd/AES_Encrypt.c:90->CCodedFiles/2nd/AES_Encrypt.c:208
.preheader.preheader.i:25  %RoundKey_load_36 = load i32* %RoundKey_addr_61, align 4

ST_5: state_load_3 (56)  [1/2] 0.79ns  loc: CCodedFiles/2nd/AES_Encrypt.c:90->CCodedFiles/2nd/AES_Encrypt.c:208
.preheader.preheader.i:26  %state_load_3 = load i32* %state_addr_18, align 4


 <State 6>: 2.21ns
ST_6: RoundKey_load_35 (48)  [1/2] 1.35ns  loc: CCodedFiles/2nd/AES_Encrypt.c:90->CCodedFiles/2nd/AES_Encrypt.c:208
.preheader.preheader.i:18  %RoundKey_load_35 = load i32* %RoundKey_addr_60, align 4

ST_6: tmp_84_2_i (50)  [1/1] 0.06ns  loc: CCodedFiles/2nd/AES_Encrypt.c:90->CCodedFiles/2nd/AES_Encrypt.c:208
.preheader.preheader.i:20  %tmp_84_2_i = xor i32 %state_load_2, %RoundKey_load_35

ST_6: StgValue_114 (51)  [1/1] 0.79ns  loc: CCodedFiles/2nd/AES_Encrypt.c:90->CCodedFiles/2nd/AES_Encrypt.c:208
.preheader.preheader.i:21  store i32 %tmp_84_2_i, i32* %state_addr_17, align 4

ST_6: RoundKey_load_36 (55)  [1/2] 1.35ns  loc: CCodedFiles/2nd/AES_Encrypt.c:90->CCodedFiles/2nd/AES_Encrypt.c:208
.preheader.preheader.i:25  %RoundKey_load_36 = load i32* %RoundKey_addr_61, align 4

ST_6: tmp_84_3_i (57)  [1/1] 0.06ns  loc: CCodedFiles/2nd/AES_Encrypt.c:90->CCodedFiles/2nd/AES_Encrypt.c:208
.preheader.preheader.i:27  %tmp_84_3_i = xor i32 %state_load_3, %RoundKey_load_36

ST_6: StgValue_117 (58)  [1/1] 0.79ns  loc: CCodedFiles/2nd/AES_Encrypt.c:90->CCodedFiles/2nd/AES_Encrypt.c:208
.preheader.preheader.i:28  store i32 %tmp_84_3_i, i32* %state_addr_18, align 4

ST_6: StgValue_118 (59)  [1/1] 0.00ns  loc: CCodedFiles/2nd/AES_Encrypt.c:86->CCodedFiles/2nd/AES_Encrypt.c:208
.preheader.preheader.i:29  br label %1


 <State 7>: 0.52ns
ST_7: round (63)  [1/1] 0.00ns  loc: CCodedFiles/2nd/AES_Encrypt.c:210
AddRoundKey.exit:0  %round = phi i4 [ %tmp, %2 ], [ 1, %AddRoundKey.exit.preheader ]

ST_7: exitcond (64)  [1/1] 0.52ns  loc: CCodedFiles/2nd/AES_Encrypt.c:210
AddRoundKey.exit:1  %exitcond = icmp eq i4 %round, -6

ST_7: StgValue_121 (65)  [1/1] 0.00ns  loc: CCodedFiles/2nd/AES_Encrypt.c:210
AddRoundKey.exit:2  br i1 %exitcond, label %3, label %2


 <State 8>: 0.96ns
ST_8: round_cast1_cast (71)  [1/1] 0.00ns  loc: CCodedFiles/2nd/AES_Encrypt.c:212
:4  %round_cast1_cast = zext i4 %round to i6

ST_8: StgValue_123 (72)  [24/24] 0.96ns  loc: CCodedFiles/2nd/AES_Encrypt.c:212
:5  call fastcc void @SubBytes([16 x i32]* %state, i6 %round_cast1_cast, [240 x i32]* %RoundKey) nounwind

ST_8: tmp (74)  [1/1] 0.94ns  loc: CCodedFiles/2nd/AES_Encrypt.c:210
:7  %tmp = add i4 %round, 1


 <State 9>: 3.28ns
ST_9: StgValue_125 (72)  [23/24] 3.28ns  loc: CCodedFiles/2nd/AES_Encrypt.c:212
:5  call fastcc void @SubBytes([16 x i32]* %state, i6 %round_cast1_cast, [240 x i32]* %RoundKey) nounwind


 <State 10>: 3.28ns
ST_10: StgValue_126 (72)  [22/24] 3.28ns  loc: CCodedFiles/2nd/AES_Encrypt.c:212
:5  call fastcc void @SubBytes([16 x i32]* %state, i6 %round_cast1_cast, [240 x i32]* %RoundKey) nounwind


 <State 11>: 3.28ns
ST_11: StgValue_127 (72)  [21/24] 3.28ns  loc: CCodedFiles/2nd/AES_Encrypt.c:212
:5  call fastcc void @SubBytes([16 x i32]* %state, i6 %round_cast1_cast, [240 x i32]* %RoundKey) nounwind


 <State 12>: 3.28ns
ST_12: StgValue_128 (72)  [20/24] 3.28ns  loc: CCodedFiles/2nd/AES_Encrypt.c:212
:5  call fastcc void @SubBytes([16 x i32]* %state, i6 %round_cast1_cast, [240 x i32]* %RoundKey) nounwind


 <State 13>: 3.28ns
ST_13: StgValue_129 (72)  [19/24] 3.28ns  loc: CCodedFiles/2nd/AES_Encrypt.c:212
:5  call fastcc void @SubBytes([16 x i32]* %state, i6 %round_cast1_cast, [240 x i32]* %RoundKey) nounwind


 <State 14>: 3.28ns
ST_14: StgValue_130 (72)  [18/24] 3.28ns  loc: CCodedFiles/2nd/AES_Encrypt.c:212
:5  call fastcc void @SubBytes([16 x i32]* %state, i6 %round_cast1_cast, [240 x i32]* %RoundKey) nounwind


 <State 15>: 3.28ns
ST_15: StgValue_131 (72)  [17/24] 3.28ns  loc: CCodedFiles/2nd/AES_Encrypt.c:212
:5  call fastcc void @SubBytes([16 x i32]* %state, i6 %round_cast1_cast, [240 x i32]* %RoundKey) nounwind


 <State 16>: 3.28ns
ST_16: StgValue_132 (72)  [16/24] 3.28ns  loc: CCodedFiles/2nd/AES_Encrypt.c:212
:5  call fastcc void @SubBytes([16 x i32]* %state, i6 %round_cast1_cast, [240 x i32]* %RoundKey) nounwind


 <State 17>: 3.28ns
ST_17: StgValue_133 (72)  [15/24] 3.28ns  loc: CCodedFiles/2nd/AES_Encrypt.c:212
:5  call fastcc void @SubBytes([16 x i32]* %state, i6 %round_cast1_cast, [240 x i32]* %RoundKey) nounwind


 <State 18>: 3.28ns
ST_18: StgValue_134 (72)  [14/24] 3.28ns  loc: CCodedFiles/2nd/AES_Encrypt.c:212
:5  call fastcc void @SubBytes([16 x i32]* %state, i6 %round_cast1_cast, [240 x i32]* %RoundKey) nounwind


 <State 19>: 3.28ns
ST_19: StgValue_135 (72)  [13/24] 3.28ns  loc: CCodedFiles/2nd/AES_Encrypt.c:212
:5  call fastcc void @SubBytes([16 x i32]* %state, i6 %round_cast1_cast, [240 x i32]* %RoundKey) nounwind


 <State 20>: 3.28ns
ST_20: StgValue_136 (72)  [12/24] 3.28ns  loc: CCodedFiles/2nd/AES_Encrypt.c:212
:5  call fastcc void @SubBytes([16 x i32]* %state, i6 %round_cast1_cast, [240 x i32]* %RoundKey) nounwind


 <State 21>: 3.28ns
ST_21: StgValue_137 (72)  [11/24] 3.28ns  loc: CCodedFiles/2nd/AES_Encrypt.c:212
:5  call fastcc void @SubBytes([16 x i32]* %state, i6 %round_cast1_cast, [240 x i32]* %RoundKey) nounwind


 <State 22>: 3.28ns
ST_22: StgValue_138 (72)  [10/24] 3.28ns  loc: CCodedFiles/2nd/AES_Encrypt.c:212
:5  call fastcc void @SubBytes([16 x i32]* %state, i6 %round_cast1_cast, [240 x i32]* %RoundKey) nounwind


 <State 23>: 3.28ns
ST_23: StgValue_139 (72)  [9/24] 3.28ns  loc: CCodedFiles/2nd/AES_Encrypt.c:212
:5  call fastcc void @SubBytes([16 x i32]* %state, i6 %round_cast1_cast, [240 x i32]* %RoundKey) nounwind


 <State 24>: 3.28ns
ST_24: StgValue_140 (72)  [8/24] 3.28ns  loc: CCodedFiles/2nd/AES_Encrypt.c:212
:5  call fastcc void @SubBytes([16 x i32]* %state, i6 %round_cast1_cast, [240 x i32]* %RoundKey) nounwind


 <State 25>: 3.28ns
ST_25: StgValue_141 (72)  [7/24] 3.28ns  loc: CCodedFiles/2nd/AES_Encrypt.c:212
:5  call fastcc void @SubBytes([16 x i32]* %state, i6 %round_cast1_cast, [240 x i32]* %RoundKey) nounwind


 <State 26>: 3.28ns
ST_26: StgValue_142 (72)  [6/24] 3.28ns  loc: CCodedFiles/2nd/AES_Encrypt.c:212
:5  call fastcc void @SubBytes([16 x i32]* %state, i6 %round_cast1_cast, [240 x i32]* %RoundKey) nounwind


 <State 27>: 3.28ns
ST_27: StgValue_143 (72)  [5/24] 3.28ns  loc: CCodedFiles/2nd/AES_Encrypt.c:212
:5  call fastcc void @SubBytes([16 x i32]* %state, i6 %round_cast1_cast, [240 x i32]* %RoundKey) nounwind


 <State 28>: 3.28ns
ST_28: StgValue_144 (72)  [4/24] 3.28ns  loc: CCodedFiles/2nd/AES_Encrypt.c:212
:5  call fastcc void @SubBytes([16 x i32]* %state, i6 %round_cast1_cast, [240 x i32]* %RoundKey) nounwind


 <State 29>: 3.28ns
ST_29: StgValue_145 (72)  [3/24] 3.28ns  loc: CCodedFiles/2nd/AES_Encrypt.c:212
:5  call fastcc void @SubBytes([16 x i32]* %state, i6 %round_cast1_cast, [240 x i32]* %RoundKey) nounwind


 <State 30>: 3.28ns
ST_30: StgValue_146 (72)  [2/24] 3.28ns  loc: CCodedFiles/2nd/AES_Encrypt.c:212
:5  call fastcc void @SubBytes([16 x i32]* %state, i6 %round_cast1_cast, [240 x i32]* %RoundKey) nounwind


 <State 31>: 0.00ns
ST_31: empty_22 (67)  [1/1] 0.00ns
:0  %empty_22 = call i32 (...)* @_ssdm_op_SpecLoopTripCount(i64 9, i64 9, i64 9) nounwind

ST_31: StgValue_148 (68)  [1/1] 0.00ns  loc: CCodedFiles/2nd/AES_Encrypt.c:211
:1  call void (...)* @_ssdm_op_SpecLoopName([15 x i8]* @p_str4) nounwind

ST_31: tmp_s (69)  [1/1] 0.00ns  loc: CCodedFiles/2nd/AES_Encrypt.c:211
:2  %tmp_s = call i32 (...)* @_ssdm_op_SpecRegionBegin([15 x i8]* @p_str4) nounwind

ST_31: StgValue_150 (70)  [1/1] 0.00ns  loc: CCodedFiles/2nd/AES_Encrypt.c:212
:3  call void (...)* @_ssdm_op_SpecPipeline(i32 -1, i32 1, i32 1, i32 0, [1 x i8]* @p_str1) nounwind

ST_31: StgValue_151 (72)  [1/24] 0.00ns  loc: CCodedFiles/2nd/AES_Encrypt.c:212
:5  call fastcc void @SubBytes([16 x i32]* %state, i6 %round_cast1_cast, [240 x i32]* %RoundKey) nounwind

ST_31: empty_23 (73)  [1/1] 0.00ns  loc: CCodedFiles/2nd/AES_Encrypt.c:215
:6  %empty_23 = call i32 (...)* @_ssdm_op_SpecRegionEnd([15 x i8]* @p_str4, i32 %tmp_s) nounwind

ST_31: StgValue_153 (75)  [1/1] 0.00ns  loc: CCodedFiles/2nd/AES_Encrypt.c:210
:8  br label %AddRoundKey.exit


 <State 32>: 0.96ns
ST_32: StgValue_154 (77)  [24/24] 0.96ns  loc: CCodedFiles/2nd/AES_Encrypt.c:218
:0  call fastcc void @SubBytes([16 x i32]* %state, i6 10, [240 x i32]* %RoundKey) nounwind


 <State 33>: 3.28ns
ST_33: StgValue_155 (77)  [23/24] 3.28ns  loc: CCodedFiles/2nd/AES_Encrypt.c:218
:0  call fastcc void @SubBytes([16 x i32]* %state, i6 10, [240 x i32]* %RoundKey) nounwind


 <State 34>: 3.28ns
ST_34: StgValue_156 (77)  [22/24] 3.28ns  loc: CCodedFiles/2nd/AES_Encrypt.c:218
:0  call fastcc void @SubBytes([16 x i32]* %state, i6 10, [240 x i32]* %RoundKey) nounwind


 <State 35>: 3.28ns
ST_35: StgValue_157 (77)  [21/24] 3.28ns  loc: CCodedFiles/2nd/AES_Encrypt.c:218
:0  call fastcc void @SubBytes([16 x i32]* %state, i6 10, [240 x i32]* %RoundKey) nounwind


 <State 36>: 3.28ns
ST_36: StgValue_158 (77)  [20/24] 3.28ns  loc: CCodedFiles/2nd/AES_Encrypt.c:218
:0  call fastcc void @SubBytes([16 x i32]* %state, i6 10, [240 x i32]* %RoundKey) nounwind


 <State 37>: 3.28ns
ST_37: StgValue_159 (77)  [19/24] 3.28ns  loc: CCodedFiles/2nd/AES_Encrypt.c:218
:0  call fastcc void @SubBytes([16 x i32]* %state, i6 10, [240 x i32]* %RoundKey) nounwind


 <State 38>: 3.28ns
ST_38: StgValue_160 (77)  [18/24] 3.28ns  loc: CCodedFiles/2nd/AES_Encrypt.c:218
:0  call fastcc void @SubBytes([16 x i32]* %state, i6 10, [240 x i32]* %RoundKey) nounwind


 <State 39>: 3.28ns
ST_39: StgValue_161 (77)  [17/24] 3.28ns  loc: CCodedFiles/2nd/AES_Encrypt.c:218
:0  call fastcc void @SubBytes([16 x i32]* %state, i6 10, [240 x i32]* %RoundKey) nounwind


 <State 40>: 3.28ns
ST_40: StgValue_162 (77)  [16/24] 3.28ns  loc: CCodedFiles/2nd/AES_Encrypt.c:218
:0  call fastcc void @SubBytes([16 x i32]* %state, i6 10, [240 x i32]* %RoundKey) nounwind


 <State 41>: 3.28ns
ST_41: StgValue_163 (77)  [15/24] 3.28ns  loc: CCodedFiles/2nd/AES_Encrypt.c:218
:0  call fastcc void @SubBytes([16 x i32]* %state, i6 10, [240 x i32]* %RoundKey) nounwind


 <State 42>: 3.28ns
ST_42: StgValue_164 (77)  [14/24] 3.28ns  loc: CCodedFiles/2nd/AES_Encrypt.c:218
:0  call fastcc void @SubBytes([16 x i32]* %state, i6 10, [240 x i32]* %RoundKey) nounwind


 <State 43>: 3.28ns
ST_43: StgValue_165 (77)  [13/24] 3.28ns  loc: CCodedFiles/2nd/AES_Encrypt.c:218
:0  call fastcc void @SubBytes([16 x i32]* %state, i6 10, [240 x i32]* %RoundKey) nounwind


 <State 44>: 3.28ns
ST_44: StgValue_166 (77)  [12/24] 3.28ns  loc: CCodedFiles/2nd/AES_Encrypt.c:218
:0  call fastcc void @SubBytes([16 x i32]* %state, i6 10, [240 x i32]* %RoundKey) nounwind


 <State 45>: 3.28ns
ST_45: StgValue_167 (77)  [11/24] 3.28ns  loc: CCodedFiles/2nd/AES_Encrypt.c:218
:0  call fastcc void @SubBytes([16 x i32]* %state, i6 10, [240 x i32]* %RoundKey) nounwind


 <State 46>: 3.28ns
ST_46: StgValue_168 (77)  [10/24] 3.28ns  loc: CCodedFiles/2nd/AES_Encrypt.c:218
:0  call fastcc void @SubBytes([16 x i32]* %state, i6 10, [240 x i32]* %RoundKey) nounwind


 <State 47>: 3.28ns
ST_47: StgValue_169 (77)  [9/24] 3.28ns  loc: CCodedFiles/2nd/AES_Encrypt.c:218
:0  call fastcc void @SubBytes([16 x i32]* %state, i6 10, [240 x i32]* %RoundKey) nounwind


 <State 48>: 3.28ns
ST_48: StgValue_170 (77)  [8/24] 3.28ns  loc: CCodedFiles/2nd/AES_Encrypt.c:218
:0  call fastcc void @SubBytes([16 x i32]* %state, i6 10, [240 x i32]* %RoundKey) nounwind


 <State 49>: 3.28ns
ST_49: StgValue_171 (77)  [7/24] 3.28ns  loc: CCodedFiles/2nd/AES_Encrypt.c:218
:0  call fastcc void @SubBytes([16 x i32]* %state, i6 10, [240 x i32]* %RoundKey) nounwind


 <State 50>: 3.28ns
ST_50: StgValue_172 (77)  [6/24] 3.28ns  loc: CCodedFiles/2nd/AES_Encrypt.c:218
:0  call fastcc void @SubBytes([16 x i32]* %state, i6 10, [240 x i32]* %RoundKey) nounwind


 <State 51>: 3.28ns
ST_51: StgValue_173 (77)  [5/24] 3.28ns  loc: CCodedFiles/2nd/AES_Encrypt.c:218
:0  call fastcc void @SubBytes([16 x i32]* %state, i6 10, [240 x i32]* %RoundKey) nounwind


 <State 52>: 3.28ns
ST_52: StgValue_174 (77)  [4/24] 3.28ns  loc: CCodedFiles/2nd/AES_Encrypt.c:218
:0  call fastcc void @SubBytes([16 x i32]* %state, i6 10, [240 x i32]* %RoundKey) nounwind


 <State 53>: 3.28ns
ST_53: StgValue_175 (77)  [3/24] 3.28ns  loc: CCodedFiles/2nd/AES_Encrypt.c:218
:0  call fastcc void @SubBytes([16 x i32]* %state, i6 10, [240 x i32]* %RoundKey) nounwind


 <State 54>: 3.28ns
ST_54: StgValue_176 (77)  [2/24] 3.28ns  loc: CCodedFiles/2nd/AES_Encrypt.c:218
:0  call fastcc void @SubBytes([16 x i32]* %state, i6 10, [240 x i32]* %RoundKey) nounwind


 <State 55>: 0.00ns
ST_55: StgValue_177 (77)  [1/24] 0.00ns  loc: CCodedFiles/2nd/AES_Encrypt.c:218
:0  call fastcc void @SubBytes([16 x i32]* %state, i6 10, [240 x i32]* %RoundKey) nounwind

ST_55: StgValue_178 (78)  [1/1] 0.00ns  loc: CCodedFiles/2nd/AES_Encrypt.c:219
:1  ret void



============================================================
+ Verbose Summary: Binding
============================================================
STG Binding: 
---------------- STG Properties BEGIN ----------------
- Is combinational: 0
- Is one-state seq: 0
- Is datapath-only: 0
- Is pipelined: 0
- Is top level: 1
Port [ Return ] is wired: 1; IO mode=ap_ctrl_hs:ce=0
Port [ state]:  wired=1; compound=1; hidden=0; nouse=0; global=0; static=0; extern=0; dir=2; type=1; pingpong=0; private_global=0; MemPort=[22]; IO mode=ap_memory:ce=0
Port [ Key]:  wired=1; compound=1; hidden=0; nouse=0; global=0; static=0; extern=0; dir=0; type=1; pingpong=0; private_global=0; MemPort=[11]; IO mode=ap_memory:ce=0
Port [ sbox]:  wired=0; compound=1; hidden=1; nouse=1; global=1; static=1; extern=0; dir=0; type=1; pingpong=0; private_global=1; linkage=7; visibility=0; MemPort=[1]; IO mode=ap_memory:ce=0
Port [ Rcon]:  wired=0; compound=1; hidden=1; nouse=1; global=1; static=1; extern=0; dir=0; type=1; pingpong=0; private_global=0; linkage=7; visibility=0; MemPort=[1]; IO mode=ap_memory:ce=0
---------------- STG Properties END ------------------

---------------- Datapath Model BEGIN ----------------

<LifeTime>
<method=bitvector/>
RoundKey         (alloca           ) [ 00111111111111111111111111111111111111111000000000000000]
StgValue_58      (specbitsmap      ) [ 00000000000000000000000000000000000000000000000000000000]
StgValue_59      (specbitsmap      ) [ 00000000000000000000000000000000000000000000000000000000]
StgValue_60      (spectopmodule    ) [ 00000000000000000000000000000000000000000000000000000000]
StgValue_61      (call             ) [ 00000000000000000000000000000000000000000000000000000000]
StgValue_62      (br               ) [ 00111110000000000000000000000000000000000000000000000000]
i_i              (phi              ) [ 00010000000000000000000000000000000000000000000000000000]
i_i_cast2        (zext             ) [ 00000000000000000000000000000000000000000000000000000000]
i_i_cast2_cast1  (zext             ) [ 00000000000000000000000000000000000000000000000000000000]
i_i_cast2_cast   (zext             ) [ 00000000000000000000000000000000000000000000000000000000]
state_addr       (getelementptr    ) [ 00001100000000000000000000000000000000000000000000000000]
tmp_49           (add              ) [ 00000000000000000000000000000000000000000000000000000000]
tmp_52_cast      (zext             ) [ 00000000000000000000000000000000000000000000000000000000]
state_addr_16    (getelementptr    ) [ 00001100000000000000000000000000000000000000000000000000]
tmp_50           (bitconcatenate   ) [ 00000000000000000000000000000000000000000000000000000000]
state_addr_17    (getelementptr    ) [ 00001110000000000000000000000000000000000000000000000000]
tmp_51           (add              ) [ 00000000000000000000000000000000000000000000000000000000]
tmp_54_cast      (zext             ) [ 00000000000000000000000000000000000000000000000000000000]
state_addr_18    (getelementptr    ) [ 00001110000000000000000000000000000000000000000000000000]
exitcond1_i      (icmp             ) [ 00011111111111111111111111111111000000000000000000000000]
empty            (speclooptripcount) [ 00000000000000000000000000000000000000000000000000000000]
i                (add              ) [ 00111110000000000000000000000000000000000000000000000000]
StgValue_79      (br               ) [ 00000000000000000000000000000000000000000000000000000000]
tmp_52           (trunc            ) [ 00001000000000000000000000000000000000000000000000000000]
StgValue_83      (br               ) [ 00011111111111111111111111111111000000000000000000000000]
tmp_i            (bitconcatenate   ) [ 00000100000000000000000000000000000000000000000000000000]
tmp_i_cast       (zext             ) [ 00000000000000000000000000000000000000000000000000000000]
RoundKey_addr    (getelementptr    ) [ 00000100000000000000000000000000000000000000000000000000]
state_load       (load             ) [ 00000100000000000000000000000000000000000000000000000000]
sum3_i           (or               ) [ 00000000000000000000000000000000000000000000000000000000]
sum3_i_cast      (zext             ) [ 00000000000000000000000000000000000000000000000000000000]
RoundKey_addr_59 (getelementptr    ) [ 00000100000000000000000000000000000000000000000000000000]
state_load_1     (load             ) [ 00000100000000000000000000000000000000000000000000000000]
RoundKey_load    (load             ) [ 00000000000000000000000000000000000000000000000000000000]
tmp_84_i         (xor              ) [ 00000000000000000000000000000000000000000000000000000000]
StgValue_98      (store            ) [ 00000000000000000000000000000000000000000000000000000000]
RoundKey_load_34 (load             ) [ 00000000000000000000000000000000000000000000000000000000]
tmp_84_1_i       (xor              ) [ 00000000000000000000000000000000000000000000000000000000]
StgValue_101     (store            ) [ 00000000000000000000000000000000000000000000000000000000]
sum3_1_i         (or               ) [ 00000000000000000000000000000000000000000000000000000000]
sum3_1_i_cast    (zext             ) [ 00000000000000000000000000000000000000000000000000000000]
RoundKey_addr_60 (getelementptr    ) [ 00000010000000000000000000000000000000000000000000000000]
state_load_2     (load             ) [ 00000010000000000000000000000000000000000000000000000000]
sum3_2_i         (or               ) [ 00000000000000000000000000000000000000000000000000000000]
sum3_2_i_cast    (zext             ) [ 00000000000000000000000000000000000000000000000000000000]
RoundKey_addr_61 (getelementptr    ) [ 00000010000000000000000000000000000000000000000000000000]
state_load_3     (load             ) [ 00000010000000000000000000000000000000000000000000000000]
RoundKey_load_35 (load             ) [ 00000000000000000000000000000000000000000000000000000000]
tmp_84_2_i       (xor              ) [ 00000000000000000000000000000000000000000000000000000000]
StgValue_114     (store            ) [ 00000000000000000000000000000000000000000000000000000000]
RoundKey_load_36 (load             ) [ 00000000000000000000000000000000000000000000000000000000]
tmp_84_3_i       (xor              ) [ 00000000000000000000000000000000000000000000000000000000]
StgValue_117     (store            ) [ 00000000000000000000000000000000000000000000000000000000]
StgValue_118     (br               ) [ 00111110000000000000000000000000000000000000000000000000]
round            (phi              ) [ 00000001100000000000000000000000000000000000000000000000]
exitcond         (icmp             ) [ 00000001111111111111111111111111000000000000000000000000]
StgValue_121     (br               ) [ 00000000000000000000000000000000000000000000000000000000]
round_cast1_cast (zext             ) [ 00000000000000000000000000000000000000000000000000000000]
tmp              (add              ) [ 00010001011111111111111111111111000000000000000000000000]
empty_22         (speclooptripcount) [ 00000000000000000000000000000000000000000000000000000000]
StgValue_148     (specloopname     ) [ 00000000000000000000000000000000000000000000000000000000]
tmp_s            (specregionbegin  ) [ 00000000000000000000000000000000000000000000000000000000]
StgValue_150     (specpipeline     ) [ 00000000000000000000000000000000000000000000000000000000]
StgValue_151     (call             ) [ 00000000000000000000000000000000000000000000000000000000]
empty_23         (specregionend    ) [ 00000000000000000000000000000000000000000000000000000000]
StgValue_153     (br               ) [ 00010001111111111111111111111111000000000000000000000000]
StgValue_177     (call             ) [ 00000000000000000000000000000000000000000000000000000000]
StgValue_178     (ret              ) [ 00000000000000000000000000000000000000000000000000000000]
</LifeTime>

<model>

<comp_list>
<comp id="0" class="1000" name="state">
<pin_list>
<pin id="1" dir="1" index="0" bw="1" slack="0"/>
</pin_list>
<bind>
<StgValue><ssdm name="state"/><MemPortTyVec>2 2 </MemPortTyVec>
</StgValue>
</bind>
</comp>

<comp id="2" class="1000" name="Key">
<pin_list>
<pin id="3" dir="1" index="0" bw="1" slack="0"/>
</pin_list>
<bind>
<StgValue><ssdm name="Key"/><MemPortTyVec>1 1 </MemPortTyVec>
</StgValue>
</bind>
</comp>

<comp id="4" class="1000" name="sbox">
<pin_list>
<pin id="5" dir="1" index="0" bw="1" slack="0"/>
</pin_list>
<bind>
<StgValue><ssdm name="sbox"/><MemPortTyVec>1 </MemPortTyVec>
</StgValue>
</bind>
</comp>

<comp id="6" class="1000" name="Rcon">
<pin_list>
<pin id="7" dir="1" index="0" bw="1" slack="0"/>
</pin_list>
<bind>
<StgValue><ssdm name="Rcon"/><MemPortTyVec>1 </MemPortTyVec>
</StgValue>
</bind>
</comp>

<comp id="8" class="1001" name="const_8">
<pin_list>
<pin id="9" dir="1" index="0" bw="1" slack="0"/>
</pin_list>
<bind>
<StgValue><ssdm name=""/></StgValue>
</bind>
</comp>

<comp id="10" class="1001" name="const_10">
<pin_list>
<pin id="11" dir="1" index="0" bw="1" slack="0"/>
</pin_list>
<bind>
<StgValue><ssdm name="KeyExpansion"/></StgValue>
</bind>
</comp>

<comp id="12" class="1001" name="const_12">
<pin_list>
<pin id="13" dir="1" index="0" bw="1" slack="2147483647"/>
</pin_list>
<bind>
<StgValue><ssdm name="_ssdm_op_SpecBitsMap"/></StgValue>
</bind>
</comp>

<comp id="14" class="1001" name="const_14">
<pin_list>
<pin id="15" dir="1" index="0" bw="1" slack="2147483647"/>
</pin_list>
<bind>
<StgValue><ssdm name="_ssdm_op_SpecTopModule"/></StgValue>
</bind>
</comp>

<comp id="16" class="1001" name="const_16">
<pin_list>
<pin id="17" dir="1" index="0" bw="1" slack="2147483647"/>
</pin_list>
<bind>
<StgValue><ssdm name="Cipher_str"/></StgValue>
</bind>
</comp>

<comp id="18" class="1001" name="const_18">
<pin_list>
<pin id="19" dir="1" index="0" bw="1" slack="1"/>
</pin_list>
<bind>
<StgValue><ssdm name=""/></StgValue>
</bind>
</comp>

<comp id="20" class="1001" name="const_20">
<pin_list>
<pin id="21" dir="1" index="0" bw="1" slack="0"/>
</pin_list>
<bind>
<StgValue><ssdm name=""/></StgValue>
</bind>
</comp>

<comp id="22" class="1001" name="const_22">
<pin_list>
<pin id="23" dir="1" index="0" bw="1" slack="0"/>
</pin_list>
<bind>
<StgValue><ssdm name=""/></StgValue>
</bind>
</comp>

<comp id="24" class="1001" name="const_24">
<pin_list>
<pin id="25" dir="1" index="0" bw="1" slack="0"/>
</pin_list>
<bind>
<StgValue><ssdm name="_ssdm_op_BitConcatenate.i32.i29.i3"/></StgValue>
</bind>
</comp>

<comp id="26" class="1001" name="const_26">
<pin_list>
<pin id="27" dir="1" index="0" bw="1" slack="0"/>
</pin_list>
<bind>
<StgValue><ssdm name=""/></StgValue>
</bind>
</comp>

<comp id="28" class="1001" name="const_28">
<pin_list>
<pin id="29" dir="1" index="0" bw="1" slack="0"/>
</pin_list>
<bind>
<StgValue><ssdm name=""/></StgValue>
</bind>
</comp>

<comp id="30" class="1001" name="const_30">
<pin_list>
<pin id="31" dir="1" index="0" bw="1" slack="0"/>
</pin_list>
<bind>
<StgValue><ssdm name=""/></StgValue>
</bind>
</comp>

<comp id="32" class="1001" name="const_32">
<pin_list>
<pin id="33" dir="1" index="0" bw="1" slack="2147483647"/>
</pin_list>
<bind>
<StgValue><ssdm name="_ssdm_op_SpecLoopTripCount"/></StgValue>
</bind>
</comp>

<comp id="34" class="1001" name="const_34">
<pin_list>
<pin id="35" dir="1" index="0" bw="1" slack="2147483647"/>
</pin_list>
<bind>
<StgValue><ssdm name=""/></StgValue>
</bind>
</comp>

<comp id="36" class="1001" name="const_36">
<pin_list>
<pin id="37" dir="1" index="0" bw="1" slack="0"/>
</pin_list>
<bind>
<StgValue><ssdm name=""/></StgValue>
</bind>
</comp>

<comp id="38" class="1001" name="const_38">
<pin_list>
<pin id="39" dir="1" index="0" bw="1" slack="0"/>
</pin_list>
<bind>
<StgValue><ssdm name="_ssdm_op_BitConcatenate.i4.i2.i2"/></StgValue>
</bind>
</comp>

<comp id="40" class="1001" name="const_40">
<pin_list>
<pin id="41" dir="1" index="0" bw="1" slack="0"/>
</pin_list>
<bind>
<StgValue><ssdm name=""/></StgValue>
</bind>
</comp>

<comp id="42" class="1001" name="const_42">
<pin_list>
<pin id="43" dir="1" index="0" bw="1" slack="0"/>
</pin_list>
<bind>
<StgValue><ssdm name=""/></StgValue>
</bind>
</comp>

<comp id="44" class="1001" name="const_44">
<pin_list>
<pin id="45" dir="1" index="0" bw="1" slack="0"/>
</pin_list>
<bind>
<StgValue><ssdm name=""/></StgValue>
</bind>
</comp>

<comp id="46" class="1001" name="const_46">
<pin_list>
<pin id="47" dir="1" index="0" bw="1" slack="0"/>
</pin_list>
<bind>
<StgValue><ssdm name=""/></StgValue>
</bind>
</comp>

<comp id="48" class="1001" name="const_48">
<pin_list>
<pin id="49" dir="1" index="0" bw="1" slack="0"/>
</pin_list>
<bind>
<StgValue><ssdm name=""/></StgValue>
</bind>
</comp>

<comp id="50" class="1001" name="const_50">
<pin_list>
<pin id="51" dir="1" index="0" bw="1" slack="0"/>
</pin_list>
<bind>
<StgValue><ssdm name="SubBytes"/></StgValue>
</bind>
</comp>

<comp id="52" class="1001" name="const_52">
<pin_list>
<pin id="53" dir="1" index="0" bw="1" slack="2147483647"/>
</pin_list>
<bind>
<StgValue><ssdm name=""/></StgValue>
</bind>
</comp>

<comp id="54" class="1001" name="const_54">
<pin_list>
<pin id="55" dir="1" index="0" bw="1" slack="2147483647"/>
</pin_list>
<bind>
<StgValue><ssdm name="_ssdm_op_SpecLoopName"/></StgValue>
</bind>
</comp>

<comp id="56" class="1001" name="const_56">
<pin_list>
<pin id="57" dir="1" index="0" bw="1" slack="2147483647"/>
</pin_list>
<bind>
<StgValue><ssdm name="p_str4"/></StgValue>
</bind>
</comp>

<comp id="58" class="1001" name="const_58">
<pin_list>
<pin id="59" dir="1" index="0" bw="1" slack="2147483647"/>
</pin_list>
<bind>
<StgValue><ssdm name="_ssdm_op_SpecRegionBegin"/></StgValue>
</bind>
</comp>

<comp id="60" class="1001" name="const_60">
<pin_list>
<pin id="61" dir="1" index="0" bw="1" slack="2147483647"/>
</pin_list>
<bind>
<StgValue><ssdm name="_ssdm_op_SpecPipeline"/></StgValue>
</bind>
</comp>

<comp id="62" class="1001" name="const_62">
<pin_list>
<pin id="63" dir="1" index="0" bw="1" slack="2147483647"/>
</pin_list>
<bind>
<StgValue><ssdm name=""/></StgValue>
</bind>
</comp>

<comp id="64" class="1001" name="const_64">
<pin_list>
<pin id="65" dir="1" index="0" bw="1" slack="2147483647"/>
</pin_list>
<bind>
<StgValue><ssdm name="p_str1"/></StgValue>
</bind>
</comp>

<comp id="66" class="1001" name="const_66">
<pin_list>
<pin id="67" dir="1" index="0" bw="1" slack="2147483647"/>
</pin_list>
<bind>
<StgValue><ssdm name="_ssdm_op_SpecRegionEnd"/></StgValue>
</bind>
</comp>

<comp id="68" class="1001" name="const_68">
<pin_list>
<pin id="69" dir="1" index="0" bw="1" slack="0"/>
</pin_list>
<bind>
<StgValue><ssdm name=""/></StgValue>
</bind>
</comp>

<comp id="70" class="1004" name="RoundKey_alloca_fu_70">
<pin_list>
<pin id="71" dir="0" index="0" bw="1" slack="0"/>
<pin id="72" dir="1" index="1" bw="32" slack="0"/>
</pin_list>
<bind>
<opcode="alloca(26) " fcode="alloca"/>
<opset="RoundKey/1 "/>
</bind>
</comp>

<comp id="74" class="1004" name="state_addr_gep_fu_74">
<pin_list>
<pin id="75" dir="0" index="0" bw="32" slack="0"/>
<pin id="76" dir="0" index="1" bw="1" slack="0"/>
<pin id="77" dir="0" index="2" bw="3" slack="0"/>
<pin id="78" dir="1" index="3" bw="4" slack="0"/>
</pin_list>
<bind>
<opcode="getelementptr(29) " fcode="getelementptr"/>
<opset="state_addr/3 "/>
</bind>
</comp>

<comp id="81" class="1004" name="state_addr_16_gep_fu_81">
<pin_list>
<pin id="82" dir="0" index="0" bw="32" slack="0"/>
<pin id="83" dir="0" index="1" bw="1" slack="0"/>
<pin id="84" dir="0" index="2" bw="4" slack="0"/>
<pin id="85" dir="1" index="3" bw="4" slack="0"/>
</pin_list>
<bind>
<opcode="getelementptr(29) " fcode="getelementptr"/>
<opset="state_addr_16/3 "/>
</bind>
</comp>

<comp id="88" class="1004" name="state_addr_17_gep_fu_88">
<pin_list>
<pin id="89" dir="0" index="0" bw="32" slack="0"/>
<pin id="90" dir="0" index="1" bw="1" slack="0"/>
<pin id="91" dir="0" index="2" bw="32" slack="0"/>
<pin id="92" dir="1" index="3" bw="4" slack="1"/>
</pin_list>
<bind>
<opcode="getelementptr(29) " fcode="getelementptr"/>
<opset="state_addr_17/3 "/>
</bind>
</comp>

<comp id="95" class="1004" name="state_addr_18_gep_fu_95">
<pin_list>
<pin id="96" dir="0" index="0" bw="32" slack="0"/>
<pin id="97" dir="0" index="1" bw="1" slack="0"/>
<pin id="98" dir="0" index="2" bw="5" slack="0"/>
<pin id="99" dir="1" index="3" bw="4" slack="1"/>
</pin_list>
<bind>
<opcode="getelementptr(29) " fcode="getelementptr"/>
<opset="state_addr_18/3 "/>
</bind>
</comp>

<comp id="102" class="1004" name="grp_access_fu_102">
<pin_list>
<pin id="103" dir="0" index="0" bw="4" slack="0"/>
<pin id="104" dir="0" index="1" bw="32" slack="0"/>
<pin id="107" dir="0" index="3" bw="4" slack="0"/>
<pin id="108" dir="0" index="4" bw="32" slack="0"/>
<pin id="105" dir="1" index="2" bw="32" slack="1"/>
<pin id="109" dir="1" index="5" bw="32" slack="1"/>
</pin_list>
<bind>
<opcode="load(27) store(28) " fcode="store"/>
<opset="state_load/3 state_load_1/3 state_load_2/4 state_load_3/4 StgValue_98/5 StgValue_101/5 StgValue_114/6 StgValue_117/6 "/>
</bind>
</comp>

<comp id="111" class="1004" name="RoundKey_addr_gep_fu_111">
<pin_list>
<pin id="112" dir="0" index="0" bw="32" slack="2147483647"/>
<pin id="113" dir="0" index="1" bw="1" slack="0"/>
<pin id="114" dir="0" index="2" bw="4" slack="0"/>
<pin id="115" dir="1" index="3" bw="8" slack="0"/>
</pin_list>
<bind>
<opcode="getelementptr(29) " fcode="getelementptr"/>
<opset="RoundKey_addr/4 "/>
</bind>
</comp>

<comp id="117" class="1004" name="grp_access_fu_117">
<pin_list>
<pin id="118" dir="0" index="0" bw="8" slack="0"/>
<pin id="119" dir="0" index="1" bw="32" slack="2147483647"/>
<pin id="128" dir="0" index="3" bw="8" slack="0"/>
<pin id="129" dir="0" index="4" bw="32" slack="2147483647"/>
<pin id="120" dir="1" index="2" bw="32" slack="0"/>
<pin id="130" dir="1" index="5" bw="32" slack="0"/>
</pin_list>
<bind>
<opcode="load(27) " fcode="load"/>
<opset="RoundKey_load/4 RoundKey_load_34/4 RoundKey_load_35/5 RoundKey_load_36/5 "/>
</bind>
</comp>

<comp id="122" class="1004" name="RoundKey_addr_59_gep_fu_122">
<pin_list>
<pin id="123" dir="0" index="0" bw="32" slack="2147483647"/>
<pin id="124" dir="0" index="1" bw="1" slack="0"/>
<pin id="125" dir="0" index="2" bw="4" slack="0"/>
<pin id="126" dir="1" index="3" bw="8" slack="0"/>
</pin_list>
<bind>
<opcode="getelementptr(29) " fcode="getelementptr"/>
<opset="RoundKey_addr_59/4 "/>
</bind>
</comp>

<comp id="132" class="1004" name="RoundKey_addr_60_gep_fu_132">
<pin_list>
<pin id="133" dir="0" index="0" bw="32" slack="2147483647"/>
<pin id="134" dir="0" index="1" bw="1" slack="0"/>
<pin id="135" dir="0" index="2" bw="4" slack="0"/>
<pin id="136" dir="1" index="3" bw="8" slack="0"/>
</pin_list>
<bind>
<opcode="getelementptr(29) " fcode="getelementptr"/>
<opset="RoundKey_addr_60/5 "/>
</bind>
</comp>

<comp id="139" class="1004" name="RoundKey_addr_61_gep_fu_139">
<pin_list>
<pin id="140" dir="0" index="0" bw="32" slack="2147483647"/>
<pin id="141" dir="0" index="1" bw="1" slack="0"/>
<pin id="142" dir="0" index="2" bw="4" slack="0"/>
<pin id="143" dir="1" index="3" bw="8" slack="0"/>
</pin_list>
<bind>
<opcode="getelementptr(29) " fcode="getelementptr"/>
<opset="RoundKey_addr_61/5 "/>
</bind>
</comp>

<comp id="146" class="1005" name="i_i_reg_146">
<pin_list>
<pin id="147" dir="0" index="0" bw="3" slack="1"/>
<pin id="148" dir="1" index="1" bw="3" slack="1"/>
</pin_list>
<bind>
<opset="i_i (phireg) "/>
</bind>
</comp>

<comp id="150" class="1004" name="i_i_phi_fu_150">
<pin_list>
<pin id="151" dir="0" index="0" bw="1" slack="1"/>
<pin id="152" dir="0" index="1" bw="0" slack="2147483647"/>
<pin id="153" dir="0" index="2" bw="3" slack="0"/>
<pin id="154" dir="0" index="3" bw="0" slack="2147483647"/>
<pin id="155" dir="1" index="4" bw="3" slack="0"/>
</pin_list>
<bind>
<opcode="phi(47) " fcode="phi"/>
<opset="i_i/3 "/>
</bind>
</comp>

<comp id="157" class="1005" name="round_reg_157">
<pin_list>
<pin id="158" dir="0" index="0" bw="4" slack="1"/>
<pin id="159" dir="1" index="1" bw="4" slack="1"/>
</pin_list>
<bind>
<opset="round (phireg) "/>
</bind>
</comp>

<comp id="161" class="1004" name="round_phi_fu_161">
<pin_list>
<pin id="162" dir="0" index="0" bw="4" slack="1"/>
<pin id="163" dir="0" index="1" bw="0" slack="2147483647"/>
<pin id="164" dir="0" index="2" bw="1" slack="1"/>
<pin id="165" dir="0" index="3" bw="0" slack="2147483647"/>
<pin id="166" dir="1" index="4" bw="4" slack="0"/>
</pin_list>
<bind>
<opcode="phi(47) " fcode="phi"/>
<opset="round/7 "/>
</bind>
</comp>

<comp id="169" class="1004" name="grp_SubBytes_fu_169">
<pin_list>
<pin id="170" dir="0" index="0" bw="0" slack="0"/>
<pin id="171" dir="0" index="1" bw="32" slack="0"/>
<pin id="172" dir="0" index="2" bw="5" slack="0"/>
<pin id="173" dir="0" index="3" bw="32" slack="2147483647"/>
<pin id="174" dir="0" index="4" bw="8" slack="0"/>
<pin id="175" dir="1" index="5" bw="0" slack="2147483647"/>
</pin_list>
<bind>
<opcode="call(48) " fcode="call"/>
<opset="StgValue_123/8 StgValue_154/32 "/>
</bind>
</comp>

<comp id="180" class="1004" name="grp_KeyExpansion_fu_180">
<pin_list>
<pin id="181" dir="0" index="0" bw="0" slack="0"/>
<pin id="182" dir="0" index="1" bw="32" slack="0"/>
<pin id="183" dir="0" index="2" bw="32" slack="0"/>
<pin id="184" dir="0" index="3" bw="8" slack="0"/>
<pin id="185" dir="0" index="4" bw="8" slack="0"/>
<pin id="186" dir="1" index="5" bw="0" slack="2147483647"/>
</pin_list>
<bind>
<opcode="call(48) " fcode="call"/>
<opset="StgValue_57/1 "/>
</bind>
</comp>

<comp id="192" class="1005" name="reg_192">
<pin_list>
<pin id="193" dir="0" index="0" bw="32" slack="1"/>
<pin id="194" dir="1" index="1" bw="32" slack="1"/>
</pin_list>
<bind>
<opset="state_load state_load_2 "/>
</bind>
</comp>

<comp id="196" class="1005" name="reg_196">
<pin_list>
<pin id="197" dir="0" index="0" bw="32" slack="1"/>
<pin id="198" dir="1" index="1" bw="32" slack="1"/>
</pin_list>
<bind>
<opset="state_load_1 state_load_3 "/>
</bind>
</comp>

<comp id="200" class="1004" name="grp_fu_200">
<pin_list>
<pin id="201" dir="0" index="0" bw="32" slack="1"/>
<pin id="202" dir="0" index="1" bw="32" slack="0"/>
<pin id="203" dir="1" index="2" bw="32" slack="0"/>
</pin_list>
<bind>
<opcode="xor(25) " fcode="xor"/>
<opset="tmp_84_i/5 tmp_84_2_i/6 "/>
</bind>
</comp>

<comp id="207" class="1004" name="grp_fu_207">
<pin_list>
<pin id="208" dir="0" index="0" bw="32" slack="1"/>
<pin id="209" dir="0" index="1" bw="32" slack="0"/>
<pin id="210" dir="1" index="2" bw="32" slack="0"/>
</pin_list>
<bind>
<opcode="xor(25) " fcode="xor"/>
<opset="tmp_84_1_i/5 tmp_84_3_i/6 "/>
</bind>
</comp>

<comp id="214" class="1004" name="i_i_cast2_fu_214">
<pin_list>
<pin id="215" dir="0" index="0" bw="3" slack="0"/>
<pin id="216" dir="1" index="1" bw="32" slack="0"/>
</pin_list>
<bind>
<opcode="zext(34) " fcode="zext"/>
<opset="i_i_cast2/3 "/>
</bind>
</comp>

<comp id="219" class="1004" name="i_i_cast2_cast1_fu_219">
<pin_list>
<pin id="220" dir="0" index="0" bw="3" slack="0"/>
<pin id="221" dir="1" index="1" bw="5" slack="0"/>
</pin_list>
<bind>
<opcode="zext(34) " fcode="zext"/>
<opset="i_i_cast2_cast1/3 "/>
</bind>
</comp>

<comp id="223" class="1004" name="i_i_cast2_cast_fu_223">
<pin_list>
<pin id="224" dir="0" index="0" bw="3" slack="0"/>
<pin id="225" dir="1" index="1" bw="4" slack="0"/>
</pin_list>
<bind>
<opcode="zext(34) " fcode="zext"/>
<opset="i_i_cast2_cast/3 "/>
</bind>
</comp>

<comp id="227" class="1004" name="tmp_49_fu_227">
<pin_list>
<pin id="228" dir="0" index="0" bw="3" slack="0"/>
<pin id="229" dir="0" index="1" bw="4" slack="0"/>
<pin id="230" dir="1" index="2" bw="4" slack="0"/>
</pin_list>
<bind>
<opcode="add(8) " fcode="add"/>
<opset="tmp_49/3 "/>
</bind>
</comp>

<comp id="233" class="1004" name="tmp_52_cast_fu_233">
<pin_list>
<pin id="234" dir="0" index="0" bw="4" slack="0"/>
<pin id="235" dir="1" index="1" bw="32" slack="0"/>
</pin_list>
<bind>
<opcode="zext(34) " fcode="zext"/>
<opset="tmp_52_cast/3 "/>
</bind>
</comp>

<comp id="238" class="1004" name="tmp_50_fu_238">
<pin_list>
<pin id="239" dir="0" index="0" bw="32" slack="0"/>
<pin id="240" dir="0" index="1" bw="1" slack="0"/>
<pin id="241" dir="0" index="2" bw="3" slack="0"/>
<pin id="242" dir="1" index="3" bw="32" slack="0"/>
</pin_list>
<bind>
<opcode="bitconcatenate(1004) " fcode="bitconcatenate"/>
<opset="tmp_50/3 "/>
</bind>
</comp>

<comp id="247" class="1004" name="tmp_51_fu_247">
<pin_list>
<pin id="248" dir="0" index="0" bw="3" slack="0"/>
<pin id="249" dir="0" index="1" bw="5" slack="0"/>
<pin id="250" dir="1" index="2" bw="5" slack="0"/>
</pin_list>
<bind>
<opcode="add(8) " fcode="add"/>
<opset="tmp_51/3 "/>
</bind>
</comp>

<comp id="253" class="1004" name="tmp_54_cast_fu_253">
<pin_list>
<pin id="254" dir="0" index="0" bw="5" slack="0"/>
<pin id="255" dir="1" index="1" bw="32" slack="0"/>
</pin_list>
<bind>
<opcode="zext(34) " fcode="zext"/>
<opset="tmp_54_cast/3 "/>
</bind>
</comp>

<comp id="258" class="1004" name="exitcond1_i_fu_258">
<pin_list>
<pin id="259" dir="0" index="0" bw="3" slack="0"/>
<pin id="260" dir="0" index="1" bw="3" slack="0"/>
<pin id="261" dir="1" index="2" bw="1" slack="1"/>
</pin_list>
<bind>
<opcode="icmp(45) " fcode="icmp"/>
<opset="exitcond1_i/3 "/>
</bind>
</comp>

<comp id="264" class="1004" name="i_fu_264">
<pin_list>
<pin id="265" dir="0" index="0" bw="3" slack="0"/>
<pin id="266" dir="0" index="1" bw="1" slack="0"/>
<pin id="267" dir="1" index="2" bw="3" slack="0"/>
</pin_list>
<bind>
<opcode="add(8) " fcode="add"/>
<opset="i/3 "/>
</bind>
</comp>

<comp id="270" class="1004" name="tmp_52_fu_270">
<pin_list>
<pin id="271" dir="0" index="0" bw="3" slack="0"/>
<pin id="272" dir="1" index="1" bw="2" slack="1"/>
</pin_list>
<bind>
<opcode="trunc(33) " fcode="trunc"/>
<opset="tmp_52/3 "/>
</bind>
</comp>

<comp id="274" class="1004" name="tmp_i_fu_274">
<pin_list>
<pin id="275" dir="0" index="0" bw="4" slack="0"/>
<pin id="276" dir="0" index="1" bw="2" slack="1"/>
<pin id="277" dir="0" index="2" bw="1" slack="0"/>
<pin id="278" dir="1" index="3" bw="4" slack="0"/>
</pin_list>
<bind>
<opcode="bitconcatenate(1004) " fcode="bitconcatenate"/>
<opset="tmp_i/4 "/>
</bind>
</comp>

<comp id="281" class="1004" name="tmp_i_cast_fu_281">
<pin_list>
<pin id="282" dir="0" index="0" bw="4" slack="0"/>
<pin id="283" dir="1" index="1" bw="32" slack="0"/>
</pin_list>
<bind>
<opcode="zext(34) " fcode="zext"/>
<opset="tmp_i_cast/4 "/>
</bind>
</comp>

<comp id="286" class="1004" name="sum3_i_fu_286">
<pin_list>
<pin id="287" dir="0" index="0" bw="4" slack="0"/>
<pin id="288" dir="0" index="1" bw="4" slack="0"/>
<pin id="289" dir="1" index="2" bw="4" slack="0"/>
</pin_list>
<bind>
<opcode="or(24) " fcode="or"/>
<opset="sum3_i/4 "/>
</bind>
</comp>

<comp id="292" class="1004" name="sum3_i_cast_fu_292">
<pin_list>
<pin id="293" dir="0" index="0" bw="4" slack="0"/>
<pin id="294" dir="1" index="1" bw="32" slack="0"/>
</pin_list>
<bind>
<opcode="zext(34) " fcode="zext"/>
<opset="sum3_i_cast/4 "/>
</bind>
</comp>

<comp id="297" class="1004" name="sum3_1_i_fu_297">
<pin_list>
<pin id="298" dir="0" index="0" bw="4" slack="1"/>
<pin id="299" dir="0" index="1" bw="4" slack="0"/>
<pin id="300" dir="1" index="2" bw="4" slack="0"/>
</pin_list>
<bind>
<opcode="or(24) " fcode="or"/>
<opset="sum3_1_i/5 "/>
</bind>
</comp>

<comp id="302" class="1004" name="sum3_1_i_cast_fu_302">
<pin_list>
<pin id="303" dir="0" index="0" bw="4" slack="0"/>
<pin id="304" dir="1" index="1" bw="32" slack="0"/>
</pin_list>
<bind>
<opcode="zext(34) " fcode="zext"/>
<opset="sum3_1_i_cast/5 "/>
</bind>
</comp>

<comp id="307" class="1004" name="sum3_2_i_fu_307">
<pin_list>
<pin id="308" dir="0" index="0" bw="4" slack="1"/>
<pin id="309" dir="0" index="1" bw="4" slack="0"/>
<pin id="310" dir="1" index="2" bw="4" slack="0"/>
</pin_list>
<bind>
<opcode="or(24) " fcode="or"/>
<opset="sum3_2_i/5 "/>
</bind>
</comp>

<comp id="312" class="1004" name="sum3_2_i_cast_fu_312">
<pin_list>
<pin id="313" dir="0" index="0" bw="4" slack="0"/>
<pin id="314" dir="1" index="1" bw="32" slack="0"/>
</pin_list>
<bind>
<opcode="zext(34) " fcode="zext"/>
<opset="sum3_2_i_cast/5 "/>
</bind>
</comp>

<comp id="317" class="1004" name="exitcond_fu_317">
<pin_list>
<pin id="318" dir="0" index="0" bw="4" slack="0"/>
<pin id="319" dir="0" index="1" bw="4" slack="0"/>
<pin id="320" dir="1" index="2" bw="1" slack="1"/>
</pin_list>
<bind>
<opcode="icmp(45) " fcode="icmp"/>
<opset="exitcond/7 "/>
</bind>
</comp>

<comp id="323" class="1004" name="round_cast1_cast_fu_323">
<pin_list>
<pin id="324" dir="0" index="0" bw="4" slack="1"/>
<pin id="325" dir="1" index="1" bw="6" slack="0"/>
</pin_list>
<bind>
<opcode="zext(34) " fcode="zext"/>
<opset="round_cast1_cast/8 "/>
</bind>
</comp>

<comp id="328" class="1004" name="tmp_fu_328">
<pin_list>
<pin id="329" dir="0" index="0" bw="4" slack="1"/>
<pin id="330" dir="0" index="1" bw="1" slack="0"/>
<pin id="331" dir="1" index="2" bw="4" slack="1"/>
</pin_list>
<bind>
<opcode="add(8) " fcode="add"/>
<opset="tmp/8 "/>
</bind>
</comp>

<comp id="334" class="1005" name="state_addr_reg_334">
<pin_list>
<pin id="335" dir="0" index="0" bw="4" slack="1"/>
<pin id="336" dir="1" index="1" bw="4" slack="1"/>
</pin_list>
<bind>
<opset="state_addr "/>
</bind>
</comp>

<comp id="339" class="1005" name="state_addr_16_reg_339">
<pin_list>
<pin id="340" dir="0" index="0" bw="4" slack="1"/>
<pin id="341" dir="1" index="1" bw="4" slack="1"/>
</pin_list>
<bind>
<opset="state_addr_16 "/>
</bind>
</comp>

<comp id="344" class="1005" name="state_addr_17_reg_344">
<pin_list>
<pin id="345" dir="0" index="0" bw="4" slack="1"/>
<pin id="346" dir="1" index="1" bw="4" slack="1"/>
</pin_list>
<bind>
<opset="state_addr_17 "/>
</bind>
</comp>

<comp id="349" class="1005" name="state_addr_18_reg_349">
<pin_list>
<pin id="350" dir="0" index="0" bw="4" slack="1"/>
<pin id="351" dir="1" index="1" bw="4" slack="1"/>
</pin_list>
<bind>
<opset="state_addr_18 "/>
</bind>
</comp>

<comp id="354" class="1005" name="exitcond1_i_reg_354">
<pin_list>
<pin id="355" dir="0" index="0" bw="1" slack="1"/>
<pin id="356" dir="1" index="1" bw="1" slack="2147483647"/>
</pin_list>
<bind>
<opset="exitcond1_i "/>
</bind>
</comp>

<comp id="358" class="1005" name="i_reg_358">
<pin_list>
<pin id="359" dir="0" index="0" bw="3" slack="0"/>
<pin id="360" dir="1" index="1" bw="3" slack="0"/>
</pin_list>
<bind>
<opset="i "/>
</bind>
</comp>

<comp id="363" class="1005" name="tmp_52_reg_363">
<pin_list>
<pin id="364" dir="0" index="0" bw="2" slack="1"/>
<pin id="365" dir="1" index="1" bw="2" slack="1"/>
</pin_list>
<bind>
<opset="tmp_52 "/>
</bind>
</comp>

<comp id="368" class="1005" name="tmp_i_reg_368">
<pin_list>
<pin id="369" dir="0" index="0" bw="4" slack="1"/>
<pin id="370" dir="1" index="1" bw="4" slack="1"/>
</pin_list>
<bind>
<opset="tmp_i "/>
</bind>
</comp>

<comp id="374" class="1005" name="RoundKey_addr_reg_374">
<pin_list>
<pin id="375" dir="0" index="0" bw="8" slack="1"/>
<pin id="376" dir="1" index="1" bw="8" slack="1"/>
</pin_list>
<bind>
<opset="RoundKey_addr "/>
</bind>
</comp>

<comp id="379" class="1005" name="RoundKey_addr_59_reg_379">
<pin_list>
<pin id="380" dir="0" index="0" bw="8" slack="1"/>
<pin id="381" dir="1" index="1" bw="8" slack="1"/>
</pin_list>
<bind>
<opset="RoundKey_addr_59 "/>
</bind>
</comp>

<comp id="384" class="1005" name="RoundKey_addr_60_reg_384">
<pin_list>
<pin id="385" dir="0" index="0" bw="8" slack="1"/>
<pin id="386" dir="1" index="1" bw="8" slack="1"/>
</pin_list>
<bind>
<opset="RoundKey_addr_60 "/>
</bind>
</comp>

<comp id="389" class="1005" name="RoundKey_addr_61_reg_389">
<pin_list>
<pin id="390" dir="0" index="0" bw="8" slack="1"/>
<pin id="391" dir="1" index="1" bw="8" slack="1"/>
</pin_list>
<bind>
<opset="RoundKey_addr_61 "/>
</bind>
</comp>

<comp id="394" class="1005" name="exitcond_reg_394">
<pin_list>
<pin id="395" dir="0" index="0" bw="1" slack="1"/>
<pin id="396" dir="1" index="1" bw="1" slack="2147483647"/>
</pin_list>
<bind>
<opset="exitcond "/>
</bind>
</comp>

<comp id="398" class="1005" name="tmp_reg_398">
<pin_list>
<pin id="399" dir="0" index="0" bw="4" slack="1"/>
<pin id="400" dir="1" index="1" bw="4" slack="1"/>
</pin_list>
<bind>
<opset="tmp "/>
</bind>
</comp>

</comp_list>

<net_list>
<net id="73"><net_src comp="8" pin="0"/><net_sink comp="70" pin=0"/></net>

<net id="79"><net_src comp="0" pin="0"/><net_sink comp="74" pin=0"/></net>

<net id="80"><net_src comp="20" pin="0"/><net_sink comp="74" pin=1"/></net>

<net id="86"><net_src comp="0" pin="0"/><net_sink comp="81" pin=0"/></net>

<net id="87"><net_src comp="20" pin="0"/><net_sink comp="81" pin=1"/></net>

<net id="93"><net_src comp="0" pin="0"/><net_sink comp="88" pin=0"/></net>

<net id="94"><net_src comp="20" pin="0"/><net_sink comp="88" pin=1"/></net>

<net id="100"><net_src comp="0" pin="0"/><net_sink comp="95" pin=0"/></net>

<net id="101"><net_src comp="20" pin="0"/><net_sink comp="95" pin=1"/></net>

<net id="106"><net_src comp="74" pin="3"/><net_sink comp="102" pin=0"/></net>

<net id="110"><net_src comp="81" pin="3"/><net_sink comp="102" pin=3"/></net>

<net id="116"><net_src comp="20" pin="0"/><net_sink comp="111" pin=1"/></net>

<net id="121"><net_src comp="111" pin="3"/><net_sink comp="117" pin=0"/></net>

<net id="127"><net_src comp="20" pin="0"/><net_sink comp="122" pin=1"/></net>

<net id="131"><net_src comp="122" pin="3"/><net_sink comp="117" pin=3"/></net>

<net id="137"><net_src comp="20" pin="0"/><net_sink comp="132" pin=1"/></net>

<net id="138"><net_src comp="132" pin="3"/><net_sink comp="117" pin=0"/></net>

<net id="144"><net_src comp="20" pin="0"/><net_sink comp="139" pin=1"/></net>

<net id="145"><net_src comp="139" pin="3"/><net_sink comp="117" pin=3"/></net>

<net id="149"><net_src comp="18" pin="0"/><net_sink comp="146" pin=0"/></net>

<net id="156"><net_src comp="146" pin="1"/><net_sink comp="150" pin=0"/></net>

<net id="160"><net_src comp="42" pin="0"/><net_sink comp="157" pin=0"/></net>

<net id="167"><net_src comp="157" pin="1"/><net_sink comp="161" pin=2"/></net>

<net id="168"><net_src comp="161" pin="4"/><net_sink comp="157" pin=0"/></net>

<net id="176"><net_src comp="50" pin="0"/><net_sink comp="169" pin=0"/></net>

<net id="177"><net_src comp="0" pin="0"/><net_sink comp="169" pin=1"/></net>

<net id="178"><net_src comp="4" pin="0"/><net_sink comp="169" pin=4"/></net>

<net id="179"><net_src comp="68" pin="0"/><net_sink comp="169" pin=2"/></net>

<net id="187"><net_src comp="10" pin="0"/><net_sink comp="180" pin=0"/></net>

<net id="188"><net_src comp="70" pin="1"/><net_sink comp="180" pin=1"/></net>

<net id="189"><net_src comp="2" pin="0"/><net_sink comp="180" pin=2"/></net>

<net id="190"><net_src comp="4" pin="0"/><net_sink comp="180" pin=3"/></net>

<net id="191"><net_src comp="6" pin="0"/><net_sink comp="180" pin=4"/></net>

<net id="195"><net_src comp="102" pin="2"/><net_sink comp="192" pin=0"/></net>

<net id="199"><net_src comp="102" pin="5"/><net_sink comp="196" pin=0"/></net>

<net id="204"><net_src comp="192" pin="1"/><net_sink comp="200" pin=0"/></net>

<net id="205"><net_src comp="117" pin="2"/><net_sink comp="200" pin=1"/></net>

<net id="206"><net_src comp="200" pin="2"/><net_sink comp="102" pin=1"/></net>

<net id="211"><net_src comp="196" pin="1"/><net_sink comp="207" pin=0"/></net>

<net id="212"><net_src comp="117" pin="5"/><net_sink comp="207" pin=1"/></net>

<net id="213"><net_src comp="207" pin="2"/><net_sink comp="102" pin=4"/></net>

<net id="217"><net_src comp="150" pin="4"/><net_sink comp="214" pin=0"/></net>

<net id="218"><net_src comp="214" pin="1"/><net_sink comp="74" pin=2"/></net>

<net id="222"><net_src comp="150" pin="4"/><net_sink comp="219" pin=0"/></net>

<net id="226"><net_src comp="150" pin="4"/><net_sink comp="223" pin=0"/></net>

<net id="231"><net_src comp="223" pin="1"/><net_sink comp="227" pin=0"/></net>

<net id="232"><net_src comp="22" pin="0"/><net_sink comp="227" pin=1"/></net>

<net id="236"><net_src comp="227" pin="2"/><net_sink comp="233" pin=0"/></net>

<net id="237"><net_src comp="233" pin="1"/><net_sink comp="81" pin=2"/></net>

<net id="243"><net_src comp="24" pin="0"/><net_sink comp="238" pin=0"/></net>

<net id="244"><net_src comp="26" pin="0"/><net_sink comp="238" pin=1"/></net>

<net id="245"><net_src comp="150" pin="4"/><net_sink comp="238" pin=2"/></net>

<net id="246"><net_src comp="238" pin="3"/><net_sink comp="88" pin=2"/></net>

<net id="251"><net_src comp="219" pin="1"/><net_sink comp="247" pin=0"/></net>

<net id="252"><net_src comp="28" pin="0"/><net_sink comp="247" pin=1"/></net>

<net id="256"><net_src comp="247" pin="2"/><net_sink comp="253" pin=0"/></net>

<net id="257"><net_src comp="253" pin="1"/><net_sink comp="95" pin=2"/></net>

<net id="262"><net_src comp="150" pin="4"/><net_sink comp="258" pin=0"/></net>

<net id="263"><net_src comp="30" pin="0"/><net_sink comp="258" pin=1"/></net>

<net id="268"><net_src comp="150" pin="4"/><net_sink comp="264" pin=0"/></net>

<net id="269"><net_src comp="36" pin="0"/><net_sink comp="264" pin=1"/></net>

<net id="273"><net_src comp="150" pin="4"/><net_sink comp="270" pin=0"/></net>

<net id="279"><net_src comp="38" pin="0"/><net_sink comp="274" pin=0"/></net>

<net id="280"><net_src comp="40" pin="0"/><net_sink comp="274" pin=2"/></net>

<net id="284"><net_src comp="274" pin="3"/><net_sink comp="281" pin=0"/></net>

<net id="285"><net_src comp="281" pin="1"/><net_sink comp="111" pin=2"/></net>

<net id="290"><net_src comp="274" pin="3"/><net_sink comp="286" pin=0"/></net>

<net id="291"><net_src comp="42" pin="0"/><net_sink comp="286" pin=1"/></net>

<net id="295"><net_src comp="286" pin="2"/><net_sink comp="292" pin=0"/></net>

<net id="296"><net_src comp="292" pin="1"/><net_sink comp="122" pin=2"/></net>

<net id="301"><net_src comp="44" pin="0"/><net_sink comp="297" pin=1"/></net>

<net id="305"><net_src comp="297" pin="2"/><net_sink comp="302" pin=0"/></net>

<net id="306"><net_src comp="302" pin="1"/><net_sink comp="132" pin=2"/></net>

<net id="311"><net_src comp="46" pin="0"/><net_sink comp="307" pin=1"/></net>

<net id="315"><net_src comp="307" pin="2"/><net_sink comp="312" pin=0"/></net>

<net id="316"><net_src comp="312" pin="1"/><net_sink comp="139" pin=2"/></net>

<net id="321"><net_src comp="161" pin="4"/><net_sink comp="317" pin=0"/></net>

<net id="322"><net_src comp="48" pin="0"/><net_sink comp="317" pin=1"/></net>

<net id="326"><net_src comp="157" pin="1"/><net_sink comp="323" pin=0"/></net>

<net id="327"><net_src comp="323" pin="1"/><net_sink comp="169" pin=2"/></net>

<net id="332"><net_src comp="157" pin="1"/><net_sink comp="328" pin=0"/></net>

<net id="333"><net_src comp="42" pin="0"/><net_sink comp="328" pin=1"/></net>

<net id="337"><net_src comp="74" pin="3"/><net_sink comp="334" pin=0"/></net>

<net id="338"><net_src comp="334" pin="1"/><net_sink comp="102" pin=0"/></net>

<net id="342"><net_src comp="81" pin="3"/><net_sink comp="339" pin=0"/></net>

<net id="343"><net_src comp="339" pin="1"/><net_sink comp="102" pin=3"/></net>

<net id="347"><net_src comp="88" pin="3"/><net_sink comp="344" pin=0"/></net>

<net id="348"><net_src comp="344" pin="1"/><net_sink comp="102" pin=0"/></net>

<net id="352"><net_src comp="95" pin="3"/><net_sink comp="349" pin=0"/></net>

<net id="353"><net_src comp="349" pin="1"/><net_sink comp="102" pin=3"/></net>

<net id="357"><net_src comp="258" pin="2"/><net_sink comp="354" pin=0"/></net>

<net id="361"><net_src comp="264" pin="2"/><net_sink comp="358" pin=0"/></net>

<net id="362"><net_src comp="358" pin="1"/><net_sink comp="150" pin=2"/></net>

<net id="366"><net_src comp="270" pin="1"/><net_sink comp="363" pin=0"/></net>

<net id="367"><net_src comp="363" pin="1"/><net_sink comp="274" pin=1"/></net>

<net id="371"><net_src comp="274" pin="3"/><net_sink comp="368" pin=0"/></net>

<net id="372"><net_src comp="368" pin="1"/><net_sink comp="297" pin=0"/></net>

<net id="373"><net_src comp="368" pin="1"/><net_sink comp="307" pin=0"/></net>

<net id="377"><net_src comp="111" pin="3"/><net_sink comp="374" pin=0"/></net>

<net id="378"><net_src comp="374" pin="1"/><net_sink comp="117" pin=0"/></net>

<net id="382"><net_src comp="122" pin="3"/><net_sink comp="379" pin=0"/></net>

<net id="383"><net_src comp="379" pin="1"/><net_sink comp="117" pin=3"/></net>

<net id="387"><net_src comp="132" pin="3"/><net_sink comp="384" pin=0"/></net>

<net id="388"><net_src comp="384" pin="1"/><net_sink comp="117" pin=0"/></net>

<net id="392"><net_src comp="139" pin="3"/><net_sink comp="389" pin=0"/></net>

<net id="393"><net_src comp="389" pin="1"/><net_sink comp="117" pin=3"/></net>

<net id="397"><net_src comp="317" pin="2"/><net_sink comp="394" pin=0"/></net>

<net id="401"><net_src comp="328" pin="2"/><net_sink comp="398" pin=0"/></net>

<net id="402"><net_src comp="398" pin="1"/><net_sink comp="161" pin=0"/></net>

</net_list>

</model> 
---------------- Datapath Model END ------------------

* FSMD analyzer results:
  - Output states:
	Port: state | {5 6 16 17 18 19 20 21 22 23 24 25 26 27 28 29 30 31 40 41 42 43 44 45 46 47 48 49 50 51 52 53 54 55 }
 - Input state : 
	Port: Cipher : state | {3 4 5 8 9 10 11 12 13 14 15 16 32 33 34 35 36 37 38 39 40 }
	Port: Cipher : Key | {1 2 }
	Port: Cipher : sbox | {1 2 9 10 11 12 13 14 15 16 17 18 19 20 21 22 23 24 25 33 34 35 36 37 38 39 40 41 42 43 44 45 46 47 48 49 }
	Port: Cipher : Rcon | {1 2 }
  - Chain level:
	State 1
		StgValue_57 : 1
	State 2
	State 3
		i_i_cast2 : 1
		i_i_cast2_cast1 : 1
		i_i_cast2_cast : 1
		state_addr : 2
		tmp_49 : 2
		tmp_52_cast : 3
		state_addr_16 : 4
		tmp_50 : 1
		state_addr_17 : 2
		tmp_51 : 2
		tmp_54_cast : 3
		state_addr_18 : 4
		exitcond1_i : 1
		i : 1
		StgValue_79 : 2
		tmp_52 : 1
		state_load : 3
		state_load_1 : 5
	State 4
		tmp_i_cast : 1
		RoundKey_addr : 2
		RoundKey_load : 3
		sum3_i : 1
		sum3_i_cast : 1
		RoundKey_addr_59 : 2
		RoundKey_load_34 : 3
	State 5
		tmp_84_i : 1
		StgValue_98 : 1
		tmp_84_1_i : 1
		StgValue_101 : 1
		RoundKey_addr_60 : 1
		RoundKey_load_35 : 2
		RoundKey_addr_61 : 1
		RoundKey_load_36 : 2
	State 6
		tmp_84_2_i : 1
		StgValue_114 : 1
		tmp_84_3_i : 1
		StgValue_117 : 1
	State 7
		exitcond : 1
		StgValue_121 : 2
	State 8
		StgValue_123 : 1
	State 9
	State 10
	State 11
	State 12
	State 13
	State 14
	State 15
	State 16
	State 17
	State 18
	State 19
	State 20
	State 21
	State 22
	State 23
	State 24
	State 25
	State 26
	State 27
	State 28
	State 29
	State 30
	State 31
		empty_23 : 1
	State 32
	State 33
	State 34
	State 35
	State 36
	State 37
	State 38
	State 39
	State 40
	State 41
	State 42
	State 43
	State 44
	State 45
	State 46
	State 47
	State 48
	State 49
	State 50
	State 51
	State 52
	State 53
	State 54
	State 55


============================================================
+ Verbose Summary: Datapath Resource usage 
============================================================

* Functional unit list:
|----------|-------------------------|---------|---------|---------|
| Operation|     Functional Unit     |  Delay  |    FF   |   LUT   |
|----------|-------------------------|---------|---------|---------|
|   call   |   grp_SubBytes_fu_169   |  8.3272 |   2249  |   2710  |
|          | grp_KeyExpansion_fu_180 |  5.0801 |   632   |   676   |
|----------|-------------------------|---------|---------|---------|
|          |      tmp_49_fu_227      |    0    |    17   |    10   |
|    add   |      tmp_51_fu_247      |    0    |    20   |    11   |
|          |         i_fu_264        |    0    |    14   |    9    |
|          |        tmp_fu_328       |    0    |    17   |    10   |
|----------|-------------------------|---------|---------|---------|
|    xor   |        grp_fu_200       |    0    |    0    |    32   |
|          |        grp_fu_207       |    0    |    0    |    32   |
|----------|-------------------------|---------|---------|---------|
|   icmp   |    exitcond1_i_fu_258   |    0    |    0    |    1    |
|          |     exitcond_fu_317     |    0    |    0    |    2    |
|----------|-------------------------|---------|---------|---------|
|          |     i_i_cast2_fu_214    |    0    |    0    |    0    |
|          |  i_i_cast2_cast1_fu_219 |    0    |    0    |    0    |
|          |  i_i_cast2_cast_fu_223  |    0    |    0    |    0    |
|          |    tmp_52_cast_fu_233   |    0    |    0    |    0    |
|   zext   |    tmp_54_cast_fu_253   |    0    |    0    |    0    |
|          |    tmp_i_cast_fu_281    |    0    |    0    |    0    |
|          |    sum3_i_cast_fu_292   |    0    |    0    |    0    |
|          |   sum3_1_i_cast_fu_302  |    0    |    0    |    0    |
|          |   sum3_2_i_cast_fu_312  |    0    |    0    |    0    |
|          | round_cast1_cast_fu_323 |    0    |    0    |    0    |
|----------|-------------------------|---------|---------|---------|
|bitconcatenate|      tmp_50_fu_238      |    0    |    0    |    0    |
|          |       tmp_i_fu_274      |    0    |    0    |    0    |
|----------|-------------------------|---------|---------|---------|
|   trunc  |      tmp_52_fu_270      |    0    |    0    |    0    |
|----------|-------------------------|---------|---------|---------|
|          |      sum3_i_fu_286      |    0    |    0    |    0    |
|    or    |     sum3_1_i_fu_297     |    0    |    0    |    0    |
|          |     sum3_2_i_fu_307     |    0    |    0    |    0    |
|----------|-------------------------|---------|---------|---------|
|   Total  |                         | 13.4073 |   2949  |   3493  |
|----------|-------------------------|---------|---------|---------|

Memories:
+--------+--------+--------+--------+
|        |  BRAM  |   FF   |   LUT  |
+--------+--------+--------+--------+
|  Rcon  |    1   |    0   |    0   |
|RoundKey|    2   |    0   |    0   |
|  sbox  |    1   |    0   |    0   |
+--------+--------+--------+--------+
|  Total |    4   |    0   |    0   |
+--------+--------+--------+--------+

* Register list:
+------------------------+--------+
|                        |   FF   |
+------------------------+--------+
|RoundKey_addr_59_reg_379|    8   |
|RoundKey_addr_60_reg_384|    8   |
|RoundKey_addr_61_reg_389|    8   |
|  RoundKey_addr_reg_374 |    8   |
|   exitcond1_i_reg_354  |    1   |
|    exitcond_reg_394    |    1   |
|       i_i_reg_146      |    3   |
|        i_reg_358       |    3   |
|         reg_192        |   32   |
|         reg_196        |   32   |
|      round_reg_157     |    4   |
|  state_addr_16_reg_339 |    4   |
|  state_addr_17_reg_344 |    4   |
|  state_addr_18_reg_349 |    4   |
|   state_addr_reg_334   |    4   |
|     tmp_52_reg_363     |    2   |
|      tmp_i_reg_368     |    4   |
|       tmp_reg_398      |    4   |
+------------------------+--------+
|          Total         |   134  |
+------------------------+--------+

* Multiplexer (MUX) list: 
|---------------------|------|------|------|--------||---------||---------|
|         Comp        |  Pin | Size |  BW  | S x BW ||  Delay  ||   LUT   |
|---------------------|------|------|------|--------||---------||---------|
|  grp_access_fu_102  |  p0  |   3  |   4  |   12   ||    15   |
|  grp_access_fu_102  |  p3  |   3  |   4  |   12   ||    15   |
|  grp_access_fu_117  |  p0  |   4  |   8  |   32   ||    21   |
|  grp_access_fu_117  |  p3  |   4  |   8  |   32   ||    21   |
|    round_reg_157    |  p0  |   2  |   4  |    8   ||    9    |
| grp_SubBytes_fu_169 |  p2  |   2  |   5  |   10   ||    9    |
|---------------------|------|------|------|--------||---------||---------|
|        Total        |      |      |      |   106  ||  3.4365 ||    90   |
|---------------------|------|------|------|--------||---------||---------|



* Summary:
+-----------+--------+--------+--------+--------+
|           |  BRAM  |  Delay |   FF   |   LUT  |
+-----------+--------+--------+--------+--------+
|  Function |    -   |   13   |  2949  |  3493  |
|   Memory  |    4   |    -   |    0   |    0   |
|Multiplexer|    -   |    3   |    -   |   90   |
|  Register |    -   |    -   |   134  |    -   |
+-----------+--------+--------+--------+--------+
|   Total   |    4   |   16   |  3083  |  3583  |
+-----------+--------+--------+--------+--------+
