

================================================================
== Vivado HLS Report for 'AddRoundKey'
================================================================
* Date:           Thu Dec  7 12:29:16 2017

* Version:        2017.2 (Build 1909853 on Thu Jun 15 18:55:24 MDT 2017)
* Project:        Third
* Solution:       solution1
* Product family: zynquplus
* Target device:  xczu7eg-ffvf1517-1l-i


================================================================
== Performance Estimates
================================================================
+ Timing (ns): 
    * Summary: 
    +--------+-------+----------+------------+
    |  Clock | Target| Estimated| Uncertainty|
    +--------+-------+----------+------------+
    |ap_clk  |  10.00|      3.18|        1.25|
    +--------+-------+----------+------------+

+ Latency (clock cycles): 
    * Summary: 
    +-----+-----+-----+-----+---------+
    |  Latency  |  Interval | Pipeline|
    | min | max | min | max |   Type  |
    +-----+-----+-----+-----+---------+
    |   17|   17|   17|   17|   none  |
    +-----+-----+-----+-----+---------+

    + Detail: 
        * Instance: 
        N/A

        * Loop: 
        +----------+-----+-----+----------+-----------+-----------+------+----------+
        |          |  Latency  | Iteration|  Initiation Interval  | Trip |          |
        | Loop Name| min | max |  Latency |  achieved |   target  | Count| Pipelined|
        +----------+-----+-----+----------+-----------+-----------+------+----------+
        |- Loop 1  |   16|   16|         4|          -|          -|     4|    no    |
        +----------+-----+-----+----------+-----------+-----------+------+----------+

============================================================
+ Verbose Summary: Synthesis Manager
============================================================
InlineROM: 1
ExposeGlobal: 0
============================================================
+ Verbose Summary: CDFG Model
============================================================
IsTopModel: 0
ResetActiveHigh: 1
IsCombinational: 0
IsDatapathOnly: 0
HasWiredReturn: 1
HasMFsm: 0
HasVarLatency: 1
IsPipeline: 0
IsRtlPipelined: 0
IsInstanceOverlapped: 0
IsDontTouch: 0
HasImplIP: 0
IsGatedGlobalClock: 0


============================================================
+ Verbose Summary: Schedule
============================================================
* Number of FSM states: 5
* Pipeline: 0
* Dataflow Pipeline: 0

* FSM state transitions: 
1 --> 
	2  / true
2 --> 
	3  / (!exitcond)
3 --> 
	4  / true
4 --> 
	5  / true
5 --> 
	2  / true
* FSM state operations: 

 <State 1>: 0.49ns
ST_1: n_read (4)  [1/1] 0.00ns
._crit_edge3:0  %n_read = call i6 @_ssdm_op_Read.ap_auto.i6(i6 %n)

ST_1: tmp (5)  [1/1] 0.00ns  loc: CCodedFiles/3rd/aes.c:614
._crit_edge3:1  %tmp = shl i6 %n_read, 2

ST_1: StgValue_8 (6)  [1/1] 0.49ns  loc: CCodedFiles/3rd/aes.c:612
._crit_edge3:2  br label %0


 <State 2>: 3.18ns
ST_2: j (8)  [1/1] 0.00ns
:0  %j = phi i3 [ 0, %._crit_edge3 ], [ %j_6, %1 ]

ST_2: j_cast1 (9)  [1/1] 0.00ns  loc: CCodedFiles/3rd/aes.c:612
:1  %j_cast1 = zext i3 %j to i6

ST_2: exitcond (10)  [1/1] 0.18ns  loc: CCodedFiles/3rd/aes.c:612
:2  %exitcond = icmp eq i3 %j, -4

ST_2: empty (11)  [1/1] 0.00ns
:3  %empty = call i32 (...)* @_ssdm_op_SpecLoopTripCount(i64 4, i64 4, i64 4)

ST_2: j_6 (12)  [1/1] 0.86ns  loc: CCodedFiles/3rd/aes.c:612
:4  %j_6 = add i3 %j, 1

ST_2: StgValue_14 (13)  [1/1] 0.00ns  loc: CCodedFiles/3rd/aes.c:612
:5  br i1 %exitcond, label %2, label %1

ST_2: tmp_s (15)  [1/1] 0.89ns  loc: CCodedFiles/3rd/aes.c:614
:0  %tmp_s = add i6 %j_cast1, %tmp

ST_2: tmp_cast (16)  [1/1] 0.00ns  loc: CCodedFiles/3rd/aes.c:614
:1  %tmp_cast = zext i6 %tmp_s to i32

ST_2: tmp_cast_cast (18)  [1/1] 0.00ns  loc: CCodedFiles/3rd/aes.c:614
:3  %tmp_cast_cast = zext i6 %tmp_s to i8

ST_2: word_addr (19)  [1/1] 0.00ns  loc: CCodedFiles/3rd/aes.c:614
:4  %word_addr = getelementptr [480 x i32]* @word, i32 0, i32 %tmp_cast

ST_2: tmp_98 (20)  [1/1] 0.95ns  loc: CCodedFiles/3rd/aes.c:615
:5  %tmp_98 = add i8 120, %tmp_cast_cast

ST_2: tmp_99_cast (21)  [1/1] 0.00ns  loc: CCodedFiles/3rd/aes.c:615
:6  %tmp_99_cast = zext i8 %tmp_98 to i32

ST_2: word_addr_10 (22)  [1/1] 0.00ns  loc: CCodedFiles/3rd/aes.c:615
:7  %word_addr_10 = getelementptr [480 x i32]* @word, i32 0, i32 %tmp_99_cast

ST_2: word_load (29)  [2/2] 1.35ns  loc: CCodedFiles/3rd/aes.c:614
:14  %word_load = load i32* %word_addr, align 4

ST_2: tmp_104 (30)  [1/1] 0.00ns  loc: CCodedFiles/3rd/aes.c:612
:15  %tmp_104 = trunc i3 %j to i2

ST_2: tmp_37 (31)  [1/1] 0.00ns  loc: CCodedFiles/3rd/aes.c:614
:16  %tmp_37 = call i4 @_ssdm_op_BitConcatenate.i4.i2.i2(i2 %tmp_104, i2 0)

ST_2: tmp_84_cast (32)  [1/1] 0.00ns  loc: CCodedFiles/3rd/aes.c:614
:17  %tmp_84_cast = zext i4 %tmp_37 to i32

ST_2: statemt_addr (33)  [1/1] 0.00ns  loc: CCodedFiles/3rd/aes.c:614
:18  %statemt_addr = getelementptr [32 x i32]* %statemt, i32 0, i32 %tmp_84_cast

ST_2: statemt_load (34)  [2/2] 1.35ns  loc: CCodedFiles/3rd/aes.c:614
:19  %statemt_load = load i32* %statemt_addr, align 4

ST_2: word_load_5 (37)  [2/2] 1.35ns  loc: CCodedFiles/3rd/aes.c:615
:22  %word_load_5 = load i32* %word_addr_10, align 4

ST_2: tmp_39 (38)  [1/1] 0.00ns  loc: CCodedFiles/3rd/aes.c:615
:23  %tmp_39 = or i4 %tmp_37, 1

ST_2: tmp_86_cast (39)  [1/1] 0.00ns  loc: CCodedFiles/3rd/aes.c:615
:24  %tmp_86_cast = zext i4 %tmp_39 to i32

ST_2: statemt_addr_23 (40)  [1/1] 0.00ns  loc: CCodedFiles/3rd/aes.c:615
:25  %statemt_addr_23 = getelementptr [32 x i32]* %statemt, i32 0, i32 %tmp_86_cast

ST_2: statemt_load_19 (41)  [2/2] 1.35ns  loc: CCodedFiles/3rd/aes.c:615
:26  %statemt_load_19 = load i32* %statemt_addr_23, align 4

ST_2: StgValue_33 (60)  [1/1] 0.00ns
:0  ret void


 <State 3>: 2.33ns
ST_3: tmp_cast_cast1 (17)  [1/1] 0.00ns  loc: CCodedFiles/3rd/aes.c:614
:2  %tmp_cast_cast1 = zext i6 %tmp_s to i9

ST_3: tmp_99 (23)  [1/1] 0.97ns  loc: CCodedFiles/3rd/aes.c:616
:8  %tmp_99 = add i9 240, %tmp_cast_cast1

ST_3: tmp_100_cast (24)  [1/1] 0.00ns  loc: CCodedFiles/3rd/aes.c:616
:9  %tmp_100_cast = zext i9 %tmp_99 to i32

ST_3: word_addr_11 (25)  [1/1] 0.00ns  loc: CCodedFiles/3rd/aes.c:616
:10  %word_addr_11 = getelementptr [480 x i32]* @word, i32 0, i32 %tmp_100_cast

ST_3: tmp_100 (26)  [1/1] 0.97ns  loc: CCodedFiles/3rd/aes.c:617
:11  %tmp_100 = add i9 -152, %tmp_cast_cast1

ST_3: tmp_101_cast (27)  [1/1] 0.00ns  loc: CCodedFiles/3rd/aes.c:617
:12  %tmp_101_cast = zext i9 %tmp_100 to i32

ST_3: word_addr_12 (28)  [1/1] 0.00ns  loc: CCodedFiles/3rd/aes.c:617
:13  %word_addr_12 = getelementptr [480 x i32]* @word, i32 0, i32 %tmp_101_cast

ST_3: word_load (29)  [1/2] 1.35ns  loc: CCodedFiles/3rd/aes.c:614
:14  %word_load = load i32* %word_addr, align 4

ST_3: statemt_load (34)  [1/2] 1.35ns  loc: CCodedFiles/3rd/aes.c:614
:19  %statemt_load = load i32* %statemt_addr, align 4

ST_3: tmp_38 (35)  [1/1] 0.06ns  loc: CCodedFiles/3rd/aes.c:614
:20  %tmp_38 = xor i32 %statemt_load, %word_load

ST_3: word_load_5 (37)  [1/2] 1.35ns  loc: CCodedFiles/3rd/aes.c:615
:22  %word_load_5 = load i32* %word_addr_10, align 4

ST_3: statemt_load_19 (41)  [1/2] 1.35ns  loc: CCodedFiles/3rd/aes.c:615
:26  %statemt_load_19 = load i32* %statemt_addr_23, align 4

ST_3: tmp_40 (42)  [1/1] 0.06ns  loc: CCodedFiles/3rd/aes.c:615
:27  %tmp_40 = xor i32 %statemt_load_19, %word_load_5

ST_3: word_load_6 (44)  [2/2] 1.35ns  loc: CCodedFiles/3rd/aes.c:616
:29  %word_load_6 = load i32* %word_addr_11, align 4

ST_3: tmp_41 (45)  [1/1] 0.00ns  loc: CCodedFiles/3rd/aes.c:616
:30  %tmp_41 = or i4 %tmp_37, 2

ST_3: tmp_88_cast (46)  [1/1] 0.00ns  loc: CCodedFiles/3rd/aes.c:616
:31  %tmp_88_cast = zext i4 %tmp_41 to i32

ST_3: statemt_addr_24 (47)  [1/1] 0.00ns  loc: CCodedFiles/3rd/aes.c:616
:32  %statemt_addr_24 = getelementptr [32 x i32]* %statemt, i32 0, i32 %tmp_88_cast

ST_3: statemt_load_20 (48)  [2/2] 1.35ns  loc: CCodedFiles/3rd/aes.c:616
:33  %statemt_load_20 = load i32* %statemt_addr_24, align 4

ST_3: word_load_7 (51)  [2/2] 1.35ns  loc: CCodedFiles/3rd/aes.c:617
:36  %word_load_7 = load i32* %word_addr_12, align 4

ST_3: tmp_43 (52)  [1/1] 0.00ns  loc: CCodedFiles/3rd/aes.c:617
:37  %tmp_43 = or i4 %tmp_37, 3

ST_3: tmp_90_cast (53)  [1/1] 0.00ns  loc: CCodedFiles/3rd/aes.c:617
:38  %tmp_90_cast = zext i4 %tmp_43 to i32

ST_3: statemt_addr_25 (54)  [1/1] 0.00ns  loc: CCodedFiles/3rd/aes.c:617
:39  %statemt_addr_25 = getelementptr [32 x i32]* %statemt, i32 0, i32 %tmp_90_cast

ST_3: statemt_load_21 (55)  [2/2] 1.35ns  loc: CCodedFiles/3rd/aes.c:617
:40  %statemt_load_21 = load i32* %statemt_addr_25, align 4


 <State 4>: 1.42ns
ST_4: StgValue_57 (36)  [1/1] 1.35ns  loc: CCodedFiles/3rd/aes.c:614
:21  store i32 %tmp_38, i32* %statemt_addr, align 4

ST_4: StgValue_58 (43)  [1/1] 1.35ns  loc: CCodedFiles/3rd/aes.c:615
:28  store i32 %tmp_40, i32* %statemt_addr_23, align 4

ST_4: word_load_6 (44)  [1/2] 1.35ns  loc: CCodedFiles/3rd/aes.c:616
:29  %word_load_6 = load i32* %word_addr_11, align 4

ST_4: statemt_load_20 (48)  [1/2] 1.35ns  loc: CCodedFiles/3rd/aes.c:616
:33  %statemt_load_20 = load i32* %statemt_addr_24, align 4

ST_4: tmp_42 (49)  [1/1] 0.06ns  loc: CCodedFiles/3rd/aes.c:616
:34  %tmp_42 = xor i32 %statemt_load_20, %word_load_6

ST_4: word_load_7 (51)  [1/2] 1.35ns  loc: CCodedFiles/3rd/aes.c:617
:36  %word_load_7 = load i32* %word_addr_12, align 4

ST_4: statemt_load_21 (55)  [1/2] 1.35ns  loc: CCodedFiles/3rd/aes.c:617
:40  %statemt_load_21 = load i32* %statemt_addr_25, align 4

ST_4: tmp_44 (56)  [1/1] 0.06ns  loc: CCodedFiles/3rd/aes.c:617
:41  %tmp_44 = xor i32 %statemt_load_21, %word_load_7


 <State 5>: 1.35ns
ST_5: StgValue_65 (50)  [1/1] 1.35ns  loc: CCodedFiles/3rd/aes.c:616
:35  store i32 %tmp_42, i32* %statemt_addr_24, align 4

ST_5: StgValue_66 (57)  [1/1] 1.35ns  loc: CCodedFiles/3rd/aes.c:617
:42  store i32 %tmp_44, i32* %statemt_addr_25, align 4

ST_5: StgValue_67 (58)  [1/1] 0.00ns  loc: CCodedFiles/3rd/aes.c:612
:43  br label %0



============================================================
+ Verbose Summary: Timing violations
============================================================
Target clock period: 10ns, clock uncertainty: 1.25ns.

 <State 1>: 0.489ns
The critical path consists of the following:
	multiplexor before 'phi' operation ('j') with incoming values : ('j', CCodedFiles/3rd/aes.c:612) [8]  (0.489 ns)

 <State 2>: 3.18ns
The critical path consists of the following:
	'phi' operation ('j') with incoming values : ('j', CCodedFiles/3rd/aes.c:612) [8]  (0 ns)
	'add' operation ('tmp_s', CCodedFiles/3rd/aes.c:614) [15]  (0.886 ns)
	'add' operation ('tmp_98', CCodedFiles/3rd/aes.c:615) [20]  (0.945 ns)
	'getelementptr' operation ('word_addr_10', CCodedFiles/3rd/aes.c:615) [22]  (0 ns)
	'load' operation ('word_load_5', CCodedFiles/3rd/aes.c:615) on array 'word' [37]  (1.35 ns)

 <State 3>: 2.33ns
The critical path consists of the following:
	'add' operation ('tmp_99', CCodedFiles/3rd/aes.c:616) [23]  (0.975 ns)
	'getelementptr' operation ('word_addr_11', CCodedFiles/3rd/aes.c:616) [25]  (0 ns)
	'load' operation ('word_load_6', CCodedFiles/3rd/aes.c:616) on array 'word' [44]  (1.35 ns)

 <State 4>: 1.42ns
The critical path consists of the following:
	'load' operation ('word_load_6', CCodedFiles/3rd/aes.c:616) on array 'word' [44]  (1.35 ns)
	'xor' operation ('tmp_42', CCodedFiles/3rd/aes.c:616) [49]  (0.064 ns)

 <State 5>: 1.35ns
The critical path consists of the following:
	'store' operation (CCodedFiles/3rd/aes.c:616) of variable 'tmp_42', CCodedFiles/3rd/aes.c:616 on array 'statemt' [50]  (1.35 ns)


============================================================
+ Verbose Summary: Binding
============================================================
N/A
* FSMD analyzer results:
  - Output states:
 - Input state : 
  - Chain level:
	State 1
	State 2
	State 3
	State 4
	State 5


============================================================
+ Verbose Summary: Datapath Resource usage 
============================================================
N/A
