INFO: [HLS 200-0] Workspace C:/Users/Lincoln/Desktop/ThesisRaw/deutero/solution1 opened at Fri Apr 06 16:31:13 +0300 2018
INFO: [HLS 200-100] Execute     config_clock -quiet -name default -period 10 -default=false 
INFO: [SYN 201-201] Setting up clock 'default' with a period of 10ns.
INFO: [HLS 200-100] Command     config_clock returned 0; 0.001 sec.
INFO: [HLS 200-100] Execute     open_platform DefaultPlatform 
INFO: [HLS 200-100] Command     open_platform returned 0; 0 sec.
INFO: [HLS 200-100] Execute     import_lib C:/Xilinx/Vivado_HLS/2017.2/common/technology/xilinx/zynquplus/zynquplus 
INFO: [HLS 200-100] Execute       source C:/Xilinx/Vivado_HLS/2017.2/common/technology/xilinx/common/xilinx.lib 
INFO: [HLS 200-100] Execute         source C:/Xilinx/Vivado_HLS/2017.2/common/technology/xilinx/interface/xilinx_interface.lib 
INFO: [HLS 200-100] Execute           source C:/Xilinx/Vivado_HLS/2017.2/common/technology/xilinx/interface/plb46.lib 
INFO: [HLS 200-100] Command           ap_source returned 0; 0.001 sec.
INFO: [HLS 200-100] Execute           source C:/Xilinx/Vivado_HLS/2017.2/common/technology/xilinx/interface/fsl.lib 
INFO: [HLS 200-100] Command           ap_source returned 0; 0 sec.
INFO: [HLS 200-100] Execute           source C:/Xilinx/Vivado_HLS/2017.2/common/technology/xilinx/interface/axi4.lib 
INFO: [HLS 200-100] Command           ap_source returned 0; 0 sec.
INFO: [HLS 200-100] Execute           source C:/Xilinx/Vivado_HLS/2017.2/common/technology/xilinx/interface/maxi.lib 
INFO: [HLS 200-100] Command           ap_source returned 0; 0.001 sec.
INFO: [HLS 200-100] Execute           source C:/Xilinx/Vivado_HLS/2017.2/common/technology/xilinx/interface/saxilite.lib 
INFO: [HLS 200-100] Command           ap_source returned 0; 0 sec.
INFO: [HLS 200-100] Command         ap_source returned 0; 0.004 sec.
INFO: [HLS 200-100] Execute         source C:/Xilinx/Vivado_HLS/2017.2/common/technology/xilinx/common/dsp48.lib 
INFO: [HLS 200-100] Command         ap_source returned 0; 0 sec.
INFO: [HLS 200-100] Execute         source C:/Xilinx/Vivado_HLS/2017.2/common/technology/xilinx/ip/dds_compiler.lib 
INFO: [HLS 200-100] Command         ap_source returned 0; 0.001 sec.
INFO: [HLS 200-100] Execute         source C:/Xilinx/Vivado_HLS/2017.2/common/technology/xilinx/ip/xfft.lib 
INFO: [HLS 200-100] Command         ap_source returned 0; 0 sec.
INFO: [HLS 200-100] Execute         source C:/Xilinx/Vivado_HLS/2017.2/common/technology/xilinx/ip/xfir.lib 
INFO: [HLS 200-100] Command         ap_source returned 0; 0.001 sec.
INFO: [HLS 200-100] Command       ap_source returned 0; 0.01 sec.
INFO: [HLS 200-100] Execute       source C:/Xilinx/Vivado_HLS/2017.2/common/technology/xilinx/common/xilinx_old.lib 
INFO: [HLS 200-100] Command       ap_source returned 0; 0.002 sec.
INFO: [HLS 200-100] Execute       source C:/Xilinx/Vivado_HLS/2017.2/common/technology/xilinx/common/xilinx_vivado.lib 
INFO: [HLS 200-100] Command       ap_source returned 0; 0.001 sec.
INFO: [HLS 200-100] Execute       source C:/Xilinx/Vivado_HLS/2017.2/common/technology/xilinx/common/xilinx.hlp 
INFO: [HLS 200-100] Execute         source C:/Xilinx/Vivado_HLS/2017.2/common/technology/xilinx/common/target_info.tcl 
INFO: [HLS 200-100] Command         ap_source returned 0; 0.001 sec.
INFO: [HLS 200-100] Execute         source C:/Xilinx/Vivado_HLS/2017.2/common/technology/xilinx/interface/xilinx_interface.hlp 
INFO: [HLS 200-100] Execute           source C:/Xilinx/Vivado_HLS/2017.2/common/technology/xilinx/interface/maxi.hlp 
INFO: [HLS 200-100] Command           ap_source returned 0; 0 sec.
INFO: [HLS 200-100] Execute           source C:/Xilinx/Vivado_HLS/2017.2/common/technology/xilinx/interface/saxilite.hlp 
INFO: [HLS 200-100] Command           ap_source returned 0; 0.001 sec.
INFO: [HLS 200-100] Command         ap_source returned 0; 0.002 sec.
INFO: [HLS 200-100] Execute         source C:/Xilinx/Vivado_HLS/2017.2/common/technology/xilinx/common/dsp48.hlp 
INFO: [HLS 200-100] Command         ap_source returned 0; 0.001 sec.
INFO: [HLS 200-100] Command       ap_source returned 0; 0.007 sec.
INFO: [HLS 200-100] Execute       source C:/Xilinx/Vivado_HLS/2017.2/common/technology/xilinx/zynquplus/dsp48e2.hlp 
INFO: [HLS 200-100] Command       ap_source returned 0; 0 sec.
INFO: [HLS 200-100] Execute       get_default_platform 
INFO: [HLS 200-100] Command       get_default_platform returned 0; 0 sec.
INFO: [HLS 200-100] Execute       config_chip_info -quiet -resource  {SLICE 34260} {LUT 274080}   {FF 548160}  {DSP48E 2520}  {BRAM 1824} {URAM 0}  
INFO: [HLS 200-100] Command       config_chip_info returned 0; 0 sec.
INFO: [HLS 200-100] Execute       config_chip_info -quiet -speed medium 
INFO: [HLS 200-100] Command       config_chip_info returned 0; 0 sec.
INFO: [HLS 200-100] Execute       source C:/Xilinx/Vivado_HLS/2017.2/common/technology/xilinx/common/xilinx.hlp 
INFO: [HLS 200-100] Execute         source C:/Xilinx/Vivado_HLS/2017.2/common/technology/xilinx/common/target_info.tcl 
INFO: [HLS 200-100] Command         ap_source returned 0; 0.082 sec.
INFO: [HLS 200-100] Execute         source C:/Xilinx/Vivado_HLS/2017.2/common/technology/xilinx/interface/xilinx_interface.hlp 
INFO: [HLS 200-100] Execute           source C:/Xilinx/Vivado_HLS/2017.2/common/technology/xilinx/interface/maxi.hlp 
INFO: [HLS 200-100] Command           ap_source returned 0; 0 sec.
INFO: [HLS 200-100] Execute           source C:/Xilinx/Vivado_HLS/2017.2/common/technology/xilinx/interface/saxilite.hlp 
INFO: [HLS 200-100] Command           ap_source returned 0; 0.001 sec.
INFO: [HLS 200-100] Command         ap_source returned 0; 0.001 sec.
INFO: [HLS 200-100] Execute         source C:/Xilinx/Vivado_HLS/2017.2/common/technology/xilinx/common/dsp48.hlp 
INFO: [HLS 200-100] Command         ap_source returned 0; 0.001 sec.
INFO: [HLS 200-100] Command       ap_source returned 0; 0.087 sec.
INFO: [HLS 200-100] Command     import_lib returned 0; 0.118 sec.
INFO: [HLS 200-100] Execute     source C:/Xilinx/Vivado_HLS/2017.2/common/technology/xilinx/zynquplus/zynquplus.gen 
INFO: [HLS 200-100] Execute       source C:/Xilinx/Vivado_HLS/2017.2/common/technology/xilinx/common/virtex.gen 
INFO: [HLS 200-100] Execute         source C:/Xilinx/Vivado_HLS/2017.2/common/technology/xilinx/common/xilinx.gen 
INFO: [HLS 200-100] Execute           source C:/Xilinx/Vivado_HLS/2017.2/common/technology/xilinx/interface/plb46.gen 
INFO: [HLS 200-100] Command           ap_source returned 0; 0.006 sec.
INFO: [HLS 200-100] Execute           source C:/Xilinx/Vivado_HLS/2017.2/common/technology/xilinx/interface/fsl.gen 
INFO: [HLS 200-100] Command           ap_source returned 0; 0.002 sec.
INFO: [HLS 200-100] Execute           source C:/Xilinx/Vivado_HLS/2017.2/common/technology/xilinx/interface/axi4.gen 
INFO: [HLS 200-100] Command           ap_source returned 0; 0.011 sec.
INFO: [HLS 200-100] Execute           source C:/Xilinx/Vivado_HLS/2017.2/common/technology/xilinx/interface/nativeAXI4.gen 
INFO: [HLS 200-100] Execute             source C:/Xilinx/Vivado_HLS/2017.2/common/technology/xilinx/interface/saxilite.gen 
INFO: [HLS 200-100] Command             ap_source returned 0; 0.01 sec.
INFO: [HLS 200-100] Execute             source C:/Xilinx/Vivado_HLS/2017.2/common/technology/xilinx/interface/maxi.gen 
INFO: [HLS 200-100] Command             ap_source returned 0; 0.021 sec.
INFO: [HLS 200-100] Command           ap_source returned 0; 0.033 sec.
INFO: [HLS 200-100] Execute           source C:/Xilinx/Vivado_HLS/2017.2/common/technology/xilinx/scripts/xilinxcoregen.gen 
INFO: [HLS 200-100] Command           ap_source returned 0; 0.026 sec.
INFO: [HLS 200-100] Execute           source C:/Xilinx/Vivado_HLS/2017.2/common/technology/xilinx/interface/XilEDKCoreGen.gen 
INFO: [HLS 200-100] Command           ap_source returned 0; 0.022 sec.
INFO: [HLS 200-100] Execute           source C:/Xilinx/Vivado_HLS/2017.2/common/technology/xilinx/ip/dds_compiler.gen 
INFO: [HLS 200-100] Command           ap_source returned 0; 0.008 sec.
INFO: [HLS 200-100] Execute           source C:/Xilinx/Vivado_HLS/2017.2/common/technology/xilinx/ip/util.gen 
INFO: [HLS 200-100] Command           ap_source returned 0; 0 sec.
INFO: [HLS 200-100] Execute           source C:/Xilinx/Vivado_HLS/2017.2/common/technology/xilinx/ip/xfft.gen 
INFO: [HLS 200-100] Command           ap_source returned 0; 0.15 sec.
INFO: [HLS 200-100] Execute           source C:/Xilinx/Vivado_HLS/2017.2/common/technology/xilinx/ip/xfir.gen 
INFO: [HLS 200-100] Command           ap_source returned 0; 0.002 sec.
INFO: [HLS 200-100] Command         ap_source returned 0; 0.273 sec.
INFO: [HLS 200-100] Execute         source C:/Xilinx/Vivado_HLS/2017.2/common/technology/xilinx/common/dsp48.gen 
INFO: [HLS 200-100] Command         ap_source returned 0; 0.001 sec.
INFO: [HLS 200-100] Command       ap_source returned 0; 0.278 sec.
INFO: [HLS 200-100] Command     ap_source returned 0; 0.278 sec.
INFO: [HLS 200-100] Execute     open_platform DefaultPlatform 
INFO: [HLS 200-100] Command     open_platform returned 0; 0 sec.
INFO: [HLS 200-100] Execute     import_lib C:/Xilinx/Vivado_HLS/2017.2/common/technology/xilinx/zynquplus/zynquplus_fpv7 
INFO: [HLS 200-100] Execute       source C:/Xilinx/Vivado_HLS/2017.2/common/technology/xilinx/common/xilinx_fpv7.lib 
INFO: [HLS 200-100] Execute         source C:/Xilinx/Vivado_HLS/2017.2/common/technology/xilinx/common/xilinx_hp.lib 
INFO: [HLS 200-100] Command         ap_source returned 0; 0.001 sec.
INFO: [HLS 200-100] Command       ap_source returned 0; 0.007 sec.
INFO: [HLS 200-100] Execute       source C:/Xilinx/Vivado_HLS/2017.2/common/technology/xilinx/common/xilinx_fpv.hlp 
INFO: [HLS 200-100] Execute         source C:/Xilinx/Vivado_HLS/2017.2/common/technology/xilinx/common/xilinx.hlp 
INFO: [HLS 200-100] Execute           source C:/Xilinx/Vivado_HLS/2017.2/common/technology/xilinx/common/target_info.tcl 
INFO: [HLS 200-100] Command           ap_source returned 0; 0.038 sec.
INFO: [HLS 200-100] Execute           source C:/Xilinx/Vivado_HLS/2017.2/common/technology/xilinx/interface/xilinx_interface.hlp 
INFO: [HLS 200-100] Execute             source C:/Xilinx/Vivado_HLS/2017.2/common/technology/xilinx/interface/maxi.hlp 
INFO: [HLS 200-100] Command             ap_source returned 0; 0.001 sec.
INFO: [HLS 200-100] Execute             source C:/Xilinx/Vivado_HLS/2017.2/common/technology/xilinx/interface/saxilite.hlp 
INFO: [HLS 200-100] Command             ap_source returned 0; 0 sec.
INFO: [HLS 200-100] Command           ap_source returned 0; 0.001 sec.
INFO: [HLS 200-100] Execute           source C:/Xilinx/Vivado_HLS/2017.2/common/technology/xilinx/common/dsp48.hlp 
INFO: [HLS 200-100] Command           ap_source returned 0; 0.001 sec.
INFO: [HLS 200-100] Command         ap_source returned 0; 0.044 sec.
INFO: [HLS 200-100] Command       ap_source returned 0; 0.045 sec.
INFO: [HLS 200-100] Execute       source C:/Xilinx/Vivado_HLS/2017.2/common/technology/xilinx/zynquplus/zynquplus_hp.hlp 
INFO: [HLS 200-100] Command       ap_source returned 0; 0.004 sec.
INFO: [HLS 200-100] Command     import_lib returned 0; 0.073 sec.
INFO: [HLS 200-100] Execute     source C:/Xilinx/Vivado_HLS/2017.2/common/technology/xilinx/zynquplus/zynquplus_fpv7.gen 
INFO: [HLS 200-100] Execute       source C:/Xilinx/Vivado_HLS/2017.2/common/technology/xilinx/common/xilinx_fpv6.gen 
INFO: [HLS 200-100] Command       ap_source returned 0; 0.003 sec.
INFO: [HLS 200-100] Command     ap_source returned 0; 0.004 sec.
INFO: [HLS 200-100] Execute     set_part xczu7eg-ffvf1517-1lv-i 
INFO: [HLS 200-100] Execute       add_library xilinx/zynquplus/zynquplus:xczu7eg:-ffvf1517:-1lv-i 
INFO: [HLS 200-100] Execute         get_default_platform 
INFO: [HLS 200-100] Command         get_default_platform returned 0; 0 sec.
INFO: [HLS 200-100] Execute         license_isbetapart xczu7eg 
INFO: [HLS 200-100] Command         license_isbetapart returned 1; 0.02 sec.
INFO: [HLS 200-100] Execute         get_default_platform 
INFO: [HLS 200-100] Command         get_default_platform returned 0; 0 sec.
INFO: [HLS 200-100] Execute         config_chip_info -quiet -resource  {SLICE 28800} {LUT 230400}   {FF 460800}  {DSP48E 1728}  {BRAM 624}  {URAM 96}  
INFO: [HLS 200-100] Command         config_chip_info returned 0; 0 sec.
INFO: [HLS 200-100] Execute         config_chip_info -quiet -speed slow 
INFO: [HLS 200-100] Command         config_chip_info returned 0; 0 sec.
INFO: [HLS 200-100] Command       add_library returned 0; 0.041 sec.
INFO: [HLS 200-100] Execute       add_library xilinx/zynquplus/zynquplus_fpv7 
INFO: [HLS 200-100] Execute         get_default_platform 
INFO: [HLS 200-100] Command         get_default_platform returned 0; 0 sec.
INFO: [HLS 200-100] Command       add_library returned 0; 0.005 sec.
INFO: [HLS 200-10] Setting target device to 'xczu7eg-ffvf1517-1lv-i'
INFO: [HLS 200-100] Execute       get_default_platform 
INFO: [HLS 200-100] Command       get_default_platform returned 0; 0 sec.
INFO: [HLS 200-100] Command     set_part returned 0; 0.124 sec.
INFO: [HLS 200-100] Execute     get_default_platform 
INFO: [HLS 200-100] Command     get_default_platform returned 0; 0 sec.
INFO: [HLS 200-100] Execute     config_chip_info -quiet -resource  {SLICE 28800} {LUT 230400}   {FF 460800}  {DSP48E 1728}  {BRAM 624}  {URAM 96}  
INFO: [HLS 200-100] Command     config_chip_info returned 0; 0 sec.
INFO: [HLS 200-100] Execute     config_chip_info -quiet -speed slow 
INFO: [HLS 200-100] Command     config_chip_info returned 0; 0 sec.
INFO: [HLS 200-100] Command   open_solution returned 0; 0.759 sec.
INFO: [HLS 200-100] Execute   set_part xczu7eg-ffvf1517-1lv-i -tool vivado 
INFO: [HLS 200-100] Execute     add_library xilinx/zynquplus/zynquplus:xczu7eg:-ffvf1517:-1lv-i 
INFO: [HLS 200-100] Execute       get_default_platform 
INFO: [HLS 200-100] Command       get_default_platform returned 0; 0 sec.
INFO: [HLS 200-100] Execute       license_isbetapart xczu7eg 
INFO: [HLS 200-100] Command       license_isbetapart returned 1; 0 sec.
INFO: [HLS 200-100] Execute       get_default_platform 
INFO: [HLS 200-100] Command       get_default_platform returned 0; 0 sec.
INFO: [HLS 200-100] Execute       config_chip_info -quiet -resource  {SLICE 28800} {LUT 230400}   {FF 460800}  {DSP48E 1728}  {BRAM 624}  {URAM 96}  
INFO: [HLS 200-100] Command       config_chip_info returned 0; 0 sec.
INFO: [HLS 200-100] Execute       config_chip_info -quiet -speed slow 
INFO: [HLS 200-100] Command       config_chip_info returned 0; 0 sec.
INFO: [HLS 200-100] Command     add_library returned 0; 0.016 sec.
INFO: [HLS 200-100] Execute     add_library xilinx/zynquplus/zynquplus_fpv7 
INFO: [HLS 200-100] Execute       get_default_platform 
INFO: [HLS 200-100] Command       get_default_platform returned 0; 0 sec.
INFO: [HLS 200-100] Command     add_library returned 0; 0.003 sec.
INFO: [HLS 200-100] Execute     get_default_platform 
INFO: [HLS 200-100] Command     get_default_platform returned 0; 0 sec.
INFO: [HLS 200-100] Command   set_part returned 0; 0.167 sec.
INFO: [HLS 200-100] Execute   create_clock -period 10 -name default 
INFO: [HLS 200-100] Command   create_clock returned 0; 0.003 sec.
INFO: [HLS 200-100] Execute   source ./deutero/solution1/directives.tcl 
INFO: [HLS 200-100] Execute     set_directive_loop_tripcount KeyExpansion/KeyExpansion_label0 
INFO: [HLS 200-0] Setting directive 'LOOP_TRIPCOUNT' tripcount=positionBooleanCmd 
INFO: [HLS 200-100] Command     set_directive_loop_tripcount returned 0; 0.009 sec.
INFO: [HLS 200-100] Execute     set_directive_loop_tripcount KeyExpansion/KeyExpansion_label1 
INFO: [HLS 200-0] Setting directive 'LOOP_TRIPCOUNT' tripcount=positionBooleanCmd 
INFO: [HLS 200-0] Setting directive 'LOOP_TRIPCOUNT' tripcount=positionBooleanCmd 
INFO: [HLS 200-100] Command     set_directive_loop_tripcount returned 0; 0.043 sec.
INFO: [HLS 200-100] Execute     set_directive_loop_tripcount Cipher/Cipher_label2 
INFO: [HLS 200-0] Setting directive 'LOOP_TRIPCOUNT' tripcount=positionBooleanCmd 
INFO: [HLS 200-0] Setting directive 'LOOP_TRIPCOUNT' tripcount=positionBooleanCmd 
INFO: [HLS 200-0] Setting directive 'LOOP_TRIPCOUNT' tripcount=positionBooleanCmd 
INFO: [HLS 200-100] Command     set_directive_loop_tripcount returned 0; 0.046 sec.
INFO: [HLS 200-100] Execute     set_directive_loop_tripcount Cipher/Cipher_label3 
INFO: [HLS 200-0] Setting directive 'LOOP_TRIPCOUNT' tripcount=positionBooleanCmd 
INFO: [HLS 200-0] Setting directive 'LOOP_TRIPCOUNT' tripcount=positionBooleanCmd 
INFO: [HLS 200-0] Setting directive 'LOOP_TRIPCOUNT' tripcount=positionBooleanCmd 
INFO: [HLS 200-0] Setting directive 'LOOP_TRIPCOUNT' tripcount=positionBooleanCmd 
INFO: [HLS 200-100] Command     set_directive_loop_tripcount returned 0; 0.061 sec.
INFO: [HLS 200-100] Command   ap_source returned 0; 0.162 sec.
INFO: [HLS 200-100] Execute   csynth_design 
INFO: [HLS 200-100] Execute     elaborate -effort=medium -skip_syncheck=0 -keep_printf=0 -lm=0 -skip_cdt=0 -skip_transform=0 -ng=0 -g=0 -opt_fp=0 
INFO: [HLS 200-10] Analyzing design file 'Edited/2nd/AES_Encrypt.c' ... 
INFO: [HLS 200-0] Compiling one TU...
INFO: [HLS 200-100] Execute       is_m_axi_addr64 
INFO: [HLS 200-100] Command       is_m_axi_addr64 returned 0; 0 sec.
INFO: [HLS 200-0] Handling Edited/2nd/AES_Encrypt.c as C
INFO: [HLS 200-0] Syntax Checking before pre-processing...
INFO: [HLS 200-100] Execute       clang  -fno-limit-debug-info -gcc-toolchain "C:/Xilinx/Vivado_HLS/2017.2/msys" -hls    -fno-math-errno -c -emit-llvm -O0  -mllvm -disable-llvm-optzns -std=gnu89   -DAESL_SYN -D__SYNTHESIS__ -D__HLS_SYN__ -I "C:/Xilinx/Vivado_HLS/2017.2/common/technology/autopilot" -I "C:/Xilinx/Vivado_HLS/2017.2/common/technology/autopilot/ap_sysc" -include etc/autopilot_ssdm_op.h -D__cdecl=  "Edited/2nd/AES_Encrypt.c"  -o "C:/Users/Lincoln/Desktop/ThesisRaw/deutero/solution1/.autopilot/db/AES_Encrypt.pp.00.o" 
INFO: [HLS 200-0] exec clang -fno-limit-debug-info -gcc-toolchain C:/Xilinx/Vivado_HLS/2017.2/msys -hls -fno-math-errno -c -emit-llvm -O0 -mllvm -disable-llvm-optzns -std=gnu89 -DAESL_SYN -D__SYNTHESIS__ -D__HLS_SYN__ -I C:/Xilinx/Vivado_HLS/2017.2/common/technology/autopilot -I C:/Xilinx/Vivado_HLS/2017.2/common/technology/autopilot/ap_sysc -include etc/autopilot_ssdm_op.h -D__cdecl= Edited/2nd/AES_Encrypt.c -o C:/Users/Lincoln/Desktop/ThesisRaw/deutero/solution1/.autopilot/db/AES_Encrypt.pp.00.o
INFO: [HLS 200-100] Command       clang returned 0; 0.653 sec.
INFO: [HLS 200-100] Execute       is_encrypted C:/Users/Lincoln/Desktop/ThesisRaw/deutero/solution1/.autopilot/db/AES_Encrypt.pp.00.o 
INFO: [HLS 200-100] Command       is_encrypted returned 0; 0 sec.
INFO: [HLS 200-0] Source preprocessing
INFO: [HLS 200-100] Execute       clang  -fno-limit-debug-info -gcc-toolchain "C:/Xilinx/Vivado_HLS/2017.2/msys" -hls -fno-exceptions  -D__llvm__  -CC -E "Edited/2nd/AES_Encrypt.c"     -fno-math-errno -c -emit-llvm -O0  -mllvm -disable-llvm-optzns -std=gnu89   -DAESL_SYN -D__SYNTHESIS__ -D__HLS_SYN__ -I "C:/Xilinx/Vivado_HLS/2017.2/common/technology/autopilot" -I "C:/Xilinx/Vivado_HLS/2017.2/common/technology/autopilot/ap_sysc" -include etc/autopilot_ssdm_op.h -D__cdecl=  -o "C:/Users/Lincoln/Desktop/ThesisRaw/deutero/solution1/.autopilot/db/AES_Encrypt.pp.0.c" 
INFO: [HLS 200-0] exec clang -fno-limit-debug-info -gcc-toolchain C:/Xilinx/Vivado_HLS/2017.2/msys -hls -fno-exceptions -D__llvm__ -CC -E Edited/2nd/AES_Encrypt.c -fno-math-errno -c -emit-llvm -O0 -mllvm -disable-llvm-optzns -std=gnu89 -DAESL_SYN -D__SYNTHESIS__ -D__HLS_SYN__ -I C:/Xilinx/Vivado_HLS/2017.2/common/technology/autopilot -I C:/Xilinx/Vivado_HLS/2017.2/common/technology/autopilot/ap_sysc -include etc/autopilot_ssdm_op.h -D__cdecl= -o C:/Users/Lincoln/Desktop/ThesisRaw/deutero/solution1/.autopilot/db/AES_Encrypt.pp.0.c
INFO: [HLS 200-100] Command       clang returned 0; 0.589 sec.
INFO: [HLS 200-0] GCC PP time: 0 seconds per iteration
INFO: [HLS 200-0] Setting directive 'LOOP_TRIPCOUNT' tripcount=positionBooleanCmd 
INFO: [HLS 200-0] Setting directive 'LOOP_TRIPCOUNT' tripcount=positionBooleanCmd 
INFO: [HLS 200-0] Setting directive 'LOOP_TRIPCOUNT' tripcount=positionBooleanCmd 
INFO: [HLS 200-0] Setting directive 'LOOP_TRIPCOUNT' tripcount=positionBooleanCmd 
INFO: [HLS 200-100] Execute       list_core -type functional_unit 
INFO: [HLS 200-100] Command       list_core returned 0; 0 sec.
INFO: [HLS 200-0] CDT Preprocessing...
INFO: [HLS 200-0] Marker-Pragma convertor: C:/Users/Lincoln/Desktop/ThesisRaw/deutero/solution1/.autopilot/db/AES_Encrypt.pp.0.c C:/Users/Lincoln/Desktop/ThesisRaw/deutero/solution1/.autopilot/db/AES_Encrypt.pp.0.c.ap-line.c C:/Users/Lincoln/Desktop/ThesisRaw/deutero/solution1/.autopilot/db/AES_Encrypt.pp.0.c.ap-line.c.CXX 1
INFO: [HLS 200-0] Converting Markers to Pragmas...
INFO: [HLS 200-100] Execute       cdt  "C:/Users/Lincoln/Desktop/ThesisRaw/deutero/solution1/.autopilot/db/AES_Encrypt.pp.0.c.ap-line.c"  -m "Cipher" -o "C:/Users/Lincoln/Desktop/ThesisRaw/deutero/solution1/.autopilot/db/AES_Encrypt.pp.0.c.ap-cdt.c" -c --pp --directive C:/Users/Lincoln/Desktop/ThesisRaw/deutero/solution1/solution1.directive --source C:/Users/Lincoln/Desktop/ThesisRaw/Edited/2nd/AES_Encrypt.c --error C:/Users/Lincoln/Desktop/ThesisRaw/deutero/solution1/.autopilot/db --funcunit "AddSub AddSub_DSP AddSubnS DAddSub_fulldsp DAddSub_nodsp DDiv DExp_fulldsp DExp_meddsp DExp_nodsp DLog_fulldsp DLog_meddsp DLog_nodsp DMul_fulldsp DMul_maxdsp DMul_meddsp DMul_nodsp DRSqrt DRecip DSqrt DivnS FAddSub_fulldsp FAddSub_nodsp FDiv FExp_fulldsp FExp_meddsp FExp_nodsp FLog_fulldsp FLog_meddsp FLog_nodsp FMul_fulldsp FMul_maxdsp FMul_meddsp FMul_nodsp FRSqrt_fulldsp FRSqrt_nodsp FRecip_fulldsp FRecip_nodsp FSqrt HAddSub_fulldsp HAddSub_meddsp HAddSub_nodsp HDiv HMul_fulldsp HMul_maxdsp HMul_nodsp HSqrt Mul Mul2S Mul3S Mul4S Mul5S Mul6S Mul_LUT MulnS MuxnS" --ca --gf --pd --p2d C:/Users/Lincoln/Desktop/ThesisRaw/deutero/solution1/.autopilot/db --sd --scff C:/Users/Lincoln/Desktop/ThesisRaw/deutero/solution1/.autopilot/db/.systemc_flag --ad 
INFO: [HLS 200-100] Command       cdt returned 0; 1.062 sec.
INFO: [HLS 200-0] Marker-Pragma convertor: C:/Users/Lincoln/Desktop/ThesisRaw/deutero/solution1/.autopilot/db/AES_Encrypt.pp.0.c.ap-cdt.c C:/Users/Lincoln/Desktop/ThesisRaw/deutero/solution1/.autopilot/db/AES_Encrypt.pragma.0.c C:/Users/Lincoln/Desktop/ThesisRaw/deutero/solution1/.autopilot/db/AES_Encrypt.pragma.0.c.ap-line.CXX 0
INFO: [HLS 200-0] Converting Pragmas to Markers...
INFO: [HLS 200-100] Execute       source C:/Users/Lincoln/Desktop/ThesisRaw/deutero/solution1/.autopilot/db/pragma.status.tcl 
INFO: [HLS 200-100] Command       ap_source returned 0; 0.001 sec.
INFO: [HLS 200-0] Pragma Handling...
INFO: [HLS 200-0] Source preprocessing
INFO: [HLS 200-100] Execute       clang  -fno-limit-debug-info -gcc-toolchain "C:/Xilinx/Vivado_HLS/2017.2/msys" -hls -fno-exceptions  -D__llvm__  -CC -E "C:/Users/Lincoln/Desktop/ThesisRaw/deutero/solution1/.autopilot/db/AES_Encrypt.pragma.1.c"     -fno-math-errno -c -emit-llvm -O0  -mllvm -disable-llvm-optzns -std=gnu89   -DAESL_SYN -D__SYNTHESIS__ -D__HLS_SYN__ -I "C:/Xilinx/Vivado_HLS/2017.2/common/technology/autopilot" -I "C:/Xilinx/Vivado_HLS/2017.2/common/technology/autopilot/ap_sysc" -include etc/autopilot_ssdm_op.h -D__cdecl=  -o "C:/Users/Lincoln/Desktop/ThesisRaw/deutero/solution1/.autopilot/db/AES_Encrypt.pragma.2.c" 
INFO: [HLS 200-0] exec clang -fno-limit-debug-info -gcc-toolchain C:/Xilinx/Vivado_HLS/2017.2/msys -hls -fno-exceptions -D__llvm__ -CC -E C:/Users/Lincoln/Desktop/ThesisRaw/deutero/solution1/.autopilot/db/AES_Encrypt.pragma.1.c -fno-math-errno -c -emit-llvm -O0 -mllvm -disable-llvm-optzns -std=gnu89 -DAESL_SYN -D__SYNTHESIS__ -D__HLS_SYN__ -I C:/Xilinx/Vivado_HLS/2017.2/common/technology/autopilot -I C:/Xilinx/Vivado_HLS/2017.2/common/technology/autopilot/ap_sysc -include etc/autopilot_ssdm_op.h -D__cdecl= -o C:/Users/Lincoln/Desktop/ThesisRaw/deutero/solution1/.autopilot/db/AES_Encrypt.pragma.2.c
INFO: [HLS 200-100] Command       clang returned 0; 0.589 sec.
INFO: [HLS 200-0] Processing labels
INFO: [HLS 200-100] Execute       clang  -fno-limit-debug-info -gcc-toolchain C:/Xilinx/Vivado_HLS/2017.2/msys -hls -hls-analyze-label -hls-analyze-pragma -fno-exceptions  -D__llvm__  -w  "C:/Users/Lincoln/Desktop/ThesisRaw/deutero/solution1/.autopilot/db/AES_Encrypt.pragma.2.c"    -fno-math-errno -c -emit-llvm -O0  -mllvm -disable-llvm-optzns -std=gnu89  -DAESL_SYN -D__SYNTHESIS__ -D__HLS_SYN__ -I "C:/Xilinx/Vivado_HLS/2017.2/common/technology/autopilot" -I "C:/Xilinx/Vivado_HLS/2017.2/common/technology/autopilot/ap_sysc" -include etc/autopilot_ssdm_op.h -g -o "C:/Users/Lincoln/Desktop/ThesisRaw/deutero/solution1/.autopilot/db/AES_Encrypt.g.bc" 
INFO: [HLS 200-0] exec clang -fno-limit-debug-info -gcc-toolchain C:/Xilinx/Vivado_HLS/2017.2/msys -hls -hls-analyze-label -hls-analyze-pragma -fno-exceptions -D__llvm__ -w C:/Users/Lincoln/Desktop/ThesisRaw/deutero/solution1/.autopilot/db/AES_Encrypt.pragma.2.c -fno-math-errno -c -emit-llvm -O0 -mllvm -disable-llvm-optzns -std=gnu89 -DAESL_SYN -D__SYNTHESIS__ -D__HLS_SYN__ -I C:/Xilinx/Vivado_HLS/2017.2/common/technology/autopilot -I C:/Xilinx/Vivado_HLS/2017.2/common/technology/autopilot/ap_sysc -include etc/autopilot_ssdm_op.h -g -o C:/Users/Lincoln/Desktop/ThesisRaw/deutero/solution1/.autopilot/db/AES_Encrypt.g.bc
INFO: [HLS 200-100] Command       clang returned 0; 0.613 sec.
INFO: [HLS 200-10] Validating synthesis directives ...
INFO: [HLS 200-100] Execute       source C:/Users/Lincoln/Desktop/ThesisRaw/deutero/solution1/.autopilot/db/pragma.status.tcl 
INFO: [HLS 200-100] Command       ap_source returned 0; 0.001 sec.
WARNING: [HLS 200-40] Directive 'LOOP_TRIPCOUNT' cannot be applied: Label 'KeyExpansion_label0' does not exist in function 'KeyExpansion'. 
WARNING: [HLS 200-40] Directive 'LOOP_TRIPCOUNT' cannot be applied: Label 'KeyExpansion_label1' does not exist in function 'KeyExpansion'. 
WARNING: [HLS 200-40] Directive 'LOOP_TRIPCOUNT' cannot be applied: Label 'Cipher_label2' does not exist in function 'Cipher'. 
WARNING: [HLS 200-40] Directive 'LOOP_TRIPCOUNT' cannot be applied: Label 'Cipher_label3' does not exist in function 'Cipher'. 
INFO: [HLS 200-111] Finished Checking Pragmas Time (s): cpu = 00:00:01 ; elapsed = 00:00:06 . Memory (MB): peak = 96.414 ; gain = 46.715
INFO: [HLS 200-0] Linking Release ...
INFO: [HLS 200-100] Execute       llvm-ld C:/Users/Lincoln/Desktop/ThesisRaw/deutero/solution1/.autopilot/db/AES_Encrypt.bc -disable-opt -LC:/Xilinx/Vivado_HLS/2017.2/win64/lib -lm_basic -o C:/Users/Lincoln/Desktop/ThesisRaw/deutero/solution1/.autopilot/db/a.o 
INFO: [HLS 200-100] Command       llvm-ld returned 0; 0.5 sec.
INFO: [HLS 200-100] Execute       disassemble C:/Users/Lincoln/Desktop/ThesisRaw/deutero/solution1/.autopilot/db/a.o C:/Users/Lincoln/Desktop/ThesisRaw/deutero/solution1/.autopilot/db/a.o 
INFO: [HLS 200-100] Execute         is_encrypted C:/Users/Lincoln/Desktop/ThesisRaw/deutero/solution1/.autopilot/db/a.o.bc 
INFO: [HLS 200-100] Command         is_encrypted returned 0; 0 sec.
INFO: [HLS 200-100] Command       disassemble returned 0; 0.145 sec.
INFO: [HLS 200-0] Disassemble time: 0 seconds per iteration
INFO: [HLS 200-0] Linking Debug ...
INFO: [HLS 200-100] Execute       llvm-ld C:/Users/Lincoln/Desktop/ThesisRaw/deutero/solution1/.autopilot/db/AES_Encrypt.g.bc -disable-opt -LC:/Xilinx/Vivado_HLS/2017.2/win64/lib -lm_basic -o C:/Users/Lincoln/Desktop/ThesisRaw/deutero/solution1/.autopilot/db/a.g 
INFO: [HLS 200-100] Command       llvm-ld returned 0; 0.448 sec.
INFO: [HLS 200-100] Execute       disassemble C:/Users/Lincoln/Desktop/ThesisRaw/deutero/solution1/.autopilot/db/a.g C:/Users/Lincoln/Desktop/ThesisRaw/deutero/solution1/.autopilot/db/a.g 
INFO: [HLS 200-100] Execute         is_encrypted C:/Users/Lincoln/Desktop/ThesisRaw/deutero/solution1/.autopilot/db/a.g.bc 
INFO: [HLS 200-100] Command         is_encrypted returned 0; 0 sec.
INFO: [HLS 200-100] Command       disassemble returned 0; 0.078 sec.
INFO: [HLS 200-0] Disassemble time: 0 seconds per iteration
INFO: [HLS 200-111] Finished Linking Time (s): cpu = 00:00:01 ; elapsed = 00:00:07 . Memory (MB): peak = 96.434 ; gain = 46.734
INFO: [HLS 200-100] Execute       opt_and_import_c a -opt_level=2 -skip_syncheck=0 -ng=0 -keep_printf=0 
INFO: [HLS 200-100] Execute         cleanup_all_models 
INFO: [HLS 200-100] Command         cleanup_all_models returned 0; 0 sec.
INFO: [HLS 200-10] Starting code transformations ...
INFO: [HLS 200-100] Execute         transform -promote-dbg-pointer C:/Users/Lincoln/Desktop/ThesisRaw/deutero/solution1/.autopilot/db/a.pp.bc -o C:/Users/Lincoln/Desktop/ThesisRaw/deutero/solution1/.autopilot/db/a.pp.0.bc -f 
INFO: [HLS 200-100] Command         transform returned 0; 0.017 sec.
INFO: [HLS 200-100] Execute         llvm-ld C:/Users/Lincoln/Desktop/ThesisRaw/deutero/solution1/.autopilot/db/a.pp.0.bc -disable-opt -LC:/Xilinx/Vivado_HLS/2017.2/win64/lib -lfloatconversion -o C:/Users/Lincoln/Desktop/ThesisRaw/deutero/solution1/.autopilot/db/a.g.0 
INFO: [HLS 200-100] Command         llvm-ld returned 0; 0.385 sec.
INFO: [HLS 200-0] Running Standard Transforms...
INFO: [HLS 200-100] Execute         transform -hls -share-std-xform -demangle-name -inline-byval-memcpy -always-inline -promote-dbg-pointer -interface-preproc -scalarrepl -mem2reg -keep-read-access -instcombine -dce -promote-dbg-pointer -bitop-raise -loop-simplify -indvarspre -indvars -loop-simplify -xunroll -constprop -instcombine -simplifycfg -indvars -simplifycfg -dce -globaldce -basicaa -simplifycfg -mem2reg -globalopt -global-constprop -deadargelim -instcombine -simplifycfg -prune-eh -simplifycfg -scalarrepl -instcombine -reassociate -licm -simplifycfg -loop-simplify -indvars -instcombine -simplifycfg -mem2reg -loop-simplify -indvars -instcombine -gvn -gvn -instcombine -adce -break-crit-edges -simplifycfg -loop-delete -global-array-opt -dce -dse -adce -find-syn-modules -top Cipher -deadargelim -mem2reg -instcombine -dce -presyn-prepare -auto-rom-infer -interface-preproc -syn-check -check-rec-only -find-region -simplifycfg -func-extr -function-inline -globaldce -mem2reg -instcombine -dce -gvn -globaldce -adce -adse -constprop -instcombine -bit-constprop -instcombine -dce -simplifycfg -bitop-raise -simplifycfg -dce -loop-delete -reassociate -globalopt -global-privatize -mem2reg -dce -global-constprop -pointer-simplify -constprop -dce -func-inst -deadargelim -auto-shift-reg-idiom -promote-dbg-pointer -norm-name C:/Users/Lincoln/Desktop/ThesisRaw/deutero/solution1/.autopilot/db/a.g.0.bc -o C:/Users/Lincoln/Desktop/ThesisRaw/deutero/solution1/.autopilot/db/a.g.1.bc -f -phase std-opt 
INFO: [HLS 200-100] Command         transform returned 0; 2.494 sec.
INFO: [HLS 200-100] Execute         disassemble C:/Users/Lincoln/Desktop/ThesisRaw/deutero/solution1/.autopilot/db/a.g.1 C:/Users/Lincoln/Desktop/ThesisRaw/deutero/solution1/.autopilot/db/a.g.1 
INFO: [HLS 200-100] Execute           is_encrypted C:/Users/Lincoln/Desktop/ThesisRaw/deutero/solution1/.autopilot/db/a.g.1.bc 
INFO: [HLS 200-100] Command           is_encrypted returned 0; 0 sec.
INFO: [HLS 200-100] Command         disassemble returned 0; 0.074 sec.
INFO: [HLS 200-111] Finished Standard Transforms Time (s): cpu = 00:00:03 ; elapsed = 00:00:10 . Memory (MB): peak = 99.887 ; gain = 50.188
INFO: [HLS 200-10] Checking synthesizability ...
INFO: [HLS 200-0] Checking Synthesizability 1/2..
INFO: [HLS 200-100] Execute         transform -hls -syn-check -check-rec-only -disaggr -scalarrepl -norm-name -dce -mem2reg -instcombine -function-uniquify -directive-preproc -mem2reg -dse -dce -auto-rom-infer -dce -array-normalize -instcombine -dce -warn-fifo-pointer -array-seg-normalize -instcombine -dce -array-flatten -instcombine -dce -array-burst -dce -deadargelim -promote-global-argument -simplifycfg -mem2reg -globaldce -resolve-double-ptr -dce -deadargelim -dce -instcombine -function-inline -globaldce -dce -doublePtrSimplify -doublePtrElim -dce -doublePtrSimplify -promote-dbg-pointer -dce -scalarrepl -dse -adse -instcombine -ptrLegalization -simplifycfg -dce -instcombine -pointer-simplify -ptrArgReplace -dce -instcombine -disaggr -scalarrepl -norm-name -dce -mem2reg -instcombine -ptrLegalization -simplifycfg -deadargelim -instcombine -dce -inst-simplify -function-uniquify -directive-preproc -mem2reg -dse -dce -globaldce C:/Users/Lincoln/Desktop/ThesisRaw/deutero/solution1/.autopilot/db/a.g.1.bc -o C:/Users/Lincoln/Desktop/ThesisRaw/deutero/solution1/.autopilot/db/a.g.2.prechk.bc -f 
INFO: [XFORM 203-602] Inlining function 'getSBoxValue' into 'KeyExpansion' (Edited/2nd/AES_Encrypt.c:76) automatically.
INFO: [XFORM 203-602] Inlining function 'getSBoxValue' into 'SubBytes' (Edited/2nd/AES_Encrypt.c:125) automatically.
INFO: [XFORM 203-602] Inlining function 'ShiftRows' into 'Cipher' (Edited/2nd/AES_Encrypt.c:224) automatically.
INFO: [XFORM 203-602] Inlining function 'MixColumns' into 'Cipher' (Edited/2nd/AES_Encrypt.c:225) automatically.
INFO: [HLS 200-100] Command         transform returned 0; 0.04 sec.
INFO: [HLS 200-0] Checking Synthesizability 2/2..
INFO: [HLS 200-100] Execute         transform -syn-check C:/Users/Lincoln/Desktop/ThesisRaw/deutero/solution1/.autopilot/db/a.g.2.prechk.bc -o C:/Users/Lincoln/Desktop/ThesisRaw/deutero/solution1/.autopilot/db/a.g.2.bc -f -phase syn-check 
INFO: [HLS 200-100] Command         transform returned 0; 0.01 sec.
INFO: [HLS 200-111] Finished Checking Synthesizability Time (s): cpu = 00:00:04 ; elapsed = 00:00:10 . Memory (MB): peak = 99.887 ; gain = 50.188
INFO: [HLS 200-0] Compiler optimizing ...
INFO: [HLS 200-0] Share syncheck's 1.bc for syn flow: copy C:/Users/Lincoln/Desktop/ThesisRaw/deutero/solution1/.autopilot/db/a.g.1.bc to C:/Users/Lincoln/Desktop/ThesisRaw/deutero/solution1/.autopilot/db/a.o.1.bc
INFO: [HLS 200-0] Presyn 1...
INFO: [HLS 200-100] Execute         transform -hls -tmp C:/Users/Lincoln/Desktop/ThesisRaw/deutero/solution1/.autopilot/db -interface-port-rename -type-info -function-uniquify -directive-preproc -mem2reg -dse -dce -disaggr -scalarrepl -norm-name -deadargelim -mem2reg -instcombine -dce -auto-rom-infer -dce -function-uniquify -resource-proc -simplifycfg -mem2reg -globaldce -resolve-double-ptr -dce -deadargelim -dce -instcombine -clib-intrinsic-prepare -dce -func-buffer -dce -array-normalize -func-legal -instcombine -gvn -constprop -dce -ptrArgReplace -mem2reg -instcombine -dce -array-seg-normalize -deadargelim -instcombine -dce -pointer-simplify -dce -port-alignment -dce -interface-preproc -data-pack -instcombine -dce -basicaa -aggr-aa -aggrmodref-aa -aggr-aa -gvn -gvn -basicaa -aggr-aa -aggrmodref-aa -aggr-aa -dse -adse -adce -loop-simplify -indvars -instcombine -gvn -loop-simplify -mem2reg -dce -simplifycfg -find-region -instcombine -auto-loop-pipeline -inst-simplify -interface-preproc -cfgopt -instcombine -indvars -auto-loop-unroll -loop-simplify -loop-bound -xunroll -constprop -instcombine -simplifycfg -indvars -simplifycfg -dce -globaldce -clean-region -attach-range -gvn -inst-simplify -constprop -simplifycfg -dce -pointer-simplify -dce -globalopt -constprop -dce -array-promote -constprop -instcombine -dce -ptrArgReplace -mem2reg -instcombine -simplifycfg -dce -auto-par -instcombine -dce -array-transform-check -array-reshape -instcombine -simplifycfg -dce -ptrArgReplace -deadargelim -mem2reg -instcombine -simplifycfg -dce -indvars -loop-simplify -loop-bound -xunroll -constprop -instcombine -simplifycfg -indvars -simplifycfg -dce -globaldce -duplicate-dataflow-processes -globaldce -instcombine -array-partition -instcombine -simplifycfg -dce -ptrArgReplace -global-constprop -deadargelim -mem2reg -func-legal -instcombine -dce -global-constprop -deadargelim -mem2reg -instcombine -simplifycfg -dce -globalopt -constprop -dce -array-promote -constprop -instcombine -dce -ptrArgReplace -mem2reg -instcombine -simplifycfg -dce -mem-intrinsic-preproc -dce -global-privatize -mem2reg -globaldce -promote-global-argument -ptrArgReplace -mem2reg -instcombine -dce -globalopt -mergereturn -simplify-global-access -mem2reg -dce -pointer-simplify -dce -functionattrs -basicaa -aggr-aa -aggrmodref-aa -aggr-aa -gvn -gvn -basicaa -aggr-aa -aggrmodref-aa -aggr-aa -dse -adse -adce -inst-simplify -dce -norm-name -function-inline -globaldce -func-inst -constprop -instcombine -simplifycfg -dce -func-legal -dce -loop-bound -arraycheck -bitwidthmin -on-by-dataflow -loop-delete -instcombine -simplifycfg -globaldce -dce -gvn -deadargelim -dce -loop-simplify -clean-region -simplifycfg -propagate-stable-arguments -loop-stream -instcombine -simplifycfg -dce -globaldce -stream-intrinsic-preproc -dce -check-ap-stream -loop-simplify -eliminate-keepreads -extract-dataflow-in-loop -loop-simplify -dce -gvn -deadargelim -dse -check-dataflow-syntax -legalize-stream-variable -legalize-global -extract-subproc -dce -dead-channel-elimination -canonicalize-gep -globaldce -dce -gvn -deadargelim -annotate-dataflow-channels -scalar-propagation -deadargelim -globaldce -mem2reg -check-dataflow-channels -function-stream -dce -globaldce -prop-fifo-spec -internal-stream-gen -canonicalize-gep -globaldce -dce -gvn -deadargelim -mergereturn -indvars -loop-simplify -instcombine -array-stream -array-seg-normalize -array-partition -func-legal -instcombine -simplifycfg -dce -bundle-memfifo-ops -deadargelim -function-uniquify -directive-preproc -mem2reg -dse -dce -group-axi-access -licm -simplifycfg -dce -loop-delete -norm-name C:/Users/Lincoln/Desktop/ThesisRaw/deutero/solution1/.autopilot/db/a.o.1.bc -o C:/Users/Lincoln/Desktop/ThesisRaw/deutero/solution1/.autopilot/db/a.o.1.tmp.bc -f 
INFO: [XFORM 203-102] Automatically partitioning small array 'temp' (Edited/2nd/AES_Encrypt.c:39) completely based on array size.
INFO: [XFORM 203-101] Partitioning array 'temp' (Edited/2nd/AES_Encrypt.c:39) in dimension 1 completely.
INFO: [XFORM 203-602] Inlining function 'getSBoxValue' into 'KeyExpansion' (Edited/2nd/AES_Encrypt.c:76) automatically.
INFO: [XFORM 203-602] Inlining function 'getSBoxValue' into 'SubBytes' (Edited/2nd/AES_Encrypt.c:125) automatically.
INFO: [XFORM 203-602] Inlining function 'ShiftRows' into 'Cipher' (Edited/2nd/AES_Encrypt.c:224) automatically.
INFO: [XFORM 203-602] Inlining function 'MixColumns' into 'Cipher' (Edited/2nd/AES_Encrypt.c:225) automatically.
INFO: [HLS 200-100] Command         transform returned 0; 0.159 sec.
INFO: [HLS 200-0] Presyn 2...
INFO: [HLS 200-100] Execute         transform -hls -keep-callgraph -scalarrepl -mem2reg -port-alignment -attach-range -dce -pipe-mux-gen -indvars -loop-bound -inst-simplify -instcombine -dce -merge-array-access -mem2reg -dce -clean-region -mergereturn -if-conv -instcombine -dce -constprop -basicaa -aggr-aa -aggrmodref-aa -aggr-aa -gvn -gvn -basicaa -aggr-aa -aggrmodref-aa -aggr-aa -dse -adse -adce -scalarrepl -mem2reg -global-constprop -deadargelim -deadargelim -instcombine -dce -simplifycfg -ptrArgReplace -mem2reg -function-inline -globaldce -mem2reg -instcombine -dce -expr-balance -instcombine -dce -bitwidthmin -interface-preproc -directive-preproc -inst-rectify -instcombine -dce -functionattrs -constprop -instcombine -bit-constprop -simplify-global-access -globalopt -globaldce -inst-simplify -instcombine -elimdeaddata -dce -loop-delete -simplifycfg -loop-simplify -auto-burst -norm-name C:/Users/Lincoln/Desktop/ThesisRaw/deutero/solution1/.autopilot/db/a.o.1.tmp.bc -o C:/Users/Lincoln/Desktop/ThesisRaw/deutero/solution1/.autopilot/db/a.o.2.bc -f -phase presyn 
INFO: [XFORM 203-401] Performing if-conversion on hyperblock to (Edited/2nd/AES_Encrypt.c:53:18) in function 'KeyExpansion'... converting 5 basic blocks.
INFO: [XFORM 203-401] Performing if-conversion on hyperblock from (Edited/2nd/AES_Encrypt.c:57:6) to (Edited/2nd/AES_Encrypt.c:99:2) in function 'KeyExpansion'... converting 3 basic blocks.
INFO: [HLS 200-100] Command         transform returned 0; 0.124 sec.
INFO: [HLS 200-100] Execute         disassemble C:/Users/Lincoln/Desktop/ThesisRaw/deutero/solution1/.autopilot/db/a.o.2 C:/Users/Lincoln/Desktop/ThesisRaw/deutero/solution1/.autopilot/db/a.o.2 
INFO: [HLS 200-100] Execute           is_encrypted C:/Users/Lincoln/Desktop/ThesisRaw/deutero/solution1/.autopilot/db/a.o.2.bc 
INFO: [HLS 200-100] Command           is_encrypted returned 0; 0 sec.
INFO: [HLS 200-100] Command         disassemble returned 0; 0.078 sec.
INFO: [HLS 200-111] Finished Pre-synthesis Time (s): cpu = 00:00:04 ; elapsed = 00:00:11 . Memory (MB): peak = 119.813 ; gain = 70.113
INFO: [HLS 200-0] Building ssdm...
INFO: [HLS 200-100] Execute         transform -hls -function-uniquify -auto-function-inline -globaldce -ptrArgReplace -mem2reg -instcombine -dce -reset-lda -loop-simplify -indvars -licm -loop-dep -loop-bound -licm -loop-simplify -flattenloopnest -array-flatten -gvn -instcombine -dce -array-map -dce -func-legal -gvn -adce -instcombine -cfgopt -simplifycfg -loop-simplify -array-burst -promote-global-argument -dce -axi4-lower -array-seg-normalize -basicaa -aggrmodref-aa -globalsmodref-aa -aggr-aa -gvn -gvn -basicaa -aggrmodref-aa -globalsmodref-aa -aggr-aa -dse -adse -adce -licm -inst-simplify -dce -globaldce -instcombine -array-stream -eliminate-keepreads -instcombine -dce -deadargelim -doublePtrSimplify -doublePtrElim -dce -doublePtrSimplify -promote-dbg-pointer -dce -scalarrepl -mem2reg -disaggr -norm-name -mem2reg -instcombine -dse -adse -adce -ptrLegalization -dce -auto-rom-infer -array-flatten -dce -instcombine -check-doubleptr -loop-rot -constprop -cfgopt -simplifycfg -loop-simplify -indvars -pointer-simplify -dce -loop-bound -loop-simplify -loop-preproc -constprop -global-constprop -gvn -mem2reg -instcombine -dce -loop-bound -loop-merge -dce -bitwidthmin -deadargelim -dce -canonicalize-dataflow -dce -scalar-propagation -deadargelim -globaldce -mem2reg -interface-preproc -interface-gen -deadargelim -directive-preproc -inst-simplify -dce -gvn -mem2reg -instcombine -dce -adse -loop-bound -instcombine -cfgopt -simplifycfg -loop-simplify -clean-region -io-protocol -find-region -mem2reg -bitop-raise -inst-simplify -inst-rectify -instcombine -adce -deadargelim -loop-simplify -phi-opt -bitop-raise -cfgopt -simplifycfg -strip-dead-prototypes -interface-lower -bitop-lower -intrinsic-lower -auto-function-inline -basicaa -aggrmodref-aa -globalsmodref-aa -aggr-aa -inst-simplify -simplifycfg -loop-simplify -mergereturn -inst-simplify -inst-rectify -dce -bitop-lower -loop-rewind -pointer-simplify -dce -cfgopt -read-loop-dep -dce -bitwidth -loop-dep -norm-name -legalize -validate-dataflow -cdfg-build C:/Users/Lincoln/Desktop/ThesisRaw/deutero/solution1/.autopilot/db/a.o.2.bc -o C:/Users/Lincoln/Desktop/ThesisRaw/deutero/solution1/.autopilot/db/a.o.3.bc -f -phase build-ssdm 
INFO: [HLS 200-100] Command         transform returned 0; 0.321 sec.
INFO: [HLS 200-100] Execute         disassemble C:/Users/Lincoln/Desktop/ThesisRaw/deutero/solution1/.autopilot/db/a.o.3 C:/Users/Lincoln/Desktop/ThesisRaw/deutero/solution1/.autopilot/db/a.o.3 
INFO: [HLS 200-100] Execute           is_encrypted C:/Users/Lincoln/Desktop/ThesisRaw/deutero/solution1/.autopilot/db/a.o.3.bc 
INFO: [HLS 200-100] Command           is_encrypted returned 0; 0 sec.
INFO: [HLS 200-100] Command         disassemble returned 0; 0.073 sec.
INFO: [HLS 200-111] Finished Architecture Synthesis Time (s): cpu = 00:00:04 ; elapsed = 00:00:11 . Memory (MB): peak = 141.719 ; gain = 92.020
INFO: [HLS 200-0] Finish building internal data model.
INFO: [HLS 200-100] Command       opt_and_import_c returned 0; 4.129 sec.
INFO: [HLS 200-100] Command     elaborate returned 0; 9.405 sec.
INFO: [HLS 200-100] Execute     autosyn 
INFO: [HLS 200-10] Starting hardware synthesis ...
INFO: [HLS 200-0] Synthesizing C/C++ design ...
INFO: [HLS 200-10] Synthesizing 'Cipher' ...
INFO: [HLS 200-100] Execute       ap_set_top_model Cipher 
INFO: [HLS 200-100] Command       ap_set_top_model returned 0; 0 sec.
INFO: [HLS 200-100] Execute       get_model_list Cipher -filter all-wo-channel -topdown 
INFO: [HLS 200-100] Command       get_model_list returned 0; 0 sec.
INFO: [HLS 200-100] Execute       preproc_iomode -model Cipher 
INFO: [HLS 200-100] Command       preproc_iomode returned 0; 0 sec.
INFO: [HLS 200-100] Execute       preproc_iomode -model SubBytes 
INFO: [HLS 200-100] Command       preproc_iomode returned 0; 0 sec.
INFO: [HLS 200-100] Execute       preproc_iomode -model AddRoundKey 
INFO: [HLS 200-100] Command       preproc_iomode returned 0; 0.001 sec.
INFO: [HLS 200-100] Execute       preproc_iomode -model KeyExpansion 
INFO: [HLS 200-100] Command       preproc_iomode returned 0; 0 sec.
INFO: [HLS 200-100] Execute       get_model_list Cipher -filter all-wo-channel 
INFO: [HLS 200-100] Command       get_model_list returned 0; 0 sec.
INFO: [HLS 200-0] Model list for configure: KeyExpansion AddRoundKey SubBytes Cipher
INFO: [HLS 200-0] Configuring Module : KeyExpansion ...
INFO: [HLS 200-100] Execute       set_default_model KeyExpansion 
INFO: [HLS 200-100] Command       set_default_model returned 0; 0 sec.
INFO: [HLS 200-100] Execute       apply_spec_resource_limit KeyExpansion 
INFO: [HLS 200-100] Command       apply_spec_resource_limit returned 0; 0 sec.
INFO: [HLS 200-0] Configuring Module : AddRoundKey ...
INFO: [HLS 200-100] Execute       set_default_model AddRoundKey 
INFO: [HLS 200-100] Command       set_default_model returned 0; 0 sec.
INFO: [HLS 200-100] Execute       apply_spec_resource_limit AddRoundKey 
INFO: [HLS 200-100] Command       apply_spec_resource_limit returned 0; 0 sec.
INFO: [HLS 200-0] Configuring Module : SubBytes ...
INFO: [HLS 200-100] Execute       set_default_model SubBytes 
INFO: [HLS 200-100] Command       set_default_model returned 0; 0 sec.
INFO: [HLS 200-100] Execute       apply_spec_resource_limit SubBytes 
INFO: [HLS 200-100] Command       apply_spec_resource_limit returned 0; 0 sec.
INFO: [HLS 200-0] Configuring Module : Cipher ...
INFO: [HLS 200-100] Execute       set_default_model Cipher 
INFO: [HLS 200-100] Command       set_default_model returned 0; 0 sec.
INFO: [HLS 200-100] Execute       apply_spec_resource_limit Cipher 
INFO: [HLS 200-100] Command       apply_spec_resource_limit returned 0; 0 sec.
INFO: [HLS 200-0] Model list for preprocess: KeyExpansion AddRoundKey SubBytes Cipher
INFO: [HLS 200-0] Preprocessing Module: KeyExpansion ...
INFO: [HLS 200-100] Execute       set_default_model KeyExpansion 
INFO: [HLS 200-100] Command       set_default_model returned 0; 0 sec.
INFO: [HLS 200-100] Execute       cdfg_preprocess -model KeyExpansion 
INFO: [HLS 200-100] Command       cdfg_preprocess returned 0; 0.001 sec.
INFO: [HLS 200-100] Execute       rtl_gen_preprocess KeyExpansion 
INFO: [HLS 200-100] Command       rtl_gen_preprocess returned 0; 0 sec.
INFO: [HLS 200-0] Preprocessing Module: AddRoundKey ...
INFO: [HLS 200-100] Execute       set_default_model AddRoundKey 
INFO: [HLS 200-100] Command       set_default_model returned 0; 0 sec.
INFO: [HLS 200-100] Execute       cdfg_preprocess -model AddRoundKey 
INFO: [HLS 200-100] Command       cdfg_preprocess returned 0; 0 sec.
INFO: [HLS 200-100] Execute       rtl_gen_preprocess AddRoundKey 
INFO: [HLS 200-100] Command       rtl_gen_preprocess returned 0; 0 sec.
INFO: [HLS 200-0] Preprocessing Module: SubBytes ...
INFO: [HLS 200-100] Execute       set_default_model SubBytes 
INFO: [HLS 200-100] Command       set_default_model returned 0; 0 sec.
INFO: [HLS 200-100] Execute       cdfg_preprocess -model SubBytes 
INFO: [HLS 200-100] Command       cdfg_preprocess returned 0; 0 sec.
INFO: [HLS 200-100] Execute       rtl_gen_preprocess SubBytes 
INFO: [HLS 200-100] Command       rtl_gen_preprocess returned 0; 0 sec.
INFO: [HLS 200-0] Preprocessing Module: Cipher ...
INFO: [HLS 200-100] Execute       set_default_model Cipher 
INFO: [HLS 200-100] Command       set_default_model returned 0; 0 sec.
INFO: [HLS 200-100] Execute       cdfg_preprocess -model Cipher 
INFO: [HLS 200-100] Command       cdfg_preprocess returned 0; 0.002 sec.
INFO: [HLS 200-100] Execute       rtl_gen_preprocess Cipher 
INFO: [HLS 200-100] Command       rtl_gen_preprocess returned 0; 0 sec.
INFO: [HLS 200-0] Model list for synthesis: KeyExpansion AddRoundKey SubBytes Cipher
INFO: [HLS 200-10] ----------------------------------------------------------------
INFO: [HLS 200-10] -- Implementing module 'KeyExpansion' 
INFO: [HLS 200-10] ----------------------------------------------------------------
INFO: [HLS 200-100] Execute       set_default_model KeyExpansion 
INFO: [HLS 200-100] Command       set_default_model returned 0; 0 sec.
INFO: [HLS 200-100] Execute       schedule -model KeyExpansion 
INFO: [SCHED 204-11] Starting scheduling ...
INFO: [SCHED 204-11] Finished scheduling.
INFO: [HLS 200-100] Command       schedule returned 0; 0.139 sec.
INFO: [HLS 200-111]  Elapsed time: 11.588 seconds; current allocated memory: 104.692 MB.
INFO: [HLS 200-100] Execute       report -o C:/Users/Lincoln/Desktop/ThesisRaw/deutero/solution1/.autopilot/db/KeyExpansion.verbose.sched.rpt -verbose -f 
INFO: [HLS 200-100] Command       report returned 0; 0.034 sec.
INFO: [HLS 200-100] Execute       db_write -o C:/Users/Lincoln/Desktop/ThesisRaw/deutero/solution1/.autopilot/db/KeyExpansion.sched.adb -f 
INFO: [HLS 200-100] Command       db_write returned 0; 0.051 sec.
INFO: [HLS 200-0] Finish scheduling KeyExpansion.
INFO: [HLS 200-100] Execute       set_default_model KeyExpansion 
INFO: [HLS 200-100] Command       set_default_model returned 0; 0 sec.
INFO: [HLS 200-100] Execute       bind -model KeyExpansion 
INFO: [BIND 205-110] clear=
INFO: [BIND 205-110] debug=
INFO: [BIND 205-110] drf=
INFO: [BIND 205-110] effort=
INFO: [BIND 205-110] fast_refine=
INFO: [BIND 205-110] fu_weight=[ 0.0 -- 1.0 ]
INFO: [BIND 205-110] global_opt=
INFO: [BIND 205-110] gsearch=
INFO: [BIND 205-110] help=
INFO: [BIND 205-110] help-hidden=
INFO: [BIND 205-110] min_mem_port=
INFO: [BIND 205-110] min_op=
INFO: [BIND 205-110] minreg=
INFO: [BIND 205-110] ml=
INFO: [BIND 205-110] model=KeyExpansion
INFO: [BIND 205-110] no_false_path=
INFO: [BIND 205-110] no_min_op=
INFO: [BIND 205-110] normalize=
INFO: [BIND 205-110] quiet=
INFO: [BIND 205-110] refine=
INFO: [BIND 205-110] reg_weight=[ 0.0 -- 1.0 ]
INFO: [BIND 205-110] search=
INFO: [BIND 205-110] tight_delay=
INFO: [BIND 205-110] verbose=
INFO: [BIND 205-110] wFF=
INFO: [BIND 205-110] wFU=
INFO: [BIND 205-110] wMUX=
INFO: [BIND 205-110] wNET=
INFO: [BIND 205-100] Starting micro-architecture generation ...
INFO: [BIND 205-101] Performing variable lifetime analysis.
INFO: [BIND 205-101] Exploring resource sharing.
INFO: [BIND 205-101] Binding ...
INFO: [BIND 205-100] Finished micro-architecture generation.
INFO: [HLS 200-100] Command       bind returned 0; 0.036 sec.
INFO: [HLS 200-111]  Elapsed time: 0.204 seconds; current allocated memory: 105.169 MB.
INFO: [HLS 200-100] Execute       report -o C:/Users/Lincoln/Desktop/ThesisRaw/deutero/solution1/.autopilot/db/KeyExpansion.verbose.bind.rpt -verbose -f 
INFO: [HLS 200-100] Command       report returned 0; 0.083 sec.
INFO: [HLS 200-100] Execute       db_write -o C:/Users/Lincoln/Desktop/ThesisRaw/deutero/solution1/.autopilot/db/KeyExpansion.bind.adb -f 
INFO: [HLS 200-100] Command       db_write returned 0; 0.066 sec.
INFO: [HLS 200-0] Finish binding KeyExpansion.
INFO: [HLS 200-10] ----------------------------------------------------------------
INFO: [HLS 200-10] -- Implementing module 'AddRoundKey' 
INFO: [HLS 200-10] ----------------------------------------------------------------
INFO: [HLS 200-100] Execute       set_default_model AddRoundKey 
INFO: [HLS 200-100] Command       set_default_model returned 0; 0 sec.
INFO: [HLS 200-100] Execute       schedule -model AddRoundKey 
INFO: [SCHED 204-11] Starting scheduling ...
INFO: [SCHED 204-11] Finished scheduling.
INFO: [HLS 200-100] Command       schedule returned 0; 0.051 sec.
INFO: [HLS 200-111]  Elapsed time: 0.246 seconds; current allocated memory: 105.369 MB.
INFO: [HLS 200-100] Execute       report -o C:/Users/Lincoln/Desktop/ThesisRaw/deutero/solution1/.autopilot/db/AddRoundKey.verbose.sched.rpt -verbose -f 
INFO: [HLS 200-100] Command       report returned 0; 0.043 sec.
INFO: [HLS 200-100] Execute       db_write -o C:/Users/Lincoln/Desktop/ThesisRaw/deutero/solution1/.autopilot/db/AddRoundKey.sched.adb -f 
INFO: [HLS 200-100] Command       db_write returned 0; 0.023 sec.
INFO: [HLS 200-0] Finish scheduling AddRoundKey.
INFO: [HLS 200-100] Execute       set_default_model AddRoundKey 
INFO: [HLS 200-100] Command       set_default_model returned 0; 0 sec.
INFO: [HLS 200-100] Execute       bind -model AddRoundKey 
INFO: [BIND 205-110] clear=
INFO: [BIND 205-110] debug=
INFO: [BIND 205-110] drf=
INFO: [BIND 205-110] effort=
INFO: [BIND 205-110] fast_refine=
INFO: [BIND 205-110] fu_weight=[ 0.0 -- 1.0 ]
INFO: [BIND 205-110] global_opt=
INFO: [BIND 205-110] gsearch=
INFO: [BIND 205-110] help=
INFO: [BIND 205-110] help-hidden=
INFO: [BIND 205-110] min_mem_port=
INFO: [BIND 205-110] min_op=
INFO: [BIND 205-110] minreg=
INFO: [BIND 205-110] ml=
INFO: [BIND 205-110] model=AddRoundKey
INFO: [BIND 205-110] no_false_path=
INFO: [BIND 205-110] no_min_op=
INFO: [BIND 205-110] normalize=
INFO: [BIND 205-110] quiet=
INFO: [BIND 205-110] refine=
INFO: [BIND 205-110] reg_weight=[ 0.0 -- 1.0 ]
INFO: [BIND 205-110] search=
INFO: [BIND 205-110] tight_delay=
INFO: [BIND 205-110] verbose=
INFO: [BIND 205-110] wFF=
INFO: [BIND 205-110] wFU=
INFO: [BIND 205-110] wMUX=
INFO: [BIND 205-110] wNET=
INFO: [BIND 205-100] Starting micro-architecture generation ...
INFO: [BIND 205-101] Performing variable lifetime analysis.
INFO: [BIND 205-101] Exploring resource sharing.
INFO: [BIND 205-101] Binding ...
INFO: [BIND 205-100] Finished micro-architecture generation.
INFO: [HLS 200-100] Command       bind returned 0; 0.008 sec.
INFO: [HLS 200-111]  Elapsed time: 0.248 seconds; current allocated memory: 105.479 MB.
INFO: [HLS 200-100] Execute       report -o C:/Users/Lincoln/Desktop/ThesisRaw/deutero/solution1/.autopilot/db/AddRoundKey.verbose.bind.rpt -verbose -f 
INFO: [HLS 200-100] Command       report returned 0; 0.026 sec.
INFO: [HLS 200-100] Execute       db_write -o C:/Users/Lincoln/Desktop/ThesisRaw/deutero/solution1/.autopilot/db/AddRoundKey.bind.adb -f 
INFO: [HLS 200-100] Command       db_write returned 0; 0.028 sec.
INFO: [HLS 200-0] Finish binding AddRoundKey.
INFO: [HLS 200-10] ----------------------------------------------------------------
INFO: [HLS 200-10] -- Implementing module 'SubBytes' 
INFO: [HLS 200-10] ----------------------------------------------------------------
INFO: [HLS 200-100] Execute       set_default_model SubBytes 
INFO: [HLS 200-100] Command       set_default_model returned 0; 0.001 sec.
INFO: [HLS 200-100] Execute       schedule -model SubBytes 
INFO: [SCHED 204-11] Starting scheduling ...
INFO: [SCHED 204-11] Finished scheduling.
INFO: [HLS 200-100] Command       schedule returned 0; 0.042 sec.
INFO: [HLS 200-111]  Elapsed time: 0.115 seconds; current allocated memory: 105.584 MB.
INFO: [HLS 200-100] Execute       report -o C:/Users/Lincoln/Desktop/ThesisRaw/deutero/solution1/.autopilot/db/SubBytes.verbose.sched.rpt -verbose -f 
INFO: [HLS 200-100] Command       report returned 0; 0.02 sec.
INFO: [HLS 200-100] Execute       db_write -o C:/Users/Lincoln/Desktop/ThesisRaw/deutero/solution1/.autopilot/db/SubBytes.sched.adb -f 
INFO: [HLS 200-100] Command       db_write returned 0; 0.019 sec.
INFO: [HLS 200-0] Finish scheduling SubBytes.
INFO: [HLS 200-100] Execute       set_default_model SubBytes 
INFO: [HLS 200-100] Command       set_default_model returned 0; 0 sec.
INFO: [HLS 200-100] Execute       bind -model SubBytes 
INFO: [BIND 205-110] clear=
INFO: [BIND 205-110] debug=
INFO: [BIND 205-110] drf=
INFO: [BIND 205-110] effort=
INFO: [BIND 205-110] fast_refine=
INFO: [BIND 205-110] fu_weight=[ 0.0 -- 1.0 ]
INFO: [BIND 205-110] global_opt=
INFO: [BIND 205-110] gsearch=
INFO: [BIND 205-110] help=
INFO: [BIND 205-110] help-hidden=
INFO: [BIND 205-110] min_mem_port=
INFO: [BIND 205-110] min_op=
INFO: [BIND 205-110] minreg=
INFO: [BIND 205-110] ml=
INFO: [BIND 205-110] model=SubBytes
INFO: [BIND 205-110] no_false_path=
INFO: [BIND 205-110] no_min_op=
INFO: [BIND 205-110] normalize=
INFO: [BIND 205-110] quiet=
INFO: [BIND 205-110] refine=
INFO: [BIND 205-110] reg_weight=[ 0.0 -- 1.0 ]
INFO: [BIND 205-110] search=
INFO: [BIND 205-110] tight_delay=
INFO: [BIND 205-110] verbose=
INFO: [BIND 205-110] wFF=
INFO: [BIND 205-110] wFU=
INFO: [BIND 205-110] wMUX=
INFO: [BIND 205-110] wNET=
INFO: [BIND 205-100] Starting micro-architecture generation ...
INFO: [BIND 205-101] Performing variable lifetime analysis.
INFO: [BIND 205-101] Exploring resource sharing.
INFO: [BIND 205-101] Binding ...
INFO: [BIND 205-100] Finished micro-architecture generation.
INFO: [HLS 200-100] Command       bind returned 0; 0.006 sec.
INFO: [HLS 200-111]  Elapsed time: 0.126 seconds; current allocated memory: 105.669 MB.
INFO: [HLS 200-100] Execute       report -o C:/Users/Lincoln/Desktop/ThesisRaw/deutero/solution1/.autopilot/db/SubBytes.verbose.bind.rpt -verbose -f 
INFO: [HLS 200-100] Command       report returned 0; 0.022 sec.
INFO: [HLS 200-100] Execute       db_write -o C:/Users/Lincoln/Desktop/ThesisRaw/deutero/solution1/.autopilot/db/SubBytes.bind.adb -f 
INFO: [HLS 200-100] Command       db_write returned 0; 0.022 sec.
INFO: [HLS 200-0] Finish binding SubBytes.
INFO: [HLS 200-10] ----------------------------------------------------------------
INFO: [HLS 200-10] -- Implementing module 'Cipher' 
INFO: [HLS 200-10] ----------------------------------------------------------------
INFO: [HLS 200-100] Execute       set_default_model Cipher 
INFO: [HLS 200-100] Command       set_default_model returned 0; 0 sec.
INFO: [HLS 200-100] Execute       schedule -model Cipher 
INFO: [SCHED 204-11] Starting scheduling ...
INFO: [SCHED 204-11] Finished scheduling.
INFO: [HLS 200-100] Command       schedule returned 0; 0.129 sec.
INFO: [HLS 200-111]  Elapsed time: 0.19 seconds; current allocated memory: 106.163 MB.
INFO: [HLS 200-100] Execute       report -o C:/Users/Lincoln/Desktop/ThesisRaw/deutero/solution1/.autopilot/db/Cipher.verbose.sched.rpt -verbose -f 
INFO: [HLS 200-100] Command       report returned 0; 0.044 sec.
INFO: [HLS 200-100] Execute       db_write -o C:/Users/Lincoln/Desktop/ThesisRaw/deutero/solution1/.autopilot/db/Cipher.sched.adb -f 
INFO: [HLS 200-100] Command       db_write returned 0; 0.058 sec.
INFO: [HLS 200-0] Finish scheduling Cipher.
INFO: [HLS 200-100] Execute       set_default_model Cipher 
INFO: [HLS 200-100] Command       set_default_model returned 0; 0 sec.
INFO: [HLS 200-100] Execute       bind -model Cipher 
INFO: [BIND 205-110] clear=
INFO: [BIND 205-110] debug=
INFO: [BIND 205-110] drf=
INFO: [BIND 205-110] effort=
INFO: [BIND 205-110] fast_refine=
INFO: [BIND 205-110] fu_weight=[ 0.0 -- 1.0 ]
INFO: [BIND 205-110] global_opt=
INFO: [BIND 205-110] gsearch=
INFO: [BIND 205-110] help=
INFO: [BIND 205-110] help-hidden=
INFO: [BIND 205-110] min_mem_port=
INFO: [BIND 205-110] min_op=
INFO: [BIND 205-110] minreg=
INFO: [BIND 205-110] ml=
INFO: [BIND 205-110] model=Cipher
INFO: [BIND 205-110] no_false_path=
INFO: [BIND 205-110] no_min_op=
INFO: [BIND 205-110] normalize=
INFO: [BIND 205-110] quiet=
INFO: [BIND 205-110] refine=
INFO: [BIND 205-110] reg_weight=[ 0.0 -- 1.0 ]
INFO: [BIND 205-110] search=
INFO: [BIND 205-110] tight_delay=
INFO: [BIND 205-110] verbose=
INFO: [BIND 205-110] wFF=
INFO: [BIND 205-110] wFU=
INFO: [BIND 205-110] wMUX=
INFO: [BIND 205-110] wNET=
INFO: [BIND 205-100] Starting micro-architecture generation ...
INFO: [BIND 205-101] Performing variable lifetime analysis.
INFO: [BIND 205-101] Exploring resource sharing.
INFO: [BIND 205-101] Binding ...
INFO: [BIND 205-100] Finished micro-architecture generation.
INFO: [HLS 200-100] Command       bind returned 0; 0.158 sec.
INFO: [HLS 200-111]  Elapsed time: 0.346 seconds; current allocated memory: 106.676 MB.
INFO: [HLS 200-100] Execute       report -o C:/Users/Lincoln/Desktop/ThesisRaw/deutero/solution1/.autopilot/db/Cipher.verbose.bind.rpt -verbose -f 
INFO: [HLS 200-100] Command       report returned 0; 0.181 sec.
INFO: [HLS 200-100] Execute       db_write -o C:/Users/Lincoln/Desktop/ThesisRaw/deutero/solution1/.autopilot/db/Cipher.bind.adb -f 
INFO: [HLS 200-100] Command       db_write returned 0; 0.073 sec.
INFO: [HLS 200-0] Finish binding Cipher.
INFO: [HLS 200-100] Execute       get_model_list Cipher -filter all-wo-channel 
INFO: [HLS 200-100] Command       get_model_list returned 0; 0.001 sec.
INFO: [HLS 200-0] Preprocessing for RTLGen ...
INFO: [HLS 200-100] Execute       rtl_gen_preprocess KeyExpansion 
INFO: [HLS 200-100] Command       rtl_gen_preprocess returned 0; 0.001 sec.
INFO: [HLS 200-100] Execute       rtl_gen_preprocess AddRoundKey 
INFO: [HLS 200-100] Command       rtl_gen_preprocess returned 0; 0 sec.
INFO: [HLS 200-100] Execute       rtl_gen_preprocess SubBytes 
INFO: [HLS 200-100] Command       rtl_gen_preprocess returned 0; 0.001 sec.
INFO: [HLS 200-100] Execute       rtl_gen_preprocess Cipher 
INFO: [HLS 200-100] Command       rtl_gen_preprocess returned 0; 0.001 sec.
INFO: [HLS 200-0] Model list for RTL generation: KeyExpansion AddRoundKey SubBytes Cipher
INFO: [HLS 200-10] ----------------------------------------------------------------
INFO: [HLS 200-10] -- Generating RTL for module 'KeyExpansion' 
INFO: [HLS 200-10] ----------------------------------------------------------------
INFO: [HLS 200-100] Execute       create_rtl_model KeyExpansion -vendor xilinx -mg_file C:/Users/Lincoln/Desktop/ThesisRaw/deutero/solution1/.autopilot/db/KeyExpansion.compgen.tcl 
INFO: [RTGEN 206-100] Finished creating RTL model for 'KeyExpansion'.
INFO: [HLS 200-100] Command       create_rtl_model returned 0; 0.05 sec.
INFO: [HLS 200-111]  Elapsed time: 0.369 seconds; current allocated memory: 107.519 MB.
INFO: [HLS 200-100] Execute       source C:/Users/Lincoln/Desktop/ThesisRaw/deutero/solution1/.autopilot/db/Cipher.rtl_wrap.cfg.tcl 
INFO: [HLS 200-100] Command       ap_source returned 0; 0.001 sec.
INFO: [HLS 200-100] Execute       gen_rtl KeyExpansion -style xilinx -tracefl mytrace -tracefmt vcd -traceopt all -f -lang sc -o C:/Users/Lincoln/Desktop/ThesisRaw/deutero/solution1/syn/systemc/KeyExpansion -synmodules KeyExpansion AddRoundKey SubBytes Cipher 
INFO: [HLS 200-100] Command       gen_rtl returned 0; 0.016 sec.
INFO: [HLS 200-100] Execute       gen_rtl KeyExpansion -style xilinx -f -lang vhdl -o C:/Users/Lincoln/Desktop/ThesisRaw/deutero/solution1/syn/vhdl/KeyExpansion 
INFO: [HLS 200-100] Command       gen_rtl returned 0; 0.009 sec.
INFO: [HLS 200-100] Execute       gen_rtl KeyExpansion -style xilinx -f -lang vlog -o C:/Users/Lincoln/Desktop/ThesisRaw/deutero/solution1/syn/verilog/KeyExpansion 
INFO: [HLS 200-100] Command       gen_rtl returned 0; 0.009 sec.
INFO: [HLS 200-100] Execute       gen_tb_info KeyExpansion -o C:/Users/Lincoln/Desktop/ThesisRaw/deutero/solution1/.autopilot/db/KeyExpansion -p C:/Users/Lincoln/Desktop/ThesisRaw/deutero/solution1/.autopilot/db 
INFO: [HLS 200-100] Command       gen_tb_info returned 0; 0.025 sec.
INFO: [HLS 200-100] Execute       report -model KeyExpansion -o C:/Users/Lincoln/Desktop/ThesisRaw/deutero/solution1/syn/report/KeyExpansion_csynth.rpt -f 
INFO: [HLS 200-100] Command       report returned 0; 0.037 sec.
INFO: [HLS 200-100] Execute       report -model KeyExpansion -o C:/Users/Lincoln/Desktop/ThesisRaw/deutero/solution1/syn/report/KeyExpansion_csynth.xml -f -x 
INFO: [HLS 200-100] Command       report returned 0; 0.035 sec.
INFO: [HLS 200-100] Execute       report -model KeyExpansion -o C:/Users/Lincoln/Desktop/ThesisRaw/deutero/solution1/.autopilot/db/KeyExpansion.verbose.rpt -verbose -f 
INFO: [HLS 200-100] Command       report returned 0; 0.11 sec.
INFO: [HLS 200-100] Execute       db_write -model KeyExpansion -o C:/Users/Lincoln/Desktop/ThesisRaw/deutero/solution1/.autopilot/db/KeyExpansion.adb -f 
INFO: [HLS 200-100] Command       db_write returned 0; 0.091 sec.
INFO: [HLS 200-10] ----------------------------------------------------------------
INFO: [HLS 200-10] -- Generating RTL for module 'AddRoundKey' 
INFO: [HLS 200-10] ----------------------------------------------------------------
INFO: [HLS 200-100] Execute       create_rtl_model AddRoundKey -vendor xilinx -mg_file C:/Users/Lincoln/Desktop/ThesisRaw/deutero/solution1/.autopilot/db/AddRoundKey.compgen.tcl 
INFO: [RTGEN 206-100] Finished creating RTL model for 'AddRoundKey'.
INFO: [HLS 200-100] Command       create_rtl_model returned 0; 0.011 sec.
INFO: [HLS 200-111]  Elapsed time: 0.658 seconds; current allocated memory: 108.039 MB.
INFO: [HLS 200-100] Execute       source C:/Users/Lincoln/Desktop/ThesisRaw/deutero/solution1/.autopilot/db/Cipher.rtl_wrap.cfg.tcl 
INFO: [HLS 200-100] Command       ap_source returned 0; 0.002 sec.
INFO: [HLS 200-100] Execute       gen_rtl AddRoundKey -style xilinx -tracefl mytrace -tracefmt vcd -traceopt all -f -lang sc -o C:/Users/Lincoln/Desktop/ThesisRaw/deutero/solution1/syn/systemc/AddRoundKey -synmodules KeyExpansion AddRoundKey SubBytes Cipher 
INFO: [HLS 200-100] Command       gen_rtl returned 0; 0.009 sec.
INFO: [HLS 200-100] Execute       gen_rtl AddRoundKey -style xilinx -f -lang vhdl -o C:/Users/Lincoln/Desktop/ThesisRaw/deutero/solution1/syn/vhdl/AddRoundKey 
INFO: [HLS 200-100] Command       gen_rtl returned 0; 0.007 sec.
INFO: [HLS 200-100] Execute       gen_rtl AddRoundKey -style xilinx -f -lang vlog -o C:/Users/Lincoln/Desktop/ThesisRaw/deutero/solution1/syn/verilog/AddRoundKey 
INFO: [HLS 200-100] Command       gen_rtl returned 0; 0.003 sec.
INFO: [HLS 200-100] Execute       gen_tb_info AddRoundKey -o C:/Users/Lincoln/Desktop/ThesisRaw/deutero/solution1/.autopilot/db/AddRoundKey -p C:/Users/Lincoln/Desktop/ThesisRaw/deutero/solution1/.autopilot/db 
INFO: [HLS 200-100] Command       gen_tb_info returned 0; 0.024 sec.
INFO: [HLS 200-100] Execute       report -model AddRoundKey -o C:/Users/Lincoln/Desktop/ThesisRaw/deutero/solution1/syn/report/AddRoundKey_csynth.rpt -f 
INFO: [HLS 200-100] Command       report returned 0; 0.025 sec.
INFO: [HLS 200-100] Execute       report -model AddRoundKey -o C:/Users/Lincoln/Desktop/ThesisRaw/deutero/solution1/syn/report/AddRoundKey_csynth.xml -f -x 
INFO: [HLS 200-100] Command       report returned 0; 0.016 sec.
INFO: [HLS 200-100] Execute       report -model AddRoundKey -o C:/Users/Lincoln/Desktop/ThesisRaw/deutero/solution1/.autopilot/db/AddRoundKey.verbose.rpt -verbose -f 
INFO: [HLS 200-100] Command       report returned 0; 0.046 sec.
INFO: [HLS 200-100] Execute       db_write -model AddRoundKey -o C:/Users/Lincoln/Desktop/ThesisRaw/deutero/solution1/.autopilot/db/AddRoundKey.adb -f 
INFO: [HLS 200-100] Command       db_write returned 0; 0.031 sec.
INFO: [HLS 200-10] ----------------------------------------------------------------
INFO: [HLS 200-10] -- Generating RTL for module 'SubBytes' 
INFO: [HLS 200-10] ----------------------------------------------------------------
INFO: [HLS 200-100] Execute       create_rtl_model SubBytes -vendor xilinx -mg_file C:/Users/Lincoln/Desktop/ThesisRaw/deutero/solution1/.autopilot/db/SubBytes.compgen.tcl 
INFO: [RTGEN 206-100] Finished creating RTL model for 'SubBytes'.
INFO: [HLS 200-100] Command       create_rtl_model returned 0; 0.012 sec.
INFO: [HLS 200-111]  Elapsed time: 0.346 seconds; current allocated memory: 108.276 MB.
INFO: [HLS 200-100] Execute       source C:/Users/Lincoln/Desktop/ThesisRaw/deutero/solution1/.autopilot/db/Cipher.rtl_wrap.cfg.tcl 
INFO: [HLS 200-100] Command       ap_source returned 0; 0.001 sec.
INFO: [HLS 200-100] Execute       gen_rtl SubBytes -style xilinx -tracefl mytrace -tracefmt vcd -traceopt all -f -lang sc -o C:/Users/Lincoln/Desktop/ThesisRaw/deutero/solution1/syn/systemc/SubBytes -synmodules KeyExpansion AddRoundKey SubBytes Cipher 
INFO: [HLS 200-100] Command       gen_rtl returned 0; 0.01 sec.
INFO: [HLS 200-100] Execute       gen_rtl SubBytes -style xilinx -f -lang vhdl -o C:/Users/Lincoln/Desktop/ThesisRaw/deutero/solution1/syn/vhdl/SubBytes 
INFO: [HLS 200-100] Command       gen_rtl returned 0; 0.008 sec.
INFO: [HLS 200-100] Execute       gen_rtl SubBytes -style xilinx -f -lang vlog -o C:/Users/Lincoln/Desktop/ThesisRaw/deutero/solution1/syn/verilog/SubBytes 
INFO: [HLS 200-100] Command       gen_rtl returned 0; 0.007 sec.
INFO: [HLS 200-100] Execute       gen_tb_info SubBytes -o C:/Users/Lincoln/Desktop/ThesisRaw/deutero/solution1/.autopilot/db/SubBytes -p C:/Users/Lincoln/Desktop/ThesisRaw/deutero/solution1/.autopilot/db 
INFO: [HLS 200-100] Command       gen_tb_info returned 0; 0.014 sec.
INFO: [HLS 200-100] Execute       report -model SubBytes -o C:/Users/Lincoln/Desktop/ThesisRaw/deutero/solution1/syn/report/SubBytes_csynth.rpt -f 
INFO: [HLS 200-100] Command       report returned 0; 0.015 sec.
INFO: [HLS 200-100] Execute       report -model SubBytes -o C:/Users/Lincoln/Desktop/ThesisRaw/deutero/solution1/syn/report/SubBytes_csynth.xml -f -x 
INFO: [HLS 200-100] Command       report returned 0; 0.012 sec.
INFO: [HLS 200-100] Execute       report -model SubBytes -o C:/Users/Lincoln/Desktop/ThesisRaw/deutero/solution1/.autopilot/db/SubBytes.verbose.rpt -verbose -f 
INFO: [HLS 200-100] Command       report returned 0; 0.037 sec.
INFO: [HLS 200-100] Execute       db_write -model SubBytes -o C:/Users/Lincoln/Desktop/ThesisRaw/deutero/solution1/.autopilot/db/SubBytes.adb -f 
INFO: [HLS 200-100] Command       db_write returned 0; 0.03 sec.
INFO: [HLS 200-10] ----------------------------------------------------------------
INFO: [HLS 200-10] -- Generating RTL for module 'Cipher' 
INFO: [HLS 200-10] ----------------------------------------------------------------
INFO: [HLS 200-100] Execute       create_rtl_model Cipher -vendor xilinx -mg_file C:/Users/Lincoln/Desktop/ThesisRaw/deutero/solution1/.autopilot/db/Cipher.compgen.tcl 
INFO: [RTGEN 206-500] Setting interface mode on port 'Cipher/state' to 'ap_memory'.
INFO: [RTGEN 206-500] Setting interface mode on port 'Cipher/Key' to 'ap_memory'.
INFO: [RTGEN 206-500] Setting interface mode on function 'Cipher' to 'ap_ctrl_hs'.
INFO: [RTGEN 206-100] Finished creating RTL model for 'Cipher'.
INFO: [HLS 200-100] Command       create_rtl_model returned 0; 0.087 sec.
INFO: [HLS 200-111]  Elapsed time: 0.401 seconds; current allocated memory: 109.379 MB.
INFO: [HLS 200-100] Execute       source C:/Users/Lincoln/Desktop/ThesisRaw/deutero/solution1/.autopilot/db/Cipher.rtl_wrap.cfg.tcl 
INFO: [HLS 200-100] Command       ap_source returned 0; 0.001 sec.
INFO: [HLS 200-100] Execute       gen_rtl Cipher -istop -style xilinx -tracefl mytrace -tracefmt vcd -traceopt all -f -lang sc -o C:/Users/Lincoln/Desktop/ThesisRaw/deutero/solution1/syn/systemc/Cipher -synmodules KeyExpansion AddRoundKey SubBytes Cipher 
INFO: [HLS 200-100] Command       gen_rtl returned 0; 0.018 sec.
INFO: [HLS 200-100] Execute       gen_rtl Cipher -istop -style xilinx -f -lang vhdl -o C:/Users/Lincoln/Desktop/ThesisRaw/deutero/solution1/syn/vhdl/Cipher 
INFO: [HLS 200-100] Command       gen_rtl returned 0; 0.048 sec.
INFO: [HLS 200-100] Execute       gen_rtl Cipher -istop -style xilinx -f -lang vlog -o C:/Users/Lincoln/Desktop/ThesisRaw/deutero/solution1/syn/verilog/Cipher 
INFO: [HLS 200-100] Command       gen_rtl returned 0; 0.041 sec.
INFO: [HLS 200-100] Execute       export_constraint_db -o C:/Users/Lincoln/Desktop/ThesisRaw/deutero/solution1/.autopilot/db/Cipher.constraint.tcl -f -tool general 
INFO: [HLS 200-100] Command       export_constraint_db returned 0; 0.003 sec.
INFO: [HLS 200-100] Execute       report -model Cipher -o C:/Users/Lincoln/Desktop/ThesisRaw/deutero/solution1/.autopilot/db/Cipher.design.xml -verbose -f -dv 
INFO: [HLS 200-100] Command       report returned 0; 0.107 sec.
INFO: [HLS 200-100] Execute       report -model Cipher -o C:/Users/Lincoln/Desktop/ThesisRaw/deutero/solution1/.autopilot/db/Cipher.sdaccel.xml -verbose -f -sdaccel 
INFO: [HLS 200-100] Command       report returned 0; 0.064 sec.
INFO: [HLS 200-100] Execute       gen_tb_info Cipher -o C:/Users/Lincoln/Desktop/ThesisRaw/deutero/solution1/.autopilot/db/Cipher -p C:/Users/Lincoln/Desktop/ThesisRaw/deutero/solution1/.autopilot/db 
INFO: [HLS 200-100] Command       gen_tb_info returned 0; 0.031 sec.
INFO: [HLS 200-100] Execute       report -model Cipher -o C:/Users/Lincoln/Desktop/ThesisRaw/deutero/solution1/syn/report/Cipher_csynth.rpt -f 
INFO: [HLS 200-100] Command       report returned 0; 0.03 sec.
INFO: [HLS 200-100] Execute       report -model Cipher -o C:/Users/Lincoln/Desktop/ThesisRaw/deutero/solution1/syn/report/Cipher_csynth.xml -f -x 
INFO: [HLS 200-100] Command       report returned 0; 0.021 sec.
INFO: [HLS 200-100] Execute       report -model Cipher -o C:/Users/Lincoln/Desktop/ThesisRaw/deutero/solution1/.autopilot/db/Cipher.verbose.rpt -verbose -f 
INFO: [HLS 200-100] Command       report returned 0; 0.173 sec.
INFO: [HLS 200-100] Execute       db_write -model Cipher -o C:/Users/Lincoln/Desktop/ThesisRaw/deutero/solution1/.autopilot/db/Cipher.adb -f 
INFO: [HLS 200-100] Command       db_write returned 0; 0.097 sec.
INFO: [HLS 200-100] Execute       sc_get_clocks Cipher 
INFO: [HLS 200-100] Command       sc_get_clocks returned 0; 0 sec.
INFO: [HLS 200-100] Execute       sc_get_portdomain Cipher 
INFO: [HLS 200-100] Command       sc_get_portdomain returned 0; 0 sec.
INFO: [HLS 200-0] Model list for RTL component generation: KeyExpansion AddRoundKey SubBytes Cipher
INFO: [HLS 200-0] Handling components in module [KeyExpansion] ... 
INFO: [HLS 200-100] Execute       source C:/Users/Lincoln/Desktop/ThesisRaw/deutero/solution1/.autopilot/db/KeyExpansion.compgen.tcl 
INFO: [HLS 200-0] Found component KeyExpansion_sbox.
INFO: [HLS 200-0] Append model KeyExpansion_sbox
INFO: [HLS 200-0] Found component KeyExpansion_Rcon.
INFO: [HLS 200-0] Append model KeyExpansion_Rcon
INFO: [HLS 200-100] Command       ap_source returned 0; 0.067 sec.
INFO: [HLS 200-0] Handling components in module [AddRoundKey] ... 
INFO: [HLS 200-100] Execute       source C:/Users/Lincoln/Desktop/ThesisRaw/deutero/solution1/.autopilot/db/AddRoundKey.compgen.tcl 
INFO: [HLS 200-100] Command       ap_source returned 0; 0.081 sec.
INFO: [HLS 200-0] Handling components in module [SubBytes] ... 
INFO: [HLS 200-100] Execute       source C:/Users/Lincoln/Desktop/ThesisRaw/deutero/solution1/.autopilot/db/SubBytes.compgen.tcl 
INFO: [HLS 200-0] Found component SubBytes_sbox.
INFO: [HLS 200-0] Append model SubBytes_sbox
INFO: [HLS 200-100] Command       ap_source returned 0; 0.075 sec.
INFO: [HLS 200-0] Handling components in module [Cipher] ... 
INFO: [HLS 200-100] Execute       source C:/Users/Lincoln/Desktop/ThesisRaw/deutero/solution1/.autopilot/db/Cipher.compgen.tcl 
INFO: [HLS 200-0] Found component Cipher_RoundKey.
INFO: [HLS 200-0] Append model Cipher_RoundKey
INFO: [HLS 200-100] Command       ap_source returned 0; 0.118 sec.
INFO: [HLS 200-0] Append model KeyExpansion
INFO: [HLS 200-0] Append model AddRoundKey
INFO: [HLS 200-0] Append model SubBytes
INFO: [HLS 200-0] Append model Cipher
INFO: [HLS 200-0] Generating RTL model list ...
INFO: [HLS 200-0] All models in this session: KeyExpansion_sbox KeyExpansion_Rcon SubBytes_sbox Cipher_RoundKey KeyExpansion AddRoundKey SubBytes Cipher
INFO: [HLS 200-0] To file: write model KeyExpansion_sbox
INFO: [HLS 200-0] To file: write model KeyExpansion_Rcon
INFO: [HLS 200-0] To file: write model SubBytes_sbox
INFO: [HLS 200-0] To file: write model Cipher_RoundKey
INFO: [HLS 200-0] To file: write model KeyExpansion
INFO: [HLS 200-0] To file: write model AddRoundKey
INFO: [HLS 200-0] To file: write model SubBytes
INFO: [HLS 200-0] To file: write model Cipher
INFO: [HLS 200-0] Finished generating RTL model list.


INFO: [HLS 200-0] RTL Generation done.
INFO: [HLS 200-0] CAS Generation done.
INFO: [HLS 200-0] CBC Generation done.
INFO: [HLS 200-100] Execute       export_ssdm C:/Users/Lincoln/Desktop/ThesisRaw/deutero/solution1/.autopilot/db/a.export.ll 
INFO: [HLS 200-100] Command       export_ssdm returned 0; 0.058 sec.
INFO: [HLS 200-100] Execute       source C:/Users/Lincoln/Desktop/ThesisRaw/deutero/solution1/.autopilot/db/global.setting.tcl 
INFO: [HLS 200-100] Command       ap_source returned 0; 0.002 sec.
INFO: [HLS 200-100] Execute       source C:/Xilinx/Vivado_HLS/2017.2/common/technology/generic/autopilot/common.gen 
INFO: [HLS 200-100] Execute         source C:/Xilinx/Vivado_HLS/2017.2/common/technology/generic/autopilot/APCoreGen.gen 
INFO: [HLS 200-100] Command         ap_source returned 0; 0.002 sec.
INFO: [HLS 200-100] Command       ap_source returned 0; 0.003 sec.
INFO: [HLS 200-100] Execute       source C:/Xilinx/Vivado_HLS/2017.2/common/technology/generic/autopilot/op.gen 
INFO: [HLS 200-100] Command       ap_source returned 0; 0.001 sec.
INFO: [HLS 200-100] Execute       source C:/Xilinx/Vivado_HLS/2017.2/common/technology/generic/autopilot/op_simcore.gen 
INFO: [HLS 200-100] Command       ap_source returned 0; 0.003 sec.
INFO: [HLS 200-100] Execute       source C:/Xilinx/Vivado_HLS/2017.2/common/technology/generic/autopilot/interface.gen 
INFO: [HLS 200-100] Command       ap_source returned 0; 0.001 sec.
INFO: [HLS 200-100] Execute       source C:/Users/Lincoln/Desktop/ThesisRaw/deutero/solution1/.autopilot/db/global.setting.tcl 
INFO: [HLS 200-100] Command       ap_source returned 0; 0.001 sec.
INFO: [HLS 200-100] Execute       source C:/Xilinx/Vivado_HLS/2017.2/common/technology/xilinx/zynquplus/zynquplus.gen 
INFO: [HLS 200-100] Execute         source C:/Xilinx/Vivado_HLS/2017.2/common/technology/xilinx/common/virtex.gen 
INFO: [HLS 200-100] Execute           source C:/Xilinx/Vivado_HLS/2017.2/common/technology/xilinx/common/xilinx.gen 
INFO: [HLS 200-100] Execute             source C:/Xilinx/Vivado_HLS/2017.2/common/technology/xilinx/interface/plb46.gen 
INFO: [HLS 200-100] Command             ap_source returned 0; 0.002 sec.
INFO: [HLS 200-100] Execute             source C:/Xilinx/Vivado_HLS/2017.2/common/technology/xilinx/interface/fsl.gen 
INFO: [HLS 200-100] Command             ap_source returned 0; 0.001 sec.
INFO: [HLS 200-100] Execute             source C:/Xilinx/Vivado_HLS/2017.2/common/technology/xilinx/interface/axi4.gen 
INFO: [HLS 200-100] Command             ap_source returned 0; 0.003 sec.
INFO: [HLS 200-100] Execute             source C:/Xilinx/Vivado_HLS/2017.2/common/technology/xilinx/interface/nativeAXI4.gen 
INFO: [HLS 200-100] Execute               source C:/Xilinx/Vivado_HLS/2017.2/common/technology/xilinx/interface/saxilite.gen 
INFO: [HLS 200-100] Command               ap_source returned 0; 0.007 sec.
INFO: [HLS 200-100] Execute               source C:/Xilinx/Vivado_HLS/2017.2/common/technology/xilinx/interface/maxi.gen 
INFO: [HLS 200-100] Command               ap_source returned 0; 0.013 sec.
INFO: [HLS 200-100] Command             ap_source returned 0; 0.023 sec.
INFO: [HLS 200-100] Execute             source C:/Xilinx/Vivado_HLS/2017.2/common/technology/xilinx/scripts/xilinxcoregen.gen 
INFO: [HLS 200-100] Command             ap_source returned 0; 0.017 sec.
INFO: [HLS 200-100] Execute             source C:/Xilinx/Vivado_HLS/2017.2/common/technology/xilinx/interface/XilEDKCoreGen.gen 
INFO: [HLS 200-100] Command             ap_source returned 0; 0.014 sec.
INFO: [HLS 200-100] Execute             source C:/Xilinx/Vivado_HLS/2017.2/common/technology/xilinx/ip/dds_compiler.gen 
INFO: [HLS 200-100] Command             ap_source returned 0; 0.004 sec.
INFO: [HLS 200-100] Execute             source C:/Xilinx/Vivado_HLS/2017.2/common/technology/xilinx/ip/util.gen 
INFO: [HLS 200-100] Command             ap_source returned 0; 0.001 sec.
INFO: [HLS 200-100] Execute             source C:/Xilinx/Vivado_HLS/2017.2/common/technology/xilinx/ip/xfft.gen 
INFO: [HLS 200-100] Command             ap_source returned 0; 0.151 sec.
INFO: [HLS 200-100] Execute             source C:/Xilinx/Vivado_HLS/2017.2/common/technology/xilinx/ip/xfir.gen 
INFO: [HLS 200-100] Command             ap_source returned 0; 0.001 sec.
INFO: [HLS 200-100] Command           ap_source returned 0; 0.225 sec.
INFO: [HLS 200-100] Execute           source C:/Xilinx/Vivado_HLS/2017.2/common/technology/xilinx/common/dsp48.gen 
INFO: [HLS 200-100] Command           ap_source returned 0; 0 sec.
INFO: [HLS 200-100] Command         ap_source returned 0; 0.23 sec.
INFO: [HLS 200-100] Command       ap_source returned 0; 0.232 sec.
INFO: [HLS 200-100] Execute       source C:/Xilinx/Vivado_HLS/2017.2/common/technology/xilinx/zynquplus/zynquplus_fpv7.gen 
INFO: [HLS 200-100] Execute         source C:/Xilinx/Vivado_HLS/2017.2/common/technology/xilinx/common/xilinx_fpv6.gen 
INFO: [HLS 200-100] Command         ap_source returned 0; 0.002 sec.
INFO: [HLS 200-100] Command       ap_source returned 0; 0.003 sec.
INFO: [HLS 200-100] Execute       source C:/Users/Lincoln/Desktop/ThesisRaw/deutero/solution1/.autopilot/db/global.setting.tcl 
INFO: [HLS 200-100] Command       ap_source returned 0; 0.002 sec.
INFO: [HLS 200-100] Execute       source C:/Users/Lincoln/Desktop/ThesisRaw/deutero/solution1/.autopilot/db/global.setting.tcl 
INFO: [HLS 200-100] Command       ap_source returned 0; 0.001 sec.
INFO: [HLS 200-100] Execute       source C:/Users/Lincoln/Desktop/ThesisRaw/deutero/solution1/.autopilot/db/global.setting.tcl 
INFO: [HLS 200-100] Command       ap_source returned 0; 0.001 sec.
INFO: [HLS 200-100] Execute       source C:/Users/Lincoln/Desktop/ThesisRaw/deutero/solution1/.autopilot/db/global.setting.tcl 
INFO: [HLS 200-100] Command       ap_source returned 0; 0.001 sec.
INFO: [HLS 200-100] Execute       source C:/Users/Lincoln/Desktop/ThesisRaw/deutero/solution1/.autopilot/db/KeyExpansion.compgen.tcl 
INFO: [RTMG 210-279] Implementing memory 'KeyExpansion_sbox_rom' using block ROMs.
INFO: [RTMG 210-279] Implementing memory 'KeyExpansion_Rcon_rom' using auto ROMs.
INFO: [HLS 200-100] Command       ap_source returned 0; 0.154 sec.
INFO: [HLS 200-100] Execute       source C:/Users/Lincoln/Desktop/ThesisRaw/deutero/solution1/.autopilot/db/AddRoundKey.compgen.tcl 
INFO: [HLS 200-100] Command       ap_source returned 0; 0.002 sec.
INFO: [HLS 200-100] Execute       source C:/Users/Lincoln/Desktop/ThesisRaw/deutero/solution1/.autopilot/db/SubBytes.compgen.tcl 
INFO: [RTMG 210-279] Implementing memory 'SubBytes_sbox_rom' using auto ROMs.
INFO: [HLS 200-100] Command       ap_source returned 0; 0.062 sec.
INFO: [HLS 200-100] Execute       source C:/Users/Lincoln/Desktop/ThesisRaw/deutero/solution1/.autopilot/db/Cipher.compgen.tcl 
INFO: [RTMG 210-278] Implementing memory 'Cipher_RoundKey_ram' using block RAMs.
INFO: [HLS 200-100] Command       ap_source returned 0; 0.053 sec.
INFO: [HLS 200-111] Finished generating all RTL models Time (s): cpu = 00:00:07 ; elapsed = 00:00:18 . Memory (MB): peak = 156.344 ; gain = 106.645
INFO: [SYSC 207-301] Generating SystemC RTL for Cipher.
INFO: [VHDL 208-304] Generating VHDL RTL for Cipher.
INFO: [VLOG 209-307] Generating Verilog RTL for Cipher.
INFO: [HLS 200-100] Command     autosyn returned 0; 6.157 sec.
INFO: [HLS 200-100] Command   csynth_design returned 0; 15.565 sec.
INFO: [HLS 200-100] Command ap_source returned 0; 16.686 sec.
INFO: [HLS 200-100] Execute cleanup_all 
INFO: [HLS 200-100] Command cleanup_all returned 0; 0.022 sec.
