Unable to capture context for thread 12252 in process 3592, can not generate back trace
Exception at PC 0x00007FFAE37BBB93
Printing stacktrace...

[0]  [0x00007FFAE37BBB93]
[1]  [0x00007FFAE37BBB93]
[2]  [0x00007FFAE37BB4A1]
[3]  [0x00007FFAE37BB3EF]
[4]  [0x00007FFAE37A19FE]
[5]  [0x00007FFAE37A0ED1]
[6]  [0x00007FFAE37A0D76]
[7]  [0x00007FFAE37479F6]
[8]  [0x00007FFAE3737AFB]
[9]  [0x00007FFAE385E90A]
[10]  [0x00007FFAE3879F87]
[11]  [0x00007FFAE387A05F]
[12] (BaseThreadInitThunk+0x14) [0x00007FFB4A9C1FE4]
[13] (RtlUserThreadStart+0x21) [0x00007FFB4D04EFC1]
Done
Exception at PC 0x00007FFAE34C1A52
Attemped to write at address 0x00007FFB1CA6ABA4
Printing stacktrace...

[0]  [0x00007FFAE34C1A52]
[1]  [0x00007FFAE34C1A52]
[2]  [0x00007FFAE34C1AD4]
[3]  [0x00007FFAE3603FF7]
[4]  [0x00007FFAE34E9128]
[5]  [0x00007FFAE379DFB9]
[6]  [0x00007FFAE396EF23]
[7]  [0x00007FFAE387B06B]
[8]  [0x00007FFAE38708AF]
[9]  [0x00007FFAE3870A32]
[10] (RtlDeactivateActivationContextUnsafeFast+0x1b3) [0x00007FFB4CFF1493]
[11] (LdrShutdownProcess+0x125) [0x00007FFB4D0206B5]
[12] (RtlExitUserProcess+0xb4) [0x00007FFB4D020574]
[13] (ExitProcess+0xa) [0x00007FFB4A9BF06A]
[14] (exit+0x75) [0x00007FFB4A949B25]
[15] (initterm_e+0x21d) [0x00007FFB4A94A16D]
[16]  [0x00000000004014CD]
[17]  [0x000000000040151B]
[18] (BaseThreadInitThunk+0x14) [0x00007FFB4A9C1FE4]
[19] (RtlUserThreadStart+0x21) [0x00007FFB4D04EFC1]
Done
